<?xml version="1.0" encoding="UTF-8"?>
<testsuite xmlns:xsi="http://www.w3.org/2001/XMLSchema-instance" xsi:noNamespaceSchemaLocation="https://maven.apache.org/surefire/maven-surefire-plugin/xsd/surefire-test-report.xsd" name="com.test.Client.ClientTest" time="4.617" tests="55" errors="0" skipped="0" failures="0">
  <properties>
    <property name="sun.desktop" value="gnome"/>
    <property name="awt.toolkit" value="sun.awt.X11.XToolkit"/>
    <property name="java.specification.version" value="11"/>
    <property name="sun.cpu.isalist" value=""/>
    <property name="sun.jnu.encoding" value="UTF-8"/>
    <property name="java.class.path" value="/home/luiz/Desktop/TrabalhoSD/HashTable/target/test-classes:/home/luiz/Desktop/TrabalhoSD/HashTable/target/classes:/home/luiz/.m2/repository/com/google/protobuf/protobuf-java/4.0.0-rc-2/protobuf-java-4.0.0-rc-2.jar:/home/luiz/.m2/repository/io/grpc/grpc-stub/1.33.1/grpc-stub-1.33.1.jar:/home/luiz/.m2/repository/io/grpc/grpc-api/1.33.1/grpc-api-1.33.1.jar:/home/luiz/.m2/repository/io/grpc/grpc-context/1.33.1/grpc-context-1.33.1.jar:/home/luiz/.m2/repository/com/google/guava/guava/29.0-android/guava-29.0-android.jar:/home/luiz/.m2/repository/com/google/guava/failureaccess/1.0.1/failureaccess-1.0.1.jar:/home/luiz/.m2/repository/com/google/guava/listenablefuture/9999.0-empty-to-avoid-conflict-with-guava/listenablefuture-9999.0-empty-to-avoid-conflict-with-guava.jar:/home/luiz/.m2/repository/org/checkerframework/checker-compat-qual/2.5.5/checker-compat-qual-2.5.5.jar:/home/luiz/.m2/repository/com/google/j2objc/j2objc-annotations/1.3/j2objc-annotations-1.3.jar:/home/luiz/.m2/repository/com/google/errorprone/error_prone_annotations/2.3.4/error_prone_annotations-2.3.4.jar:/home/luiz/.m2/repository/org/codehaus/mojo/animal-sniffer-annotations/1.18/animal-sniffer-annotations-1.18.jar:/home/luiz/.m2/repository/com/google/code/findbugs/jsr305/3.0.2/jsr305-3.0.2.jar:/home/luiz/.m2/repository/io/grpc/grpc-netty-shaded/1.33.1/grpc-netty-shaded-1.33.1.jar:/home/luiz/.m2/repository/io/grpc/grpc-core/1.33.1/grpc-core-1.33.1.jar:/home/luiz/.m2/repository/com/google/code/gson/gson/2.8.6/gson-2.8.6.jar:/home/luiz/.m2/repository/com/google/android/annotations/4.1.1.4/annotations-4.1.1.4.jar:/home/luiz/.m2/repository/io/perfmark/perfmark-api/0.19.0/perfmark-api-0.19.0.jar:/home/luiz/.m2/repository/io/grpc/grpc-protobuf/1.33.1/grpc-protobuf-1.33.1.jar:/home/luiz/.m2/repository/com/google/api/grpc/proto-google-common-protos/1.17.0/proto-google-common-protos-1.17.0.jar:/home/luiz/.m2/repository/io/grpc/grpc-protobuf-lite/1.33.1/grpc-protobuf-lite-1.33.1.jar:/home/luiz/.m2/repository/javax/annotation/javax.annotation-api/1.3.2/javax.annotation-api-1.3.2.jar:/home/luiz/.m2/repository/org/junit/jupiter/junit-jupiter-engine/5.7.0/junit-jupiter-engine-5.7.0.jar:/home/luiz/.m2/repository/org/apiguardian/apiguardian-api/1.1.0/apiguardian-api-1.1.0.jar:/home/luiz/.m2/repository/org/junit/platform/junit-platform-engine/1.7.0/junit-platform-engine-1.7.0.jar:/home/luiz/.m2/repository/org/opentest4j/opentest4j/1.2.0/opentest4j-1.2.0.jar:/home/luiz/.m2/repository/org/junit/platform/junit-platform-commons/1.7.0/junit-platform-commons-1.7.0.jar:/home/luiz/.m2/repository/org/junit/jupiter/junit-jupiter-api/5.7.0/junit-jupiter-api-5.7.0.jar:/home/luiz/.m2/repository/junit/junit/4.13.1/junit-4.13.1.jar:/home/luiz/.m2/repository/org/hamcrest/hamcrest-core/1.3/hamcrest-core-1.3.jar:/home/luiz/.m2/repository/org/apache/ratis/ratis-server/1.0.0/ratis-server-1.0.0.jar:/home/luiz/.m2/repository/org/apache/ratis/ratis-thirdparty-misc/0.5.0/ratis-thirdparty-misc-0.5.0.jar:/home/luiz/.m2/repository/org/apache/ratis/ratis-proto/1.0.0/ratis-proto-1.0.0.jar:/home/luiz/.m2/repository/org/apache/ratis/ratis-common/1.0.0/ratis-common-1.0.0.jar:/home/luiz/.m2/repository/org/apache/ratis/ratis-client/1.0.0/ratis-client-1.0.0.jar:/home/luiz/.m2/repository/org/apache/ratis/ratis-metrics/1.0.0/ratis-metrics-1.0.0.jar:/home/luiz/.m2/repository/io/dropwizard/metrics/metrics-core/3.2.5/metrics-core-3.2.5.jar:/home/luiz/.m2/repository/org/apache/ratis/ratis-netty/1.0.0/ratis-netty-1.0.0.jar:/home/luiz/.m2/repository/org/apache/ratis/ratis-grpc/1.0.0/ratis-grpc-1.0.0.jar:/home/luiz/.m2/repository/com/beust/jcommander/1.78/jcommander-1.78.jar:/home/luiz/.m2/repository/org/slf4j/slf4j-api/1.7.25/slf4j-api-1.7.25.jar:/home/luiz/.m2/repository/org/slf4j/slf4j-log4j12/1.7.25/slf4j-log4j12-1.7.25.jar:/home/luiz/.m2/repository/log4j/log4j/1.2.17/log4j-1.2.17.jar:"/>
    <property name="java.vm.vendor" value="Ubuntu"/>
    <property name="sun.arch.data.model" value="64"/>
    <property name="java.vendor.url" value="https://ubuntu.com/"/>
    <property name="user.timezone" value="America/Sao_Paulo"/>
    <property name="java.vm.specification.version" value="11"/>
    <property name="os.name" value="Linux"/>
    <property name="sun.java.launcher" value="SUN_STANDARD"/>
    <property name="user.country" value="US"/>
    <property name="sun.boot.library.path" value="/usr/lib/jvm/java-11-openjdk-amd64/lib"/>
    <property name="sun.java.command" value="/home/luiz/Desktop/TrabalhoSD/HashTable/target/surefire/surefirebooter13582325022169824227.jar /home/luiz/Desktop/TrabalhoSD/HashTable/target/surefire 2020-12-21T14-17-44_724-jvmRun1 surefire606119881682514521tmp surefire_010757328365718023222tmp"/>
    <property name="jdk.debug" value="release"/>
    <property name="test" value="ClientTest"/>
    <property name="surefire.test.class.path" value="/home/luiz/Desktop/TrabalhoSD/HashTable/target/test-classes:/home/luiz/Desktop/TrabalhoSD/HashTable/target/classes:/home/luiz/.m2/repository/com/google/protobuf/protobuf-java/4.0.0-rc-2/protobuf-java-4.0.0-rc-2.jar:/home/luiz/.m2/repository/io/grpc/grpc-stub/1.33.1/grpc-stub-1.33.1.jar:/home/luiz/.m2/repository/io/grpc/grpc-api/1.33.1/grpc-api-1.33.1.jar:/home/luiz/.m2/repository/io/grpc/grpc-context/1.33.1/grpc-context-1.33.1.jar:/home/luiz/.m2/repository/com/google/guava/guava/29.0-android/guava-29.0-android.jar:/home/luiz/.m2/repository/com/google/guava/failureaccess/1.0.1/failureaccess-1.0.1.jar:/home/luiz/.m2/repository/com/google/guava/listenablefuture/9999.0-empty-to-avoid-conflict-with-guava/listenablefuture-9999.0-empty-to-avoid-conflict-with-guava.jar:/home/luiz/.m2/repository/org/checkerframework/checker-compat-qual/2.5.5/checker-compat-qual-2.5.5.jar:/home/luiz/.m2/repository/com/google/j2objc/j2objc-annotations/1.3/j2objc-annotations-1.3.jar:/home/luiz/.m2/repository/com/google/errorprone/error_prone_annotations/2.3.4/error_prone_annotations-2.3.4.jar:/home/luiz/.m2/repository/org/codehaus/mojo/animal-sniffer-annotations/1.18/animal-sniffer-annotations-1.18.jar:/home/luiz/.m2/repository/com/google/code/findbugs/jsr305/3.0.2/jsr305-3.0.2.jar:/home/luiz/.m2/repository/io/grpc/grpc-netty-shaded/1.33.1/grpc-netty-shaded-1.33.1.jar:/home/luiz/.m2/repository/io/grpc/grpc-core/1.33.1/grpc-core-1.33.1.jar:/home/luiz/.m2/repository/com/google/code/gson/gson/2.8.6/gson-2.8.6.jar:/home/luiz/.m2/repository/com/google/android/annotations/4.1.1.4/annotations-4.1.1.4.jar:/home/luiz/.m2/repository/io/perfmark/perfmark-api/0.19.0/perfmark-api-0.19.0.jar:/home/luiz/.m2/repository/io/grpc/grpc-protobuf/1.33.1/grpc-protobuf-1.33.1.jar:/home/luiz/.m2/repository/com/google/api/grpc/proto-google-common-protos/1.17.0/proto-google-common-protos-1.17.0.jar:/home/luiz/.m2/repository/io/grpc/grpc-protobuf-lite/1.33.1/grpc-protobuf-lite-1.33.1.jar:/home/luiz/.m2/repository/javax/annotation/javax.annotation-api/1.3.2/javax.annotation-api-1.3.2.jar:/home/luiz/.m2/repository/org/junit/jupiter/junit-jupiter-engine/5.7.0/junit-jupiter-engine-5.7.0.jar:/home/luiz/.m2/repository/org/apiguardian/apiguardian-api/1.1.0/apiguardian-api-1.1.0.jar:/home/luiz/.m2/repository/org/junit/platform/junit-platform-engine/1.7.0/junit-platform-engine-1.7.0.jar:/home/luiz/.m2/repository/org/opentest4j/opentest4j/1.2.0/opentest4j-1.2.0.jar:/home/luiz/.m2/repository/org/junit/platform/junit-platform-commons/1.7.0/junit-platform-commons-1.7.0.jar:/home/luiz/.m2/repository/org/junit/jupiter/junit-jupiter-api/5.7.0/junit-jupiter-api-5.7.0.jar:/home/luiz/.m2/repository/junit/junit/4.13.1/junit-4.13.1.jar:/home/luiz/.m2/repository/org/hamcrest/hamcrest-core/1.3/hamcrest-core-1.3.jar:/home/luiz/.m2/repository/org/apache/ratis/ratis-server/1.0.0/ratis-server-1.0.0.jar:/home/luiz/.m2/repository/org/apache/ratis/ratis-thirdparty-misc/0.5.0/ratis-thirdparty-misc-0.5.0.jar:/home/luiz/.m2/repository/org/apache/ratis/ratis-proto/1.0.0/ratis-proto-1.0.0.jar:/home/luiz/.m2/repository/org/apache/ratis/ratis-common/1.0.0/ratis-common-1.0.0.jar:/home/luiz/.m2/repository/org/apache/ratis/ratis-client/1.0.0/ratis-client-1.0.0.jar:/home/luiz/.m2/repository/org/apache/ratis/ratis-metrics/1.0.0/ratis-metrics-1.0.0.jar:/home/luiz/.m2/repository/io/dropwizard/metrics/metrics-core/3.2.5/metrics-core-3.2.5.jar:/home/luiz/.m2/repository/org/apache/ratis/ratis-netty/1.0.0/ratis-netty-1.0.0.jar:/home/luiz/.m2/repository/org/apache/ratis/ratis-grpc/1.0.0/ratis-grpc-1.0.0.jar:/home/luiz/.m2/repository/com/beust/jcommander/1.78/jcommander-1.78.jar:/home/luiz/.m2/repository/org/slf4j/slf4j-api/1.7.25/slf4j-api-1.7.25.jar:/home/luiz/.m2/repository/org/slf4j/slf4j-log4j12/1.7.25/slf4j-log4j12-1.7.25.jar:/home/luiz/.m2/repository/log4j/log4j/1.2.17/log4j-1.2.17.jar:"/>
    <property name="sun.cpu.endian" value="little"/>
    <property name="user.home" value="/home/luiz"/>
    <property name="user.language" value="en"/>
    <property name="java.specification.vendor" value="Oracle Corporation"/>
    <property name="java.version.date" value="2020-11-04"/>
    <property name="java.home" value="/usr/lib/jvm/java-11-openjdk-amd64"/>
    <property name="file.separator" value="/"/>
    <property name="basedir" value="/home/luiz/Desktop/TrabalhoSD/HashTable"/>
    <property name="java.vm.compressedOopsMode" value="32-bit"/>
    <property name="line.separator" value="&#10;"/>
    <property name="java.specification.name" value="Java Platform API Specification"/>
    <property name="java.vm.specification.vendor" value="Oracle Corporation"/>
    <property name="java.awt.graphicsenv" value="sun.awt.X11GraphicsEnvironment"/>
    <property name="surefire.real.class.path" value="/home/luiz/Desktop/TrabalhoSD/HashTable/target/surefire/surefirebooter13582325022169824227.jar"/>
    <property name="sun.management.compiler" value="HotSpot 64-Bit Tiered Compilers"/>
    <property name="java.runtime.version" value="11.0.9.1+1-Ubuntu-0ubuntu1.18.04"/>
    <property name="user.name" value="luiz"/>
    <property name="path.separator" value=":"/>
    <property name="os.version" value="5.4.0-58-generic"/>
    <property name="java.runtime.name" value="OpenJDK Runtime Environment"/>
    <property name="file.encoding" value="UTF-8"/>
    <property name="java.vm.name" value="OpenJDK 64-Bit Server VM"/>
    <property name="skipTests" value="false"/>
    <property name="localRepository" value="/home/luiz/.m2/repository"/>
    <property name="java.vendor.url.bug" value="https://bugs.launchpad.net/ubuntu/+source/openjdk-lts"/>
    <property name="java.io.tmpdir" value="/tmp"/>
    <property name="java.version" value="11.0.9.1"/>
    <property name="user.dir" value="/home/luiz/Desktop/TrabalhoSD/HashTable"/>
    <property name="os.arch" value="amd64"/>
    <property name="java.vm.specification.name" value="Java Virtual Machine Specification"/>
    <property name="java.awt.printerjob" value="sun.print.PSPrinterJob"/>
    <property name="sun.os.patch.level" value="unknown"/>
    <property name="java.library.path" value="/usr/java/packages/lib:/usr/lib/x86_64-linux-gnu/jni:/lib/x86_64-linux-gnu:/usr/lib/x86_64-linux-gnu:/usr/lib/jni:/lib:/usr/lib"/>
    <property name="java.vm.info" value="mixed mode, sharing"/>
    <property name="java.vendor" value="Ubuntu"/>
    <property name="java.vm.version" value="11.0.9.1+1-Ubuntu-0ubuntu1.18.04"/>
    <property name="sun.io.unicode.encoding" value="UnicodeLittle"/>
    <property name="java.class.version" value="55.0"/>
  </properties>
  <testcase name="delKeyVersion" classname="com.test.Client.ClientTest" time="0.742"/>
  <testcase name="delKeyVersion[1]" classname="com.test.Client.ClientTest" time="0.066"/>
  <testcase name="delKeyVersion[2]" classname="com.test.Client.ClientTest" time="0.066"/>
  <testcase name="delKeyVersion[3]" classname="com.test.Client.ClientTest" time="0.075"/>
  <testcase name="delKeyVersion[4]" classname="com.test.Client.ClientTest" time="0.064"/>
  <testcase name="delKeyVersion[5]" classname="com.test.Client.ClientTest" time="0.064"/>
  <testcase name="delKeyVersion[6]" classname="com.test.Client.ClientTest" time="0.063"/>
  <testcase name="delKeyVersion[7]" classname="com.test.Client.ClientTest" time="0.062"/>
  <testcase name="delKeyVersion[8]" classname="com.test.Client.ClientTest" time="0.07"/>
  <testcase name="delKeyVersion[9]" classname="com.test.Client.ClientTest" time="0.063"/>
  <testcase name="delKeyVersion[10]" classname="com.test.Client.ClientTest" time="0.066"/>
  <testcase name="del" classname="com.test.Client.ClientTest" time="0.07"/>
  <testcase name="del[1]" classname="com.test.Client.ClientTest" time="0.063"/>
  <testcase name="del[2]" classname="com.test.Client.ClientTest" time="0.065"/>
  <testcase name="del[3]" classname="com.test.Client.ClientTest" time="0.067"/>
  <testcase name="del[4]" classname="com.test.Client.ClientTest" time="0.059"/>
  <testcase name="del[5]" classname="com.test.Client.ClientTest" time="0.062"/>
  <testcase name="del[6]" classname="com.test.Client.ClientTest" time="0.071"/>
  <testcase name="del[7]" classname="com.test.Client.ClientTest" time="0.065"/>
  <testcase name="del[8]" classname="com.test.Client.ClientTest" time="0.062"/>
  <testcase name="del[9]" classname="com.test.Client.ClientTest" time="0.063"/>
  <testcase name="del[10]" classname="com.test.Client.ClientTest" time="0.059"/>
  <testcase name="get" classname="com.test.Client.ClientTest" time="0.024"/>
  <testcase name="get[1]" classname="com.test.Client.ClientTest" time="0.029"/>
  <testcase name="get[2]" classname="com.test.Client.ClientTest" time="0.016"/>
  <testcase name="get[3]" classname="com.test.Client.ClientTest" time="0.028"/>
  <testcase name="get[4]" classname="com.test.Client.ClientTest" time="0.014"/>
  <testcase name="get[5]" classname="com.test.Client.ClientTest" time="0.023"/>
  <testcase name="get[6]" classname="com.test.Client.ClientTest" time="0.026"/>
  <testcase name="get[7]" classname="com.test.Client.ClientTest" time="0.019"/>
  <testcase name="get[8]" classname="com.test.Client.ClientTest" time="0.021"/>
  <testcase name="get[9]" classname="com.test.Client.ClientTest" time="0.033"/>
  <testcase name="get[10]" classname="com.test.Client.ClientTest" time="0.013"/>
  <testcase name="set" classname="com.test.Client.ClientTest" time="0.132"/>
  <testcase name="set[1]" classname="com.test.Client.ClientTest" time="0.053"/>
  <testcase name="set[2]" classname="com.test.Client.ClientTest" time="0.056"/>
  <testcase name="set[3]" classname="com.test.Client.ClientTest" time="0.073"/>
  <testcase name="set[4]" classname="com.test.Client.ClientTest" time="0.074"/>
  <testcase name="set[5]" classname="com.test.Client.ClientTest" time="0.055"/>
  <testcase name="set[6]" classname="com.test.Client.ClientTest" time="0.06"/>
  <testcase name="set[7]" classname="com.test.Client.ClientTest" time="0.06"/>
  <testcase name="set[8]" classname="com.test.Client.ClientTest" time="0.066"/>
  <testcase name="set[9]" classname="com.test.Client.ClientTest" time="0.079"/>
  <testcase name="set[10]" classname="com.test.Client.ClientTest" time="0.051"/>
  <testcase name="testAndSet" classname="com.test.Client.ClientTest" time="0.078"/>
  <testcase name="testAndSet[1]" classname="com.test.Client.ClientTest" time="0.085"/>
  <testcase name="testAndSet[2]" classname="com.test.Client.ClientTest" time="0.1"/>
  <testcase name="testAndSet[3]" classname="com.test.Client.ClientTest" time="0.058"/>
  <testcase name="testAndSet[4]" classname="com.test.Client.ClientTest" time="0.078"/>
  <testcase name="testAndSet[5]" classname="com.test.Client.ClientTest" time="0.099"/>
  <testcase name="testAndSet[6]" classname="com.test.Client.ClientTest" time="0.083"/>
  <testcase name="testAndSet[7]" classname="com.test.Client.ClientTest" time="0.086"/>
  <testcase name="testAndSet[8]" classname="com.test.Client.ClientTest" time="0.098"/>
  <testcase name="testAndSet[9]" classname="com.test.Client.ClientTest" time="0.06"/>
  <testcase name="testAndSet[10]" classname="com.test.Client.ClientTest" time="0.071"/>
</testsuite>