<?xml version="1.0" encoding="UTF-8"?>
<testsuite xmlns:xsi="http://www.w3.org/2001/XMLSchema-instance" xsi:noNamespaceSchemaLocation="https://maven.apache.org/surefire/maven-surefire-plugin/xsd/surefire-test-report.xsd" name="com.test.Client.ClientStressTest" time="995.661" tests="5005" errors="0" skipped="0" failures="0">
  <properties>
    <property name="sun.desktop" value="gnome"/>
    <property name="awt.toolkit" value="sun.awt.X11.XToolkit"/>
    <property name="java.specification.version" value="11"/>
    <property name="sun.cpu.isalist" value=""/>
    <property name="sun.jnu.encoding" value="UTF-8"/>
    <property name="java.class.path" value="/home/luiz/Desktop/TrabalhoSD/HashTable/target/test-classes:/home/luiz/Desktop/TrabalhoSD/HashTable/target/classes:/home/luiz/.m2/repository/com/google/protobuf/protobuf-java/4.0.0-rc-2/protobuf-java-4.0.0-rc-2.jar:/home/luiz/.m2/repository/io/grpc/grpc-stub/1.33.1/grpc-stub-1.33.1.jar:/home/luiz/.m2/repository/io/grpc/grpc-api/1.33.1/grpc-api-1.33.1.jar:/home/luiz/.m2/repository/io/grpc/grpc-context/1.33.1/grpc-context-1.33.1.jar:/home/luiz/.m2/repository/com/google/guava/guava/29.0-android/guava-29.0-android.jar:/home/luiz/.m2/repository/com/google/guava/failureaccess/1.0.1/failureaccess-1.0.1.jar:/home/luiz/.m2/repository/com/google/guava/listenablefuture/9999.0-empty-to-avoid-conflict-with-guava/listenablefuture-9999.0-empty-to-avoid-conflict-with-guava.jar:/home/luiz/.m2/repository/org/checkerframework/checker-compat-qual/2.5.5/checker-compat-qual-2.5.5.jar:/home/luiz/.m2/repository/com/google/j2objc/j2objc-annotations/1.3/j2objc-annotations-1.3.jar:/home/luiz/.m2/repository/com/google/errorprone/error_prone_annotations/2.3.4/error_prone_annotations-2.3.4.jar:/home/luiz/.m2/repository/org/codehaus/mojo/animal-sniffer-annotations/1.18/animal-sniffer-annotations-1.18.jar:/home/luiz/.m2/repository/com/google/code/findbugs/jsr305/3.0.2/jsr305-3.0.2.jar:/home/luiz/.m2/repository/io/grpc/grpc-netty-shaded/1.33.1/grpc-netty-shaded-1.33.1.jar:/home/luiz/.m2/repository/io/grpc/grpc-core/1.33.1/grpc-core-1.33.1.jar:/home/luiz/.m2/repository/com/google/code/gson/gson/2.8.6/gson-2.8.6.jar:/home/luiz/.m2/repository/com/google/android/annotations/4.1.1.4/annotations-4.1.1.4.jar:/home/luiz/.m2/repository/io/perfmark/perfmark-api/0.19.0/perfmark-api-0.19.0.jar:/home/luiz/.m2/repository/io/grpc/grpc-protobuf/1.33.1/grpc-protobuf-1.33.1.jar:/home/luiz/.m2/repository/com/google/api/grpc/proto-google-common-protos/1.17.0/proto-google-common-protos-1.17.0.jar:/home/luiz/.m2/repository/io/grpc/grpc-protobuf-lite/1.33.1/grpc-protobuf-lite-1.33.1.jar:/home/luiz/.m2/repository/javax/annotation/javax.annotation-api/1.3.2/javax.annotation-api-1.3.2.jar:/home/luiz/.m2/repository/org/junit/jupiter/junit-jupiter-engine/5.7.0/junit-jupiter-engine-5.7.0.jar:/home/luiz/.m2/repository/org/apiguardian/apiguardian-api/1.1.0/apiguardian-api-1.1.0.jar:/home/luiz/.m2/repository/org/junit/platform/junit-platform-engine/1.7.0/junit-platform-engine-1.7.0.jar:/home/luiz/.m2/repository/org/opentest4j/opentest4j/1.2.0/opentest4j-1.2.0.jar:/home/luiz/.m2/repository/org/junit/platform/junit-platform-commons/1.7.0/junit-platform-commons-1.7.0.jar:/home/luiz/.m2/repository/org/junit/jupiter/junit-jupiter-api/5.7.0/junit-jupiter-api-5.7.0.jar:/home/luiz/.m2/repository/junit/junit/4.13.1/junit-4.13.1.jar:/home/luiz/.m2/repository/org/hamcrest/hamcrest-core/1.3/hamcrest-core-1.3.jar:/home/luiz/.m2/repository/org/apache/ratis/ratis-server/1.0.0/ratis-server-1.0.0.jar:/home/luiz/.m2/repository/org/apache/ratis/ratis-thirdparty-misc/0.5.0/ratis-thirdparty-misc-0.5.0.jar:/home/luiz/.m2/repository/org/apache/ratis/ratis-proto/1.0.0/ratis-proto-1.0.0.jar:/home/luiz/.m2/repository/org/apache/ratis/ratis-common/1.0.0/ratis-common-1.0.0.jar:/home/luiz/.m2/repository/org/apache/ratis/ratis-client/1.0.0/ratis-client-1.0.0.jar:/home/luiz/.m2/repository/org/apache/ratis/ratis-metrics/1.0.0/ratis-metrics-1.0.0.jar:/home/luiz/.m2/repository/io/dropwizard/metrics/metrics-core/3.2.5/metrics-core-3.2.5.jar:/home/luiz/.m2/repository/org/apache/ratis/ratis-netty/1.0.0/ratis-netty-1.0.0.jar:/home/luiz/.m2/repository/org/apache/ratis/ratis-grpc/1.0.0/ratis-grpc-1.0.0.jar:/home/luiz/.m2/repository/com/beust/jcommander/1.78/jcommander-1.78.jar:/home/luiz/.m2/repository/org/slf4j/slf4j-api/1.7.25/slf4j-api-1.7.25.jar:/home/luiz/.m2/repository/org/slf4j/slf4j-log4j12/1.7.25/slf4j-log4j12-1.7.25.jar:/home/luiz/.m2/repository/log4j/log4j/1.2.17/log4j-1.2.17.jar:"/>
    <property name="java.vm.vendor" value="Ubuntu"/>
    <property name="sun.arch.data.model" value="64"/>
    <property name="java.vendor.url" value="https://ubuntu.com/"/>
    <property name="user.timezone" value="America/Sao_Paulo"/>
    <property name="java.vm.specification.version" value="11"/>
    <property name="os.name" value="Linux"/>
    <property name="sun.java.launcher" value="SUN_STANDARD"/>
    <property name="user.country" value="US"/>
    <property name="sun.boot.library.path" value="/usr/lib/jvm/java-11-openjdk-amd64/lib"/>
    <property name="sun.java.command" value="/home/luiz/Desktop/TrabalhoSD/HashTable/target/surefire/surefirebooter4214597029187946155.jar /home/luiz/Desktop/TrabalhoSD/HashTable/target/surefire 2020-12-21T14-19-04_117-jvmRun1 surefire14508574024933329827tmp surefire_06295811387873159132tmp"/>
    <property name="jdk.debug" value="release"/>
    <property name="test" value="ClientStressTest"/>
    <property name="surefire.test.class.path" value="/home/luiz/Desktop/TrabalhoSD/HashTable/target/test-classes:/home/luiz/Desktop/TrabalhoSD/HashTable/target/classes:/home/luiz/.m2/repository/com/google/protobuf/protobuf-java/4.0.0-rc-2/protobuf-java-4.0.0-rc-2.jar:/home/luiz/.m2/repository/io/grpc/grpc-stub/1.33.1/grpc-stub-1.33.1.jar:/home/luiz/.m2/repository/io/grpc/grpc-api/1.33.1/grpc-api-1.33.1.jar:/home/luiz/.m2/repository/io/grpc/grpc-context/1.33.1/grpc-context-1.33.1.jar:/home/luiz/.m2/repository/com/google/guava/guava/29.0-android/guava-29.0-android.jar:/home/luiz/.m2/repository/com/google/guava/failureaccess/1.0.1/failureaccess-1.0.1.jar:/home/luiz/.m2/repository/com/google/guava/listenablefuture/9999.0-empty-to-avoid-conflict-with-guava/listenablefuture-9999.0-empty-to-avoid-conflict-with-guava.jar:/home/luiz/.m2/repository/org/checkerframework/checker-compat-qual/2.5.5/checker-compat-qual-2.5.5.jar:/home/luiz/.m2/repository/com/google/j2objc/j2objc-annotations/1.3/j2objc-annotations-1.3.jar:/home/luiz/.m2/repository/com/google/errorprone/error_prone_annotations/2.3.4/error_prone_annotations-2.3.4.jar:/home/luiz/.m2/repository/org/codehaus/mojo/animal-sniffer-annotations/1.18/animal-sniffer-annotations-1.18.jar:/home/luiz/.m2/repository/com/google/code/findbugs/jsr305/3.0.2/jsr305-3.0.2.jar:/home/luiz/.m2/repository/io/grpc/grpc-netty-shaded/1.33.1/grpc-netty-shaded-1.33.1.jar:/home/luiz/.m2/repository/io/grpc/grpc-core/1.33.1/grpc-core-1.33.1.jar:/home/luiz/.m2/repository/com/google/code/gson/gson/2.8.6/gson-2.8.6.jar:/home/luiz/.m2/repository/com/google/android/annotations/4.1.1.4/annotations-4.1.1.4.jar:/home/luiz/.m2/repository/io/perfmark/perfmark-api/0.19.0/perfmark-api-0.19.0.jar:/home/luiz/.m2/repository/io/grpc/grpc-protobuf/1.33.1/grpc-protobuf-1.33.1.jar:/home/luiz/.m2/repository/com/google/api/grpc/proto-google-common-protos/1.17.0/proto-google-common-protos-1.17.0.jar:/home/luiz/.m2/repository/io/grpc/grpc-protobuf-lite/1.33.1/grpc-protobuf-lite-1.33.1.jar:/home/luiz/.m2/repository/javax/annotation/javax.annotation-api/1.3.2/javax.annotation-api-1.3.2.jar:/home/luiz/.m2/repository/org/junit/jupiter/junit-jupiter-engine/5.7.0/junit-jupiter-engine-5.7.0.jar:/home/luiz/.m2/repository/org/apiguardian/apiguardian-api/1.1.0/apiguardian-api-1.1.0.jar:/home/luiz/.m2/repository/org/junit/platform/junit-platform-engine/1.7.0/junit-platform-engine-1.7.0.jar:/home/luiz/.m2/repository/org/opentest4j/opentest4j/1.2.0/opentest4j-1.2.0.jar:/home/luiz/.m2/repository/org/junit/platform/junit-platform-commons/1.7.0/junit-platform-commons-1.7.0.jar:/home/luiz/.m2/repository/org/junit/jupiter/junit-jupiter-api/5.7.0/junit-jupiter-api-5.7.0.jar:/home/luiz/.m2/repository/junit/junit/4.13.1/junit-4.13.1.jar:/home/luiz/.m2/repository/org/hamcrest/hamcrest-core/1.3/hamcrest-core-1.3.jar:/home/luiz/.m2/repository/org/apache/ratis/ratis-server/1.0.0/ratis-server-1.0.0.jar:/home/luiz/.m2/repository/org/apache/ratis/ratis-thirdparty-misc/0.5.0/ratis-thirdparty-misc-0.5.0.jar:/home/luiz/.m2/repository/org/apache/ratis/ratis-proto/1.0.0/ratis-proto-1.0.0.jar:/home/luiz/.m2/repository/org/apache/ratis/ratis-common/1.0.0/ratis-common-1.0.0.jar:/home/luiz/.m2/repository/org/apache/ratis/ratis-client/1.0.0/ratis-client-1.0.0.jar:/home/luiz/.m2/repository/org/apache/ratis/ratis-metrics/1.0.0/ratis-metrics-1.0.0.jar:/home/luiz/.m2/repository/io/dropwizard/metrics/metrics-core/3.2.5/metrics-core-3.2.5.jar:/home/luiz/.m2/repository/org/apache/ratis/ratis-netty/1.0.0/ratis-netty-1.0.0.jar:/home/luiz/.m2/repository/org/apache/ratis/ratis-grpc/1.0.0/ratis-grpc-1.0.0.jar:/home/luiz/.m2/repository/com/beust/jcommander/1.78/jcommander-1.78.jar:/home/luiz/.m2/repository/org/slf4j/slf4j-api/1.7.25/slf4j-api-1.7.25.jar:/home/luiz/.m2/repository/org/slf4j/slf4j-log4j12/1.7.25/slf4j-log4j12-1.7.25.jar:/home/luiz/.m2/repository/log4j/log4j/1.2.17/log4j-1.2.17.jar:"/>
    <property name="sun.cpu.endian" value="little"/>
    <property name="user.home" value="/home/luiz"/>
    <property name="user.language" value="en"/>
    <property name="java.specification.vendor" value="Oracle Corporation"/>
    <property name="java.version.date" value="2020-11-04"/>
    <property name="java.home" value="/usr/lib/jvm/java-11-openjdk-amd64"/>
    <property name="file.separator" value="/"/>
    <property name="basedir" value="/home/luiz/Desktop/TrabalhoSD/HashTable"/>
    <property name="java.vm.compressedOopsMode" value="32-bit"/>
    <property name="line.separator" value="&#10;"/>
    <property name="java.specification.name" value="Java Platform API Specification"/>
    <property name="java.vm.specification.vendor" value="Oracle Corporation"/>
    <property name="java.awt.graphicsenv" value="sun.awt.X11GraphicsEnvironment"/>
    <property name="surefire.real.class.path" value="/home/luiz/Desktop/TrabalhoSD/HashTable/target/surefire/surefirebooter4214597029187946155.jar"/>
    <property name="sun.management.compiler" value="HotSpot 64-Bit Tiered Compilers"/>
    <property name="java.runtime.version" value="11.0.9.1+1-Ubuntu-0ubuntu1.18.04"/>
    <property name="user.name" value="luiz"/>
    <property name="path.separator" value=":"/>
    <property name="os.version" value="5.4.0-58-generic"/>
    <property name="java.runtime.name" value="OpenJDK Runtime Environment"/>
    <property name="file.encoding" value="UTF-8"/>
    <property name="java.vm.name" value="OpenJDK 64-Bit Server VM"/>
    <property name="skipTests" value="false"/>
    <property name="localRepository" value="/home/luiz/.m2/repository"/>
    <property name="java.vendor.url.bug" value="https://bugs.launchpad.net/ubuntu/+source/openjdk-lts"/>
    <property name="java.io.tmpdir" value="/tmp"/>
    <property name="java.version" value="11.0.9.1"/>
    <property name="user.dir" value="/home/luiz/Desktop/TrabalhoSD/HashTable"/>
    <property name="os.arch" value="amd64"/>
    <property name="java.vm.specification.name" value="Java Virtual Machine Specification"/>
    <property name="java.awt.printerjob" value="sun.print.PSPrinterJob"/>
    <property name="sun.os.patch.level" value="unknown"/>
    <property name="java.library.path" value="/usr/java/packages/lib:/usr/lib/x86_64-linux-gnu/jni:/lib/x86_64-linux-gnu:/usr/lib/x86_64-linux-gnu:/usr/lib/jni:/lib:/usr/lib"/>
    <property name="java.vm.info" value="mixed mode, sharing"/>
    <property name="java.vendor" value="Ubuntu"/>
    <property name="java.vm.version" value="11.0.9.1+1-Ubuntu-0ubuntu1.18.04"/>
    <property name="sun.io.unicode.encoding" value="UnicodeLittle"/>
    <property name="java.class.version" value="55.0"/>
  </properties>
  <testcase name="delKeyVersion" classname="com.test.Client.ClientStressTest" time="0.732"/>
  <testcase name="delKeyVersion[1]" classname="com.test.Client.ClientStressTest" time="0.058"/>
  <testcase name="delKeyVersion[2]" classname="com.test.Client.ClientStressTest" time="0.062"/>
  <testcase name="delKeyVersion[3]" classname="com.test.Client.ClientStressTest" time="0.062"/>
  <testcase name="delKeyVersion[4]" classname="com.test.Client.ClientStressTest" time="0.068"/>
  <testcase name="delKeyVersion[5]" classname="com.test.Client.ClientStressTest" time="0.062"/>
  <testcase name="delKeyVersion[6]" classname="com.test.Client.ClientStressTest" time="0.065"/>
  <testcase name="delKeyVersion[7]" classname="com.test.Client.ClientStressTest" time="0.05"/>
  <testcase name="delKeyVersion[8]" classname="com.test.Client.ClientStressTest" time="0.072"/>
  <testcase name="delKeyVersion[9]" classname="com.test.Client.ClientStressTest" time="0.224"/>
  <testcase name="delKeyVersion[10]" classname="com.test.Client.ClientStressTest" time="4.256"/>
  <testcase name="delKeyVersion[11]" classname="com.test.Client.ClientStressTest" time="0.749"/>
  <testcase name="delKeyVersion[12]" classname="com.test.Client.ClientStressTest" time="0.122"/>
  <testcase name="delKeyVersion[13]" classname="com.test.Client.ClientStressTest" time="0.131"/>
  <testcase name="delKeyVersion[14]" classname="com.test.Client.ClientStressTest" time="0.122"/>
  <testcase name="delKeyVersion[15]" classname="com.test.Client.ClientStressTest" time="0.118"/>
  <testcase name="delKeyVersion[16]" classname="com.test.Client.ClientStressTest" time="0.117"/>
  <testcase name="delKeyVersion[17]" classname="com.test.Client.ClientStressTest" time="0.132"/>
  <testcase name="delKeyVersion[18]" classname="com.test.Client.ClientStressTest" time="0.131"/>
  <testcase name="delKeyVersion[19]" classname="com.test.Client.ClientStressTest" time="0.13"/>
  <testcase name="delKeyVersion[20]" classname="com.test.Client.ClientStressTest" time="0.136"/>
  <testcase name="delKeyVersion[21]" classname="com.test.Client.ClientStressTest" time="0.129"/>
  <testcase name="delKeyVersion[22]" classname="com.test.Client.ClientStressTest" time="0.142"/>
  <testcase name="delKeyVersion[23]" classname="com.test.Client.ClientStressTest" time="0.143"/>
  <testcase name="delKeyVersion[24]" classname="com.test.Client.ClientStressTest" time="0.117"/>
  <testcase name="delKeyVersion[25]" classname="com.test.Client.ClientStressTest" time="0.137"/>
  <testcase name="delKeyVersion[26]" classname="com.test.Client.ClientStressTest" time="0.119"/>
  <testcase name="delKeyVersion[27]" classname="com.test.Client.ClientStressTest" time="0.12"/>
  <testcase name="delKeyVersion[28]" classname="com.test.Client.ClientStressTest" time="0.137"/>
  <testcase name="delKeyVersion[29]" classname="com.test.Client.ClientStressTest" time="0.137"/>
  <testcase name="delKeyVersion[30]" classname="com.test.Client.ClientStressTest" time="0.16"/>
  <testcase name="delKeyVersion[31]" classname="com.test.Client.ClientStressTest" time="0.123"/>
  <testcase name="delKeyVersion[32]" classname="com.test.Client.ClientStressTest" time="0.134"/>
  <testcase name="delKeyVersion[33]" classname="com.test.Client.ClientStressTest" time="0.132"/>
  <testcase name="delKeyVersion[34]" classname="com.test.Client.ClientStressTest" time="0.127"/>
  <testcase name="delKeyVersion[35]" classname="com.test.Client.ClientStressTest" time="0.123"/>
  <testcase name="delKeyVersion[36]" classname="com.test.Client.ClientStressTest" time="0.15"/>
  <testcase name="delKeyVersion[37]" classname="com.test.Client.ClientStressTest" time="0.199"/>
  <testcase name="delKeyVersion[38]" classname="com.test.Client.ClientStressTest" time="0.398"/>
  <testcase name="delKeyVersion[39]" classname="com.test.Client.ClientStressTest" time="0.554"/>
  <testcase name="delKeyVersion[40]" classname="com.test.Client.ClientStressTest" time="0.131"/>
  <testcase name="delKeyVersion[41]" classname="com.test.Client.ClientStressTest" time="0.131"/>
  <testcase name="delKeyVersion[42]" classname="com.test.Client.ClientStressTest" time="0.129"/>
  <testcase name="delKeyVersion[43]" classname="com.test.Client.ClientStressTest" time="0.226"/>
  <testcase name="delKeyVersion[44]" classname="com.test.Client.ClientStressTest" time="0.13"/>
  <testcase name="delKeyVersion[45]" classname="com.test.Client.ClientStressTest" time="0.116"/>
  <testcase name="delKeyVersion[46]" classname="com.test.Client.ClientStressTest" time="0.121"/>
  <testcase name="delKeyVersion[47]" classname="com.test.Client.ClientStressTest" time="0.125"/>
  <testcase name="delKeyVersion[48]" classname="com.test.Client.ClientStressTest" time="0.14"/>
  <testcase name="delKeyVersion[49]" classname="com.test.Client.ClientStressTest" time="0.114"/>
  <testcase name="delKeyVersion[50]" classname="com.test.Client.ClientStressTest" time="0.141"/>
  <testcase name="delKeyVersion[51]" classname="com.test.Client.ClientStressTest" time="0.133"/>
  <testcase name="delKeyVersion[52]" classname="com.test.Client.ClientStressTest" time="0.244"/>
  <testcase name="delKeyVersion[53]" classname="com.test.Client.ClientStressTest" time="0.202"/>
  <testcase name="delKeyVersion[54]" classname="com.test.Client.ClientStressTest" time="0.248"/>
  <testcase name="delKeyVersion[55]" classname="com.test.Client.ClientStressTest" time="0.226"/>
  <testcase name="delKeyVersion[56]" classname="com.test.Client.ClientStressTest" time="0.204"/>
  <testcase name="delKeyVersion[57]" classname="com.test.Client.ClientStressTest" time="0.243"/>
  <testcase name="delKeyVersion[58]" classname="com.test.Client.ClientStressTest" time="0.306"/>
  <testcase name="delKeyVersion[59]" classname="com.test.Client.ClientStressTest" time="0.13"/>
  <testcase name="delKeyVersion[60]" classname="com.test.Client.ClientStressTest" time="0.459"/>
  <testcase name="delKeyVersion[61]" classname="com.test.Client.ClientStressTest" time="0.734"/>
  <testcase name="delKeyVersion[62]" classname="com.test.Client.ClientStressTest" time="0.165"/>
  <testcase name="delKeyVersion[63]" classname="com.test.Client.ClientStressTest" time="0.227"/>
  <testcase name="delKeyVersion[64]" classname="com.test.Client.ClientStressTest" time="0.286"/>
  <testcase name="delKeyVersion[65]" classname="com.test.Client.ClientStressTest" time="0.124"/>
  <testcase name="delKeyVersion[66]" classname="com.test.Client.ClientStressTest" time="0.294"/>
  <testcase name="delKeyVersion[67]" classname="com.test.Client.ClientStressTest" time="0.118"/>
  <testcase name="delKeyVersion[68]" classname="com.test.Client.ClientStressTest" time="0.144"/>
  <testcase name="delKeyVersion[69]" classname="com.test.Client.ClientStressTest" time="0.135"/>
  <testcase name="delKeyVersion[70]" classname="com.test.Client.ClientStressTest" time="0.295"/>
  <testcase name="delKeyVersion[71]" classname="com.test.Client.ClientStressTest" time="0.957"/>
  <testcase name="delKeyVersion[72]" classname="com.test.Client.ClientStressTest" time="0.32"/>
  <testcase name="delKeyVersion[73]" classname="com.test.Client.ClientStressTest" time="0.208"/>
  <testcase name="delKeyVersion[74]" classname="com.test.Client.ClientStressTest" time="0.425"/>
  <testcase name="delKeyVersion[75]" classname="com.test.Client.ClientStressTest" time="0.336"/>
  <testcase name="delKeyVersion[76]" classname="com.test.Client.ClientStressTest" time="0.329"/>
  <testcase name="delKeyVersion[77]" classname="com.test.Client.ClientStressTest" time="0.923"/>
  <testcase name="delKeyVersion[78]" classname="com.test.Client.ClientStressTest" time="2.15"/>
  <testcase name="delKeyVersion[79]" classname="com.test.Client.ClientStressTest" time="2.365"/>
  <testcase name="delKeyVersion[80]" classname="com.test.Client.ClientStressTest" time="1.255"/>
  <testcase name="delKeyVersion[81]" classname="com.test.Client.ClientStressTest" time="1.415"/>
  <testcase name="delKeyVersion[82]" classname="com.test.Client.ClientStressTest" time="0.347"/>
  <testcase name="delKeyVersion[83]" classname="com.test.Client.ClientStressTest" time="0.126"/>
  <testcase name="delKeyVersion[84]" classname="com.test.Client.ClientStressTest" time="0.133"/>
  <testcase name="delKeyVersion[85]" classname="com.test.Client.ClientStressTest" time="0.135"/>
  <testcase name="delKeyVersion[86]" classname="com.test.Client.ClientStressTest" time="0.12"/>
  <testcase name="delKeyVersion[87]" classname="com.test.Client.ClientStressTest" time="0.117"/>
  <testcase name="delKeyVersion[88]" classname="com.test.Client.ClientStressTest" time="0.13"/>
  <testcase name="delKeyVersion[89]" classname="com.test.Client.ClientStressTest" time="0.307"/>
  <testcase name="delKeyVersion[90]" classname="com.test.Client.ClientStressTest" time="0.122"/>
  <testcase name="delKeyVersion[91]" classname="com.test.Client.ClientStressTest" time="0.181"/>
  <testcase name="delKeyVersion[92]" classname="com.test.Client.ClientStressTest" time="0.123"/>
  <testcase name="delKeyVersion[93]" classname="com.test.Client.ClientStressTest" time="0.128"/>
  <testcase name="delKeyVersion[94]" classname="com.test.Client.ClientStressTest" time="0.123"/>
  <testcase name="delKeyVersion[95]" classname="com.test.Client.ClientStressTest" time="0.123"/>
  <testcase name="delKeyVersion[96]" classname="com.test.Client.ClientStressTest" time="0.287"/>
  <testcase name="delKeyVersion[97]" classname="com.test.Client.ClientStressTest" time="0.117"/>
  <testcase name="delKeyVersion[98]" classname="com.test.Client.ClientStressTest" time="0.322"/>
  <testcase name="delKeyVersion[99]" classname="com.test.Client.ClientStressTest" time="0.121"/>
  <testcase name="delKeyVersion[100]" classname="com.test.Client.ClientStressTest" time="0.301"/>
  <testcase name="delKeyVersion[101]" classname="com.test.Client.ClientStressTest" time="0.22"/>
  <testcase name="delKeyVersion[102]" classname="com.test.Client.ClientStressTest" time="0.13"/>
  <testcase name="delKeyVersion[103]" classname="com.test.Client.ClientStressTest" time="0.131"/>
  <testcase name="delKeyVersion[104]" classname="com.test.Client.ClientStressTest" time="0.128"/>
  <testcase name="delKeyVersion[105]" classname="com.test.Client.ClientStressTest" time="0.129"/>
  <testcase name="delKeyVersion[106]" classname="com.test.Client.ClientStressTest" time="0.122"/>
  <testcase name="delKeyVersion[107]" classname="com.test.Client.ClientStressTest" time="0.141"/>
  <testcase name="delKeyVersion[108]" classname="com.test.Client.ClientStressTest" time="0.132"/>
  <testcase name="delKeyVersion[109]" classname="com.test.Client.ClientStressTest" time="0.146"/>
  <testcase name="delKeyVersion[110]" classname="com.test.Client.ClientStressTest" time="0.132"/>
  <testcase name="delKeyVersion[111]" classname="com.test.Client.ClientStressTest" time="0.172"/>
  <testcase name="delKeyVersion[112]" classname="com.test.Client.ClientStressTest" time="0.17"/>
  <testcase name="delKeyVersion[113]" classname="com.test.Client.ClientStressTest" time="0.129"/>
  <testcase name="delKeyVersion[114]" classname="com.test.Client.ClientStressTest" time="0.122"/>
  <testcase name="delKeyVersion[115]" classname="com.test.Client.ClientStressTest" time="0.151"/>
  <testcase name="delKeyVersion[116]" classname="com.test.Client.ClientStressTest" time="0.127"/>
  <testcase name="delKeyVersion[117]" classname="com.test.Client.ClientStressTest" time="0.132"/>
  <testcase name="delKeyVersion[118]" classname="com.test.Client.ClientStressTest" time="0.117"/>
  <testcase name="delKeyVersion[119]" classname="com.test.Client.ClientStressTest" time="0.137"/>
  <testcase name="delKeyVersion[120]" classname="com.test.Client.ClientStressTest" time="0.136"/>
  <testcase name="delKeyVersion[121]" classname="com.test.Client.ClientStressTest" time="0.131"/>
  <testcase name="delKeyVersion[122]" classname="com.test.Client.ClientStressTest" time="0.125"/>
  <testcase name="delKeyVersion[123]" classname="com.test.Client.ClientStressTest" time="0.112"/>
  <testcase name="delKeyVersion[124]" classname="com.test.Client.ClientStressTest" time="0.13"/>
  <testcase name="delKeyVersion[125]" classname="com.test.Client.ClientStressTest" time="0.135"/>
  <testcase name="delKeyVersion[126]" classname="com.test.Client.ClientStressTest" time="0.133"/>
  <testcase name="delKeyVersion[127]" classname="com.test.Client.ClientStressTest" time="0.202"/>
  <testcase name="delKeyVersion[128]" classname="com.test.Client.ClientStressTest" time="0.131"/>
  <testcase name="delKeyVersion[129]" classname="com.test.Client.ClientStressTest" time="0.12"/>
  <testcase name="delKeyVersion[130]" classname="com.test.Client.ClientStressTest" time="0.131"/>
  <testcase name="delKeyVersion[131]" classname="com.test.Client.ClientStressTest" time="0.14"/>
  <testcase name="delKeyVersion[132]" classname="com.test.Client.ClientStressTest" time="0.122"/>
  <testcase name="delKeyVersion[133]" classname="com.test.Client.ClientStressTest" time="0.133"/>
  <testcase name="delKeyVersion[134]" classname="com.test.Client.ClientStressTest" time="0.113"/>
  <testcase name="delKeyVersion[135]" classname="com.test.Client.ClientStressTest" time="0.265"/>
  <testcase name="delKeyVersion[136]" classname="com.test.Client.ClientStressTest" time="0.116"/>
  <testcase name="delKeyVersion[137]" classname="com.test.Client.ClientStressTest" time="0.126"/>
  <testcase name="delKeyVersion[138]" classname="com.test.Client.ClientStressTest" time="0.132"/>
  <testcase name="delKeyVersion[139]" classname="com.test.Client.ClientStressTest" time="0.132"/>
  <testcase name="delKeyVersion[140]" classname="com.test.Client.ClientStressTest" time="0.12"/>
  <testcase name="delKeyVersion[141]" classname="com.test.Client.ClientStressTest" time="0.115"/>
  <testcase name="delKeyVersion[142]" classname="com.test.Client.ClientStressTest" time="0.126"/>
  <testcase name="delKeyVersion[143]" classname="com.test.Client.ClientStressTest" time="0.303"/>
  <testcase name="delKeyVersion[144]" classname="com.test.Client.ClientStressTest" time="0.132"/>
  <testcase name="delKeyVersion[145]" classname="com.test.Client.ClientStressTest" time="0.125"/>
  <testcase name="delKeyVersion[146]" classname="com.test.Client.ClientStressTest" time="0.129"/>
  <testcase name="delKeyVersion[147]" classname="com.test.Client.ClientStressTest" time="0.164"/>
  <testcase name="delKeyVersion[148]" classname="com.test.Client.ClientStressTest" time="0.167"/>
  <testcase name="delKeyVersion[149]" classname="com.test.Client.ClientStressTest" time="0.552"/>
  <testcase name="delKeyVersion[150]" classname="com.test.Client.ClientStressTest" time="0.29"/>
  <testcase name="delKeyVersion[151]" classname="com.test.Client.ClientStressTest" time="0.29"/>
  <testcase name="delKeyVersion[152]" classname="com.test.Client.ClientStressTest" time="0.313"/>
  <testcase name="delKeyVersion[153]" classname="com.test.Client.ClientStressTest" time="0.132"/>
  <testcase name="delKeyVersion[154]" classname="com.test.Client.ClientStressTest" time="0.288"/>
  <testcase name="delKeyVersion[155]" classname="com.test.Client.ClientStressTest" time="0.27"/>
  <testcase name="delKeyVersion[156]" classname="com.test.Client.ClientStressTest" time="0.326"/>
  <testcase name="delKeyVersion[157]" classname="com.test.Client.ClientStressTest" time="0.329"/>
  <testcase name="delKeyVersion[158]" classname="com.test.Client.ClientStressTest" time="0.319"/>
  <testcase name="delKeyVersion[159]" classname="com.test.Client.ClientStressTest" time="0.622"/>
  <testcase name="delKeyVersion[160]" classname="com.test.Client.ClientStressTest" time="0.22"/>
  <testcase name="delKeyVersion[161]" classname="com.test.Client.ClientStressTest" time="0.364"/>
  <testcase name="delKeyVersion[162]" classname="com.test.Client.ClientStressTest" time="0.294"/>
  <testcase name="delKeyVersion[163]" classname="com.test.Client.ClientStressTest" time="0.116"/>
  <testcase name="delKeyVersion[164]" classname="com.test.Client.ClientStressTest" time="0.279"/>
  <testcase name="delKeyVersion[165]" classname="com.test.Client.ClientStressTest" time="0.298"/>
  <testcase name="delKeyVersion[166]" classname="com.test.Client.ClientStressTest" time="0.294"/>
  <testcase name="delKeyVersion[167]" classname="com.test.Client.ClientStressTest" time="0.136"/>
  <testcase name="delKeyVersion[168]" classname="com.test.Client.ClientStressTest" time="0.263"/>
  <testcase name="delKeyVersion[169]" classname="com.test.Client.ClientStressTest" time="0.297"/>
  <testcase name="delKeyVersion[170]" classname="com.test.Client.ClientStressTest" time="0.285"/>
  <testcase name="delKeyVersion[171]" classname="com.test.Client.ClientStressTest" time="0.278"/>
  <testcase name="delKeyVersion[172]" classname="com.test.Client.ClientStressTest" time="0.304"/>
  <testcase name="delKeyVersion[173]" classname="com.test.Client.ClientStressTest" time="0.281"/>
  <testcase name="delKeyVersion[174]" classname="com.test.Client.ClientStressTest" time="0.301"/>
  <testcase name="delKeyVersion[175]" classname="com.test.Client.ClientStressTest" time="0.264"/>
  <testcase name="delKeyVersion[176]" classname="com.test.Client.ClientStressTest" time="0.219"/>
  <testcase name="delKeyVersion[177]" classname="com.test.Client.ClientStressTest" time="0.144"/>
  <testcase name="delKeyVersion[178]" classname="com.test.Client.ClientStressTest" time="0.173"/>
  <testcase name="delKeyVersion[179]" classname="com.test.Client.ClientStressTest" time="0.125"/>
  <testcase name="delKeyVersion[180]" classname="com.test.Client.ClientStressTest" time="0.106"/>
  <testcase name="delKeyVersion[181]" classname="com.test.Client.ClientStressTest" time="0.139"/>
  <testcase name="delKeyVersion[182]" classname="com.test.Client.ClientStressTest" time="0.154"/>
  <testcase name="delKeyVersion[183]" classname="com.test.Client.ClientStressTest" time="0.28"/>
  <testcase name="delKeyVersion[184]" classname="com.test.Client.ClientStressTest" time="0.137"/>
  <testcase name="delKeyVersion[185]" classname="com.test.Client.ClientStressTest" time="0.12"/>
  <testcase name="delKeyVersion[186]" classname="com.test.Client.ClientStressTest" time="0.135"/>
  <testcase name="delKeyVersion[187]" classname="com.test.Client.ClientStressTest" time="0.132"/>
  <testcase name="delKeyVersion[188]" classname="com.test.Client.ClientStressTest" time="0.124"/>
  <testcase name="delKeyVersion[189]" classname="com.test.Client.ClientStressTest" time="0.133"/>
  <testcase name="delKeyVersion[190]" classname="com.test.Client.ClientStressTest" time="0.124"/>
  <testcase name="delKeyVersion[191]" classname="com.test.Client.ClientStressTest" time="0.305"/>
  <testcase name="delKeyVersion[192]" classname="com.test.Client.ClientStressTest" time="0.129"/>
  <testcase name="delKeyVersion[193]" classname="com.test.Client.ClientStressTest" time="0.122"/>
  <testcase name="delKeyVersion[194]" classname="com.test.Client.ClientStressTest" time="0.12"/>
  <testcase name="delKeyVersion[195]" classname="com.test.Client.ClientStressTest" time="0.154"/>
  <testcase name="delKeyVersion[196]" classname="com.test.Client.ClientStressTest" time="0.153"/>
  <testcase name="delKeyVersion[197]" classname="com.test.Client.ClientStressTest" time="0.128"/>
  <testcase name="delKeyVersion[198]" classname="com.test.Client.ClientStressTest" time="0.347"/>
  <testcase name="delKeyVersion[199]" classname="com.test.Client.ClientStressTest" time="0.119"/>
  <testcase name="delKeyVersion[200]" classname="com.test.Client.ClientStressTest" time="0.136"/>
  <testcase name="delKeyVersion[201]" classname="com.test.Client.ClientStressTest" time="0.13"/>
  <testcase name="delKeyVersion[202]" classname="com.test.Client.ClientStressTest" time="0.13"/>
  <testcase name="delKeyVersion[203]" classname="com.test.Client.ClientStressTest" time="0.136"/>
  <testcase name="delKeyVersion[204]" classname="com.test.Client.ClientStressTest" time="0.106"/>
  <testcase name="delKeyVersion[205]" classname="com.test.Client.ClientStressTest" time="0.275"/>
  <testcase name="delKeyVersion[206]" classname="com.test.Client.ClientStressTest" time="0.133"/>
  <testcase name="delKeyVersion[207]" classname="com.test.Client.ClientStressTest" time="0.274"/>
  <testcase name="delKeyVersion[208]" classname="com.test.Client.ClientStressTest" time="0.321"/>
  <testcase name="delKeyVersion[209]" classname="com.test.Client.ClientStressTest" time="0.297"/>
  <testcase name="delKeyVersion[210]" classname="com.test.Client.ClientStressTest" time="0.119"/>
  <testcase name="delKeyVersion[211]" classname="com.test.Client.ClientStressTest" time="0.333"/>
  <testcase name="delKeyVersirsion[212]" classname="com.test.Client.ClientStressTest" time="0.111"/>
  <testcase name="delKeyVersion[213]" classname="com.test.Client.ClientStressTest" time="0.29"/>
  <testcase name="delKeyVersion[214]" classname="com.test.Client.ClientStressTest" time="0.275"/>
  <testcase name="delKeyVersion[215]" classname="com.test.Client.ClientStressTest" time="0.318"/>
  <testcase name="delKeyVersion[216]" classname="com.test.Client.ClientStressTest" time="0.281"/>
  <testcase name="delKeyVersion[217]" classname="com.test.Client.ClientStressTest" time="0.286"/>
  <testcase name="delKeyVersion[218]" classname="com.test.Client.ClientStressTest" time="0.299"/>
  <testcase name="delKeyVersion[219]" classname="com.test.Client.ClientStressTest" time="0.453"/>
  <testcase name="delKeyVersion[220]" classname="com.test.Client.ClientStressTest" time="0.19"/>
  <testcase name="delKeyVersion[221]" classname="com.test.Client.ClientStressTest" time="0.389"/>
  <testcase name="delKeyVersion[222]" classname="com.test.Client.ClientStressTest" time="0.119"/>
  <testcase name="delKeyVersion[223]" classname="com.test.Client.ClientStressTest" time="0.131"/>
  <testcase name="delKeyVersion[224]" classname="com.test.Client.ClientStressTest" time="0.14"/>
  <testcase name="delKeyVersion[225]" classname="com.test.Client.ClientStressTest" time="0.123"/>
  <testcase name="delKeyVersion[226]" classname="com.test.Client.ClientStressTest" time="0.298"/>
  <testcase name="delKeyVersion[227]" classname="com.test.Client.ClientStressTest" time="0.163"/>
  <testcase name="delKeyVersion[228]" classname="com.test.Client.ClientStressTest" time="0.117"/>
  <testcase name="delKeyVersion[229]" classname="com.test.Client.ClientStressTest" time="0.135"/>
  <testcase name="delKeyVersion[230]" classname="com.test.Client.ClientStressTest" time="0.12"/>
  <testcase name="delKeyVersion[231]" classname="com.test.Client.ClientStressTest" time="0.112"/>
  <testcase name="delKeyVersion[232]" classname="com.test.Client.ClientStressTest" time="0.131"/>
  <testcase name="delKeyVersion[233]" classname="com.test.Client.ClientStressTest" time="0.121"/>
  <testcase name="delKeyVersion[234]" classname="com.test.Client.ClientStressTest" time="0.445"/>
  <testcase name="delKeyVersion[235]" classname="com.test.Client.ClientStressTest" time="0.172"/>
  <testcase name="delKeyVersion[236]" classname="com.test.Client.ClientStressTest" time="0.133"/>
  <testcase name="delKeyVersion[237]" classname="com.test.Client.ClientStressTest" time="0.337"/>
  <testcase name="delKeyVersion[238]" classname="com.test.Client.ClientStressTest" time="0.302"/>
  <testcase name="delKeyVersion[239]" classname="com.test.Client.ClientStressTest" time="0.289"/>
  <testcase name="delKeyVersion[240]" classname="com.test.Client.ClientStressTest" time="0.133"/>
  <testcase name="delKeyVersion[241]" classname="com.test.Client.ClientStressTest" time="0.475"/>
  <testcase name="delKeyVersion[242]" classname="com.test.Client.ClientStressTest" time="0.133"/>
  <testcase name="delKeyVersion[243]" classname="com.test.Client.ClientStressTest" time="0.298"/>
  <testcase name="delKeyVersion[244]" classname="com.test.Client.ClientStressTest" time="0.278"/>
  <testcase name="delKeyVersion[245]" classname="com.test.Client.ClientStressTest" time="0.555"/>
  <testcase name="delKeyVersion[246]" classname="com.test.Client.ClientStressTest" time="0.132"/>
  <testcase name="delKeyVersion[247]" classname="com.test.Client.ClientStressTest" time="0.302"/>
  <testcase name="delKeyVersion[248]" classname="com.test.Client.ClientStressTest" time="0.391"/>
  <testcase name="delKeyVersion[249]" classname="com.test.Client.ClientStressTest" time="0.12"/>
  <testcase name="delKeyVersion[250]" classname="com.test.Client.ClientStressTest" time="0.155"/>
  <testcase name="delKeyVersion[251]" classname="com.test.Client.ClientStressTest" time="0.197"/>
  <testcase name="delKeyVersion[252]" classname="com.test.Client.ClientStressTest" time="0.282"/>
  <testcase name="delKeyVersion[253]" classname="com.test.Client.ClientStressTest" time="0.236"/>
  <testcase name="delKeyVersion[254]" classname="com.test.Client.ClientStressTest" time="0.182"/>
  <testcase name="delKeyVersion[255]" classname="com.test.Client.ClientStressTest" time="0.114"/>
  <testcase name="delKeyVersion[256]" classname="com.test.Client.ClientStressTest" time="0.133"/>
  <testcase name="delKeyVersion[257]" classname="com.test.Client.ClientStressTest" time="0.214"/>
  <testcase name="delKeyVersion[258]" classname="com.test.Client.ClientStressTest" time="0.117"/>
  <testcase name="delKeyVersion[259]" classname="com.test.Client.ClientStressTest" time="0.127"/>
  <testcase name="delKeyVersion[260]" classname="com.test.Client.ClientStressTest" time="0.117"/>
  <testcase name="delKeyVersion[261]" classname="com.test.Client.ClientStressTest" time="0.132"/>
  <testcase name="delKeyVersion[262]" classname="com.test.Client.ClientStressTest" time="0.123"/>
  <testcase name="delKeyVersion[263]" classname="com.test.Client.ClientStressTest" time="0.116"/>
  <testcase name="delKeyVersion[264]" classname="com.test.Client.ClientStressTest" time="0.157"/>
  <testcase name="delKeyVersion[265]" classname="com.test.Client.ClientStressTest" time="0.285"/>
  <testcase name="delKeyVersion[266]" classname="com.test.Client.ClientStressTest" time="0.126"/>
  <testcase name="delKeyVersion[267]" classname="com.test.Client.ClientStressTest" time="0.132"/>
  <testcase name="delKeyVersion[268]" classname="com.test.Client.ClientStressTest" time="0.17"/>
  <testcase name="delKeyVersion[269]" classname="com.test.Client.ClientStressTest" time="0.137"/>
  <testcase name="delKeyVersion[270]" classname="com.test.Client.ClientStressTest" time="0.12"/>
  <testcase name="delKeyVersion[271]" classname="com.test.Client.ClientStressTest" time="0.131"/>
  <testcase name="delKeyVersion[272]" classname="com.test.Client.ClientStressTest" time="0.309"/>
  <testcase name="delKeyVersion[273]" classname="com.test.Client.ClientStressTest" time="0.131"/>
  <testcase name="delKeyVersion[274]" classname="com.test.Client.ClientStressTest" time="0.133"/>
  <testcase name="delKeyVersion[275]" classname="com.test.Client.ClientStressTest" time="0.131"/>
  <testcase name="delKeyVersion[276]" classname="com.test.Client.ClientStressTest" time="0.126"/>
  <testcase name="delKeyVersion[277]" classname="com.test.Client.ClientStressTest" time="0.176"/>
  <testcase name="delKeyVersion[278]" classname="com.test.Client.ClientStressTest" time="0.119"/>
  <testcase name="delKeyVersion[279]" classname="com.test.Client.ClientStressTest" time="0.273"/>
  <testcase name="delKeyVersion[280]" classname="com.test.Client.ClientStressTest" time="0.136"/>
  <testcase name="delKeyVersion[281]" classname="com.test.Client.ClientStressTest" time="0.372"/>
  <testcase name="delKeyVersion[282]" classname="com.test.Client.ClientStressTest" time="1.034"/>
  <testcase name="delKeyVersion[283]" classname="com.test.Client.ClientStressTest" time="1.419"/>
  <testcase name="delKeyVersion[284]" classname="com.test.Client.ClientStressTest" time="1.071"/>
  <testcase name="delKeyVersion[285]" classname="com.test.Client.ClientStressTest" time="0.543"/>
  <testcase name="delKeyVersion[286]" classname="com.test.Client.ClientStressTest" time="0.623"/>
  <testcase name="delKeyVersion[287]" classname="com.test.Client.ClientStressTest" time="0.378"/>
  <testcase name="delKeyVersion[288]" classname="com.test.Client.ClientStressTest" time="0.309"/>
  <testcase name="delKeyVersion[289]" classname="com.test.Client.ClientStressTest" time="0.489"/>
  <testcase name="delKeyVersion[290]" classname="com.test.Client.ClientStressTest" time="0.352"/>
  <testcase name="delKeyVersion[291]" classname="com.test.Client.ClientStressTest" time="0.545"/>
  <testcase name="delKeyVersion[292]" classname="com.test.Client.ClientStressTest" time="0.449"/>
  <testcase name="delKeyVersion[293]" classname="com.test.Client.ClientStressTest" time="0.652"/>
  <testcase name="delKeyVersion[294]" classname="com.test.Client.ClientStressTest" time="0.708"/>
  <testcase name="delKeyVersion[295]" classname="com.test.Client.ClientStressTest" time="1.045"/>
  <testcase name="delKeyVersion[296]" classname="com.test.Client.ClientStressTest" time="1.247"/>
  <testcase name="delKeyVersion[297]" classname="com.test.Client.ClientStressTest" time="1.452"/>
  <testcase name="delKeyVersion[298]" classname="com.test.Client.ClientStressTest" time="0.781"/>
  <testcase name="delKeyVersion[299]" classname="com.test.Client.ClientStressTest" time="0.851"/>
  <testcase name="delKeyVersion[300]" classname="com.test.Client.ClientStressTest" time="1.155"/>
  <testcase name="delKeyVersion[301]" classname="com.test.Client.ClientStressTest" time="0.946"/>
  <testcase name="delKeyVersion[302]" classname="com.test.Client.ClientStressTest" time="0.584"/>
  <testcase name="delKeyVersion[303]" classname="com.test.Client.ClientStressTest" time="0.409"/>
  <testcase name="delKeyVersion[304]" classname="com.test.Client.ClientStressTest" time="0.726"/>
  <testcase name="delKeyVersion[305]" classname="com.test.Client.ClientStressTest" time="0.263"/>
  <testcase name="delKeyVersion[306]" classname="com.test.Client.ClientStressTest" time="0.346"/>
  <testcase name="delKeyVersion[307]" classname="com.test.Client.ClientStressTest" time="0.508"/>
  <testcase name="delKeyVersion[308]" classname="com.test.Client.ClientStressTest" time="0.166"/>
  <testcase name="delKeyVersion[309]" classname="com.test.Client.ClientStressTest" time="0.217"/>
  <testcase name="delKeyVersion[310]" classname="com.test.Client.ClientStressTest" time="0.257"/>
  <testcase name="delKeyVersion[311]" classname="com.test.Client.ClientStressTest" time="0.357"/>
  <testcase name="delKeyVersion[312]" classname="com.test.Client.ClientStressTest" time="0.232"/>
  <testcase name="delKeyVersion[313]" classname="com.test.Client.ClientStressTest" time="0.661"/>
  <testcase name="delKeyVersion[314]" classname="com.test.Client.ClientStressTest" time="0.634"/>
  <testcase name="delKeyVersion[315]" classname="com.test.Client.ClientStressTest" time="0.146"/>
  <testcase name="delKeyVersion[316]" classname="com.test.Client.ClientStressTest" time="0.194"/>
  <testcase name="delKeyVersion[317]" classname="com.test.Client.ClientStressTest" time="0.121"/>
  <testcase name="delKeyVersion[318]" classname="com.test.Client.ClientStressTest" time="0.393"/>
  <testcase name="delKeyVersion[319]" classname="com.test.Client.ClientStressTest" time="0.138"/>
  <testcase name="delKeyVersion[320]" classname="com.test.Client.ClientStressTest" time="0.164"/>
  <testcase name="delKeyVersion[321]" classname="com.test.Client.ClientStressTest" time="0.14"/>
  <testcase name="delKeyVersion[322]" classname="com.test.Client.ClientStressTest" time="0.128"/>
  <testcase name="delKeyVersion[323]" classname="com.test.Client.ClientStressTest" time="0.115"/>
  <testcase name="delKeyVersion[324]" classname="com.test.Client.ClientStressTest" time="0.436"/>
  <testcase name="delKeyVersion[325]" classname="com.test.Client.ClientStressTest" time="0.45"/>
  <testcase name="delKeyVersion[326]" classname="com.test.Client.ClientStressTest" time="0.202"/>
  <testcase name="delKeyVersion[327]" classname="com.test.Client.ClientStressTest" time="0.491"/>
  <testcase name="delKeyVersion[328]" classname="com.test.Client.ClientStressTest" time="0.134"/>
  <testcase name="delKeyVersion[329]" classname="com.test.Client.ClientStressTest" time="0.106"/>
  <testcase name="delKeyVersion[330]" classname="com.test.Client.ClientStressTest" time="0.12"/>
  <testcase name="delKeyVersion[331]" classname="com.test.Client.ClientStressTest" time="0.121"/>
  <testcase name="delKeyVersion[332]" classname="com.test.Client.ClientStressTest" time="0.132"/>
  <testcase name="delKeyVersion[333]" classname="com.test.Client.ClientStressTest" time="0.164"/>
  <testcase name="delKeyVersion[334]" classname="com.test.Client.ClientStressTest" time="0.102"/>
  <testcase name="delKeyVersion[335]" classname="com.test.Client.ClientStressTest" time="0.455"/>
  <testcase name="delKeyVersion[336]" classname="com.test.Client.ClientStressTest" time="0.178"/>
  <testcase name="delKeyVersion[337]" classname="com.test.Client.ClientStressTest" time="0.128"/>
  <testcase name="delKeyVersion[338]" classname="com.test.Client.ClientStressTest" time="0.121"/>
  <testcase name="delKeyVersion[339]" classname="com.test.Client.ClientStressTest" time="0.132"/>
  <testcase name="delKeyVersion[340]" classname="com.test.Client.ClientStressTest" time="0.124"/>
  <testcase name="delKeyVersion[341]" classname="com.test.Client.ClientStressTest" time="0.263"/>
  <testcase name="delKeyVersion[342]" classname="com.test.Client.ClientStressTest" time="0.108"/>
  <testcase name="delKeyVersion[343]" classname="com.test.Client.ClientStressTest" time="0.125"/>
  <testcase name="delKeyVersion[344]" classname="com.test.Client.ClientStressTest" time="0.139"/>
  <testcase name="delKeyVersion[345]" classname="com.test.Client.ClientStressTest" time="0.131"/>
  <testcase name="delKeyVersion[346]" classname="com.test.Client.ClientStressTest" time="0.117"/>
  <testcase name="delKeyVersion[347]" classname="com.test.Client.ClientStressTest" time="0.12"/>
  <testcase name="delKeyVersion[348]" classname="com.test.Client.ClientStressTest" time="0.131"/>
  <testcase name="delKeyVersion[349]" classname="com.test.Client.ClientStressTest" time="0.326"/>
  <testcase name="delKeyVersion[350]" classname="com.test.Client.ClientStressTest" time="0.273"/>
  <testcase name="delKeyVersion[351]" classname="com.test.Client.ClientStressTest" time="0.17"/>
  <testcase name="delKeyVersion[352]" classname="com.test.Client.ClientStressTest" time="0.584"/>
  <testcase name="delKeyVersion[353]" classname="com.test.Client.ClientStressTest" time="0.199"/>
  <testcase name="delKeyVersion[354]" classname="com.test.Client.ClientStressTest" time="0.319"/>
  <testcase name="delKeyVersion[355]" classname="com.test.Client.ClientStressTest" time="0.123"/>
  <testcase name="delKeyVersion[356]" classname="com.test.Client.ClientStressTest" time="0.298"/>
  <testcase name="delKeyVersion[357]" classname="com.test.Client.ClientStressTest" time="0.289"/>
  <testcase name="delKeyVersion[358]" classname="com.test.Client.ClientStressTest" time="0.306"/>
  <testcase name="delKeyVersion[359]" classname="com.test.Client.ClientStressTest" time="0.293"/>
  <testcase name="delKeyVersion[360]" classname="com.test.Client.ClientStressTest" time="0.349"/>
  <testcase name="delKeyVersion[361]" classname="com.test.Client.ClientStressTest" time="0.262"/>
  <testcase name="delKeyVersion[362]" classname="com.test.Client.ClientStressTest" time="0.299"/>
  <testcase name="delKeyVersion[363]" classname="com.test.Client.ClientStressTest" time="0.481"/>
  <testcase name="delKeyVersion[364]" classname="com.test.Client.ClientStressTest" time="0.273"/>
  <testcase name="delKeyVersion[365]" classname="com.test.Client.ClientStressTest" time="0.344"/>
  <testcase name="delKeyVersion[366]" classname="com.test.Client.ClientStressTest" time="0.531"/>
  <testcase name="delKeyVersion[367]" classname="com.test.Client.ClientStressTest" time="0.278"/>
  <testcase name="delKeyVersion[368]" classname="com.test.Client.ClientStressTest" time="0.333"/>
  <testcase name="delKeyVersion[369]" classname="com.test.Client.ClientStressTest" time="0.357"/>
  <testcase name="delKeyVersion[370]" classname="com.test.Client.ClientStressTest" time="0.123"/>
  <testcase name="delKeyVersion[371]" classname="com.test.Client.ClientStressTest" time="0.287"/>
  <testcase name="delKeyVersion[372]" classname="com.test.Client.ClientStressTest" time="0.298"/>
  <testcase name="delKeyVersion[373]" classname="com.test.Client.ClientStressTest" time="0.203"/>
  <testcase name="delKeyVersion[374]" classname="com.test.Client.ClientStressTest" time="0.122"/>
  <testcase name="delKeyVersion[375]" classname="com.test.Client.ClientStressTest" time="0.121"/>
  <testcase name="delKeyVersion[376]" classname="com.test.Client.ClientStressTest" time="0.146"/>
  <testcase name="delKeyVersion[377]" classname="com.test.Client.ClientStressTest" time="0.121"/>
  <testcase name="delKeyVersion[378]" classname="com.test.Client.ClientStressTest" time="0.121"/>
  <testcase name="delKeyVersion[379]" classname="com.test.Client.ClientStressTest" time="0.244"/>
  <testcase name="delKeyVersion[380]" classname="com.test.Client.ClientStressTest" time="0.293"/>
  <testcase name="delKeyVersion[381]" classname="com.test.Client.ClientStressTest" time="0.142"/>
  <testcase name="delKeyVersion[382]" classname="com.test.Client.ClientStressTest" time="0.118"/>
  <testcase name="delKeyVersion[383]" classname="com.test.Client.ClientStressTest" time="0.14"/>
  <testcase name="delKeyVersion[384]" classname="com.test.Client.ClientStressTest" time="0.273"/>
  <testcase name="delKeyVersion[385]" classname="com.test.Client.ClientStressTest" time="0.287"/>
  <testcase name="delKeyVersion[386]" classname="com.test.Client.ClientStressTest" time="0.124"/>
  <testcase name="delKeyVersion[387]" classname="com.test.Client.ClientStressTest" time="0.288"/>
  <testcase name="delKeyVersion[388]" classname="com.test.Client.ClientStressTest" time="0.287"/>
  <testcase name="delKeyVersion[389]" classname="com.test.Client.ClientStressTest" time="0.388"/>
  <testcase name="delKeyVersion[390]" classname="com.test.Client.ClientStressTest" time="0.288"/>
  <testcase name="delKeyVersion[391]" classname="com.test.Client.ClientStressTest" time="0.223"/>
  <testcase name="delKeyVersion[392]" classname="com.test.Client.ClientStressTest" time="0.278"/>
  <testcase name="delKeyVersion[393]" classname="com.test.Client.ClientStressTest" time="0.133"/>
  <testcase name="delKeyVersion[394]" classname="com.test.Client.ClientStressTest" time="0.263"/>
  <testcase name="delKeyVersion[395]" classname="com.test.Client.ClientStressTest" time="0.311"/>
  <testcase name="delKeyVersion[396]" classname="com.test.Client.ClientStressTest" time="0.288"/>
  <testcase name="delKeyVersion[397]" classname="com.test.Client.ClientStressTest" time="0.263"/>
  <testcase name="delKeyVersion[398]" classname="com.test.Client.ClientStressTest" time="0.135"/>
  <testcase name="delKeyVersion[399]" classname="com.test.Client.ClientStressTest" time="0.235"/>
  <testcase name="delKeyVersion[400]" classname="com.test.Client.ClientStressTest" time="0.132"/>
  <testcase name="delKeyVersion[401]" classname="com.test.Client.ClientStressTest" time="0.165"/>
  <testcase name="delKeyVersion[402]" classname="com.test.Client.ClientStressTest" time="0.155"/>
  <testcase name="delKeyVersion[403]" classname="com.test.Client.ClientStressTest" time="0.22"/>
  <testcase name="delKeyVersion[404]" classname="com.test.Client.ClientStressTest" time="0.132"/>
  <testcase name="delKeyVersion[405]" classname="com.test.Client.ClientStressTest" time="0.137"/>
  <testcase name="delKeyVersion[406]" classname="com.test.Client.ClientStressTest" time="0.162"/>
  <testcase name="delKeyVersion[407]" classname="com.test.Client.ClientStressTest" time="0.122"/>
  <testcase name="delKeyVersion[408]" classname="com.test.Client.ClientStressTest" time="0.164"/>
  <testcase name="delKeyVersion[409]" classname="com.test.Client.ClientStressTest" time="0.136"/>
  <testcase name="delKeyVersion[410]" classname="com.test.Client.ClientStressTest" time="0.133"/>
  <testcase name="delKeyVersion[411]" classname="com.test.Client.ClientStressTest" time="0.143"/>
  <testcase name="delKeyVersion[412]" classname="com.test.Client.ClientStressTest" time="0.118"/>
  <testcase name="delKeyVersion[413]" classname="com.test.Client.ClientStressTest" time="0.121"/>
  <testcase name="delKeyVersion[414]" classname="com.test.Client.ClientStressTest" time="0.123"/>
  <testcase name="delKeyVersion[415]" classname="com.test.Client.ClientStressTest" time="0.156"/>
  <testcase name="delKeyVersion[416]" classname="com.test.Client.ClientStressTest" time="0.12"/>
  <testcase name="delKeyVersion[417]" classname="com.test.Client.ClientStressTest" time="0.133"/>
  <testcase name="delKeyVersion[418]" classname="com.test.Client.ClientStressTest" time="0.123"/>
  <testcase name="delKeyVersion[419]" classname="com.test.Client.ClientStressTest" time="0.109"/>
  <testcase name="delKeyVersion[420]" classname="com.test.Client.ClientStressTest" time="0.256"/>
  <testcase name="delKeyVersion[421]" classname="com.test.Client.ClientStressTest" time="0.253"/>
  <testcase name="delKeyVersion[422]" classname="com.test.Client.ClientStressTest" time="0.256"/>
  <testcase name="delKeyVersion[423]" classname="com.test.Client.ClientStressTest" time="0.209"/>
  <testcase name="delKeyVersion[424]" classname="com.test.Client.ClientStressTest" time="0.133"/>
  <testcase name="delKeyVersion[425]" classname="com.test.Client.ClientStressTest" time="0.134"/>
  <testcase name="delKeyVersion[426]" classname="com.test.Client.ClientStressTest" time="0.122"/>
  <testcase name="delKeyVersion[427]" classname="com.test.Client.ClientStressTest" time="0.121"/>
  <testcase name="delKeyVersion[428]" classname="com.test.Client.ClientStressTest" time="0.12"/>
  <testcase name="delKeyVersion[429]" classname="com.test.Client.ClientStressTest" time="0.134"/>
  <testcase name="delKeyVersion[430]" classname="com.test.Client.ClientStressTest" time="0.121"/>
  <testcase name="delKeyVersion[431]" classname="com.test.Client.ClientStressTest" time="0.267"/>
  <testcase name="delKeyVersion[432]" classname="com.test.Client.ClientStressTest" time="0.12"/>
  <testcase name="delKeyVersion[433]" classname="com.test.Client.ClientStressTest" time="0.122"/>
  <testcase name="delKeyVersion[434]" classname="com.test.Client.ClientStressTest" time="0.242"/>
  <testcase name="delKeyVersion[435]" classname="com.test.Client.ClientStressTest" time="0.358"/>
  <testcase name="delKeyVersion[436]" classname="com.test.Client.ClientStressTest" time="0.409"/>
  <testcase name="delKeyVersion[437]" classname="com.test.Client.ClientStressTest" time="0.158"/>
  <testcase name="delKeyVersion[438]" classname="com.test.Client.ClientStressTest" time="0.122"/>
  <testcase name="delKeyVersion[439]" classname="com.test.Client.ClientStressTest" time="0.121"/>
  <testcase name="delKeyVersion[440]" classname="com.test.Client.ClientStressTest" time="0.138"/>
  <testcase name="delKeyVersion[441]" classname="com.test.Client.ClientStressTest" time="0.141"/>
  <testcase name="delKeyVersion[442]" classname="com.test.Client.ClientStressTest" time="0.28"/>
  <testcase name="delKeyVersion[443]" classname="com.test.Client.ClientStressTest" time="0.116"/>
  <testcase name="delKeyVersion[444]" classname="com.test.Client.ClientStressTest" time="0.132"/>
  <testcase name="delKeyVersion[445]" classname="com.test.Client.ClientStressTest" time="0.122"/>
  <testcase name="delKeyVersion[446]" classname="com.test.Client.ClientStressTest" time="0.144"/>
  <testcase name="delKeyVersion[447]" classname="com.test.Client.ClientStressTest" time="0.129"/>
  <testcase name="delKeyVersion[448]" classname="com.test.Client.ClientStressTest" time="0.344"/>
  <testcase name="delKeyVersion[449]" classname="com.test.Client.ClientStressTest" time="0.635"/>
  <testcase name="delKeyVersion[450]" classname="com.test.Client.ClientStressTest" time="0.45"/>
  <testcase name="delKeyVersion[451]" classname="com.test.Client.ClientStressTest" time="0.963"/>
  <testcase name="delKeyVersion[452]" classname="com.test.Client.ClientStressTest" time="0.704"/>
  <testcase name="delKeyVersion[453]" classname="com.test.Client.ClientStressTest" time="1.266"/>
  <testcase name="delKeyVersion[454]" classname="com.test.Client.ClientStressTest" time="1.412"/>
  <testcase name="delKeyVersion[455]" classname="com.test.Client.ClientStressTest" time="0.565"/>
  <testcase name="delKeyVersion[456]" classname="com.test.Client.ClientStressTest" time="0.354"/>
  <testcase name="delKeyVersion[457]" classname="com.test.Client.ClientStressTest" time="0.288"/>
  <testcase name="delKeyVersion[458]" classname="com.test.Client.ClientStressTest" time="0.302"/>
  <testcase name="delKeyVersion[459]" classname="com.test.Client.ClientStressTest" time="0.287"/>
  <testcase name="delKeyVersion[460]" classname="com.test.Client.ClientStressTest" time="0.419"/>
  <testcase name="delKeyVersion[461]" classname="com.test.Client.ClientStressTest" time="0.634"/>
  <testcase name="delKeyVersion[462]" classname="com.test.Client.ClientStressTest" time="0.52"/>
  <testcase name="delKeyVersion[463]" classname="com.test.Client.ClientStressTest" time="0.602"/>
  <testcase name="delKeyVersion[464]" classname="com.test.Client.ClientStressTest" time="0.794"/>
  <testcase name="delKeyVersion[465]" classname="com.test.Client.ClientStressTest" time="0.596"/>
  <testcase name="delKeyVersion[466]" classname="com.test.Client.ClientStressTest" time="0.401"/>
  <testcase name="delKeyVersion[467]" classname="com.test.Client.ClientStressTest" time="0.271"/>
  <testcase name="delKeyVersion[468]" classname="com.test.Client.ClientStressTest" time="0.323"/>
  <testcase name="delKeyVersion[469]" classname="com.test.Client.ClientStressTest" time="0.29"/>
  <testcase name="delKeyVersion[470]" classname="com.test.Client.ClientStressTest" time="0.321"/>
  <testcase name="delKeyVersion[471]" classname="com.test.Client.ClientStressTest" time="0.267"/>
  <testcase name="delKeyVersion[472]" classname="com.test.Client.ClientStressTest" time="0.257"/>
  <testcase name="delKeyVersion[473]" classname="com.test.Client.ClientStressTest" time="0.13"/>
  <testcase name="delKeyVersion[474]" classname="com.test.Client.ClientStressTest" time="0.151"/>
  <testcase name="delKeyVersion[475]" classname="com.test.Client.ClientStressTest" time="0.111"/>
  <testcase name="delKeyVersion[476]" classname="com.test.Client.ClientStressTest" time="0.122"/>
  <testcase name="delKeyVersion[477]" classname="com.test.Client.ClientStressTest" time="0.13"/>
  <testcase name="delKeyVersion[478]" classname="com.test.Client.ClientStressTest" time="0.121"/>
  <testcase name="delKeyVersion[479]" classname="com.test.Client.ClientStressTest" time="0.132"/>
  <testcase name="delKeyVersion[480]" classname="com.test.Client.ClientStressTest" time="0.124"/>
  <testcase name="delKeyVersion[481]" classname="com.test.Client.ClientStressTest" time="0.123"/>
  <testcase name="delKeyVersion[482]" classname="com.test.Client.ClientStressTest" time="0.13"/>
  <testcase name="delKeyVersion[483]" classname="com.test.Client.ClientStressTest" time="0.144"/>
  <testcase name="delKeyVersion[484]" classname="com.test.Client.ClientStressTest" time="0.121"/>
  <testcase name="delKeyVersion[485]" classname="com.test.Client.ClientStressTest" time="0.134"/>
  <testcase name="delKeyVersion[486]" classname="com.test.Client.ClientStressTest" time="0.12"/>
  <testcase name="delKeyVersion[487]" classname="com.test.Client.ClientStressTest" time="0.134"/>
  <testcase name="delKeyVersion[488]" classname="com.test.Client.ClientStressTest" time="0.121"/>
  <testcase name="delKeyVersion[489]" classname="com.test.Client.ClientStressTest" time="0.222"/>
  <testcase name="delKeyVersion[490]" classname="com.test.Client.ClientStressTest" time="0.131"/>
  <testcase name="delKeyVersion[491]" classname="com.test.Client.ClientStressTest" time="0.123"/>
  <testcase name="delKeyVersion[492]" classname="com.test.Client.ClientStressTest" time="0.202"/>
  <testcase name="delKeyVersion[493]" classname="com.test.Client.ClientStressTest" time="0.196"/>
  <testcase name="delKeyVersion[494]" classname="com.test.Client.ClientStressTest" time="0.201"/>
  <testcase name="delKeyVersion[495]" classname="com.test.Client.ClientStressTest" time="0.129"/>
  <testcase name="delKeyVersion[496]" classname="com.test.Client.ClientStressTest" time="0.202"/>
  <testcase name="delKeyVersion[497]" classname="com.test.Client.ClientStressTest" time="0.701"/>
  <testcase name="delKeyVersion[498]" classname="com.test.Client.ClientStressTest" time="0.158"/>
  <testcase name="delKeyVersion[499]" classname="com.test.Client.ClientStressTest" time="0.128"/>
  <testcase name="delKeyVersion[500]" classname="com.test.Client.ClientStressTest" time="0.143"/>
  <testcase name="delKeyVersion[501]" classname="com.test.Client.ClientStressTest" time="0.133"/>
  <testcase name="delKeyVersion[502]" classname="com.test.Client.ClientStressTest" time="0.123"/>
  <testcase name="delKeyVersion[503]" classname="com.test.Client.ClientStressTest" time="0.152"/>
  <testcase name="delKeyVersion[504]" classname="com.test.Client.ClientStressTest" time="0.344"/>
  <testcase name="delKeyVersion[505]" classname="com.test.Client.ClientStressTest" time="0.131"/>
  <testcase name="delKeyVersion[506]" classname="com.test.Client.ClientStressTest" time="0.122"/>
  <testcase name="delKeyVersion[507]" classname="com.test.Client.ClientStressTest" time="0.121"/>
  <testcase name="delKeyVersion[508]" classname="com.test.Client.ClientStressTest" time="0.121"/>
  <testcase name="delKeyVersion[509]" classname="com.test.Client.ClientStressTest" time="0.132"/>
  <testcase name="delKeyVersion[510]" classname="com.test.Client.ClientStressTest" time="0.133"/>
  <testcase name="delKeyVersion[511]" classname="com.test.Client.ClientStressTest" time="0.126"/>
  <testcase name="delKeyVersion[512]" classname="com.test.Client.ClientStressTest" time="0.281"/>
  <testcase name="delKeyVersion[513]" classname="com.test.Client.ClientStressTest" time="0.185"/>
  <testcase name="delKeyVersion[514]" classname="com.test.Client.ClientStressTest" time="0.2"/>
  <testcase name="delKeyVersion[515]" classname="com.test.Client.ClientStressTest" time="0.138"/>
  <testcase name="delKeyVersion[516]" classname="com.test.Client.ClientStressTest" time="0.285"/>
  <testcase name="delKeyVersion[517]" classname="com.test.Client.ClientStressTest" time="0.361"/>
  <testcase name="delKeyVersion[518]" classname="com.test.Client.ClientStressTest" time="0.705"/>
  <testcase name="delKeyVersion[519]" classname="com.test.Client.ClientStressTest" time="0.988"/>
  <testcase name="delKeyVersion[520]" classname="com.test.Client.ClientStressTest" time="0.615"/>
  <testcase name="delKeyVersion[521]" classname="com.test.Client.ClientStressTest" time="0.395"/>
  <testcase name="delKeyVersion[522]" classname="com.test.Client.ClientStressTest" time="0.245"/>
  <testcase name="delKeyVersion[523]" classname="com.test.Client.ClientStressTest" time="0.109"/>
  <testcase name="delKeyVersion[524]" classname="com.test.Client.ClientStressTest" time="0.325"/>
  <testcase name="delKeyVersion[525]" classname="com.test.Client.ClientStressTest" time="0.341"/>
  <testcase name="delKeyVersion[526]" classname="com.test.Client.ClientStressTest" time="0.305"/>
  <testcase name="delKeyVersion[527]" classname="com.test.Client.ClientStressTest" time="0.34"/>
  <testcase name="delKeyVersion[528]" classname="com.test.Client.ClientStressTest" time="0.32"/>
  <testcase name="delKeyVersion[529]" classname="com.test.Client.ClientStressTest" time="0.128"/>
  <testcase name="delKeyVersion[530]" classname="com.test.Client.ClientStressTest" time="0.282"/>
  <testcase name="delKeyVersion[531]" classname="com.test.Client.ClientStressTest" time="0.28"/>
  <testcase name="delKeyVersion[532]" classname="com.test.Client.ClientStressTest" time="0.119"/>
  <testcase name="delKeyVersion[533]" classname="com.test.Client.ClientStressTest" time="0.316"/>
  <testcase name="delKeyVersion[534]" classname="com.test.Client.ClientStressTest" time="0.263"/>
  <testcase name="delKeyVersion[535]" classname="com.test.Client.ClientStressTest" time="0.133"/>
  <testcase name="delKeyVersion[536]" classname="com.test.Client.ClientStressTest" time="0.293"/>
  <testcase name="delKeyVersion[537]" classname="com.test.Client.ClientStressTest" time="0.344"/>
  <testcase name="delKeyVersion[538]" classname="com.test.Client.ClientStressTest" time="0.276"/>
  <testcase name="delKeyVersion[539]" classname="com.test.Client.ClientStressTest" time="0.11"/>
  <testcase name="delKeyVersion[540]" classname="com.test.Client.ClientStressTest" time="0.275"/>
  <testcase name="delKeyVersion[541]" classname="com.test.Client.ClientStressTest" time="0.289"/>
  <testcase name="delKeyVersion[542]" classname="com.test.Client.ClientStressTest" time="0.339"/>
  <testcase name="delKeyVersion[543]" classname="com.test.Client.ClientStressTest" time="0.327"/>
  <testcase name="delKeyVersion[544]" classname="com.test.Client.ClientStressTest" time="0.655"/>
  <testcase name="delKeyVersion[545]" classname="com.test.Client.ClientStressTest" time="0.6"/>
  <testcase name="delKeyVersion[546]" classname="com.test.Client.ClientStressTest" time="0.523"/>
  <testcase name="delKeyVersion[547]" classname="com.test.Client.ClientStressTest" time="0.646"/>
  <testcase name="delKeyVersion[548]" classname="com.test.Client.ClientStressTest" time="0.511"/>
  <testcase name="delKeyVersion[549]" classname="com.test.Client.ClientStressTest" time="0.465"/>
  <testcase name="delKeyVersion[550]" classname="com.test.Client.ClientStressTest" time="0.702"/>
  <testcase name="delKeyVersion[551]" classname="com.test.Client.ClientStressTest" time="0.555"/>
  <testcase name="delKeyVersion[552]" classname="com.test.Client.ClientStressTest" time="0.11"/>
  <testcase name="delKeyVersion[553]" classname="com.test.Client.ClientStressTest" time="0.273"/>
  <testcase name="delKeyVersion[554]" classname="com.test.Client.ClientStressTest" time="0.328"/>
  <testcase name="delKeyVersion[555]" classname="com.test.Client.ClientStressTest" time="0.303"/>
  <testcase name="delKeyVersion[556]" classname="com.test.Client.ClientStressTest" time="0.311"/>
  <testcase name="delKeyVersion[557]" classname="com.test.Client.ClientStressTest" time="0.298"/>
  <testcase name="delKeyVersion[558]" classname="com.test.Client.ClientStressTest" time="0.3"/>
  <testcase name="delKeyVersion[559]" classname="com.test.Client.ClientStressTest" time="0.264"/>
  <testcase name="delKeyVersion[560]" classname="com.test.Client.ClientStressTest" time="0.201"/>
  <testcase name="delKeyVersion[561]" classname="com.test.Client.ClientStressTest" time="0.187"/>
  <testcase name="delKeyVersion[562]" classname="com.test.Client.ClientStressTest" time="0.121"/>
  <testcase name="delKeyVersion[563]" classname="com.test.Client.ClientStressTest" time="0.12"/>
  <testcase name="delKeyVersion[564]" classname="com.test.Client.ClientStressTest" time="0.138"/>
  <testcase name="delKeyVersion[565]" classname="com.test.Client.ClientStressTest" time="0.119"/>
  <testcase name="delKeyVersion[566]" classname="com.test.Client.ClientStressTest" time="0.122"/>
  <testcase name="delKeyVersion[567]" classname="com.test.Client.ClientStressTest" time="0.822"/>
  <testcase name="delKeyVersion[568]" classname="com.test.Client.ClientStressTest" time="0.2"/>
  <testcase name="delKeyVersion[569]" classname="com.test.Client.ClientStressTest" time="0.123"/>
  <testcase name="delKeyVersion[570]" classname="com.test.Client.ClientStressTest" time="0.148"/>
  <testcase name="delKeyVersion[571]" classname="com.test.Client.ClientStressTest" time="0.16"/>
  <testcase name="delKeyVersion[572]" classname="com.test.Client.ClientStressTest" time="0.285"/>
  <testcase name="delKeyVersion[573]" classname="com.test.Client.ClientStressTest" time="0.129"/>
  <testcase name="delKeyVersion[574]" classname="com.test.Client.ClientStressTest" time="0.151"/>
  <testcase name="delKeyVersion[575]" classname="com.test.Client.ClientStressTest" time="0.119"/>
  <testcase name="delKeyVersion[576]" classname="com.test.Client.ClientStressTest" time="0.134"/>
  <testcase name="delKeyVersion[577]" classname="com.test.Client.ClientStressTest" time="0.142"/>
  <testcase name="delKeyVersion[578]" classname="com.test.Client.ClientStressTest" time="0.121"/>
  <testcase name="delKeyVersion[579]" classname="com.test.Client.ClientStressTest" time="0.277"/>
  <testcase name="delKeyVersion[580]" classname="com.test.Client.ClientStressTest" time="0.121"/>
  <testcase name="delKeyVersion[581]" classname="com.test.Client.ClientStressTest" time="0.124"/>
  <testcase name="delKeyVersion[582]" classname="com.test.Client.ClientStressTest" time="0.141"/>
  <testcase name="delKeyVersion[583]" classname="com.test.Client.ClientStressTest" time="0.128"/>
  <testcase name="delKeyVersion[584]" classname="com.test.Client.ClientStressTest" time="0.149"/>
  <testcase name="delKeyVersion[585]" classname="com.test.Client.ClientStressTest" time="0.266"/>
  <testcase name="delKeyVersion[586]" classname="com.test.Client.ClientStressTest" time="0.144"/>
  <testcase name="delKeyVersion[587]" classname="com.test.Client.ClientStressTest" time="0.276"/>
  <testcase name="delKeyVersion[588]" classname="com.test.Client.ClientStressTest" time="0.292"/>
  <testcase name="delKeyVersion[589]" classname="com.test.Client.ClientStressTest" time="0.131"/>
  <testcase name="delKeyVersion[590]" classname="com.test.Client.ClientStressTest" time="0.289"/>
  <testcase name="delKeyVersion[591]" classname="com.test.Client.ClientStressTest" time="0.277"/>
  <testcase name="delKeyVersion[592]" classname="com.test.Client.ClientStressTest" time="0.288"/>
  <testcase name="delKeyVersion[593]" classname="com.test.Client.ClientStressTest" time="0.345"/>
  <testcase name="delKeyVersion[594]" classname="com.test.Client.ClientStressTest" time="0.287"/>
  <testcase name="delKeyVersion[595]" classname="com.test.Client.ClientStressTest" time="0.291"/>
  <testcase name="delKeyVersion[596]" classname="com.test.Client.ClientStressTest" time="0.325"/>
  <testcase name="delKeyVersion[597]" classname="com.test.Client.ClientStressTest" time="0.195"/>
  <testcase name="delKeyVersion[598]" classname="com.test.Client.ClientStressTest" time="0.122"/>
  <testcase name="delKeyVersion[599]" classname="com.test.Client.ClientStressTest" time="0.131"/>
  <testcase name="delKeyVersion[600]" classname="com.test.Client.ClientStressTest" time="0.123"/>
  <testcase name="delKeyVersion[601]" classname="com.test.Client.ClientStressTest" time="0.123"/>
  <testcase name="delKeyVersion[602]" classname="com.test.Client.ClientStressTest" time="0.119"/>
  <testcase name="delKeyVersion[603]" classname="com.test.Client.ClientStressTest" time="0.12"/>
  <testcase name="delKeyVersion[604]" classname="com.test.Client.ClientStressTest" time="0.133"/>
  <testcase name="delKeyVersion[605]" classname="com.test.Client.ClientStressTest" time="0.163"/>
  <testcase name="delKeyVersion[606]" classname="com.test.Client.ClientStressTest" time="0.193"/>
  <testcase name="delKeyVersion[607]" classname="com.test.Client.ClientStressTest" time="0.185"/>
  <testcase name="delKeyVersion[608]" classname="com.test.Client.ClientStressTest" time="0.122"/>
  <testcase name="delKeyVersion[609]" classname="com.test.Client.ClientStressTest" time="0.12"/>
  <testcase name="delKeyVersion[610]" classname="com.test.Client.ClientStressTest" time="0.124"/>
  <testcase name="delKeyVersion[611]" classname="com.test.Client.ClientStressTest" time="0.119"/>
  <testcase name="delKeyVersion[612]" classname="com.test.Client.ClientStressTest" time="0.112"/>
  <testcase name="delKeyVersion[613]" classname="com.test.Client.ClientStressTest" time="0.118"/>
  <testcase name="delKeyVersion[614]" classname="com.test.Client.ClientStressTest" time="0.278"/>
  <testcase name="delKeyVersion[615]" classname="com.test.Client.ClientStressTest" time="0.121"/>
  <testcase name="delKeyVersion[616]" classname="com.test.Client.ClientStressTest" time="0.127"/>
  <testcase name="delKeyVersion[617]" classname="com.test.Client.ClientStressTest" time="0.141"/>
  <testcase name="delKeyVersion[618]" classname="com.test.Client.ClientStressTest" time="0.161"/>
  <testcase name="delKeyVersion[619]" classname="com.test.Client.ClientStressTest" time="0.138"/>
  <testcase name="delKeyVersion[620]" classname="com.test.Client.ClientStressTest" time="0.123"/>
  <testcase name="delKeyVersion[621]" classname="com.test.Client.ClientStressTest" time="0.284"/>
  <testcase name="delKeyVersion[622]" classname="com.test.Client.ClientStressTest" time="0.165"/>
  <testcase name="delKeyVersion[623]" classname="com.test.Client.ClientStressTest" time="0.133"/>
  <testcase name="delKeyVersion[624]" classname="com.test.Client.ClientStressTest" time="0.119"/>
  <testcase name="delKeyVersion[625]" classname="com.test.Client.ClientStressTest" time="0.124"/>
  <testcase name="delKeyVersion[626]" classname="com.test.Client.ClientStressTest" time="0.253"/>
  <testcase name="delKeyVersion[627]" classname="com.test.Client.ClientStressTest" time="0.133"/>
  <testcase name="delKeyVersion[628]" classname="com.test.Client.ClientStressTest" time="0.299"/>
  <testcase name="delKeyVersion[629]" classname="com.test.Client.ClientStressTest" time="0.287"/>
  <testcase name="delKeyVersion[630]" classname="com.test.Client.ClientStressTest" time="0.301"/>
  <testcase name="delKeyVersion[631]" classname="com.test.Client.ClientStressTest" time="0.132"/>
  <testcase name="delKeyVersion[632]" classname="com.test.Client.ClientStressTest" time="0.301"/>
  <testcase name="delKeyVersion[633]" classname="com.test.Client.ClientStressTest" time="0.324"/>
  <testcase name="delKeyVersion[634]" classname="com.test.Client.ClientStressTest" time="0.264"/>
  <testcase name="delKeyVersion[635]" classname="com.test.Client.ClientStressTest" time="0.266"/>
  <testcase name="delKeyVersion[636]" classname="com.test.Client.ClientStressTest" time="0.118"/>
  <testcase name="delKeyVersion[637]" classname="com.test.Client.ClientStressTest" time="0.348"/>
  <testcase name="delKeyVersion[638]" classname="com.test.Client.ClientStressTest" time="0.888"/>
  <testcase name="delKeyVersion[639]" classname="com.test.Client.ClientStressTest" time="0.219"/>
  <testcase name="delKeyVersion[640]" classname="com.test.Client.ClientStressTest" time="0.323"/>
  <testcase name="delKeyVersion[641]" classname="com.test.Client.ClientStressTest" time="0.285"/>
  <testcase name="delKeyVersion[642]" classname="com.test.Client.ClientStressTest" time="0.301"/>
  <testcase name="delKeyVersion[643]" classname="com.test.Client.ClientStressTest" time="0.121"/>
  <testcase name="delKeyVersion[644]" classname="com.test.Client.ClientStressTest" time="0.496"/>
  <testcase name="delKeyVersion[645]" classname="com.test.Client.ClientStressTest" time="0.266"/>
  <testcase name="delKeyVersion[646]" classname="com.test.Client.ClientStressTest" time="0.303"/>
  <testcase name="delKeyVersion[647]" classname="com.test.Client.ClientStressTest" time="0.308"/>
  <testcase name="delKeyVersion[648]" classname="com.test.Client.ClientStressTest" time="0.287"/>
  <testcase name="delKeyVersion[649]" classname="com.test.Client.ClientStressTest" time="0.494"/>
  <testcase name="delKeyVersion[650]" classname="com.test.Client.ClientStressTest" time="0.286"/>
  <testcase name="delKeyVersion[651]" classname="com.test.Client.ClientStressTest" time="0.264"/>
  <testcase name="delKeyVersion[652]" classname="com.test.Client.ClientStressTest" time="0.214"/>
  <testcase name="delKeyVersion[653]" classname="com.test.Client.ClientStressTest" time="0.298"/>
  <testcase name="delKeyVersion[654]" classname="com.test.Client.ClientStressTest" time="0.122"/>
  <testcase name="delKeyVersion[655]" classname="com.test.Client.ClientStressTest" time="0.298"/>
  <testcase name="delKeyVersion[656]" classname="com.test.Client.ClientStressTest" time="0.309"/>
  <testcase name="delKeyVersion[657]" classname="com.test.Client.ClientStressTest" time="0.272"/>
  <testcase name="delKeyVersion[658]" classname="com.test.Client.ClientStressTest" time="0.332"/>
  <testcase name="delKeyVersion[659]" classname="com.test.Client.ClientStressTest" time="0.133"/>
  <testcase name="delKeyVersion[660]" classname="com.test.Client.ClientStressTest" time="0.299"/>
  <testcase name="delKeyVersion[661]" classname="com.test.Client.ClientStressTest" time="0.292"/>
  <testcase name="delKeyVersion[662]" classname="com.test.Client.ClientStressTest" time="0.307"/>
  <testcase name="delKeyVersion[663]" classname="com.test.Client.ClientStressTest" time="0.291"/>
  <testcase name="delKeyVersion[664]" classname="com.test.Client.ClientStressTest" time="0.287"/>
  <testcase name="delKeyVersion[665]" classname="com.test.Client.ClientStressTest" time="0.265"/>
  <testcase name="delKeyVersion[666]" classname="com.test.Client.ClientStressTest" time="0.322"/>
  <testcase name="delKeyVersion[667]" classname="com.test.Client.ClientStressTest" time="0.292"/>
  <testcase name="delKeyVersion[668]" classname="com.test.Client.ClientStressTest" time="0.193"/>
  <testcase name="delKeyVersion[669]" classname="com.test.Client.ClientStressTest" time="0.124"/>
  <testcase name="delKeyVersion[670]" classname="com.test.Client.ClientStressTest" time="0.122"/>
  <testcase name="delKeyVersion[671]" classname="com.test.Client.ClientStressTest" time="0.11"/>
  <testcase name="delKeyVersion[672]" classname="com.test.Client.ClientStressTest" time="0.167"/>
  <testcase name="delKeyVersion[673]" classname="com.test.Client.ClientStressTest" time="0.134"/>
  <testcase name="delKeyVersion[674]" classname="com.test.Client.ClientStressTest" time="0.12"/>
  <testcase name="delKeyVersion[675]" classname="com.test.Client.ClientStressTest" time="0.11"/>
  <testcase name="delKeyVersion[676]" classname="com.test.Client.ClientStressTest" time="0.215"/>
  <testcase name="delKeyVersion[677]" classname="com.test.Client.ClientStressTest" time="0.103"/>
  <testcase name="delKeyVersion[678]" classname="com.test.Client.ClientStressTest" time="0.127"/>
  <testcase name="delKeyVersion[679]" classname="com.test.Client.ClientStressTest" time="0.132"/>
  <testcase name="delKeyVersion[680]" classname="com.test.Client.ClientStressTest" time="0.118"/>
  <testcase name="delKeyVersion[681]" classname="com.test.Client.ClientStressTest" time="0.152"/>
  <testcase name="delKeyVersion[682]" classname="com.test.Client.ClientStressTest" time="0.13"/>
  <testcase name="delKeyVersion[683]" classname="com.test.Client.ClientStressTest" time="0.13"/>
  <testcase name="delKeyVersion[684]" classname="com.test.Client.ClientStressTest" time="0.274"/>
  <testcase name="delKeyVersion[685]" classname="com.test.Client.ClientStressTest" time="0.161"/>
  <testcase name="delKeyVersion[686]" classname="com.test.Client.ClientStressTest" time="0.13"/>
  <testcase name="delKeyVersion[687]" classname="com.test.Client.ClientStressTest" time="0.108"/>
  <testcase name="delKeyVersion[688]" classname="com.test.Client.ClientStressTest" time="0.141"/>
  <testcase name="delKeyVersion[689]" classname="com.test.Client.ClientStressTest" time="0.118"/>
  <testcase name="delKeyVersion[690]" classname="com.test.Client.ClientStressTest" time="0.129"/>
  <testcase name="delKeyVersion[691]" classname="com.test.Client.ClientStressTest" time="0.107"/>
  <testcase name="delKeyVersion[692]" classname="com.test.Client.ClientStressTest" time="0.344"/>
  <testcase name="delKeyVersion[693]" classname="com.test.Client.ClientStressTest" time="0.386"/>
  <testcase name="delKeyVersion[694]" classname="com.test.Client.ClientStressTest" time="0.292"/>
  <testcase name="delKeyVersion[695]" classname="com.test.Client.ClientStressTest" time="0.284"/>
  <testcase name="delKeyVersion[696]" classname="com.test.Client.ClientStressTest" time="0.301"/>
  <testcase name="delKeyVersion[697]" classname="com.test.Client.ClientStressTest" time="0.286"/>
  <testcase name="delKeyVersion[698]" classname="com.test.Client.ClientStressTest" time="0.126"/>
  <testcase name="delKeyVersion[699]" classname="com.test.Client.ClientStressTest" time="0.274"/>
  <testcase name="delKeyVersion[700]" classname="com.test.Client.ClientStressTest" time="0.292"/>
  <testcase name="delKeyVersion[701]" classname="com.test.Client.ClientStressTest" time="0.274"/>
  <testcase name="delKeyVersion[702]" classname="com.test.Client.ClientStressTest" time="0.344"/>
  <testcase name="delKeyVersion[703]" classname="com.test.Client.ClientStressTest" time="0.499"/>
  <testcase name="delKeyVersion[704]" classname="com.test.Client.ClientStressTest" time="0.12"/>
  <testcase name="delKeyVersion[705]" classname="com.test.Client.ClientStressTest" time="0.199"/>
  <testcase name="delKeyVersion[706]" classname="com.test.Client.ClientStressTest" time="0.159"/>
  <testcase name="delKeyVersion[707]" classname="com.test.Client.ClientStressTest" time="0.119"/>
  <testcase name="delKeyVersion[708]" classname="com.test.Client.ClientStressTest" time="0.122"/>
  <testcase name="delKeyVersion[709]" classname="com.test.Client.ClientStressTest" time="0.144"/>
  <testcase name="delKeyVersion[710]" classname="com.test.Client.ClientStressTest" time="0.118"/>
  <testcase name="delKeyVersion[711]" classname="com.test.Client.ClientStressTest" time="0.111"/>
  <testcase name="delKeyVersion[712]" classname="com.test.Client.ClientStressTest" time="0.286"/>
  <testcase name="delKeyVersion[713]" classname="com.test.Client.ClientStressTest" time="0.122"/>
  <testcase name="delKeyVersion[714]" classname="com.test.Client.ClientStressTest" time="0.126"/>
  <testcase name="delKeyVersion[715]" classname="com.test.Client.ClientStressTest" time="0.119"/>
  <testcase name="delKeyVersion[716]" classname="com.test.Client.ClientStressTest" time="0.142"/>
  <testcase name="delKeyVersion[717]" classname="com.test.Client.ClientStressTest" time="0.122"/>
  <testcase name="delKeyVersion[718]" classname="com.test.Client.ClientStressTest" time="0.119"/>
  <testcase name="delKeyVersion[719]" classname="com.test.Client.ClientStressTest" time="0.135"/>
  <testcase name="delKeyVersion[720]" classname="com.test.Client.ClientStressTest" time="0.273"/>
  <testcase name="delKeyVersion[721]" classname="com.test.Client.ClientStressTest" time="0.124"/>
  <testcase name="delKeyVersion[722]" classname="com.test.Client.ClientStressTest" time="0.133"/>
  <testcase name="delKeyVersion[723]" classname="com.test.Client.ClientStressTest" time="0.123"/>
  <testcase name="delKeyVersion[724]" classname="com.test.Client.ClientStressTest" time="0.127"/>
  <testcase name="delKeyVersion[725]" classname="com.test.Client.ClientStressTest" time="0.121"/>
  <testcase name="delKeyVersion[726]" classname="com.test.Client.ClientStressTest" time="0.302"/>
  <testcase name="delKeyVersion[727]" classname="com.test.Client.ClientStressTest" time="0.292"/>
  <testcase name="delKeyVersion[728]" classname="com.test.Client.ClientStressTest" time="0.132"/>
  <testcase name="delKeyVersion[729]" classname="com.test.Client.ClientStressTest" time="0.298"/>
  <testcase name="delKeyVersion[730]" classname="com.test.Client.ClientStressTest" time="0.264"/>
  <testcase name="delKeyVersion[731]" classname="com.test.Client.ClientStressTest" time="0.273"/>
  <testcase name="delKeyVersion[732]" classname="com.test.Client.ClientStressTest" time="0.326"/>
  <testcase name="delKeyVersion[733]" classname="com.test.Client.ClientStressTest" time="0.118"/>
  <testcase name="delKeyVersion[734]" classname="com.test.Client.ClientStressTest" time="0.542"/>
  <testcase name="delKeyVersion[735]" classname="com.test.Client.ClientStressTest" time="0.305"/>
  <testcase name="delKeyVersion[736]" classname="com.test.Client.ClientStressTest" time="0.299"/>
  <testcase name="delKeyVersion[737]" classname="com.test.Client.ClientStressTest" time="0.275"/>
  <testcase name="delKeyVersion[738]" classname="com.test.Client.ClientStressTest" time="0.197"/>
  <testcase name="delKeyVersion[739]" classname="com.test.Client.ClientStressTest" time="0.498"/>
  <testcase name="delKeyVersion[740]" classname="com.test.Client.ClientStressTest" time="0.3"/>
  <testcase name="delKeyVersion[741]" classname="com.test.Client.ClientStressTest" time="0.264"/>
  <testcase name="delKeyVersion[742]" classname="com.test.Client.ClientStressTest" time="0.142"/>
  <testcase name="delKeyVersion[743]" classname="com.test.Client.ClientStressTest" time="0.273"/>
  <testcase name="delKeyVersion[744]" classname="com.test.Client.ClientStressTest" time="0.296"/>
  <testcase name="delKeyVersion[745]" classname="com.test.Client.ClientStressTest" time="0.133"/>
  <testcase name="delKeyVersion[746]" classname="com.test.Client.ClientStressTest" time="0.3"/>
  <testcase name="delKeyVersion[747]" classname="com.test.Client.ClientStressTest" time="0.29"/>
  <testcase name="delKeyVersion[748]" classname="com.test.Client.ClientStressTest" time="0.288"/>
  <testcase name="delKeyVersion[749]" classname="com.test.Client.ClientStressTest" time="0.3"/>
  <testcase name="delKeyVersion[750]" classname="com.test.Client.ClientStressTest" time="0.14"/>
  <testcase name="delKeyVersion[751]" classname="com.test.Client.ClientStressTest" time="0.3"/>
  <testcase name="delKeyVersion[752]" classname="com.test.Client.ClientStressTest" time="0.255"/>
  <testcase name="delKeyVersion[753]" classname="com.test.Client.ClientStressTest" time="0.298"/>
  <testcase name="delKeyVersion[754]" classname="com.test.Client.ClientStressTest" time="0.302"/>
  <testcase name="delKeyVersion[755]" classname="com.test.Client.ClientStressTest" time="0.106"/>
  <testcase name="delKeyVersion[756]" classname="com.test.Client.ClientStressTest" time="0.243"/>
  <testcase name="delKeyVersion[757]" classname="com.test.Client.ClientStressTest" time="0.282"/>
  <testcase name="delKeyVersion[758]" classname="com.test.Client.ClientStressTest" time="0.298"/>
  <testcase name="delKeyVersion[759]" classname="com.test.Client.ClientStressTest" time="0.12"/>
  <testcase name="delKeyVersion[760]" classname="com.test.Client.ClientStressTest" time="0.298"/>
  <testcase name="delKeyVersion[761]" classname="com.test.Client.ClientStressTest" time="0.289"/>
  <testcase name="delKeyVersion[762]" classname="com.test.Client.ClientStressTest" time="0.123"/>
  <testcase name="delKeyVersion[763]" classname="com.test.Client.ClientStressTest" time="0.306"/>
  <testcase name="delKeyVersion[764]" classname="com.test.Client.ClientStressTest" time="0.379"/>
  <testcase name="delKeyVersion[765]" classname="com.test.Client.ClientStressTest" time="0.3"/>
  <testcase name="delKeyVersion[766]" classname="com.test.Client.ClientStressTest" time="0.281"/>
  <testcase name="delKeyVersion[767]" classname="com.test.Client.ClientStressTest" time="0.274"/>
  <testcase name="delKeyVersion[768]" classname="com.test.Client.ClientStressTest" time="0.357"/>
  <testcase name="delKeyVersion[769]" classname="com.test.Client.ClientStressTest" time="0.607"/>
  <testcase name="delKeyVersion[770]" classname="com.test.Client.ClientStressTest" time="0.123"/>
  <testcase name="delKeyVersion[771]" classname="com.test.Client.ClientStressTest" time="0.307"/>
  <testcase name="delKeyVersion[772]" classname="com.test.Client.ClientStressTest" time="0.188"/>
  <testcase name="delKeyVersion[773]" classname="com.test.Client.ClientStressTest" time="0.33"/>
  <testcase name="delKeyVersion[774]" classname="com.test.Client.ClientStressTest" time="0.123"/>
  <testcase name="delKeyVersion[775]" classname="com.test.Client.ClientStressTest" time="0.321"/>
  <testcase name="delKeyVersion[776]" classname="com.test.Client.ClientStressTest" time="0.29"/>
  <testcase name="delKeyVersion[777]" classname="com.test.Client.ClientStressTest" time="0.289"/>
  <testcase name="delKeyVersion[778]" classname="com.test.Client.ClientStressTest" time="0.119"/>
  <testcase name="delKeyVersion[779]" classname="com.test.Client.ClientStressTest" time="0.266"/>
  <testcase name="delKeyVersion[780]" classname="com.test.Client.ClientStressTest" time="0.29"/>
  <testcase name="delKeyVersion[781]" classname="com.test.Client.ClientStressTest" time="0.121"/>
  <testcase name="delKeyVersion[782]" classname="com.test.Client.ClientStressTest" time="0.289"/>
  <testcase name="delKeyVersion[783]" classname="com.test.Client.ClientStressTest" time="0.123"/>
  <testcase name="delKeyVersion[784]" classname="com.test.Client.ClientStressTest" time="0.299"/>
  <testcase name="delKeyVersion[785]" classname="com.test.Client.ClientStressTest" time="0.272"/>
  <testcase name="delKeyVersion[786]" classname="com.test.Client.ClientStressTest" time="0.303"/>
  <testcase name="delKeyVersion[787]" classname="com.test.Client.ClientStressTest" time="0.156"/>
  <testcase name="delKeyVersion[788]" classname="com.test.Client.ClientStressTest" time="0.288"/>
  <testcase name="delKeyVersion[789]" classname="com.test.Client.ClientStressTest" time="0.314"/>
  <testcase name="delKeyVersion[790]" classname="com.test.Client.ClientStressTest" time="0.273"/>
  <testcase name="delKeyVersion[791]" classname="com.test.Client.ClientStressTest" time="0.112"/>
  <testcase name="delKeyVersion[792]" classname="com.test.Client.ClientStressTest" time="0.198"/>
  <testcase name="delKeyVersion[793]" classname="com.test.Client.ClientStressTest" time="0.116"/>
  <testcase name="delKeyVersion[794]" classname="com.test.Client.ClientStressTest" time="0.301"/>
  <testcase name="delKeyVersion[795]" classname="com.test.Client.ClientStressTest" time="0.272"/>
  <testcase name="delKeyVersion[796]" classname="com.test.Client.ClientStressTest" time="0.299"/>
  <testcase name="delKeyVersion[797]" classname="com.test.Client.ClientStressTest" time="0.302"/>
  <testcase name="delKeyVersion[798]" classname="com.test.Client.ClientStressTest" time="0.39"/>
  <testcase name="delKeyVersion[799]" classname="com.test.Client.ClientStressTest" time="0.27"/>
  <testcase name="delKeyVersion[800]" classname="com.test.Client.ClientStressTest" time="0.301"/>
  <testcase name="delKeyVersion[801]" classname="com.test.Client.ClientStressTest" time="0.291"/>
  <testcase name="delKeyVersion[802]" classname="com.test.Client.ClientStressTest" time="0.284"/>
  <testcase name="delKeyVersion[803]" classname="com.test.Client.ClientStressTest" time="0.291"/>
  <testcase name="delKeyVersion[804]" classname="com.test.Client.ClientStressTest" time="0.341"/>
  <testcase name="delKeyVersion[805]" classname="com.test.Client.ClientStressTest" time="0.3"/>
  <testcase name="delKeyVersion[806]" classname="com.test.Client.ClientStressTest" time="0.266"/>
  <testcase name="delKeyVersion[807]" classname="com.test.Client.ClientStressTest" time="0.231"/>
  <testcase name="delKeyVersion[808]" classname="com.test.Client.ClientStressTest" time="0.215"/>
  <testcase name="delKeyVersion[809]" classname="com.test.Client.ClientStressTest" time="0.115"/>
  <testcase name="delKeyVersion[810]" classname="com.test.Client.ClientStressTest" time="0.124"/>
  <testcase name="delKeyVersion[811]" classname="com.test.Client.ClientStressTest" time="0.123"/>
  <testcase name="delKeyVersion[812]" classname="com.test.Client.ClientStressTest" time="0.108"/>
  <testcase name="delKeyVersion[813]" classname="com.test.Client.ClientStressTest" time="0.13"/>
  <testcase name="delKeyVersion[814]" classname="com.test.Client.ClientStressTest" time="0.109"/>
  <testcase name="delKeyVersion[815]" classname="com.test.Client.ClientStressTest" time="0.121"/>
  <testcase name="delKeyVersion[816]" classname="com.test.Client.ClientStressTest" time="0.286"/>
  <testcase name="delKeyVersion[817]" classname="com.test.Client.ClientStressTest" time="0.104"/>
  <testcase name="delKeyVersion[818]" classname="com.test.Client.ClientStressTest" time="0.126"/>
  <testcase name="delKeyVersion[819]" classname="com.test.Client.ClientStressTest" time="0.119"/>
  <testcase name="delKeyVersion[820]" classname="com.test.Client.ClientStressTest" time="0.132"/>
  <testcase name="delKeyVersion[821]" classname="com.test.Client.ClientStressTest" time="0.122"/>
  <testcase name="delKeyVersion[822]" classname="com.test.Client.ClientStressTest" time="0.121"/>
  <testcase name="delKeyVersion[823]" classname="com.test.Client.ClientStressTest" time="0.189"/>
  <testcase name="delKeyVersion[824]" classname="com.test.Client.ClientStressTest" time="0.361"/>
  <testcase name="delKeyVersion[825]" classname="com.test.Client.ClientStressTest" time="0.136"/>
  <testcase name="delKeyVersion[826]" classname="com.test.Client.ClientStressTest" time="0.121"/>
  <testcase name="delKeyVersion[827]" classname="com.test.Client.ClientStressTest" time="0.125"/>
  <testcase name="delKeyVersion[828]" classname="com.test.Client.ClientStressTest" time="0.133"/>
  <testcase name="delKeyVersion[829]" classname="com.test.Client.ClientStressTest" time="0.133"/>
  <testcase name="delKeyVersion[830]" classname="com.test.Client.ClientStressTest" time="0.154"/>
  <testcase name="delKeyVersion[831]" classname="com.test.Client.ClientStressTest" time="0.279"/>
  <testcase name="delKeyVersion[832]" classname="com.test.Client.ClientStressTest" time="0.29"/>
  <testcase name="delKeyVersion[833]" classname="com.test.Client.ClientStressTest" time="0.153"/>
  <testcase name="delKeyVersion[834]" classname="com.test.Client.ClientStressTest" time="0.286"/>
  <testcase name="delKeyVersion[835]" classname="com.test.Client.ClientStressTest" time="0.288"/>
  <testcase name="delKeyVersion[836]" classname="com.test.Client.ClientStressTest" time="0.266"/>
  <testcase name="delKeyVersion[837]" classname="com.test.Client.ClientStressTest" time="0.134"/>
  <testcase name="delKeyVersion[838]" classname="com.test.Client.ClientStressTest" time="0.299"/>
  <testcase name="delKeyVersion[839]" classname="com.test.Client.ClientStressTest" time="0.32"/>
  <testcase name="delKeyVersion[840]" classname="com.test.Client.ClientStressTest" time="0.312"/>
  <testcase name="delKeyVersion[841]" classname="com.test.Client.ClientStressTest" time="0.267"/>
  <testcase name="delKeyVersion[842]" classname="com.test.Client.ClientStressTest" time="0.28"/>
  <testcase name="delKeyVersion[843]" classname="com.test.Client.ClientStressTest" time="0.306"/>
  <testcase name="delKeyVersion[844]" classname="com.test.Client.ClientStressTest" time="0.211"/>
  <testcase name="delKeyVersion[845]" classname="com.test.Client.ClientStressTest" time="0.132"/>
  <testcase name="delKeyVersion[846]" classname="com.test.Client.ClientStressTest" time="0.28"/>
  <testcase name="delKeyVersion[847]" classname="com.test.Client.ClientStressTest" time="0.286"/>
  <testcase name="delKeyVersion[848]" classname="com.test.Client.ClientStressTest" time="0.298"/>
  <testcase name="delKeyVersion[849]" classname="com.test.Client.ClientStressTest" time="0.318"/>
  <testcase name="delKeyVersion[850]" classname="com.test.Client.ClientStressTest" time="0.299"/>
  <testcase name="delKeyVersion[851]" classname="com.test.Client.ClientStressTest" time="0.282"/>
  <testcase name="delKeyVersion[852]" classname="com.test.Client.ClientStressTest" time="0.3"/>
  <testcase name="delKeyVersion[853]" classname="com.test.Client.ClientStressTest" time="0.376"/>
  <testcase name="delKeyVersion[854]" classname="com.test.Client.ClientStressTest" time="0.287"/>
  <testcase name="delKeyVersion[855]" classname="com.test.Client.ClientStressTest" time="0.46"/>
  <testcase name="delKeyVersion[856]" classname="com.test.Client.ClientStressTest" time="0.293"/>
  <testcase name="delKeyVersion[857]" classname="com.test.Client.ClientStressTest" time="0.293"/>
  <testcase name="delKeyVersion[858]" classname="com.test.Client.ClientStressTest" time="0.21"/>
  <testcase name="delKeyVersion[859]" classname="com.test.Client.ClientStressTest" time="0.108"/>
  <testcase name="delKeyVersion[860]" classname="com.test.Client.ClientStressTest" time="0.156"/>
  <testcase name="delKeyVersion[861]" classname="com.test.Client.ClientStressTest" time="0.122"/>
  <testcase name="delKeyVersion[862]" classname="com.test.Client.ClientStressTest" time="0.118"/>
  <testcase name="delKeyVersion[863]" classname="com.test.Client.ClientStressTest" time="0.123"/>
  <testcase name="delKeyVersion[864]" classname="com.test.Client.ClientStressTest" time="0.141"/>
  <testcase name="delKeyVersion[865]" classname="com.test.Client.ClientStressTest" time="0.138"/>
  <testcase name="delKeyVersion[866]" classname="com.test.Client.ClientStressTest" time="0.286"/>
  <testcase name="delKeyVersion[867]" classname="com.test.Client.ClientStressTest" time="0.118"/>
  <testcase name="delKeyVersion[868]" classname="com.test.Client.ClientStressTest" time="0.11"/>
  <testcase name="delKeyVersion[869]" classname="com.test.Client.ClientStressTest" time="0.123"/>
  <testcase name="delKeyVersion[870]" classname="com.test.Client.ClientStressTest" time="0.108"/>
  <testcase name="delKeyVersion[871]" classname="com.test.Client.ClientStressTest" time="0.111"/>
  <testcase name="delKeyVersion[872]" classname="com.test.Client.ClientStressTest" time="0.114"/>
  <testcase name="delKeyVersion[873]" classname="com.test.Client.ClientStressTest" time="0.119"/>
  <testcase name="delKeyVersion[874]" classname="com.test.Client.ClientStressTest" time="0.42"/>
  <testcase name="delKeyVersion[875]" classname="com.test.Client.ClientStressTest" time="0.126"/>
  <testcase name="delKeyVersion[876]" classname="com.test.Client.ClientStressTest" time="0.117"/>
  <testcase name="delKeyVersion[877]" classname="com.test.Client.ClientStressTest" time="0.121"/>
  <testcase name="delKeyVersion[878]" classname="com.test.Client.ClientStressTest" time="0.326"/>
  <testcase name="delKeyVersion[879]" classname="com.test.Client.ClientStressTest" time="0.119"/>
  <testcase name="delKeyVersion[880]" classname="com.test.Client.ClientStressTest" time="0.322"/>
  <testcase name="delKeyVersion[881]" classname="com.test.Client.ClientStressTest" time="0.291"/>
  <testcase name="delKeyVersion[882]" classname="com.test.Client.ClientStressTest" time="0.271"/>
  <testcase name="delKeyVersion[883]" classname="com.test.Client.ClientStressTest" time="0.305"/>
  <testcase name="delKeyVersion[884]" classname="com.test.Client.ClientStressTest" time="0.124"/>
  <testcase name="delKeyVersion[885]" classname="com.test.Client.ClientStressTest" time="0.286"/>
  <testcase name="delKeyVersion[886]" classname="com.test.Client.ClientStressTest" time="0.279"/>
  <testcase name="delKeyVersion[887]" classname="com.test.Client.ClientStressTest" time="0.274"/>
  <testcase name="delKeyVersion[888]" classname="com.test.Client.ClientStressTest" time="0.278"/>
  <testcase name="delKeyVersion[889]" classname="com.test.Client.ClientStressTest" time="0.29"/>
  <testcase name="delKeyVersion[890]" classname="com.test.Client.ClientStressTest" time="0.299"/>
  <testcase name="delKeyVersion[891]" classname="com.test.Client.ClientStressTest" time="0.235"/>
  <testcase name="delKeyVersion[892]" classname="com.test.Client.ClientStressTest" time="0.131"/>
  <testcase name="delKeyVersion[893]" classname="com.test.Client.ClientStressTest" time="0.126"/>
  <testcase name="delKeyVersion[894]" classname="com.test.Client.ClientStressTest" time="0.117"/>
  <testcase name="delKeyVersion[895]" classname="com.test.Client.ClientStressTest" time="0.123"/>
  <testcase name="delKeyVersion[896]" classname="com.test.Client.ClientStressTest" time="0.133"/>
  <testcase name="delKeyVersion[897]" classname="com.test.Client.ClientStressTest" time="0.11"/>
  <testcase name="delKeyVersion[898]" classname="com.test.Client.ClientStressTest" time="0.148"/>
  <testcase name="delKeyVersion[899]" classname="com.test.Client.ClientStressTest" time="0.285"/>
  <testcase name="delKeyVersion[900]" classname="com.test.Client.ClientStressTest" time="0.112"/>
  <testcase name="delKeyVersion[901]" classname="com.test.Client.ClientStressTest" time="0.285"/>
  <testcase name="delKeyVersion[902]" classname="com.test.Client.ClientStressTest" time="0.113"/>
  <testcase name="delKeyVersion[903]" classname="com.test.Client.ClientStressTest" time="0.267"/>
  <testcase name="delKeyVersion[904]" classname="com.test.Client.ClientStressTest" time="0.287"/>
  <testcase name="delKeyVersion[905]" classname="com.test.Client.ClientStressTest" time="0.143"/>
  <testcase name="delKeyVersion[906]" classname="com.test.Client.ClientStressTest" time="0.319"/>
  <testcase name="delKeyVersion[907]" classname="com.test.Client.ClientStressTest" time="0.298"/>
  <testcase name="delKeyVersion[908]" classname="com.test.Client.ClientStressTest" time="0.315"/>
  <testcase name="delKeyVersion[909]" classname="com.test.Client.ClientStressTest" time="0.298"/>
  <testcase name="delKeyVersion[910]" classname="com.test.Client.ClientStressTest" time="0.62"/>
  <testcase name="delKeyVersion[911]" classname="com.test.Client.ClientStressTest" time="0.288"/>
  <testcase name="delKeyVersion[912]" classname="com.test.Client.ClientStressTest" time="0.331"/>
  <testcase name="delKeyVersion[913]" classname="com.test.Client.ClientStressTest" time="0.533"/>
  <testcase name="delKeyVersion[914]" classname="com.test.Client.ClientStressTest" time="0.121"/>
  <testcase name="delKeyVersion[915]" classname="com.test.Client.ClientStressTest" time="0.12"/>
  <testcase name="delKeyVersion[916]" classname="com.test.Client.ClientStressTest" time="0.132"/>
  <testcase name="delKeyVersion[917]" classname="com.test.Client.ClientStressTest" time="0.111"/>
  <testcase name="delKeyVersion[918]" classname="com.test.Client.ClientStressTest" time="0.121"/>
  <testcase name="delKeyVersion[919]" classname="com.test.Client.ClientStressTest" time="0.119"/>
  <testcase name="delKeyVersion[920]" classname="com.test.Client.ClientStressTest" time="0.124"/>
  <testcase name="delKeyVersion[921]" classname="com.test.Client.ClientStressTest" time="0.289"/>
  <testcase name="delKeyVersion[922]" classname="com.test.Client.ClientStressTest" time="0.121"/>
  <testcase name="delKeyVersion[923]" classname="com.test.Client.ClientStressTest" time="0.122"/>
  <testcase name="delKeyVersion[924]" classname="com.test.Client.ClientStressTest" time="0.133"/>
  <testcase name="delKeyVersion[925]" classname="com.test.Client.ClientStressTest" time="0.165"/>
  <testcase name="delKeyVersion[926]" classname="com.test.Client.ClientStressTest" time="0.117"/>
  <testcase name="delKeyVersion[927]" classname="com.test.Client.ClientStressTest" time="0.112"/>
  <testcase name="delKeyVersion[928]" classname="com.test.Client.ClientStressTest" time="0.108"/>
  <testcase name="delKeyVersion[929]" classname="com.test.Client.ClientStressTest" time="0.278"/>
  <testcase name="delKeyVersion[930]" classname="com.test.Client.ClientStressTest" time="0.113"/>
  <testcase name="delKeyVersion[931]" classname="com.test.Client.ClientStressTest" time="0.266"/>
  <testcase name="delKeyVersion[932]" classname="com.test.Client.ClientStressTest" time="0.298"/>
  <testcase name="delKeyVersion[933]" classname="com.test.Client.ClientStressTest" time="0.344"/>
  <testcase name="delKeyVersion[934]" classname="com.test.Client.ClientStressTest" time="0.124"/>
  <testcase name="delKeyVersion[935]" classname="com.test.Client.ClientStressTest" time="0.199"/>
  <testcase name="delKeyVersion[936]" classname="com.test.Client.ClientStressTest" time="0.131"/>
  <testcase name="delKeyVersion[937]" classname="com.test.Client.ClientStressTest" time="0.134"/>
  <testcase name="delKeyVersion[938]" classname="com.test.Client.ClientStressTest" time="0.12"/>
  <testcase name="delKeyVersion[939]" classname="com.test.Client.ClientStressTest" time="0.187"/>
  <testcase name="delKeyVersion[940]" classname="com.test.Client.ClientStressTest" time="0.193"/>
  <testcase name="delKeyVersion[941]" classname="com.test.Client.ClientStressTest" time="0.328"/>
  <testcase name="delKeyVersion[942]" classname="com.test.Client.ClientStressTest" time="0.132"/>
  <testcase name="delKeyVersion[943]" classname="com.test.Client.ClientStressTest" time="0.134"/>
  <testcase name="delKeyVersion[944]" classname="com.test.Client.ClientStressTest" time="0.183"/>
  <testcase name="delKeyVersion[945]" classname="com.test.Client.ClientStressTest" time="0.125"/>
  <testcase name="delKeyVersion[946]" classname="com.test.Client.ClientStressTest" time="0.287"/>
  <testcase name="delKeyVersion[947]" classname="com.test.Client.ClientStressTest" time="0.265"/>
  <testcase name="delKeyVersion[948]" classname="com.test.Client.ClientStressTest" time="0.121"/>
  <testcase name="delKeyVersion[949]" classname="com.test.Client.ClientStressTest" time="0.288"/>
  <testcase name="delKeyVersion[950]" classname="com.test.Client.ClientStressTest" time="0.344"/>
  <testcase name="delKeyVersion[951]" classname="com.test.Client.ClientStressTest" time="0.267"/>
  <testcase name="delKeyVersion[952]" classname="com.test.Client.ClientStressTest" time="0.335"/>
  <testcase name="delKeyVersion[953]" classname="com.test.Client.ClientStressTest" time="0.299"/>
  <testcase name="delKeyVersion[954]" classname="com.test.Client.ClientStressTest" time="0.276"/>
  <testcase name="delKeyVersion[955]" classname="com.test.Client.ClientStressTest" time="0.302"/>
  <testcase name="delKeyVersion[956]" classname="com.test.Client.ClientStressTest" time="0.298"/>
  <testcase name="delKeyVersion[957]" classname="com.test.Client.ClientStressTest" time="0.303"/>
  <testcase name="delKeyVersion[958]" classname="com.test.Client.ClientStressTest" time="0.276"/>
  <testcase name="delKeyVersion[959]" classname="com.test.Client.ClientStressTest" time="0.186"/>
  <testcase name="delKeyVersion[960]" classname="com.test.Client.ClientStressTest" time="0.121"/>
  <testcase name="delKeyVersion[961]" classname="com.test.Client.ClientStressTest" time="0.11"/>
  <testcase name="delKeyVersion[962]" classname="com.test.Client.ClientStressTest" time="0.135"/>
  <testcase name="delKeyVersion[963]" classname="com.test.Client.ClientStressTest" time="0.21"/>
  <testcase name="delKeyVersion[964]" classname="com.test.Client.ClientStressTest" time="0.126"/>
  <testcase name="delKeyVersion[965]" classname="com.test.Client.ClientStressTest" time="0.184"/>
  <testcase name="delKeyVersion[966]" classname="com.test.Client.ClientStressTest" time="0.185"/>
  <testcase name="delKeyVersion[967]" classname="com.test.Client.ClientStressTest" time="0.126"/>
  <testcase name="delKeyVersion[968]" classname="com.test.Client.ClientStressTest" time="0.12"/>
  <testcase name="delKeyVersion[969]" classname="com.test.Client.ClientStressTest" time="0.113"/>
  <testcase name="delKeyVersion[970]" classname="com.test.Client.ClientStressTest" time="0.134"/>
  <testcase name="delKeyVersion[971]" classname="com.test.Client.ClientStressTest" time="0.271"/>
  <testcase name="delKeyVersion[972]" classname="com.test.Client.ClientStressTest" time="0.124"/>
  <testcase name="delKeyVersion[973]" classname="com.test.Client.ClientStressTest" time="0.12"/>
  <testcase name="delKeyVersion[974]" classname="com.test.Client.ClientStressTest" time="0.115"/>
  <testcase name="delKeyVersion[975]" classname="com.test.Client.ClientStressTest" time="0.173"/>
  <testcase name="delKeyVersion[976]" classname="com.test.Client.ClientStressTest" time="0.142"/>
  <testcase name="delKeyVersion[977]" classname="com.test.Client.ClientStressTest" time="0.145"/>
  <testcase name="delKeyVersion[978]" classname="com.test.Client.ClientStressTest" time="0.275"/>
  <testcase name="delKeyVersion[979]" classname="com.test.Client.ClientStressTest" time="0.134"/>
  <testcase name="delKeyVersion[980]" classname="com.test.Client.ClientStressTest" time="0.126"/>
  <testcase name="delKeyVersion[981]" classname="com.test.Client.ClientStressTest" time="0.117"/>
  <testcase name="delKeyVersion[982]" classname="com.test.Client.ClientStressTest" time="0.122"/>
  <testcase name="delKeyVersion[983]" classname="com.test.Client.ClientStressTest" time="0.121"/>
  <testcase name="delKeyVersion[984]" classname="com.test.Client.ClientStressTest" time="0.122"/>
  <testcase name="delKeyVersion[985]" classname="com.test.Client.ClientStressTest" time="0.114"/>
  <testcase name="delKeyVersion[986]" classname="com.test.Client.ClientStressTest" time="0.265"/>
  <testcase name="delKeyVersion[987]" classname="com.test.Client.ClientStressTest" time="0.153"/>
  <testcase name="delKeyVersion[988]" classname="com.test.Client.ClientStressTest" time="0.288"/>
  <testcase name="delKeyVersion[989]" classname="com.test.Client.ClientStressTest" time="0.287"/>
  <testcase name="delKeyVersion[990]" classname="com.test.Client.ClientStressTest" time="0.333"/>
  <testcase name="delKeyVersion[991]" classname="com.test.Client.ClientStressTest" time="0.135"/>
  <testcase name="delKeyVersion[992]" classname="com.test.Client.ClientStressTest" time="0.285"/>
  <testcase name="delKeyVersion[993]" classname="com.test.Client.ClientStressTest" time="0.3"/>
  <testcase name="delKeyVersion[994]" classname="com.test.Client.ClientStressTest" time="0.591"/>
  <testcase name="delKeyVersion[995]" classname="com.test.Client.ClientStressTest" time="0.291"/>
  <testcase name="delKeyVersion[996]" classname="com.test.Client.ClientStressTest" time="0.284"/>
  <testcase name="delKeyVersion[997]" classname="com.test.Client.ClientStressTest" time="0.288"/>
  <testcase name="delKeyVersion[998]" classname="com.test.Client.ClientStressTest" time="0.232"/>
  <testcase name="delKeyVersion[999]" classname="com.test.Client.ClientStressTest" time="0.124"/>
  <testcase name="delKeyVersion[1000]" classname="com.test.Client.ClientStressTest" time="0.303"/>
  <testcase name="del" classname="com.test.Client.ClientStressTest" time="0.282"/>
  <testcase name="del[1]" classname="com.test.Client.ClientStressTest" time="0.12"/>
  <testcase name="del[2]" classname="com.test.Client.ClientStressTest" time="0.299"/>
  <testcase name="del[3]" classname="com.test.Client.ClientStressTest" time="0.293"/>
  <testcase name="del[4]" classname="com.test.Client.ClientStressTest" time="0.274"/>
  <testcase name="del[5]" classname="com.test.Client.ClientStressTest" time="0.312"/>
  <testcase name="del[6]" classname="com.test.Client.ClientStressTest" time="0.121"/>
  <testcase name="del[7]" classname="com.test.Client.ClientStressTest" time="0.278"/>
  <testcase name="del[8]" classname="com.test.Client.ClientStressTest" time="0.311"/>
  <testcase name="del[9]" classname="com.test.Client.ClientStressTest" time="0.287"/>
  <testcase name="del[10]" classname="com.test.Client.ClientStressTest" time="0.234"/>
  <testcase name="del[11]" classname="com.test.Client.ClientStressTest" time="0.301"/>
  <testcase name="del[12]" classname="com.test.Client.ClientStressTest" time="0.357"/>
  <testcase name="del[13]" classname="com.test.Client.ClientStressTest" time="0.274"/>
  <testcase name="del[14]" classname="com.test.Client.ClientStressTest" time="0.201"/>
  <testcase name="del[15]" classname="com.test.Client.ClientStressTest" time="0.12"/>
  <testcase name="del[16]" classname="com.test.Client.ClientStressTest" time="0.299"/>
  <testcase name="del[17]" classname="com.test.Client.ClientStressTest" time="0.3"/>
  <testcase name="del[18]" classname="com.test.Client.ClientStressTest" time="0.323"/>
  <testcase name="del[19]" classname="com.test.Client.ClientStressTest" time="0.133"/>
  <testcase name="del[20]" classname="com.test.Client.ClientStressTest" time="0.275"/>
  <testcase name="del[21]" classname="com.test.Client.ClientStressTest" time="0.29"/>
  <testcase name="del[22]" classname="com.test.Client.ClientStressTest" time="0.122"/>
  <testcase name="del[23]" classname="com.test.Client.ClientStressTest" time="0.265"/>
  <testcase name="del[24]" classname="com.test.Client.ClientStressTest" time="0.291"/>
  <testcase name="del[25]" classname="com.test.Client.ClientStressTest" time="0.289"/>
  <testcase name="del[26]" classname="com.test.Client.ClientStressTest" time="0.119"/>
  <testcase name="del[27]" classname="com.test.Client.ClientStressTest" time="0.287"/>
  <testcase name="del[28]" classname="com.test.Client.ClientStressTest" time="0.27"/>
  <testcase name="del[29]" classname="com.test.Client.ClientStressTest" time="0.301"/>
  <testcase name="del[30]" classname="com.test.Client.ClientStressTest" time="0.287"/>
  <testcase name="del[31]" classname="com.test.Client.ClientStressTest" time="0.294"/>
  <testcase name="del[32]" classname="com.test.Client.ClientStressTest" time="0.2"/>
  <testcase name="del[33]" classname="com.test.Client.ClientStressTest" time="0.138"/>
  <testcase name="del[34]" classname="com.test.Client.ClientStressTest" time="0.19"/>
  <testcase name="del[35]" classname="com.test.Client.ClientStressTest" time="0.287"/>
  <testcase name="del[36]" classname="com.test.Client.ClientStressTest" time="0.135"/>
  <testcase name="del[37]" classname="com.test.Client.ClientStressTest" time="0.288"/>
  <testcase name="del[38]" classname="com.test.Client.ClientStressTest" time="0.3"/>
  <testcase name="del[39]" classname="com.test.Client.ClientStressTest" time="0.113"/>
  <testcase name="del[40]" classname="com.test.Client.ClientStressTest" time="0.343"/>
  <testcase name="del[41]" classname="com.test.Client.ClientStressTest" time="0.298"/>
  <testcase name="del[42]" classname="com.test.Client.ClientStressTest" time="0.303"/>
  <testcase name="del[43]" classname="com.test.Client.ClientStressTest" time="0.134"/>
  <testcase name="del[44]" classname="com.test.Client.ClientStressTest" time="0.274"/>
  <testcase name="del[45]" classname="com.test.Client.ClientStressTest" time="0.31"/>
  <testcase name="del[46]" classname="com.test.Client.ClientStressTest" time="0.112"/>
  <testcase name="del[47]" classname="com.test.Client.ClientStressTest" time="0.276"/>
  <testcase name="del[48]" classname="com.test.Client.ClientStressTest" time="0.298"/>
  <testcase name="del[49]" classname="com.test.Client.ClientStressTest" time="0.135"/>
  <testcase name="del[50]" classname="com.test.Client.ClientStressTest" time="0.287"/>
  <testcase name="del[51]" classname="com.test.Client.ClientStressTest" time="0.276"/>
  <testcase name="del[52]" classname="com.test.Client.ClientStressTest" time="0.262"/>
  <testcase name="del[53]" classname="com.test.Client.ClientStressTest" time="0.121"/>
  <testcase name="del[54]" classname="com.test.Client.ClientStressTest" time="0.212"/>
  <testcase name="del[55]" classname="com.test.Client.ClientStressTest" time="0.142"/>
  <testcase name="del[56]" classname="com.test.Client.ClientStressTest" time="0.12"/>
  <testcase name="del[57]" classname="com.test.Client.ClientStressTest" time="0.303"/>
  <testcase name="del[58]" classname="com.test.Client.ClientStressTest" time="0.288"/>
  <testcase name="del[59]" classname="com.test.Client.ClientStressTest" time="0.299"/>
  <testcase name="del[60]" classname="com.test.Client.ClientStressTest" time="0.135"/>
  <testcase name="del[61]" classname="com.test.Client.ClientStressTest" time="0.318"/>
  <testcase name="del[62]" classname="com.test.Client.ClientStressTest" time="0.301"/>
  <testcase name="del[63]" classname="com.test.Client.ClientStressTest" time="0.3"/>
  <testcase name="del[64]" classname="com.test.Client.ClientStressTest" time="0.281"/>
  <testcase name="del[65]" classname="com.test.Client.ClientStressTest" time="0.362"/>
  <testcase name="del[66]" classname="com.test.Client.ClientStressTest" time="0.301"/>
  <testcase name="del[67]" classname="com.test.Client.ClientStressTest" time="0.285"/>
  <testcase name="del[68]" classname="com.test.Client.ClientStressTest" time="0.28"/>
  <testcase name="del[69]" classname="com.test.Client.ClientStressTest" time="0.286"/>
  <testcase name="del[70]" classname="com.test.Client.ClientStressTest" time="0.279"/>
  <testcase name="del[71]" classname="com.test.Client.ClientStressTest" time="0.201"/>
  <testcase name="del[72]" classname="com.test.Client.ClientStressTest" time="0.115"/>
  <testcase name="del[73]" classname="com.test.Client.ClientStressTest" time="0.126"/>
  <testcase name="del[74]" classname="com.test.Client.ClientStressTest" time="0.132"/>
  <testcase name="del[75]" classname="com.test.Client.ClientStressTest" time="0.11"/>
  <testcase name="del[76]" classname="com.test.Client.ClientStressTest" time="0.121"/>
  <testcase name="del[77]" classname="com.test.Client.ClientStressTest" time="0.23"/>
  <testcase name="del[78]" classname="com.test.Client.ClientStressTest" time="0.279"/>
  <testcase name="del[79]" classname="com.test.Client.ClientStressTest" time="0.121"/>
  <testcase name="del[80]" classname="com.test.Client.ClientStressTest" time="0.122"/>
  <testcase name="del[81]" classname="com.test.Client.ClientStressTest" time="0.21"/>
  <testcase name="del[82]" classname="com.test.Client.ClientStressTest" time="0.133"/>
  <testcase name="del[83]" classname="com.test.Client.ClientStressTest" time="0.121"/>
  <testcase name="del[84]" classname="com.test.Client.ClientStressTest" time="0.32"/>
  <testcase name="del[85]" classname="com.test.Client.ClientStressTest" time="0.29"/>
  <testcase name="del[86]" classname="com.test.Client.ClientStressTest" time="0.108"/>
  <testcase name="del[87]" classname="com.test.Client.ClientStressTest" time="0.282"/>
  <testcase name="del[88]" classname="com.test.Client.ClientStressTest" time="0.298"/>
  <testcase name="del[89]" classname="com.test.Client.ClientStressTest" time="0.118"/>
  <testcase name="del[90]" classname="com.test.Client.ClientStressTest" time="0.289"/>
  <testcase name="del[91]" classname="com.test.Client.ClientStressTest" time="0.297"/>
  <testcase name="del[92]" classname="com.test.Client.ClientStressTest" time="0.29"/>
  <testcase name="del[93]" classname="com.test.Client.ClientStressTest" time="0.287"/>
  <testcase name="del[94]" classname="com.test.Client.ClientStressTest" time="0.298"/>
  <testcase name="del[95]" classname="com.test.Client.ClientStressTest" time="0.286"/>
  <testcase name="del[96]" classname="com.test.Client.ClientStressTest" time="0.302"/>
  <testcase name="del[97]" classname="com.test.Client.ClientStressTest" time="0.327"/>
  <testcase name="del[98]" classname="com.test.Client.ClientStressTest" time="0.317"/>
  <testcase name="del[99]" classname="com.test.Client.ClientStressTest" time="0.12"/>
  <testcase name="del[100]" classname="com.test.Client.ClientStressTest" time="0.124"/>
  <testcase name="del[101]" classname="com.test.Client.ClientStressTest" time="0.322"/>
  <testcase name="del[102]" classname="com.test.Client.ClientStressTest" time="0.278"/>
  <testcase name="del[103]" classname="com.test.Client.ClientStressTest" time="0.286"/>
  <testcase name="del[104]" classname="com.test.Client.ClientStressTest" time="0.469"/>
  <testcase name="del[105]" classname="com.test.Client.ClientStressTest" time="0.319"/>
  <testcase name="del[106]" classname="com.test.Client.ClientStressTest" time="0.277"/>
  <testcase name="del[107]" classname="com.test.Client.ClientStressTest" time="0.288"/>
  <testcase name="del[108]" classname="com.test.Client.ClientStressTest" time="0.292"/>
  <testcase name="del[109]" classname="com.test.Client.ClientStressTest" time="0.276"/>
  <testcase name="del[110]" classname="com.test.Client.ClientStressTest" time="0.31"/>
  <testcase name="del[111]" classname="com.test.Client.ClientStressTest" time="0.299"/>
  <testcase name="del[112]" classname="com.test.Client.ClientStressTest" time="0.3"/>
  <testcase name="del[113]" classname="com.test.Client.ClientStressTest" time="0.265"/>
  <testcase name="del[114]" classname="com.test.Client.ClientStressTest" time="0.2"/>
  <testcase name="del[115]" classname="com.test.Client.ClientStressTest" time="0.113"/>
  <testcase name="del[116]" classname="com.test.Client.ClientStressTest" time="0.132"/>
  <testcase name="del[117]" classname="com.test.Client.ClientStressTest" time="0.155"/>
  <testcase name="del[118]" classname="com.test.Client.ClientStressTest" time="0.121"/>
  <testcase name="del[119]" classname="com.test.Client.ClientStressTest" time="0.11"/>
  <testcase name="del[120]" classname="com.test.Client.ClientStressTest" time="0.122"/>
  <testcase name="del[121]" classname="com.test.Client.ClientStressTest" time="0.132"/>
  <testcase name="del[122]" classname="com.test.Client.ClientStressTest" time="0.197"/>
  <testcase name="del[123]" classname="com.test.Client.ClientStressTest" time="0.133"/>
  <testcase name="del[124]" classname="com.test.Client.ClientStressTest" time="0.119"/>
  <testcase name="del[125]" classname="com.test.Client.ClientStressTest" time="0.122"/>
  <testcase name="del[126]" classname="com.test.Client.ClientStressTest" time="0.131"/>
  <testcase name="del[127]" classname="com.test.Client.ClientStressTest" time="0.124"/>
  <testcase name="del[128]" classname="com.test.Client.ClientStressTest" time="0.12"/>
  <testcase name="del[129]" classname="com.test.Client.ClientStressTest" time="0.122"/>
  <testcase name="del[130]" classname="com.test.Client.ClientStressTest" time="0.319"/>
  <testcase name="del[131]" classname="com.test.Client.ClientStressTest" time="0.124"/>
  <testcase name="del[132]" classname="com.test.Client.ClientStressTest" time="0.121"/>
  <testcase name="del[133]" classname="com.test.Client.ClientStressTest" time="0.144"/>
  <testcase name="del[134]" classname="com.test.Client.ClientStressTest" time="0.117"/>
  <testcase name="del[135]" classname="com.test.Client.ClientStressTest" time="0.166"/>
  <testcase name="del[136]" classname="com.test.Client.ClientStressTest" time="0.123"/>
  <testcase name="del[137]" classname="com.test.Client.ClientStressTest" time="0.278"/>
  <testcase name="del[138]" classname="com.test.Client.ClientStressTest" time="0.111"/>
  <testcase name="del[139]" classname="com.test.Client.ClientStressTest" time="0.108"/>
  <testcase name="del[140]" classname="com.test.Client.ClientStressTest" time="0.135"/>
  <testcase name="del[141]" classname="com.test.Client.ClientStressTest" time="0.108"/>
  <testcase name="del[142]" classname="com.test.Client.ClientStressTest" time="0.121"/>
  <testcase name="del[143]" classname="com.test.Client.ClientStressTest" time="0.133"/>
  <testcase name="del[144]" classname="com.test.Client.ClientStressTest" time="0.132"/>
  <testcase name="del[145]" classname="com.test.Client.ClientStressTest" time="0.291"/>
  <testcase name="del[146]" classname="com.test.Client.ClientStressTest" time="0.118"/>
  <testcase name="del[147]" classname="com.test.Client.ClientStressTest" time="0.286"/>
  <testcase name="del[148]" classname="com.test.Client.ClientStressTest" time="0.126"/>
  <testcase name="del[149]" classname="com.test.Client.ClientStressTest" time="0.286"/>
  <testcase name="del[150]" classname="com.test.Client.ClientStressTest" time="0.287"/>
  <testcase name="del[151]" classname="com.test.Client.ClientStressTest" time="0.391"/>
  <testcase name="del[152]" classname="com.test.Client.ClientStressTest" time="0.273"/>
  <testcase name="del[153]" classname="com.test.Client.ClientStressTest" time="0.313"/>
  <testcase name="del[154]" classname="com.test.Client.ClientStressTest" time="0.288"/>
  <testcase name="del[155]" classname="com.test.Client.ClientStressTest" time="0.123"/>
  <testcase name="del[156]" classname="com.test.Client.ClientStressTest" time="0.453"/>
  <testcase name="del[157]" classname="com.test.Client.ClientStressTest" time="0.123"/>
  <testcase name="del[158]" classname="com.test.Client.ClientStressTest" time="0.29"/>
  <testcase name="del[159]" classname="com.test.Client.ClientStressTest" time="0.209"/>
  <testcase name="del[160]" classname="com.test.Client.ClientStressTest" time="0.123"/>
  <testcase name="del[161]" classname="com.test.Client.ClientStressTest" time="0.273"/>
  <testcase name="del[162]" classname="com.test.Client.ClientStressTest" time="0.345"/>
  <testcase name="del[163]" classname="com.test.Client.ClientStressTest" time="0.289"/>
  <testcase name="del[164]" classname="com.test.Client.ClientStressTest" time="0.277"/>
  <testcase name="del[165]" classname="com.test.Client.ClientStressTest" time="0.287"/>
  <testcase name="del[166]" classname="com.test.Client.ClientStressTest" time="0.289"/>
  <testcase name="del[167]" classname="com.test.Client.ClientStressTest" time="0.32"/>
  <testcase name="del[168]" classname="com.test.Client.ClientStressTest" time="0.287"/>
  <testcase name="del[169]" classname="com.test.Client.ClientStressTest" time="0.29"/>
  <testcase name="del[170]" classname="com.test.Client.ClientStressTest" time="0.275"/>
  <testcase name="del[171]" classname="com.test.Client.ClientStressTest" time="0.308"/>
  <testcase name="del[172]" classname="com.test.Client.ClientStressTest" time="0.302"/>
  <testcase name="del[173]" classname="com.test.Client.ClientStressTest" time="0.277"/>
  <testcase name="del[174]" classname="com.test.Client.ClientStressTest" time="0.201"/>
  <testcase name="del[175]" classname="com.test.Client.ClientStressTest" time="0.142"/>
  <testcase name="del[176]" classname="com.test.Client.ClientStressTest" time="0.134"/>
  <testcase name="del[177]" classname="com.test.Client.ClientStressTest" time="0.122"/>
  <testcase name="del[178]" classname="com.test.Client.ClientStressTest" time="0.132"/>
  <testcase name="del[179]" classname="com.test.Client.ClientStressTest" time="0.13"/>
  <testcase name="del[180]" classname="com.test.Client.ClientStressTest" time="0.107"/>
  <testcase name="del[181]" classname="com.test.Client.ClientStressTest" time="0.123"/>
  <testcase name="del[182]" classname="com.test.Client.ClientStressTest" time="0.312"/>
  <testcase name="del[183]" classname="com.test.Client.ClientStressTest" time="0.133"/>
  <testcase name="del[184]" classname="com.test.Client.ClientStressTest" time="0.156"/>
  <testcase name="del[185]" classname="com.test.Client.ClientStressTest" time="0.121"/>
  <testcase name="del[186]" classname="com.test.Client.ClientStressTest" time="0.298"/>
  <testcase name="del[187]" classname="com.test.Client.ClientStressTest" time="0.279"/>
  <testcase name="del[188]" classname="com.test.Client.ClientStressTest" time="0.121"/>
  <testcase name="del[189]" classname="com.test.Client.ClientStressTest" time="0.513"/>
  <testcase name="del[190]" classname="com.test.Client.ClientStressTest" time="0.107"/>
  <testcase name="del[191]" classname="com.test.Client.ClientStressTest" time="0.255"/>
  <testcase name="del[192]" classname="com.test.Client.ClientStressTest" time="0.303"/>
  <testcase name="del[193]" classname="com.test.Client.ClientStressTest" time="0.301"/>
  <testcase name="del[194]" classname="com.test.Client.ClientStressTest" time="0.275"/>
  <testcase name="del[195]" classname="com.test.Client.ClientStressTest" time="0.31"/>
  <testcase name="del[196]" classname="com.test.Client.ClientStressTest" time="0.289"/>
  <testcase name="del[197]" classname="com.test.Client.ClientStressTest" time="0.303"/>
  <testcase name="del[198]" classname="com.test.Client.ClientStressTest" time="0.309"/>
  <testcase name="del[199]" classname="com.test.Client.ClientStressTest" time="0.197"/>
  <testcase name="del[200]" classname="com.test.Client.ClientStressTest" time="0.111"/>
  <testcase name="del[201]" classname="com.test.Client.ClientStressTest" time="0.12"/>
  <testcase name="del[202]" classname="com.test.Client.ClientStressTest" time="0.114"/>
  <testcase name="del[203]" classname="com.test.Client.ClientStressTest" time="0.12"/>
  <testcase name="del[204]" classname="com.test.Client.ClientStressTest" time="0.124"/>
  <testcase name="del[205]" classname="com.test.Client.ClientStressTest" time="0.119"/>
  <testcase name="del[206]" classname="com.test.Client.ClientStressTest" time="0.135"/>
  <testcase name="del[207]" classname="com.test.Client.ClientStressTest" time="0.284"/>
  <testcase name="del[208]" classname="com.test.Client.ClientStressTest" time="0.121"/>
  <testcase name="del[209]" classname="com.test.Client.ClientStressTest" time="0.131"/>
  <testcase name="del[210]" classname="com.test.Client.ClientStressTest" time="0.127"/>
  <testcase name="del[211]" classname="com.test.Client.ClientStressTest" time="0.105"/>
  <testcase name="del[212]" classname="com.test.Client.ClientStressTest" time="0.126"/>
  <testcase name="del[213]" classname="com.test.Client.ClientStressTest" time="0.117"/>
  <testcase name="del[214]" classname="com.test.Client.ClientStressTest" time="0.125"/>
  <testcase name="del[215]" classname="com.test.Client.ClientStressTest" time="0.288"/>
  <testcase name="del[216]" classname="com.test.Client.ClientStressTest" time="0.118"/>
  <testcase name="del[217]" classname="com.test.Client.ClientStressTest" time="0.132"/>
  <testcase name="del[218]" classname="com.test.Client.ClientStressTest" time="0.287"/>
  <testcase name="del[219]" classname="com.test.Client.ClientStressTest" time="0.125"/>
  <testcase name="del[220]" classname="com.test.Client.ClientStressTest" time="0.319"/>
  <testcase name="del[221]" classname="com.test.Client.ClientStressTest" time="0.29"/>
  <testcase name="del[222]" classname="com.test.Client.ClientStressTest" time="0.299"/>
  <testcase name="del[223]" classname="com.test.Client.ClientStressTest" time="0.358"/>
  <testcase name="del[224]" classname="com.test.Client.ClientStressTest" time="0.285"/>
  <testcase name="del[225]" classname="com.test.Client.ClientStressTest" time="0.352"/>
  <testcase name="del[226]" classname="com.test.Client.ClientStressTest" time="0.293"/>
  <testcase name="del[227]" classname="com.test.Client.ClientStressTest" time="0.277"/>
  <testcase name="del[228]" classname="com.test.Client.ClientStressTest" time="0.313"/>
  <testcase name="del[229]" classname="com.test.Client.ClientStressTest" time="0.286"/>
  <testcase name="del[230]" classname="com.test.Client.ClientStressTest" time="0.213"/>
  <testcase name="del[231]" classname="com.test.Client.ClientStressTest" time="0.12"/>
  <testcase name="del[232]" classname="com.test.Client.ClientStressTest" time="0.124"/>
  <testcase name="del[233]" classname="com.test.Client.ClientStressTest" time="0.142"/>
  <testcase name="del[234]" classname="com.test.Client.ClientStressTest" time="0.122"/>
  <testcase name="del[235]" classname="com.test.Client.ClientStressTest" time="0.133"/>
  <testcase name="del[236]" classname="com.test.Client.ClientStressTest" time="0.153"/>
  <testcase name="del[237]" classname="com.test.Client.ClientStressTest" time="0.366"/>
  <testcase name="del[238]" classname="com.test.Client.ClientStressTest" time="0.168"/>
  <testcase name="del[239]" classname="com.test.Client.ClientStressTest" time="0.121"/>
  <testcase name="del[240]" classname="com.test.Client.ClientStressTest" time="0.132"/>
  <testcase name="del[241]" classname="com.test.Client.ClientStressTest" time="0.131"/>
  <testcase name="del[242]" classname="com.test.Client.ClientStressTest" time="0.121"/>
  <testcase name="del[243]" classname="com.test.Client.ClientStressTest" time="0.122"/>
  <testcase name="del[244]" classname="com.test.Client.ClientStressTest" time="0.109"/>
  <testcase name="del[245]" classname="com.test.Client.ClientStressTest" time="0.539"/>
  <testcase name="del[246]" classname="com.test.Client.ClientStressTest" time="0.249"/>
  <testcase name="del[247]" classname="com.test.Client.ClientStressTest" time="0.279"/>
  <testcase name="del[248]" classname="com.test.Client.ClientStressTest" time="0.3"/>
  <testcase name="del[249]" classname="com.test.Client.ClientStressTest" time="0.303"/>
  <testcase name="del[250]" classname="com.test.Client.ClientStressTest" time="0.118"/>
  <testcase name="del[251]" classname="com.test.Client.ClientStressTest" time="0.211"/>
  <testcase name="del[252]" classname="com.test.Client.ClientStressTest" time="0.287"/>
  <testcase name="del[253]" classname="com.test.Client.ClientStressTest" time="0.346"/>
  <testcase name="del[254]" classname="com.test.Client.ClientStressTest" time="0.122"/>
  <testcase name="del[255]" classname="com.test.Client.ClientStressTest" time="0.289"/>
  <testcase name="del[256]" classname="com.test.Client.ClientStressTest" time="0.287"/>
  <testcase name="del[257]" classname="com.test.Client.ClientStressTest" time="0.122"/>
  <testcase name="del[258]" classname="com.test.Client.ClientStressTest" time="0.299"/>
  <testcase name="del[259]" classname="com.test.Client.ClientStressTest" time="0.283"/>
  <testcase name="del[260]" classname="com.test.Client.ClientStressTest" time="0.118"/>
  <testcase name="del[261]" classname="com.test.Client.ClientStressTest" time="0.348"/>
  <testcase name="del[262]" classname="com.test.Client.ClientStressTest" time="0.54"/>
  <testcase name="del[263]" classname="com.test.Client.ClientStressTest" time="0.422"/>
  <testcase name="del[264]" classname="com.test.Client.ClientStressTest" time="0.303"/>
  <testcase name="del[265]" classname="com.test.Client.ClientStressTest" time="0.308"/>
  <testcase name="del[266]" classname="com.test.Client.ClientStressTest" time="0.265"/>
  <testcase name="del[267]" classname="com.test.Client.ClientStressTest" time="0.2"/>
  <testcase name="del[268]" classname="com.test.Client.ClientStressTest" time="0.177"/>
  <testcase name="del[269]" classname="com.test.Client.ClientStressTest" time="0.134"/>
  <testcase name="del[270]" classname="com.test.Client.ClientStressTest" time="0.11"/>
  <testcase name="del[271]" classname="com.test.Client.ClientStressTest" time="0.11"/>
  <testcase name="del[272]" classname="com.test.Client.ClientStressTest" time="0.111"/>
  <testcase name="del[273]" classname="com.test.Client.ClientStressTest" time="0.113"/>
  <testcase name="del[274]" classname="com.test.Client.ClientStressTest" time="0.132"/>
  <testcase name="del[275]" classname="com.test.Client.ClientStressTest" time="0.279"/>
  <testcase name="del[276]" classname="com.test.Client.ClientStressTest" time="0.109"/>
  <testcase name="del[277]" classname="com.test.Client.ClientStressTest" time="0.134"/>
  <testcase name="del[278]" classname="com.test.Client.ClientStressTest" time="0.188"/>
  <testcase name="del[279]" classname="com.test.Client.ClientStressTest" time="0.145"/>
  <testcase name="del[280]" classname="com.test.Client.ClientStressTest" time="0.134"/>
  <testcase name="del[281]" classname="com.test.Client.ClientStressTest" time="0.163"/>
  <testcase name="del[282]" classname="com.test.Client.ClientStressTest" time="0.295"/>
  <testcase name="del[283]" classname="com.test.Client.ClientStressTest" time="0.14"/>
  <testcase name="del[284]" classname="com.test.Client.ClientStressTest" time="0.123"/>
  <testcase name="del[285]" classname="com.test.Client.ClientStressTest" time="0.122"/>
  <testcase name="del[286]" classname="com.test.Client.ClientStressTest" time="0.12"/>
  <testcase name="del[287]" classname="com.test.Client.ClientStressTest" time="0.121"/>
  <testcase name="del[288]" classname="com.test.Client.ClientStressTest" time="0.124"/>
  <testcase name="del[289]" classname="com.test.Client.ClientStressTest" time="0.155"/>
  <testcase name="del[290]" classname="com.test.Client.ClientStressTest" time="0.289"/>
  <testcase name="del[291]" classname="com.test.Client.ClientStressTest" time="0.133"/>
  <testcase name="del[292]" classname="com.test.Client.ClientStressTest" time="0.323"/>
  <testcase name="del[293]" classname="com.test.Client.ClientStressTest" time="0.298"/>
  <testcase name="del[294]" classname="com.test.Client.ClientStressTest" time="0.12"/>
  <testcase name="del[295]" classname="com.test.Client.ClientStressTest" time="0.313"/>
  <testcase name="del[296]" classname="com.test.Client.ClientStressTest" time="0.3"/>
  <testcase name="del[297]" classname="com.test.Client.ClientStressTest" time="0.343"/>
  <testcase name="del[298]" classname="com.test.Client.ClientStressTest" time="0.288"/>
  <testcase name="del[299]" classname="com.test.Client.ClientStressTest" time="0.306"/>
  <testcase name="del[300]" classname="com.test.Client.ClientStressTest" time="0.293"/>
  <testcase name="del[301]" classname="com.test.Client.ClientStressTest" time="0.12"/>
  <testcase name="del[302]" classname="com.test.Client.ClientStressTest" time="0.269"/>
  <testcase name="del[303]" classname="com.test.Client.ClientStressTest" time="0.264"/>
  <testcase name="del[304]" classname="com.test.Client.ClientStressTest" time="0.204"/>
  <testcase name="del[305]" classname="com.test.Client.ClientStressTest" time="0.294"/>
  <testcase name="del[306]" classname="com.test.Client.ClientStressTest" time="0.301"/>
  <testcase name="del[307]" classname="com.test.Client.ClientStressTest" time="0.281"/>
  <testcase name="del[308]" classname="com.test.Client.ClientStressTest" time="0.284"/>
  <testcase name="del[309]" classname="com.test.Client.ClientStressTest" time="0.3"/>
  <testcase name="del[310]" classname="com.test.Client.ClientStressTest" time="0.28"/>
  <testcase name="del[311]" classname="com.test.Client.ClientStressTest" time="0.502"/>
  <testcase name="del[312]" classname="com.test.Client.ClientStressTest" time="0.284"/>
  <testcase name="del[313]" classname="com.test.Client.ClientStressTest" time="0.5"/>
  <testcase name="del[314]" classname="com.test.Client.ClientStressTest" time="0.513"/>
  <testcase name="del[315]" classname="com.test.Client.ClientStressTest" time="0.199"/>
  <testcase name="del[316]" classname="com.test.Client.ClientStressTest" time="0.124"/>
  <testcase name="del[317]" classname="com.test.Client.ClientStressTest" time="0.119"/>
  <testcase name="del[318]" classname="com.test.Client.ClientStressTest" time="0.31"/>
  <testcase name="del[319]" classname="com.test.Client.ClientStressTest" time="0.289"/>
  <testcase name="del[320]" classname="com.test.Client.ClientStressTest" time="0.276"/>
  <testcase name="del[321]" classname="com.test.Client.ClientStressTest" time="0.111"/>
  <testcase name="del[322]" classname="com.test.Client.ClientStressTest" time="0.28"/>
  <testcase name="del[323]" classname="com.test.Client.ClientStressTest" time="0.262"/>
  <testcase name="del[324]" classname="com.test.Client.ClientStressTest" time="0.304"/>
  <testcase name="del[325]" classname="com.test.Client.ClientStressTest" time="0.287"/>
  <testcase name="del[326]" classname="com.test.Client.ClientStressTest" time="0.119"/>
  <testcase name="del[327]" classname="com.test.Client.ClientStressTest" time="0.268"/>
  <testcase name="del[328]" classname="com.test.Client.ClientStressTest" time="0.294"/>
  <testcase name="del[329]" classname="com.test.Client.ClientStressTest" time="0.304"/>
  <testcase name="del[330]" classname="com.test.Client.ClientStressTest" time="0.291"/>
  <testcase name="del[331]" classname="com.test.Client.ClientStressTest" time="0.478"/>
  <testcase name="del[332]" classname="com.test.Client.ClientStressTest" time="0.219"/>
  <testcase name="del[333]" classname="com.test.Client.ClientStressTest" time="0.159"/>
  <testcase name="del[334]" classname="com.test.Client.ClientStressTest" time="0.299"/>
  <testcase name="del[335]" classname="com.test.Client.ClientStressTest" time="0.267"/>
  <testcase name="del[336]" classname="com.test.Client.ClientStressTest" time="0.13"/>
  <testcase name="del[337]" classname="com.test.Client.ClientStressTest" time="0.29"/>
  <testcase name="del[338]" classname="com.test.Client.ClientStressTest" time="0.295"/>
  <testcase name="del[339]" classname="com.test.Client.ClientStressTest" time="0.288"/>
  <testcase name="del[340]" classname="com.test.Client.ClientStressTest" time="0.109"/>
  <testcase name="del[341]" classname="com.test.Client.ClientStressTest" time="0.31"/>
  <testcase name="del[342]" classname="com.test.Client.ClientStressTest" time="0.281"/>
  <testcase name="del[343]" classname="com.test.Client.ClientStressTest" time="0.309"/>
  <testcase name="del[344]" classname="com.test.Client.ClientStressTest" time="0.28"/>
  <testcase name="del[345]" classname="com.test.Client.ClientStressTest" time="0.287"/>
  <testcase name="del[346]" classname="com.test.Client.ClientStressTest" time="0.3"/>
  <testcase name="del[347]" classname="com.test.Client.ClientStressTest" time="0.345"/>
  <testcase name="del[348]" classname="com.test.Client.ClientStressTest" time="0.265"/>
  <testcase name="del[349]" classname="com.test.Client.ClientStressTest" time="0.198"/>
  <testcase name="del[350]" classname="com.test.Client.ClientStressTest" time="0.132"/>
  <testcase name="del[351]" classname="com.test.Client.ClientStressTest" time="0.122"/>
  <testcase name="del[352]" classname="com.test.Client.ClientStressTest" time="0.145"/>
  <testcase name="del[353]" classname="com.test.Client.ClientStressTest" time="0.132"/>
  <testcase name="del[354]" classname="com.test.Client.ClientStressTest" time="0.121"/>
  <testcase name="del[355]" classname="com.test.Client.ClientStressTest" time="0.112"/>
  <testcase name="del[356]" classname="com.test.Client.ClientStressTest" time="0.111"/>
  <testcase name="del[357]" classname="com.test.Client.ClientStressTest" time="0.2"/>
  <testcase name="del[358]" classname="com.test.Client.ClientStressTest" time="0.108"/>
  <testcase name="del[359]" classname="com.test.Client.ClientStressTest" time="0.123"/>
  <testcase name="del[360]" classname="com.test.Client.ClientStressTest" time="0.122"/>
  <testcase name="del[361]" classname="com.test.Client.ClientStressTest" time="0.123"/>
  <testcase name="del[362]" classname="com.test.Client.ClientStressTest" time="0.11"/>
  <testcase name="del[363]" classname="com.test.Client.ClientStressTest" time="0.12"/>
  <testcase name="del[364]" classname="com.test.Client.ClientStressTest" time="0.124"/>
  <testcase name="del[365]" classname="com.test.Client.ClientStressTest" time="0.133"/>
  <testcase name="del[366]" classname="com.test.Client.ClientStressTest" time="0.119"/>
  <testcase name="del[367]" classname="com.test.Client.ClientStressTest" time="0.11"/>
  <testcase name="del[368]" classname="com.test.Client.ClientStressTest" time="0.135"/>
  <testcase name="del[369]" classname="com.test.Client.ClientStressTest" time="0.108"/>
  <testcase name="del[370]" classname="com.test.Client.ClientStressTest" time="0.134"/>
  <testcase name="del[371]" classname="com.test.Client.ClientStressTest" time="0.128"/>
  <testcase name="del[372]" classname="com.test.Client.ClientStressTest" time="0.118"/>
  <testcase name="del[373]" classname="com.test.Client.ClientStressTest" time="0.154"/>
  <testcase name="del[374]" classname="com.test.Client.ClientStressTest" time="0.211"/>
  <testcase name="del[375]" classname="com.test.Client.ClientStressTest" time="0.123"/>
  <testcase name="del[376]" classname="com.test.Client.ClientStressTest" time="0.13"/>
  <testcase name="del[377]" classname="com.test.Client.ClientStressTest" time="0.122"/>
  <testcase name="del[378]" classname="com.test.Client.ClientStressTest" time="0.128"/>
  <testcase name="del[379]" classname="com.test.Client.ClientStressTest" time="0.141"/>
  <testcase name="del[380]" classname="com.test.Client.ClientStressTest" time="0.124"/>
  <testcase name="del[381]" classname="com.test.Client.ClientStressTest" time="0.132"/>
  <testcase name="del[382]" classname="com.test.Client.ClientStressTest" time="0.286"/>
  <testcase name="del[383]" classname="com.test.Client.ClientStressTest" time="0.148"/>
  <testcase name="del[384]" classname="com.test.Client.ClientStressTest" time="0.132"/>
  <testcase name="del[385]" classname="com.test.Client.ClientStressTest" time="0.132"/>
  <testcase name="del[386]" classname="com.test.Client.ClientStressTest" time="0.133"/>
  <testcase name="del[387]" classname="com.test.Client.ClientStressTest" time="0.121"/>
  <testcase name="del[388]" classname="com.test.Client.ClientStressTest" time="0.131"/>
  <testcase name="del[389]" classname="com.test.Client.ClientStressTest" time="0.301"/>
  <testcase name="del[390]" classname="com.test.Client.ClientStressTest" time="0.3"/>
  <testcase name="del[391]" classname="com.test.Client.ClientStressTest" time="0.123"/>
  <testcase name="del[392]" classname="com.test.Client.ClientStressTest" time="0.109"/>
  <testcase name="del[393]" classname="com.test.Client.ClientStressTest" time="0.113"/>
  <testcase name="del[394]" classname="com.test.Client.ClientStressTest" time="0.119"/>
  <testcase name="del[395]" classname="com.test.Client.ClientStressTest" time="0.147"/>
  <testcase name="del[396]" classname="com.test.Client.ClientStressTest" time="0.353"/>
  <testcase name="del[397]" classname="com.test.Client.ClientStressTest" time="0.168"/>
  <testcase name="del[398]" classname="com.test.Client.ClientStressTest" time="0.274"/>
  <testcase name="del[399]" classname="com.test.Client.ClientStressTest" time="0.31"/>
  <testcase name="del[400]" classname="com.test.Client.ClientStressTest" time="0.291"/>
  <testcase name="del[401]" classname="com.test.Client.ClientStressTest" time="0.153"/>
  <testcase name="del[402]" classname="com.test.Client.ClientStressTest" time="0.278"/>
  <testcase name="del[403]" classname="com.test.Client.ClientStressTest" time="0.3"/>
  <testcase name="del[404]" classname="com.test.Client.ClientStressTest" time="0.288"/>
  <testcase name="del[405]" classname="com.test.Client.ClientStressTest" time="0.335"/>
  <testcase name="del[406]" classname="com.test.Client.ClientStressTest" time="0.282"/>
  <testcase name="del[407]" classname="com.test.Client.ClientStressTest" time="0.298"/>
  <testcase name="del[408]" classname="com.test.Client.ClientStressTest" time="0.295"/>
  <testcase name="del[409]" classname="com.test.Client.ClientStressTest" time="0.203"/>
  <testcase name="del[410]" classname="com.test.Client.ClientStressTest" time="0.118"/>
  <testcase name="del[411]" classname="com.test.Client.ClientStressTest" time="0.288"/>
  <testcase name="del[412]" classname="com.test.Client.ClientStressTest" time="0.623"/>
  <testcase name="del[413]" classname="com.test.Client.ClientStressTest" time="0.486"/>
  <testcase name="del[414]" classname="com.test.Client.ClientStressTest" time="0.116"/>
  <testcase name="del[415]" classname="com.test.Client.ClientStressTest" time="0.509"/>
  <testcase name="del[416]" classname="com.test.Client.ClientStressTest" time="0.575"/>
  <testcase name="del[417]" classname="com.test.Client.ClientStressTest" time="0.278"/>
  <testcase name="del[418]" classname="com.test.Client.ClientStressTest" time="0.289"/>
  <testcase name="del[419]" classname="com.test.Client.ClientStressTest" time="0.288"/>
  <testcase name="del[420]" classname="com.test.Client.ClientStressTest" time="0.366"/>
  <testcase name="del[421]" classname="com.test.Client.ClientStressTest" time="0.145"/>
  <testcase name="del[422]" classname="com.test.Client.ClientStressTest" time="0.277"/>
  <testcase name="del[423]" classname="com.test.Client.ClientStressTest" time="0.29"/>
  <testcase name="del[424]" classname="com.test.Client.ClientStressTest" time="0.129"/>
  <testcase name="del[425]" classname="com.test.Client.ClientStressTest" time="0.303"/>
  <testcase name="del[426]" classname="com.test.Client.ClientStressTest" time="0.291"/>
  <testcase name="del[427]" classname="com.test.Client.ClientStressTest" time="0.295"/>
  <testcase name="del[428]" classname="com.test.Client.ClientStressTest" time="0.277"/>
  <testcase name="del[429]" classname="com.test.Client.ClientStressTest" time="0.301"/>
  <testcase name="del[430]" classname="com.test.Client.ClientStressTest" time="0.277"/>
  <testcase name="del[431]" classname="com.test.Client.ClientStressTest" time="0.312"/>
  <testcase name="del[432]" classname="com.test.Client.ClientStressTest" time="0.265"/>
  <testcase name="del[433]" classname="com.test.Client.ClientStressTest" time="0.111"/>
  <testcase name="del[434]" classname="com.test.Client.ClientStressTest" time="0.278"/>
  <testcase name="del[435]" classname="com.test.Client.ClientStressTest" time="0.445"/>
  <testcase name="del[436]" classname="com.test.Client.ClientStressTest" time="0.209"/>
  <testcase name="del[437]" classname="com.test.Client.ClientStressTest" time="0.122"/>
  <testcase name="del[438]" classname="com.test.Client.ClientStressTest" time="0.12"/>
  <testcase name="del[439]" classname="com.test.Client.ClientStressTest" time="0.112"/>
  <testcase name="del[440]" classname="com.test.Client.ClientStressTest" time="0.123"/>
  <testcase name="del[441]" classname="com.test.Client.ClientStressTest" time="0.143"/>
  <testcase name="del[442]" classname="com.test.Client.ClientStressTest" time="0.106"/>
  <testcase name="del[443]" classname="com.test.Client.ClientStressTest" time="0.25"/>
  <testcase name="del[444]" classname="com.test.Client.ClientStressTest" time="0.205"/>
  <testcase name="del[445]" classname="com.test.Client.ClientStressTest" time="0.246"/>
  <testcase name="del[446]" classname="com.test.Client.ClientStressTest" time="0.243"/>
  <testcase name="del[447]" classname="com.test.Client.ClientStressTest" time="0.488"/>
  <testcase name="del[448]" classname="com.test.Client.ClientStressTest" time="0.379"/>
  <testcase name="del[449]" classname="com.test.Client.ClientStressTest" time="0.174"/>
  <testcase name="del[450]" classname="com.test.Client.ClientStressTest" time="0.268"/>
  <testcase name="del[451]" classname="com.test.Client.ClientStressTest" time="0.276"/>
  <testcase name="del[452]" classname="com.test.Client.ClientStressTest" time="0.134"/>
  <testcase name="del[453]" classname="com.test.Client.ClientStressTest" time="0.122"/>
  <testcase name="del[454]" classname="com.test.Client.ClientStressTest" time="0.123"/>
  <testcase name="del[455]" classname="com.test.Client.ClientStressTest" time="0.131"/>
  <testcase name="del[456]" classname="com.test.Client.ClientStressTest" time="0.121"/>
  <testcase name="del[457]" classname="com.test.Client.ClientStressTest" time="0.121"/>
  <testcase name="del[458]" classname="com.test.Client.ClientStressTest" time="0.126"/>
  <testcase name="del[459]" classname="com.test.Client.ClientStressTest" time="0.298"/>
  <testcase name="del[460]" classname="com.test.Client.ClientStressTest" time="0.121"/>
  <testcase name="del[461]" classname="com.test.Client.ClientStressTest" time="0.121"/>
  <testcase name="del[462]" classname="com.test.Client.ClientStressTest" time="0.123"/>
  <testcase name="del[463]" classname="com.test.Client.ClientStressTest" time="0.121"/>
  <testcase name="del[464]" classname="com.test.Client.ClientStressTest" time="0.121"/>
  <testcase name="del[465]" classname="com.test.Client.ClientStressTest" time="0.131"/>
  <testcase name="del[466]" classname="com.test.Client.ClientStressTest" time="0.301"/>
  <testcase name="del[467]" classname="com.test.Client.ClientStressTest" time="0.299"/>
  <testcase name="del[468]" classname="com.test.Client.ClientStressTest" time="0.135"/>
  <testcase name="del[469]" classname="com.test.Client.ClientStressTest" time="0.273"/>
  <testcase name="del[470]" classname="com.test.Client.ClientStressTest" time="0.299"/>
  <testcase name="del[471]" classname="com.test.Client.ClientStressTest" time="0.278"/>
  <testcase name="del[472]" classname="com.test.Client.ClientStressTest" time="0.134"/>
  <testcase name="del[473]" classname="com.test.Client.ClientStressTest" time="0.486"/>
  <testcase name="del[474]" classname="com.test.Client.ClientStressTest" time="0.126"/>
  <testcase name="del[475]" classname="com.test.Client.ClientStressTest" time="0.297"/>
  <testcase name="del[476]" classname="com.test.Client.ClientStressTest" time="0.474"/>
  <testcase name="del[477]" classname="com.test.Client.ClientStressTest" time="0.28"/>
  <testcase name="del[478]" classname="com.test.Client.ClientStressTest" time="0.119"/>
  <testcase name="del[479]" classname="com.test.Client.ClientStressTest" time="0.29"/>
  <testcase name="del[480]" classname="com.test.Client.ClientStressTest" time="0.288"/>
  <testcase name="del[481]" classname="com.test.Client.ClientStressTest" time="0.151"/>
  <testcase name="del[482]" classname="com.test.Client.ClientStressTest" time="0.28"/>
  <testcase name="del[483]" classname="com.test.Client.ClientStressTest" time="0.31"/>
  <testcase name="del[484]" classname="com.test.Client.ClientStressTest" time="0.299"/>
  <testcase name="del[485]" classname="com.test.Client.ClientStressTest" time="0.121"/>
  <testcase name="del[486]" classname="com.test.Client.ClientStressTest" time="0.211"/>
  <testcase name="del[487]" classname="com.test.Client.ClientStressTest" time="0.265"/>
  <testcase name="del[488]" classname="com.test.Client.ClientStressTest" time="0.143"/>
  <testcase name="del[489]" classname="com.test.Client.ClientStressTest" time="0.275"/>
  <testcase name="del[490]" classname="com.test.Client.ClientStressTest" time="0.304"/>
  <testcase name="del[491]" classname="com.test.Client.ClientStressTest" time="0.132"/>
  <testcase name="del[492]" classname="com.test.Client.ClientStressTest" time="0.302"/>
  <testcase name="del[493]" classname="com.test.Client.ClientStressTest" time="0.352"/>
  <testcase name="del[494]" classname="com.test.Client.ClientStressTest" time="0.266"/>
  <testcase name="del[495]" classname="com.test.Client.ClientStressTest" time="0.124"/>
  <testcase name="del[496]" classname="com.test.Client.ClientStressTest" time="0.309"/>
  <testcase name="del[497]" classname="com.test.Client.ClientStressTest" time="0.292"/>
  <testcase name="del[498]" classname="com.test.Client.ClientStressTest" time="0.107"/>
  <testcase name="del[499]" classname="com.test.Client.ClientStressTest" time="0.254"/>
  <testcase name="del[500]" classname="com.test.Client.ClientStressTest" time="0.29"/>
  <testcase name="del[501]" classname="com.test.Client.ClientStressTest" time="0.167"/>
  <testcase name="del[502]" classname="com.test.Client.ClientStressTest" time="0.288"/>
  <testcase name="del[503]" classname="com.test.Client.ClientStressTest" time="0.288"/>
  <testcase name="del[504]" classname="com.test.Client.ClientStressTest" time="0.29"/>
  <testcase name="del[505]" classname="com.test.Client.ClientStressTest" time="0.12"/>
  <testcase name="del[506]" classname="com.test.Client.ClientStressTest" time="0.215"/>
  <testcase name="del[507]" classname="com.test.Client.ClientStressTest" time="0.131"/>
  <testcase name="del[508]" classname="com.test.Client.ClientStressTest" time="0.312"/>
  <testcase name="del[509]" classname="com.test.Client.ClientStressTest" time="0.287"/>
  <testcase name="del[510]" classname="com.test.Client.ClientStressTest" time="0.121"/>
  <testcase name="del[511]" classname="com.test.Client.ClientStressTest" time="0.299"/>
  <testcase name="del[512]" classname="com.test.Client.ClientStressTest" time="0.286"/>
  <testcase name="del[513]" classname="com.test.Client.ClientStressTest" time="0.368"/>
  <testcase name="del[514]" classname="com.test.Client.ClientStressTest" time="0.256"/>
  <testcase name="del[515]" classname="com.test.Client.ClientStressTest" time="0.275"/>
  <testcase name="del[516]" classname="com.test.Client.ClientStressTest" time="0.12"/>
  <testcase name="del[517]" classname="com.test.Client.ClientStressTest" time="0.484"/>
  <testcase name="del[518]" classname="com.test.Client.ClientStressTest" time="0.394"/>
  <testcase name="del[519]" classname="com.test.Client.ClientStressTest" time="0.275"/>
  <testcase name="del[520]" classname="com.test.Client.ClientStressTest" time="0.292"/>
  <testcase name="del[521]" classname="com.test.Client.ClientStressTest" time="0.265"/>
  <testcase name="del[522]" classname="com.test.Client.ClientStressTest" time="0.199"/>
  <testcase name="del[523]" classname="com.test.Client.ClientStressTest" time="0.122"/>
  <testcase name="del[524]" classname="com.test.Client.ClientStressTest" time="0.119"/>
  <testcase name="del[525]" classname="com.test.Client.ClientStressTest" time="0.123"/>
  <testcase name="del[526]" classname="com.test.Client.ClientStressTest" time="0.122"/>
  <testcase name="del[527]" classname="com.test.Client.ClientStressTest" time="0.132"/>
  <testcase name="del[528]" classname="com.test.Client.ClientStressTest" time="0.12"/>
  <testcase name="del[529]" classname="com.test.Client.ClientStressTest" time="0.113"/>
  <testcase name="del[530]" classname="com.test.Client.ClientStressTest" time="0.333"/>
  <testcase name="del[531]" classname="com.test.Client.ClientStressTest" time="0.116"/>
  <testcase name="del[532]" classname="com.test.Client.ClientStressTest" time="0.123"/>
  <testcase name="del[533]" classname="com.test.Client.ClientStressTest" time="0.313"/>
  <testcase name="del[534]" classname="com.test.Client.ClientStressTest" time="0.133"/>
  <testcase name="del[535]" classname="com.test.Client.ClientStressTest" time="0.276"/>
  <testcase name="del[536]" classname="com.test.Client.ClientStressTest" time="0.276"/>
  <testcase name="del[537]" classname="com.test.Client.ClientStressTest" time="0.33"/>
  <testcase name="del[538]" classname="com.test.Client.ClientStressTest" time="0.115"/>
  <testcase name="del[539]" classname="com.test.Client.ClientStressTest" time="0.289"/>
  <testcase name="del[540]" classname="com.test.Client.ClientStressTest" time="0.264"/>
  <testcase name="del[541]" classname="com.test.Client.ClientStressTest" time="0.281"/>
  <testcase name="del[542]" classname="com.test.Client.ClientStressTest" time="0.299"/>
  <testcase name="del[543]" classname="com.test.Client.ClientStressTest" time="0.122"/>
  <testcase name="del[544]" classname="com.test.Client.ClientStressTest" time="0.298"/>
  <testcase name="del[545]" classname="com.test.Client.ClientStressTest" time="0.258"/>
  <testcase name="del[546]" classname="com.test.Client.ClientStressTest" time="0.3"/>
  <testcase name="del[547]" classname="com.test.Client.ClientStressTest" time="0.297"/>
  <testcase name="del[548]" classname="com.test.Client.ClientStressTest" time="0.201"/>
  <testcase name="del[549]" classname="com.test.Client.ClientStressTest" time="0.154"/>
  <testcase name="del[550]" classname="com.test.Client.ClientStressTest" time="0.111"/>
  <testcase name="del[551]" classname="com.test.Client.ClientStressTest" time="0.122"/>
  <testcase name="del[552]" classname="com.test.Client.ClientStressTest" time="0.125"/>
  <testcase name="del[553]" classname="com.test.Client.ClientStressTest" time="0.119"/>
  <testcase name="del[554]" classname="com.test.Client.ClientStressTest" time="0.121"/>
  <testcase name="del[555]" classname="com.test.Client.ClientStressTest" time="0.381"/>
  <testcase name="del[556]" classname="com.test.Client.ClientStressTest" time="0.254"/>
  <testcase name="del[557]" classname="com.test.Client.ClientStressTest" time="0.114"/>
  <testcase name="del[558]" classname="com.test.Client.ClientStressTest" time="0.165"/>
  <testcase name="del[559]" classname="com.test.Client.ClientStressTest" time="0.119"/>
  <testcase name="del[560]" classname="com.test.Client.ClientStressTest" time="0.133"/>
  <testcase name="del[561]" classname="com.test.Client.ClientStressTest" time="0.28"/>
  <testcase name="del[562]" classname="com.test.Client.ClientStressTest" time="0.12"/>
  <testcase name="del[563]" classname="com.test.Client.ClientStressTest" time="0.113"/>
  <testcase name="del[564]" classname="com.test.Client.ClientStressTest" time="0.302"/>
  <testcase name="del[565]" classname="com.test.Client.ClientStressTest" time="0.117"/>
  <testcase name="del[566]" classname="com.test.Client.ClientStressTest" time="0.267"/>
  <testcase name="del[567]" classname="com.test.Client.ClientStressTest" time="0.599"/>
  <testcase name="del[568]" classname="com.test.Client.ClientStressTest" time="0.125"/>
  <testcase name="del[569]" classname="com.test.Client.ClientStressTest" time="0.275"/>
  <testcase name="del[570]" classname="com.test.Client.ClientStressTest" time="0.292"/>
  <testcase name="del[571]" classname="com.test.Client.ClientStressTest" time="0.253"/>
  <testcase name="del[572]" classname="com.test.Client.ClientStressTest" time="0.12"/>
  <testcase name="del[573]" classname="com.test.Client.ClientStressTest" time="0.289"/>
  <testcase name="del[574]" classname="com.test.Client.ClientStressTest" time="0.29"/>
  <testcase name="del[575]" classname="com.test.Client.ClientStressTest" time="0.332"/>
  <testcase name="del[576]" classname="com.test.Client.ClientStressTest" time="0.289"/>
  <testcase name="del[577]" classname="com.test.Client.ClientStressTest" time="0.21"/>
  <testcase name="del[578]" classname="com.test.Client.ClientStressTest" time="0.168"/>
  <testcase name="del[579]" classname="com.test.Client.ClientStressTest" time="0.134"/>
  <testcase name="del[580]" classname="com.test.Client.ClientStressTest" time="0.132"/>
  <testcase name="del[581]" classname="com.test.Client.ClientStressTest" time="0.12"/>
  <testcase name="del[582]" classname="com.test.Client.ClientStressTest" time="0.132"/>
  <testcase name="del[583]" classname="com.test.Client.ClientStressTest" time="0.119"/>
  <testcase name="del[584]" classname="com.test.Client.ClientStressTest" time="0.291"/>
  <testcase name="del[585]" classname="com.test.Client.ClientStressTest" time="0.156"/>
  <testcase name="del[586]" classname="com.test.Client.ClientStressTest" time="0.11"/>
  <testcase name="del[587]" classname="com.test.Client.ClientStressTest" time="0.121"/>
  <testcase name="del[588]" classname="com.test.Client.ClientStressTest" time="0.134"/>
  <testcase name="del[589]" classname="com.test.Client.ClientStressTest" time="0.12"/>
  <testcase name="del[590]" classname="com.test.Client.ClientStressTest" time="0.136"/>
  <testcase name="del[591]" classname="com.test.Client.ClientStressTest" time="0.123"/>
  <testcase name="del[592]" classname="com.test.Client.ClientStressTest" time="0.441"/>
  <testcase name="del[593]" classname="com.test.Client.ClientStressTest" time="0.38"/>
  <testcase name="del[594]" classname="com.test.Client.ClientStressTest" time="0.29"/>
  <testcase name="del[595]" classname="com.test.Client.ClientStressTest" time="0.298"/>
  <testcase name="del[596]" classname="com.test.Client.ClientStressTest" time="0.121"/>
  <testcase name="del[597]" classname="com.test.Client.ClientStressTest" time="0.288"/>
  <testcase name="del[598]" classname="com.test.Client.ClientStressTest" time="0.29"/>
  <testcase name="del[599]" classname="com.test.Client.ClientStressTest" time="0.288"/>
  <testcase name="del[600]" classname="com.test.Client.ClientStressTest" time="0.288"/>
  <testcase name="del[601]" classname="com.test.Client.ClientStressTest" time="0.284"/>
  <testcase name="del[602]" classname="com.test.Client.ClientStressTest" time="0.287"/>
  <testcase name="del[603]" classname="com.test.Client.ClientStressTest" time="0.305"/>
  <testcase name="del[604]" classname="com.test.Client.ClientStressTest" time="0.277"/>
  <testcase name="del[605]" classname="com.test.Client.ClientStressTest" time="0.209"/>
  <testcase name="del[606]" classname="com.test.Client.ClientStressTest" time="0.122"/>
  <testcase name="del[607]" classname="com.test.Client.ClientStressTest" time="0.132"/>
  <testcase name="del[608]" classname="com.test.Client.ClientStressTest" time="0.122"/>
  <testcase name="del[609]" classname="com.test.Client.ClientStressTest" time="0.122"/>
  <testcase name="del[610]" classname="com.test.Client.ClientStressTest" time="0.133"/>
  <testcase name="del[611]" classname="com.test.Client.ClientStressTest" time="0.12"/>
  <testcase name="del[612]" classname="com.test.Client.ClientStressTest" time="0.126"/>
  <testcase name="del[613]" classname="com.test.Client.ClientStressTest" time="0.298"/>
  <testcase name="del[614]" classname="com.test.Client.ClientStressTest" time="0.12"/>
  <testcase name="del[615]" classname="com.test.Client.ClientStressTest" time="0.134"/>
  <testcase name="del[616]" classname="com.test.Client.ClientStressTest" time="0.595"/>
  <testcase name="del[617]" classname="com.test.Client.ClientStressTest" time="0.29"/>
  <testcase name="del[618]" classname="com.test.Client.ClientStressTest" time="0.308"/>
  <testcase name="del[619]" classname="com.test.Client.ClientStressTest" time="0.122"/>
  <testcase name="del[620]" classname="com.test.Client.ClientStressTest" time="0.303"/>
  <testcase name="del[621]" classname="com.test.Client.ClientStressTest" time="0.332"/>
  <testcase name="del[622]" classname="com.test.Client.ClientStressTest" time="0.299"/>
  <testcase name="del[623]" classname="com.test.Client.ClientStressTest" time="0.287"/>
  <testcase name="del[624]" classname="com.test.Client.ClientStressTest" time="0.312"/>
  <testcase name="del[625]" classname="com.test.Client.ClientStressTest" time="0.251"/>
  <testcase name="del[626]" classname="com.test.Client.ClientStressTest" time="0.273"/>
  <testcase name="del[627]" classname="com.test.Client.ClientStressTest" time="0.313"/>
  <testcase name="del[628]" classname="com.test.Client.ClientStressTest" time="0.213"/>
  <testcase name="del[629]" classname="com.test.Client.ClientStressTest" time="0.119"/>
  <testcase name="del[630]" classname="com.test.Client.ClientStressTest" time="0.13"/>
  <testcase name="del[631]" classname="com.test.Client.ClientStressTest" time="0.125"/>
  <testcase name="del[632]" classname="com.test.Client.ClientStressTest" time="0.113"/>
  <testcase name="del[633]" classname="com.test.Client.ClientStressTest" time="0.121"/>
  <testcase name="del[634]" classname="com.test.Client.ClientStressTest" time="0.285"/>
  <testcase name="del[635]" classname="com.test.Client.ClientStressTest" time="0.303"/>
  <testcase name="del[636]" classname="com.test.Client.ClientStressTest" time="0.109"/>
  <testcase name="del[637]" classname="com.test.Client.ClientStressTest" time="0.323"/>
  <testcase name="del[638]" classname="com.test.Client.ClientStressTest" time="0.291"/>
  <testcase name="del[639]" classname="com.test.Client.ClientStressTest" time="0.275"/>
  <testcase name="del[640]" classname="com.test.Client.ClientStressTest" time="0.11"/>
  <testcase name="del[641]" classname="com.test.Client.ClientStressTest" time="0.3"/>
  <testcase name="del[642]" classname="com.test.Client.ClientStressTest" time="0.3"/>
  <testcase name="del[643]" classname="com.test.Client.ClientStressTest" time="0.281"/>
  <testcase name="del[644]" classname="com.test.Client.ClientStressTest" time="0.274"/>
  <testcase name="del[645]" classname="com.test.Client.ClientStressTest" time="0.307"/>
  <testcase name="del[646]" classname="com.test.Client.ClientStressTest" time="0.28"/>
  <testcase name="del[647]" classname="com.test.Client.ClientStressTest" time="0.311"/>
  <testcase name="del[648]" classname="com.test.Client.ClientStressTest" time="0.321"/>
  <testcase name="del[649]" classname="com.test.Client.ClientStressTest" time="0.211"/>
  <testcase name="del[650]" classname="com.test.Client.ClientStressTest" time="0.125"/>
  <testcase name="del[651]" classname="com.test.Client.ClientStressTest" time="0.109"/>
  <testcase name="del[652]" classname="com.test.Client.ClientStressTest" time="0.142"/>
  <testcase name="del[653]" classname="com.test.Client.ClientStressTest" time="0.114"/>
  <testcase name="del[654]" classname="com.test.Client.ClientStressTest" time="0.13"/>
  <testcase name="del[655]" classname="com.test.Client.ClientStressTest" time="0.12"/>
  <testcase name="del[656]" classname="com.test.Client.ClientStressTest" time="0.123"/>
  <testcase name="del[657]" classname="com.test.Client.ClientStressTest" time="0.356"/>
  <testcase name="del[658]" classname="com.test.Client.ClientStressTest" time="0.119"/>
  <testcase name="del[659]" classname="com.test.Client.ClientStressTest" time="0.111"/>
  <testcase name="del[660]" classname="com.test.Client.ClientStressTest" time="0.111"/>
  <testcase name="del[661]" classname="com.test.Client.ClientStressTest" time="0.289"/>
  <testcase name="del[662]" classname="com.test.Client.ClientStressTest" time="0.118"/>
  <testcase name="del[663]" classname="com.test.Client.ClientStressTest" time="0.289"/>
  <testcase name="del[664]" classname="com.test.Client.ClientStressTest" time="0.41"/>
  <testcase name="del[665]" classname="com.test.Client.ClientStressTest" time="0.445"/>
  <testcase name="del[666]" classname="com.test.Client.ClientStressTest" time="0.242"/>
  <testcase name="del[667]" classname="com.test.Client.ClientStressTest" time="0.123"/>
  <testcase name="del[668]" classname="com.test.Client.ClientStressTest" time="0.253"/>
  <testcase name="del[669]" classname="com.test.Client.ClientStressTest" time="0.287"/>
  <testcase name="del[670]" classname="com.test.Client.ClientStressTest" time="0.323"/>
  <testcase name="del[671]" classname="com.test.Client.ClientStressTest" time="0.278"/>
  <testcase name="del[672]" classname="com.test.Client.ClientStressTest" time="0.123"/>
  <testcase name="del[673]" classname="com.test.Client.ClientStressTest" time="0.273"/>
  <testcase name="del[674]" classname="com.test.Client.ClientStressTest" time="0.293"/>
  <testcase name="del[675]" classname="com.test.Client.ClientStressTest" time="0.299"/>
  <testcase name="del[676]" classname="com.test.Client.ClientStressTest" time="0.286"/>
  <testcase name="del[677]" classname="com.test.Client.ClientStressTest" time="0.198"/>
  <testcase name="del[678]" classname="com.test.Client.ClientStressTest" time="0.221"/>
  <testcase name="del[679]" classname="com.test.Client.ClientStressTest" time="0.167"/>
  <testcase name="del[680]" classname="com.test.Client.ClientStressTest" time="0.11"/>
  <testcase name="del[681]" classname="com.test.Client.ClientStressTest" time="0.122"/>
  <testcase name="del[682]" classname="com.test.Client.ClientStressTest" time="0.121"/>
  <testcase name="del[683]" classname="com.test.Client.ClientStressTest" time="0.11"/>
  <testcase name="del[684]" classname="com.test.Client.ClientStressTest" time="0.126"/>
  <testcase name="del[685]" classname="com.test.Client.ClientStressTest" time="0.118"/>
  <testcase name="del[686]" classname="com.test.Client.ClientStressTest" time="0.287"/>
  <testcase name="del[687]" classname="com.test.Client.ClientStressTest" time="0.127"/>
  <testcase name="del[688]" classname="com.test.Client.ClientStressTest" time="0.119"/>
  <testcase name="del[689]" classname="com.test.Client.ClientStressTest" time="0.122"/>
  <testcase name="del[690]" classname="com.test.Client.ClientStressTest" time="0.109"/>
  <testcase name="del[691]" classname="com.test.Client.ClientStressTest" time="0.126"/>
  <testcase name="del[692]" classname="com.test.Client.ClientStressTest" time="0.129"/>
  <testcase name="del[693]" classname="com.test.Client.ClientStressTest" time="0.167"/>
  <testcase name="del[694]" classname="com.test.Client.ClientStressTest" time="0.291"/>
  <testcase name="del[695]" classname="com.test.Client.ClientStressTest" time="0.154"/>
  <testcase name="del[696]" classname="com.test.Client.ClientStressTest" time="0.11"/>
  <testcase name="del[697]" classname="com.test.Client.ClientStressTest" time="0.118"/>
  <testcase name="del[698]" classname="com.test.Client.ClientStressTest" time="0.225"/>
  <testcase name="del[699]" classname="com.test.Client.ClientStressTest" time="0.244"/>
  <testcase name="del[700]" classname="com.test.Client.ClientStressTest" time="0.289"/>
  <testcase name="del[701]" classname="com.test.Client.ClientStressTest" time="0.278"/>
  <testcase name="del[702]" classname="com.test.Client.ClientStressTest" time="0.141"/>
  <testcase name="del[703]" classname="com.test.Client.ClientStressTest" time="0.276"/>
  <testcase name="del[704]" classname="com.test.Client.ClientStressTest" time="0.3"/>
  <testcase name="del[705]" classname="com.test.Client.ClientStressTest" time="0.332"/>
  <testcase name="del[706]" classname="com.test.Client.ClientStressTest" time="0.291"/>
  <testcase name="del[707]" classname="com.test.Client.ClientStressTest" time="0.122"/>
  <testcase name="del[708]" classname="com.test.Client.ClientStressTest" time="0.291"/>
  <testcase name="del[709]" classname="com.test.Client.ClientStressTest" time="0.286"/>
  <testcase name="del[710]" classname="com.test.Client.ClientStressTest" time="0.278"/>
  <testcase name="del[711]" classname="com.test.Client.ClientStressTest" time="0.3"/>
  <testcase name="del[712]" classname="com.test.Client.ClientStressTest" time="0.287"/>
  <testcase name="del[713]" classname="com.test.Client.ClientStressTest" time="0.232"/>
  <testcase name="del[714]" classname="com.test.Client.ClientStressTest" time="0.28"/>
  <testcase name="del[715]" classname="com.test.Client.ClientStressTest" time="0.116"/>
  <testcase name="del[716]" classname="com.test.Client.ClientStressTest" time="0.279"/>
  <testcase name="del[717]" classname="com.test.Client.ClientStressTest" time="0.311"/>
  <testcase name="del[718]" classname="com.test.Client.ClientStressTest" time="0.124"/>
  <testcase name="del[719]" classname="com.test.Client.ClientStressTest" time="0.309"/>
  <testcase name="del[720]" classname="com.test.Client.ClientStressTest" time="0.299"/>
  <testcase name="del[721]" classname="com.test.Client.ClientStressTest" time="0.288"/>
  <testcase name="del[722]" classname="com.test.Client.ClientStressTest" time="0.301"/>
  <testcase name="del[723]" classname="com.test.Client.ClientStressTest" time="0.289"/>
  <testcase name="del[724]" classname="com.test.Client.ClientStressTest" time="0.333"/>
  <testcase name="del[725]" classname="com.test.Client.ClientStressTest" time="0.108"/>
  <testcase name="del[726]" classname="com.test.Client.ClientStressTest" time="0.511"/>
  <testcase name="del[727]" classname="com.test.Client.ClientStressTest" time="0.302"/>
  <testcase name="del[728]" classname="com.test.Client.ClientStressTest" time="0.613"/>
  <testcase name="del[729]" classname="com.test.Client.ClientStressTest" time="0.331"/>
  <testcase name="del[730]" classname="com.test.Client.ClientStressTest" time="0.279"/>
  <testcase name="del[731]" classname="com.test.Client.ClientStressTest" time="0.121"/>
  <testcase name="del[732]" classname="com.test.Client.ClientStressTest" time="0.274"/>
  <testcase name="del[733]" classname="com.test.Client.ClientStressTest" time="0.278"/>
  <testcase name="del[734]" classname="com.test.Client.ClientStressTest" time="0.111"/>
  <testcase name="del[735]" classname="com.test.Client.ClientStressTest" time="0.302"/>
  <testcase name="del[736]" classname="com.test.Client.ClientStressTest" time="0.275"/>
  <testcase name="del[737]" classname="com.test.Client.ClientStressTest" time="0.11"/>
  <testcase name="del[738]" classname="com.test.Client.ClientStressTest" time="0.302"/>
  <testcase name="del[739]" classname="com.test.Client.ClientStressTest" time="0.298"/>
  <testcase name="del[740]" classname="com.test.Client.ClientStressTest" time="0.111"/>
  <testcase name="del[741]" classname="com.test.Client.ClientStressTest" time="0.268"/>
  <testcase name="del[742]" classname="com.test.Client.ClientStressTest" time="0.333"/>
  <testcase name="del[743]" classname="com.test.Client.ClientStressTest" time="0.274"/>
  <testcase name="del[744]" classname="com.test.Client.ClientStressTest" time="0.138"/>
  <testcase name="del[745]" classname="com.test.Client.ClientStressTest" time="0.472"/>
  <testcase name="del[746]" classname="com.test.Client.ClientStressTest" time="0.243"/>
  <testcase name="del[747]" classname="com.test.Client.ClientStressTest" time="0.457"/>
  <testcase name="del[748]" classname="com.test.Client.ClientStressTest" time="0.3"/>
  <testcase name="del[749]" classname="com.test.Client.ClientStressTest" time="0.31"/>
  <testcase name="del[750]" classname="com.test.Client.ClientStressTest" time="0.121"/>
  <testcase name="del[751]" classname="com.test.Client.ClientStressTest" time="0.277"/>
  <testcase name="del[752]" classname="com.test.Client.ClientStressTest" time="0.287"/>
  <testcase name="del[753]" classname="com.test.Client.ClientStressTest" time="0.134"/>
  <testcase name="del[754]" classname="com.test.Client.ClientStressTest" time="0.277"/>
  <testcase name="del[755]" classname="com.test.Client.ClientStressTest" time="0.286"/>
  <testcase name="del[756]" classname="com.test.Client.ClientStressTest" time="0.123"/>
  <testcase name="del[757]" classname="com.test.Client.ClientStressTest" time="0.277"/>
  <testcase name="del[758]" classname="com.test.Client.ClientStressTest" time="0.122"/>
  <testcase name="del[759]" classname="com.test.Client.ClientStressTest" time="0.264"/>
  <testcase name="del[760]" classname="com.test.Client.ClientStressTest" time="0.299"/>
  <testcase name="del[761]" classname="com.test.Client.ClientStressTest" time="0.277"/>
  <testcase name="del[762]" classname="com.test.Client.ClientStressTest" time="0.111"/>
  <testcase name="del[763]" classname="com.test.Client.ClientStressTest" time="0.299"/>
  <testcase name="del[764]" classname="com.test.Client.ClientStressTest" time="0.311"/>
  <testcase name="del[765]" classname="com.test.Client.ClientStressTest" time="0.242"/>
  <testcase name="del[766]" classname="com.test.Client.ClientStressTest" time="0.124"/>
  <testcase name="del[767]" classname="com.test.Client.ClientStressTest" time="0.542"/>
  <testcase name="del[768]" classname="com.test.Client.ClientStressTest" time="0.478"/>
  <testcase name="del[769]" classname="com.test.Client.ClientStressTest" time="0.28"/>
  <testcase name="del[770]" classname="com.test.Client.ClientStressTest" time="0.108"/>
  <testcase name="del[771]" classname="com.test.Client.ClientStressTest" time="0.299"/>
  <testcase name="del[772]" classname="com.test.Client.ClientStressTest" time="0.264"/>
  <testcase name="del[773]" classname="com.test.Client.ClientStressTest" time="0.322"/>
  <testcase name="del[774]" classname="com.test.Client.ClientStressTest" time="0.125"/>
  <testcase name="del[775]" classname="com.test.Client.ClientStressTest" time="0.276"/>
  <testcase name="del[776]" classname="com.test.Client.ClientStressTest" time="0.272"/>
  <testcase name="del[777]" classname="com.test.Client.ClientStressTest" time="0.281"/>
  <testcase name="del[778]" classname="com.test.Client.ClientStressTest" time="0.132"/>
  <testcase name="del[779]" classname="com.test.Client.ClientStressTest" time="0.299"/>
  <testcase name="del[780]" classname="com.test.Client.ClientStressTest" time="0.275"/>
  <testcase name="del[781]" classname="com.test.Client.ClientStressTest" time="0.286"/>
  <testcase name="del[782]" classname="com.test.Client.ClientStressTest" time="0.346"/>
  <testcase name="del[783]" classname="com.test.Client.ClientStressTest" time="0.198"/>
  <testcase name="del[784]" classname="com.test.Client.ClientStressTest" time="0.308"/>
  <testcase name="del[785]" classname="com.test.Client.ClientStressTest" time="0.299"/>
  <testcase name="del[786]" classname="com.test.Client.ClientStressTest" time="0.387"/>
  <testcase name="del[787]" classname="com.test.Client.ClientStressTest" time="0.304"/>
  <testcase name="del[788]" classname="com.test.Client.ClientStressTest" time="0.12"/>
  <testcase name="del[789]" classname="com.test.Client.ClientStressTest" time="0.277"/>
  <testcase name="del[790]" classname="com.test.Client.ClientStressTest" time="0.118"/>
  <testcase name="del[791]" classname="com.test.Client.ClientStressTest" time="0.203"/>
  <testcase name="del[792]" classname="com.test.Client.ClientStressTest" time="0.113"/>
  <testcase name="del[793]" classname="com.test.Client.ClientStressTest" time="0.108"/>
  <testcase name="del[794]" classname="com.test.Client.ClientStressTest" time="0.133"/>
  <testcase name="del[795]" classname="com.test.Client.ClientStressTest" time="0.122"/>
  <testcase name="del[796]" classname="com.test.Client.ClientStressTest" time="0.131"/>
  <testcase name="del[797]" classname="com.test.Client.ClientStressTest" time="0.134"/>
  <testcase name="del[798]" classname="com.test.Client.ClientStressTest" time="0.121"/>
  <testcase name="del[799]" classname="com.test.Client.ClientStressTest" time="0.321"/>
  <testcase name="del[800]" classname="com.test.Client.ClientStressTest" time="0.11"/>
  <testcase name="del[801]" classname="com.test.Client.ClientStressTest" time="0.179"/>
  <testcase name="del[802]" classname="com.test.Client.ClientStressTest" time="0.122"/>
  <testcase name="del[803]" classname="com.test.Client.ClientStressTest" time="0.131"/>
  <testcase name="del[804]" classname="com.test.Client.ClientStressTest" time="0.122"/>
  <testcase name="del[805]" classname="com.test.Client.ClientStressTest" time="0.134"/>
  <testcase name="del[806]" classname="com.test.Client.ClientStressTest" time="0.278"/>
  <testcase name="del[807]" classname="com.test.Client.ClientStressTest" time="0.155"/>
  <testcase name="del[808]" classname="com.test.Client.ClientStressTest" time="0.122"/>
  <testcase name="del[809]" classname="com.test.Client.ClientStressTest" time="0.11"/>
  <testcase name="del[810]" classname="com.test.Client.ClientStressTest" time="0.161"/>
  <testcase name="del[811]" classname="com.test.Client.ClientStressTest" time="0.131"/>
  <testcase name="del[812]" classname="com.test.Client.ClientStressTest" time="0.105"/>
  <testcase name="del[813]" classname="com.test.Client.ClientStressTest" time="0.133"/>
  <testcase name="del[814]" classname="com.test.Client.ClientStressTest" time="0.293"/>
  <testcase name="del[815]" classname="com.test.Client.ClientStressTest" time="0.118"/>
  <testcase name="del[816]" classname="com.test.Client.ClientStressTest" time="0.12"/>
  <testcase name="del[817]" classname="com.test.Client.ClientStressTest" time="0.291"/>
  <testcase name="del[818]" classname="com.test.Client.ClientStressTest" time="0.124"/>
  <testcase name="del[819]" classname="com.test.Client.ClientStressTest" time="0.307"/>
  <testcase name="del[820]" classname="com.test.Client.ClientStressTest" time="0.266"/>
  <testcase name="del[821]" classname="com.test.Client.ClientStressTest" time="0.278"/>
  <testcase name="del[822]" classname="com.test.Client.ClientStressTest" time="0.3"/>
  <testcase name="del[823]" classname="com.test.Client.ClientStressTest" time="0.111"/>
  <testcase name="del[824]" classname="com.test.Client.ClientStressTest" time="0.277"/>
  <testcase name="del[825]" classname="com.test.Client.ClientStressTest" time="0.288"/>
  <testcase name="del[826]" classname="com.test.Client.ClientStressTest" time="0.287"/>
  <testcase name="del[827]" classname="com.test.Client.ClientStressTest" time="0.3"/>
  <testcase name="del[828]" classname="com.test.Client.ClientStressTest" time="0.266"/>
  <testcase name="del[829]" classname="com.test.Client.ClientStressTest" time="0.198"/>
  <testcase name="del[830]" classname="com.test.Client.ClientStressTest" time="0.124"/>
  <testcase name="del[831]" classname="com.test.Client.ClientStressTest" time="0.501"/>
  <testcase name="del[832]" classname="com.test.Client.ClientStressTest" time="0.319"/>
  <testcase name="del[833]" classname="com.test.Client.ClientStressTest" time="0.289"/>
  <testcase name="del[834]" classname="com.test.Client.ClientStressTest" time="0.457"/>
  <testcase name="del[835]" classname="com.test.Client.ClientStressTest" time="0.289"/>
  <testcase name="del[836]" classname="com.test.Client.ClientStressTest" time="0.454"/>
  <testcase name="del[837]" classname="com.test.Client.ClientStressTest" time="0.288"/>
  <testcase name="del[838]" classname="com.test.Client.ClientStressTest" time="0.454"/>
  <testcase name="del[839]" classname="com.test.Client.ClientStressTest" time="0.289"/>
  <testcase name="del[840]" classname="com.test.Client.ClientStressTest" time="0.191"/>
  <testcase name="del[841]" classname="com.test.Client.ClientStressTest" time="0.119"/>
  <testcase name="del[842]" classname="com.test.Client.ClientStressTest" time="0.122"/>
  <testcase name="del[843]" classname="com.test.Client.ClientStressTest" time="0.122"/>
  <testcase name="del[844]" classname="com.test.Client.ClientStressTest" time="0.136"/>
  <testcase name="del[845]" classname="com.test.Client.ClientStressTest" time="0.106"/>
  <testcase name="del[846]" classname="com.test.Client.ClientStressTest" time="0.111"/>
  <testcase name="del[847]" classname="com.test.Client.ClientStressTest" time="0.11"/>
  <testcase name="del[848]" classname="com.test.Client.ClientStressTest" time="0.302"/>
  <testcase name="del[849]" classname="com.test.Client.ClientStressTest" time="0.122"/>
  <testcase name="del[850]" classname="com.test.Client.ClientStressTest" time="0.111"/>
  <testcase name="del[851]" classname="com.test.Client.ClientStressTest" time="0.12"/>
  <testcase name="del[852]" classname="com.test.Client.ClientStressTest" time="0.107"/>
  <testcase name="del[853]" classname="com.test.Client.ClientStressTest" time="0.123"/>
  <testcase name="del[854]" classname="com.test.Client.ClientStressTest" time="0.112"/>
  <testcase name="del[855]" classname="com.test.Client.ClientStressTest" time="0.132"/>
  <testcase name="del[856]" classname="com.test.Client.ClientStressTest" time="0.31"/>
  <testcase name="del[857]" classname="com.test.Client.ClientStressTest" time="0.124"/>
  <testcase name="del[858]" classname="com.test.Client.ClientStressTest" time="0.106"/>
  <testcase name="del[859]" classname="com.test.Client.ClientStressTest" time="0.122"/>
  <testcase name="del[860]" classname="com.test.Client.ClientStressTest" time="0.124"/>
  <testcase name="del[861]" classname="com.test.Client.ClientStressTest" time="0.286"/>
  <testcase name="del[862]" classname="com.test.Client.ClientStressTest" time="0.314"/>
  <testcase name="del[863]" classname="com.test.Client.ClientStressTest" time="0.305"/>
  <testcase name="del[864]" classname="com.test.Client.ClientStressTest" time="0.123"/>
  <testcase name="del[865]" classname="com.test.Client.ClientStressTest" time="0.274"/>
  <testcase name="del[866]" classname="com.test.Client.ClientStressTest" time="0.29"/>
  <testcase name="del[867]" classname="com.test.Client.ClientStressTest" time="0.287"/>
  <testcase name="del[868]" classname="com.test.Client.ClientStressTest" time="0.29"/>
  <testcase name="del[869]" classname="com.test.Client.ClientStressTest" time="0.11"/>
  <testcase name="del[870]" classname="com.test.Client.ClientStressTest" time="0.29"/>
  <testcase name="del[871]" classname="com.test.Client.ClientStressTest" time="0.276"/>
  <testcase name="del[872]" classname="com.test.Client.ClientStressTest" time="0.478"/>
  <testcase name="del[873]" classname="com.test.Client.ClientStressTest" time="0.245"/>
  <testcase name="del[874]" classname="com.test.Client.ClientStressTest" time="0.13"/>
  <testcase name="del[875]" classname="com.test.Client.ClientStressTest" time="0.267"/>
  <testcase name="del[876]" classname="com.test.Client.ClientStressTest" time="0.264"/>
  <testcase name="del[877]" classname="com.test.Client.ClientStressTest" time="0.142"/>
  <testcase name="del[878]" classname="com.test.Client.ClientStressTest" time="0.267"/>
  <testcase name="del[879]" classname="com.test.Client.ClientStressTest" time="0.346"/>
  <testcase name="del[880]" classname="com.test.Client.ClientStressTest" time="0.589"/>
  <testcase name="del[881]" classname="com.test.Client.ClientStressTest" time="0.567"/>
  <testcase name="del[882]" classname="com.test.Client.ClientStressTest" time="0.278"/>
  <testcase name="del[883]" classname="com.test.Client.ClientStressTest" time="0.287"/>
  <testcase name="del[884]" classname="com.test.Client.ClientStressTest" time="0.313"/>
  <testcase name="del[885]" classname="com.test.Client.ClientStressTest" time="0.32"/>
  <testcase name="del[886]" classname="com.test.Client.ClientStressTest" time="0.38"/>
  <testcase name="del[887]" classname="com.test.Client.ClientStressTest" time="0.117"/>
  <testcase name="del[888]" classname="com.test.Client.ClientStressTest" time="0.123"/>
  <testcase name="del[889]" classname="com.test.Client.ClientStressTest" time="0.121"/>
  <testcase name="del[890]" classname="com.test.Client.ClientStressTest" time="0.133"/>
  <testcase name="del[891]" classname="com.test.Client.ClientStressTest" time="0.121"/>
  <testcase name="del[892]" classname="com.test.Client.ClientStressTest" time="0.132"/>
  <testcase name="del[893]" classname="com.test.Client.ClientStressTest" time="0.114"/>
  <testcase name="del[894]" classname="com.test.Client.ClientStressTest" time="0.184"/>
  <testcase name="del[895]" classname="com.test.Client.ClientStressTest" time="0.133"/>
  <testcase name="del[896]" classname="com.test.Client.ClientStressTest" time="0.124"/>
  <testcase name="del[897]" classname="com.test.Client.ClientStressTest" time="0.107"/>
  <testcase name="del[898]" classname="com.test.Client.ClientStressTest" time="0.123"/>
  <testcase name="del[899]" classname="com.test.Client.ClientStressTest" time="0.107"/>
  <testcase name="del[900]" classname="com.test.Client.ClientStressTest" time="0.111"/>
  <testcase name="del[901]" classname="com.test.Client.ClientStressTest" time="0.143"/>
  <testcase name="del[902]" classname="com.test.Client.ClientStressTest" time="0.11"/>
  <testcase name="del[903]" classname="com.test.Client.ClientStressTest" time="0.3"/>
  <testcase name="del[904]" classname="com.test.Client.ClientStressTest" time="0.126"/>
  <testcase name="del[905]" classname="com.test.Client.ClientStressTest" time="0.107"/>
  <testcase name="del[906]" classname="com.test.Client.ClientStressTest" time="0.133"/>
  <testcase name="del[907]" classname="com.test.Client.ClientStressTest" time="0.123"/>
  <testcase name="del[908]" classname="com.test.Client.ClientStressTest" time="0.121"/>
  <testcase name="del[909]" classname="com.test.Client.ClientStressTest" time="0.143"/>
  <testcase name="del[910]" classname="com.test.Client.ClientStressTest" time="0.289"/>
  <testcase name="del[911]" classname="com.test.Client.ClientStressTest" time="0.131"/>
  <testcase name="del[912]" classname="com.test.Client.ClientStressTest" time="0.133"/>
  <testcase name="del[913]" classname="com.test.Client.ClientStressTest" time="0.132"/>
  <testcase name="del[914]" classname="com.test.Client.ClientStressTest" time="0.121"/>
  <testcase name="del[915]" classname="com.test.Client.ClientStressTest" time="0.133"/>
  <testcase name="del[916]" classname="com.test.Client.ClientStressTest" time="0.312"/>
  <testcase name="del[917]" classname="com.test.Client.ClientStressTest" time="0.11"/>
  <testcase name="del[918]" classname="com.test.Client.ClientStressTest" time="0.338"/>
  <testcase name="del[919]" classname="com.test.Client.ClientStressTest" time="0.272"/>
  <testcase name="del[920]" classname="com.test.Client.ClientStressTest" time="0.26"/>
  <testcase name="del[921]" classname="com.test.Client.ClientStressTest" time="0.133"/>
  <testcase name="del[922]" classname="com.test.Client.ClientStressTest" time="0.272"/>
  <testcase name="del[923]" classname="com.test.Client.ClientStressTest" time="0.268"/>
  <testcase name="del[924]" classname="com.test.Client.ClientStressTest" time="0.278"/>
  <testcase name="del[925]" classname="com.test.Client.ClientStressTest" time="0.299"/>
  <testcase name="del[926]" classname="com.test.Client.ClientStressTest" time="0.301"/>
  <testcase name="del[927]" classname="com.test.Client.ClientStressTest" time="0.302"/>
  <testcase name="del[928]" classname="com.test.Client.ClientStressTest" time="0.264"/>
  <testcase name="del[929]" classname="com.test.Client.ClientStressTest" time="0.234"/>
  <testcase name="del[930]" classname="com.test.Client.ClientStressTest" time="0.118"/>
  <testcase name="del[931]" classname="com.test.Client.ClientStressTest" time="0.156"/>
  <testcase name="del[932]" classname="com.test.Client.ClientStressTest" time="0.121"/>
  <testcase name="del[933]" classname="com.test.Client.ClientStressTest" time="0.301"/>
  <testcase name="del[934]" classname="com.test.Client.ClientStressTest" time="0.309"/>
  <testcase name="del[935]" classname="com.test.Client.ClientStressTest" time="0.276"/>
  <testcase name="del[936]" classname="com.test.Client.ClientStressTest" time="0.111"/>
  <testcase name="del[937]" classname="com.test.Client.ClientStressTest" time="0.278"/>
  <testcase name="del[938]" classname="com.test.Client.ClientStressTest" time="0.289"/>
  <testcase name="del[939]" classname="com.test.Client.ClientStressTest" time="0.318"/>
  <testcase name="del[940]" classname="com.test.Client.ClientStressTest" time="0.29"/>
  <testcase name="del[941]" classname="com.test.Client.ClientStressTest" time="0.305"/>
  <testcase name="del[942]" classname="com.test.Client.ClientStressTest" time="0.131"/>
  <testcase name="del[943]" classname="com.test.Client.ClientStressTest" time="0.288"/>
  <testcase name="del[944]" classname="com.test.Client.ClientStressTest" time="0.275"/>
  <testcase name="del[945]" classname="com.test.Client.ClientStressTest" time="0.477"/>
  <testcase name="del[946]" classname="com.test.Client.ClientStressTest" time="0.28"/>
  <testcase name="del[947]" classname="com.test.Client.ClientStressTest" time="0.302"/>
  <testcase name="del[948]" classname="com.test.Client.ClientStressTest" time="0.197"/>
  <testcase name="del[949]" classname="com.test.Client.ClientStressTest" time="0.133"/>
  <testcase name="del[950]" classname="com.test.Client.ClientStressTest" time="0.299"/>
  <testcase name="del[951]" classname="com.test.Client.ClientStressTest" time="0.289"/>
  <testcase name="del[952]" classname="com.test.Client.ClientStressTest" time="0.132"/>
  <testcase name="del[953]" classname="com.test.Client.ClientStressTest" time="0.311"/>
  <testcase name="del[954]" classname="com.test.Client.ClientStressTest" time="0.345"/>
  <testcase name="del[955]" classname="com.test.Client.ClientStressTest" time="0.276"/>
  <testcase name="del[956]" classname="com.test.Client.ClientStressTest" time="0.11"/>
  <testcase name="del[957]" classname="com.test.Client.ClientStressTest" time="0.199"/>
  <testcase name="del[958]" classname="com.test.Client.ClientStressTest" time="0.312"/>
  <testcase name="del[959]" classname="com.test.Client.ClientStressTest" time="0.111"/>
  <testcase name="del[960]" classname="com.test.Client.ClientStressTest" time="0.297"/>
  <testcase name="del[961]" classname="com.test.Client.ClientStressTest" time="0.301"/>
  <testcase name="del[962]" classname="com.test.Client.ClientStressTest" time="0.126"/>
  <testcase name="del[963]" classname="com.test.Client.ClientStressTest" time="0.285"/>
  <testcase name="del[964]" classname="com.test.Client.ClientStressTest" time="0.298"/>
  <testcase name="del[965]" classname="com.test.Client.ClientStressTest" time="0.134"/>
  <testcase name="del[966]" classname="com.test.Client.ClientStressTest" time="0.288"/>
  <testcase name="del[967]" classname="com.test.Client.ClientStressTest" time="0.277"/>
  <testcase name="del[968]" classname="com.test.Client.ClientStressTest" time="0.119"/>
  <testcase name="del[969]" classname="com.test.Client.ClientStressTest" time="0.301"/>
  <testcase name="del[970]" classname="com.test.Client.ClientStressTest" time="0.288"/>
  <testcase name="del[971]" classname="com.test.Client.ClientStressTest" time="0.302"/>
  <testcase name="del[972]" classname="com.test.Client.ClientStressTest" time="0.143"/>
  <testcase name="del[973]" classname="com.test.Client.ClientStressTest" time="0.298"/>
  <testcase name="del[974]" classname="com.test.Client.ClientStressTest" time="0.28"/>
  <testcase name="del[975]" classname="com.test.Client.ClientStressTest" time="0.287"/>
  <testcase name="del[976]" classname="com.test.Client.ClientStressTest" time="0.114"/>
  <testcase name="del[977]" classname="com.test.Client.ClientStressTest" time="0.201"/>
  <testcase name="del[978]" classname="com.test.Client.ClientStressTest" time="0.331"/>
  <testcase name="del[979]" classname="com.test.Client.ClientStressTest" time="0.144"/>
  <testcase name="del[980]" classname="com.test.Client.ClientStressTest" time="0.276"/>
  <testcase name="del[981]" classname="com.test.Client.ClientStressTest" time="0.333"/>
  <testcase name="del[982]" classname="com.test.Client.ClientStressTest" time="0.291"/>
  <testcase name="del[983]" classname="com.test.Client.ClientStressTest" time="0.119"/>
  <testcase name="del[984]" classname="com.test.Client.ClientStressTest" time="0.312"/>
  <testcase name="del[985]" classname="com.test.Client.ClientStressTest" time="0.243"/>
  <testcase name="del[986]" classname="com.test.Client.ClientStressTest" time="0.288"/>
  <testcase name="del[987]" classname="com.test.Client.ClientStressTest" time="0.277"/>
  <testcase name="del[988]" classname="com.test.Client.ClientStressTest" time="0.123"/>
  <testcase name="del[989]" classname="com.test.Client.ClientStressTest" time="0.276"/>
  <testcase name="del[990]" classname="com.test.Client.ClientStressTest" time="0.292"/>
  <testcase name="del[991]" classname="com.test.Client.ClientStressTest" time="0.341"/>
  <testcase name="del[992]" classname="com.test.Client.ClientStressTest" time="0.223"/>
  <testcase name="del[993]" classname="com.test.Client.ClientStressTest" time="0.053"/>
  <testcase name="del[994]" classname="com.test.Client.ClientStressTest" time="0.236"/>
  <testcase name="del[995]" classname="com.test.Client.ClientStressTest" time="0.175"/>
  <testcase name="del[996]" classname="com.test.Client.ClientStressTest" time="0.126"/>
  <testcase name="del[997]" classname="com.test.Client.ClientStressTest" time="0.051"/>
  <testcase name="del[998]" classname="com.test.Client.ClientStressTest" time="0.167"/>
  <testcase name="del[999]" classname="com.test.Client.ClientStressTest" time="0.054"/>
  <testcase name="del[1000]" classname="com.test.Client.ClientStressTest" time="0.066"/>
  <testcase name="get" classname="com.test.Client.ClientStressTest" time="0.009"/>
  <testcase name="get[1]" classname="com.test.Client.ClientStressTest" time="0.005"/>
  <testcase name="get[2]" classname="com.test.Client.ClientStressTest" time="0.007"/>
  <testcase name="get[3]" classname="com.test.Client.ClientStressTest" time="0.005"/>
  <testcase name="get[4]" classname="com.test.Client.ClientStressTest" time="0.006"/>
  <testcase name="get[5]" classname="com.test.Client.ClientStressTest" time="0.007"/>
  <testcase name="get[6]" classname="com.test.Client.ClientStressTest" time="0.006"/>
  <testcase name="get[7]" classname="com.test.Client.ClientStressTest" time="0.009"/>
  <testcase name="get[8]" classname="com.test.Client.ClientStressTest" time="0.004"/>
  <testcase name="get[9]" classname="com.test.Client.ClientStressTest" time="0.009"/>
  <testcase name="get[10]" classname="com.test.Client.ClientStressTest" time="0.005"/>
  <testcase name="get[11]" classname="com.test.Client.ClientStressTest" time="0.005"/>
  <testcase name="get[12]" classname="com.test.Client.ClientStressTest" time="0.007"/>
  <testcase name="get[13]" classname="com.test.Client.ClientStressTest" time="0.006"/>
  <testcase name="get[14]" classname="com.test.Client.ClientStressTest" time="0.014"/>
  <testcase name="get[15]" classname="com.test.Client.ClientStressTest" time="0.016"/>
  <testcase name="get[16]" classname="com.test.Client.ClientStressTest" time="0.004"/>
  <testcase name="get[17]" classname="com.test.Client.ClientStressTest" time="0.006"/>
  <testcase name="get[18]" classname="com.test.Client.ClientStressTest" time="0.005"/>
  <testcase name="get[19]" classname="com.test.Client.ClientStressTest" time="0.001"/>
  <testcase name="get[20]" classname="com.test.Client.ClientStressTest" time="0.003"/>
  <testcase name="get[21]" classname="com.test.Client.ClientStressTest" time="0.004"/>
  <testcase name="get[22]" classname="com.test.Client.ClientStressTest" time="0.008"/>
  <testcase name="get[23]" classname="com.test.Client.ClientStressTest" time="0.003"/>
  <testcase name="get[24]" classname="com.test.Client.ClientStressTest" time="0.003"/>
  <testcase name="get[25]" classname="com.test.Client.ClientStressTest" time="0.009"/>
  <testcase name="get[26]" classname="com.test.Client.ClientStressTest" time="0.005"/>
  <testcase name="get[27]" classname="com.test.Client.ClientStressTest" time="0.011"/>
  <testcase name="get[28]" classname="com.test.Client.ClientStressTest" time="0.004"/>
  <testcase name="get[29]" classname="com.test.Client.ClientStressTest" time="0.004"/>
  <testcase name="get[30]" classname="com.test.Client.ClientStressTest" time="0.008"/>
  <testcase name="get[31]" classname="com.test.Client.ClientStressTest" time="0.005"/>
  <testcase name="get[32]" classname="com.test.Client.ClientStressTest" time="0.009"/>
  <testcase name="get[33]" classname="com.test.Client.ClientStressTest" time="0.005"/>
  <testcase name="get[34]" classname="com.test.Client.ClientStressTest" time="0.01"/>
  <testcase name="get[35]" classname="com.test.Client.ClientStressTest" time="0.004"/>
  <testcase name="get[36]" classname="com.test.Client.ClientStressTest" time="0.003"/>
  <testcase name="get[37]" classname="com.test.Client.ClientStressTest" time="0.011"/>
  <testcase name="get[38]" classname="com.test.Client.ClientStressTest" time="0.004"/>
  <testcase name="get[39]" classname="com.test.Client.ClientStressTest" time="0.012"/>
  <testcase name="get[40]" classname="com.test.Client.ClientStressTest" time="0.005"/>
  <testcase name="get[41]" classname="com.test.Client.ClientStressTest" time="0.009"/>
  <testcase name="get[42]" classname="com.test.Client.ClientStressTest" time="0.005"/>
  <testcase name="get[43]" classname="com.test.Client.ClientStressTest" time="0.012"/>
  <testcase name="get[44]" classname="com.test.Client.ClientStressTest" time="0.016"/>
  <testcase name="get[45]" classname="com.test.Client.ClientStressTest" time="0.011"/>
  <testcase name="get[46]" classname="com.test.Client.ClientStressTest" time="0.006"/>
  <testcase name="get[47]" classname="com.test.Client.ClientStressTest" time="0.014"/>
  <testcase name="get[48]" classname="com.test.Client.ClientStressTest" time="0.013"/>
  <testcase name="get[49]" classname="com.test.Client.ClientStressTest" time="0.015"/>
  <testcase name="get[50]" classname="com.test.Client.ClientStressTest" time="0.01"/>
  <testcase name="get[51]" classname="com.test.Client.ClientStressTest" time="0.007"/>
  <testcase name="get[52]" classname="com.test.Client.ClientStressTest" time="0.011"/>
  <testcase name="get[53]" classname="com.test.Client.ClientStressTest" time="0.015"/>
  <testcase name="get[54]" classname="com.test.Client.ClientStressTest" time="0.009"/>
  <testcase name="get[55]" classname="com.test.Client.ClientStressTest" time="0.007"/>
  <testcase name="get[56]" classname="com.test.Client.ClientStressTest" time="0.015"/>
  <testcase name="get[57]" classname="com.test.Client.ClientStressTest" time="0.006"/>
  <testcase name="get[58]" classname="com.test.Client.ClientStressTest" time="0.008"/>
  <testcase name="get[59]" classname="com.test.Client.ClientStressTest" time="0.017"/>
  <testcase name="get[60]" classname="com.test.Client.ClientStressTest" time="0.009"/>
  <testcase name="get[61]" classname="com.test.Client.ClientStressTest" time="0.01"/>
  <testcase name="get[62]" classname="com.test.Client.ClientStressTest" time="0.003"/>
  <testcase name="get[63]" classname="com.test.Client.ClientStressTest" time="0.009"/>
  <testcase name="get[64]" classname="com.test.Client.ClientStressTest" time="0.003"/>
  <testcase name="get[65]" classname="com.test.Client.ClientStressTest" time="0.003"/>
  <testcase name="get[66]" classname="com.test.Client.ClientStressTest" time="0.008"/>
  <testcase name="get[67]" classname="com.test.Client.ClientStressTest" time="0.003"/>
  <testcase name="get[68]" classname="com.test.Client.ClientStressTest" time="0.003"/>
  <testcase name="get[69]" classname="com.test.Client.ClientStressTest" time="0.009"/>
  <testcase name="get[70]" classname="com.test.Client.ClientStressTest" time="0.003"/>
  <testcase name="get[71]" classname="com.test.Client.ClientStressTest" time="0.003"/>
  <testcase name="get[72]" classname="com.test.Client.ClientStressTest" time="0.011"/>
  <testcase name="get[73]" classname="com.test.Client.ClientStressTest" time="0.01"/>
  <testcase name="get[74]" classname="com.test.Client.ClientStressTest" time="0.003"/>
  <testcase name="get[75]" classname="com.test.Client.ClientStressTest" time="0.004"/>
  <testcase name="get[76]" classname="com.test.Client.ClientStressTest" time="0.004"/>
  <testcase name="get[77]" classname="com.test.Client.ClientStressTest" time="0.009"/>
  <testcase name="get[78]" classname="com.test.Client.ClientStressTest" time="0.004"/>
  <testcase name="get[79]" classname="com.test.Client.ClientStressTest" time="0.009"/>
  <testcase name="get[80]" classname="com.test.Client.ClientStressTest" time="0.005"/>
  <testcase name="get[81]" classname="com.test.Client.ClientStressTest" time="0.004"/>
  <testcase name="get[82]" classname="com.test.Client.ClientStressTest" time="0.012"/>
  <testcase name="get[83]" classname="com.test.Client.ClientStressTest" time="0.003"/>
  <testcase name="get[84]" classname="com.test.Client.ClientStressTest" time="0.011"/>
  <testcase name="get[85]" classname="com.test.Client.ClientStressTest" time="0.004"/>
  <testcase name="get[86]" classname="com.test.Client.ClientStressTest" time="0.006"/>
  <testcase name="get[87]" classname="com.test.Client.ClientStressTest" time="0.004"/>
  <testcase name="get[88]" classname="com.test.Client.ClientStressTest" time="0.005"/>
  <testcase name="get[89]" classname="com.test.Client.ClientStressTest" time="0.006"/>
  <testcase name="get[90]" classname="com.test.Client.ClientStressTest" time="0.004"/>
  <testcase name="get[91]" classname="com.test.Client.ClientStressTest" time="0.012"/>
  <testcase name="get[92]" classname="com.test.Client.ClientStressTest" time="0.004"/>
  <testcase name="get[93]" classname="com.test.Client.ClientStressTest" time="0.005"/>
  <testcase name="get[94]" classname="com.test.Client.ClientStressTest" time="0.008"/>
  <testcase name="get[95]" classname="com.test.Client.ClientStressTest" time="0.006"/>
  <testcase name="get[96]" classname="com.test.Client.ClientStressTest" time="0.012"/>
  <testcase name="get[97]" classname="com.test.Client.ClientStressTest" time="0.005"/>
  <testcase name="get[98]" classname="com.test.Client.ClientStressTest" time="0.007"/>
  <testcase name="get[99]" classname="com.test.Client.ClientStressTest" time="0.006"/>
  <testcase name="get[100]" classname="com.test.Client.ClientStressTest" time="0.005"/>
  <testcase name="get[101]" classname="com.test.Client.ClientStressTest" time="0.006"/>
  <testcase name="get[102]" classname="com.test.Client.ClientStressTest" time="0.005"/>
  <testcase name="get[103]" classname="com.test.Client.ClientStressTest" time="0.009"/>
  <testcase name="get[104]" classname="com.test.Client.ClientStressTest" time="0.004"/>
  <testcase name="get[105]" classname="com.test.Client.ClientStressTest" time="0.003"/>
  <testcase name="get[106]" classname="com.test.Client.ClientStressTest" time="0.004"/>
  <testcase name="get[107]" classname="com.test.Client.ClientStressTest" time="0.004"/>
  <testcase name="get[108]" classname="com.test.Client.ClientStressTest" time="0.006"/>
  <testcase name="get[109]" classname="com.test.Client.ClientStressTest" time="0.008"/>
  <testcase name="get[110]" classname="com.test.Client.ClientStressTest" time="0.005"/>
  <testcase name="get[111]" classname="com.test.Client.ClientStressTest" time="0.009"/>
  <testcase name="get[112]" classname="com.test.Client.ClientStressTest" time="0.005"/>
  <testcase name="get[113]" classname="com.test.Client.ClientStressTest" time="0.005"/>
  <testcase name="get[114]" classname="com.test.Client.ClientStressTest" time="0.007"/>
  <testcase name="get[115]" classname="com.test.Client.ClientStressTest" time="0.004"/>
  <testcase name="get[116]" classname="com.test.Client.ClientStressTest" time="0.009"/>
  <testcase name="get[117]" classname="com.test.Client.ClientStressTest" time="0.006"/>
  <testcase name="get[118]" classname="com.test.Client.ClientStressTest" time="0.01"/>
  <testcase name="get[119]" classname="com.test.Client.ClientStressTest" time="0.005"/>
  <testcase name="get[120]" classname="com.test.Client.ClientStressTest" time="0.005"/>
  <testcase name="get[121]" classname="com.test.Client.ClientStressTest" time="0.007"/>
  <testcase name="get[122]" classname="com.test.Client.ClientStressTest" time="0.003"/>
  <testcase name="get[123]" classname="com.test.Client.ClientStressTest" time="0.008"/>
  <testcase name="get[124]" classname="com.test.Client.ClientStressTest" time="0.005"/>
  <testcase name="get[125]" classname="com.test.Client.ClientStressTest" time="0.003"/>
  <testcase name="get[126]" classname="com.test.Client.ClientStressTest" time="0.005"/>
  <testcase name="get[127]" classname="com.test.Client.ClientStressTest" time="0.005"/>
  <testcase name="get[128]" classname="com.test.Client.ClientStressTest" time="0.01"/>
  <testcase name="get[129]" classname="com.test.Client.ClientStressTest" time="0.005"/>
  <testcase name="get[130]" classname="com.test.Client.ClientStressTest" time="0.005"/>
  <testcase name="get[131]" classname="com.test.Client.ClientStressTest" time="0.016"/>
  <testcase name="get[132]" classname="com.test.Client.ClientStressTest" time="0.008"/>
  <testcase name="get[133]" classname="com.test.Client.ClientStressTest" time="0.009"/>
  <testcase name="get[134]" classname="com.test.Client.ClientStressTest" time="0.007"/>
  <testcase name="get[135]" classname="com.test.Client.ClientStressTest" time="0.007"/>
  <testcase name="get[136]" classname="com.test.Client.ClientStressTest" time="0.015"/>
  <testcase name="get[137]" classname="com.test.Client.ClientStressTest" time="0.018"/>
  <testcase name="get[138]" classname="com.test.Client.ClientStressTest" time="0.008"/>
  <testcase name="get[139]" classname="com.test.Client.ClientStressTest" time="0.009"/>
  <testcase name="get[140]" classname="com.test.Client.ClientStressTest" time="0.006"/>
  <testcase name="get[141]" classname="com.test.Client.ClientStressTest" time="0.008"/>
  <testcase name="get[142]" classname="com.test.Client.ClientStressTest" time="0.006"/>
  <testcase name="get[143]" classname="com.test.Client.ClientStressTest" time="0.006"/>
  <testcase name="get[144]" classname="com.test.Client.ClientStressTest" time="0.006"/>
  <testcase name="get[145]" classname="com.test.Client.ClientStressTest" time="0.006"/>
  <testcase name="get[146]" classname="com.test.Client.ClientStressTest" time="0.025"/>
  <testcase name="get[147]" classname="com.test.Client.ClientStressTest" time="0.008"/>
  <testcase name="get[148]" classname="com.test.Client.ClientStressTest" time="0.007"/>
  <testcase name="get[149]" classname="com.test.Client.ClientStressTest" time="0.005"/>
  <testcase name="get[150]" classname="com.test.Client.ClientStressTest" time="0.011"/>
  <testcase name="get[151]" classname="com.test.Client.ClientStressTest" time="0.003"/>
  <testcase name="get[152]" classname="com.test.Client.ClientStressTest" time="0.013"/>
  <testcase name="get[153]" classname="com.test.Client.ClientStressTest" time="0.004"/>
  <testcase name="get[154]" classname="com.test.Client.ClientStressTest" time="0.009"/>
  <testcase name="get[155]" classname="com.test.Client.ClientStressTest" time="0.004"/>
  <testcase name="get[156]" classname="com.test.Client.ClientStressTest" time="0.01"/>
  <testcase name="get[157]" classname="com.test.Client.ClientStressTest" time="0"/>
  <testcase name="get[158]" classname="com.test.Client.ClientStressTest" time="0.003"/>
  <testcase name="get[159]" classname="com.test.Client.ClientStressTest" time="0.009"/>
  <testcase name="get[160]" classname="com.test.Client.ClientStressTest" time="0.002"/>
  <testcase name="get[161]" classname="com.test.Client.ClientStressTest" time="0.005"/>
  <testcase name="get[162]" classname="com.test.Client.ClientStressTest" time="0.014"/>
  <testcase name="get[163]" classname="com.test.Client.ClientStressTest" time="0"/>
  <testcase name="get[164]" classname="com.test.Client.ClientStressTest" time="0.008"/>
  <testcase name="get[165]" classname="com.test.Client.ClientStressTest" time="0.004"/>
  <testcase name="get[166]" classname="com.test.Client.ClientStressTest" time="0.004"/>
  <testcase name="get[167]" classname="com.test.Client.ClientStressTest" time="0.014"/>
  <testcase name="get[168]" classname="com.test.Client.ClientStressTest" time="0.005"/>
  <testcase name="get[169]" classname="com.test.Client.ClientStressTest" time="0.008"/>
  <testcase name="get[170]" classname="com.test.Client.ClientStressTest" time="0.006"/>
  <testcase name="get[171]" classname="com.test.Client.ClientStressTest" time="0.011"/>
  <testcase name="get[172]" classname="com.test.Client.ClientStressTest" time="0.003"/>
  <testcase name="get[173]" classname="com.test.Client.ClientStressTest" time="0.004"/>
  <testcase name="get[174]" classname="com.test.Client.ClientStressTest" time="0.005"/>
  <testcase name="get[175]" classname="com.test.Client.ClientStressTest" time="0.004"/>
  <testcase name="get[176]" classname="com.test.Client.ClientStressTest" time="0.003"/>
  <testcase name="get[177]" classname="com.test.Client.ClientStressTest" time="0.011"/>
  <testcase name="get[178]" classname="com.test.Client.ClientStressTest" time="0.004"/>
  <testcase name="get[179]" classname="com.test.Client.ClientStressTest" time="0.005"/>
  <testcase name="get[180]" classname="com.test.Client.ClientStressTest" time="0.005"/>
  <testcase name="get[181]" classname="com.test.Client.ClientStressTest" time="0.003"/>
  <testcase name="get[182]" classname="com.test.Client.ClientStressTest" time="0.006"/>
  <testcase name="get[183]" classname="com.test.Client.ClientStressTest" time="0.024"/>
  <testcase name="get[184]" classname="com.test.Client.ClientStressTest" time="0.005"/>
  <testcase name="get[185]" classname="com.test.Client.ClientStressTest" time="0.012"/>
  <testcase name="get[186]" classname="com.test.Client.ClientStressTest" time="0.005"/>
  <testcase name="get[187]" classname="com.test.Client.ClientStressTest" time="0.011"/>
  <testcase name="get[188]" classname="com.test.Client.ClientStressTest" time="0.005"/>
  <testcase name="get[189]" classname="com.test.Client.ClientStressTest" time="0.009"/>
  <testcase name="get[190]" classname="com.test.Client.ClientStressTest" time="0.005"/>
  <testcase name="get[191]" classname="com.test.Client.ClientStressTest" time="0.01"/>
  <testcase name="get[192]" classname="com.test.Client.ClientStressTest" time="0.004"/>
  <testcase name="get[193]" classname="com.test.Client.ClientStressTest" time="0.008"/>
  <testcase name="get[194]" classname="com.test.Client.ClientStressTest" time="0.008"/>
  <testcase name="get[195]" classname="com.test.Client.ClientStressTest" time="0.011"/>
  <testcase name="get[196]" classname="com.test.Client.ClientStressTest" time="0.007"/>
  <testcase name="get[197]" classname="com.test.Client.ClientStressTest" time="0.015"/>
  <testcase name="get[198]" classname="com.test.Client.ClientStressTest" time="0.009"/>
  <testcase name="get[199]" classname="com.test.Client.ClientStressTest" time="0.005"/>
  <testcase name="get[200]" classname="com.test.Client.ClientStressTest" time="0.011"/>
  <testcase name="get[201]" classname="com.test.Client.ClientStressTest" time="0.017"/>
  <testcase name="get[202]" classname="com.test.Client.ClientStressTest" time="0.012"/>
  <testcase name="get[203]" classname="com.test.Client.ClientStressTest" time="0.008"/>
  <testcase name="get[204]" classname="com.test.Client.ClientStressTest" time="0.01"/>
  <testcase name="get[205]" classname="com.test.Client.ClientStressTest" time="0.031"/>
  <testcase name="get[206]" classname="com.test.Client.ClientStressTest" time="0.01"/>
  <testcase name="get[207]" classname="com.test.Client.ClientStressTest" time="0.014"/>
  <testcase name="get[208]" classname="com.test.Client.ClientStressTest" time="0.008"/>
  <testcase name="get[209]" classname="com.test.Client.ClientStressTest" time="0.004"/>
  <testcase name="get[210]" classname="com.test.Client.ClientStressTest" time="0.013"/>
  <testcase name="get[211]" classname="com.test.Client.ClientStressTest" time="0.008"/>
  <testcase name="get[212]" classname="com.test.Client.ClientStressTest" time="0.006"/>
  <testcase name="get[213]" classname="com.test.Client.ClientStressTest" time="0.013"/>
  <testcase name="get[214]" classname="com.test.Client.ClientStressTest" time="0.011"/>
  <testcase name="get[215]" classname="com.test.Client.ClientStressTest" time="0.004"/>
  <testcase name="get[216]" classname="com.test.Client.ClientStressTest" time="0.035"/>
  <testcase name="get[217]" classname="com.test.Client.ClientStressTest" time="0.014"/>
  <testcase name="get[218]" classname="com.test.Client.ClientStressTest" time="0.01"/>
  <testcase name="get[219]" classname="com.test.Client.ClientStressTest" time="0.01"/>
  <testcase name="get[220]" classname="com.test.Client.ClientStressTest" time="0.006"/>
  <testcase name="get[221]" classname="com.test.Client.ClientStressTest" time="0.003"/>
  <testcase name="get[222]" classname="com.test.Client.ClientStressTest" time="0.006"/>
  <testcase name="get[223]" classname="com.test.Client.ClientStressTest" time="0.009"/>
  <testcase name="get[224]" classname="com.test.Client.ClientStressTest" time="0.004"/>
  <testcase name="get[225]" classname="com.test.Client.ClientStressTest" time="0.005"/>
  <testcase name="get[226]" classname="com.test.Client.ClientStressTest" time="0.011"/>
  <testcase name="get[227]" classname="com.test.Client.ClientStressTest" time="0.005"/>
  <testcase name="get[228]" classname="com.test.Client.ClientStressTest" time="0.009"/>
  <testcase name="get[229]" classname="com.test.Client.ClientStressTest" time="0.005"/>
  <testcase name="get[230]" classname="com.test.Client.ClientStressTest" time="0.011"/>
  <testcase name="get[231]" classname="com.test.Client.ClientStressTest" time="0.006"/>
  <testcase name="get[232]" classname="com.test.Client.ClientStressTest" time="0.009"/>
  <testcase name="get[233]" classname="com.test.Client.ClientStressTest" time="0.004"/>
  <testcase name="get[234]" classname="com.test.Client.ClientStressTest" time="0.014"/>
  <testcase name="get[235]" classname="com.test.Client.ClientStressTest" time="0.033"/>
  <testcase name="get[236]" classname="com.test.Client.ClientStressTest" time="0.004"/>
  <testcase name="get[237]" classname="com.test.Client.ClientStressTest" time="0.01"/>
  <testcase name="get[238]" classname="com.test.Client.ClientStressTest" time="0.021"/>
  <testcase name="get[239]" classname="com.test.Client.ClientStressTest" time="0"/>
  <testcase name="get[240]" classname="com.test.Client.ClientStressTest" time="0.011"/>
  <testcase name="get[241]" classname="com.test.Client.ClientStressTest" time="0.004"/>
  <testcase name="get[242]" classname="com.test.Client.ClientStressTest" time="0.017"/>
  <testcase name="get[243]" classname="com.test.Client.ClientStressTest" time="0.006"/>
  <testcase name="get[244]" classname="com.test.Client.ClientStressTest" time="0.027"/>
  <testcase name="get[245]" classname="com.test.Client.ClientStressTest" time="0.025"/>
  <testcase name="get[246]" classname="com.test.Client.ClientStressTest" time="0.005"/>
  <testcase name="get[247]" classname="com.test.Client.ClientStressTest" time="0.006"/>
  <testcase name="get[248]" classname="com.test.Client.ClientStressTest" time="0.007"/>
  <testcase name="get[249]" classname="com.test.Client.ClientStressTest" time="0.005"/>
  <testcase name="get[250]" classname="com.test.Client.ClientStressTest" time="0.011"/>
  <testcase name="get[251]" classname="com.test.Client.ClientStressTest" time="0.007"/>
  <testcase name="get[252]" classname="com.test.Client.ClientStressTest" time="0.011"/>
  <testcase name="get[253]" classname="com.test.Client.ClientStressTest" time="0.005"/>
  <testcase name="get[254]" classname="com.test.Client.ClientStressTest" time="0.014"/>
  <testcase name="get[255]" classname="com.test.Client.ClientStressTest" time="0.016"/>
  <testcase name="get[256]" classname="com.test.Client.ClientStressTest" time="0.006"/>
  <testcase name="get[257]" classname="com.test.Client.ClientStressTest" time="0.01"/>
  <testcase name="get[258]" classname="com.test.Client.ClientStressTest" time="0.007"/>
  <testcase name="get[259]" classname="com.test.Client.ClientStressTest" time="0.008"/>
  <testcase name="get[260]" classname="com.test.Client.ClientStressTest" time="0.004"/>
  <testcase name="get[261]" classname="com.test.Client.ClientStressTest" time="0.009"/>
  <testcase name="get[262]" classname="com.test.Client.ClientStressTest" time="0.01"/>
  <testcase name="get[263]" classname="com.test.Client.ClientStressTest" time="0.005"/>
  <testcase name="get[264]" classname="com.test.Client.ClientStressTest" time="0.006"/>
  <testcase name="get[265]" classname="com.test.Client.ClientStressTest" time="0.011"/>
  <testcase name="get[266]" classname="com.test.Client.ClientStressTest" time="0.015"/>
  <testcase name="get[267]" classname="com.test.Client.ClientStressTest" time="0.004"/>
  <testcase name="get[268]" classname="com.test.Client.ClientStressTest" time="0.007"/>
  <testcase name="get[269]" classname="com.test.Client.ClientStressTest" time="0.017"/>
  <testcase name="get[270]" classname="com.test.Client.ClientStressTest" time="0.005"/>
  <testcase name="get[271]" classname="com.test.Client.ClientStressTest" time="0.006"/>
  <testcase name="get[272]" classname="com.test.Client.ClientStressTest" time="0.01"/>
  <testcase name="get[273]" classname="com.test.Client.ClientStressTest" time="0.004"/>
  <testcase name="get[274]" classname="com.test.Client.ClientStressTest" time="0.011"/>
  <testcase name="get[275]" classname="com.test.Client.ClientStressTest" time="0.005"/>
  <testcase name="get[276]" classname="com.test.Client.ClientStressTest" time="0.012"/>
  <testcase name="get[277]" classname="com.test.Client.ClientStressTest" time="0.007"/>
  <testcase name="get[278]" classname="com.test.Client.ClientStressTest" time="0.006"/>
  <testcase name="get[279]" classname="com.test.Client.ClientStressTest" time="0.006"/>
  <testcase name="get[280]" classname="com.test.Client.ClientStressTest" time="0.013"/>
  <testcase name="get[281]" classname="com.test.Client.ClientStressTest" time="0.005"/>
  <testcase name="get[282]" classname="com.test.Client.ClientStressTest" time="0.009"/>
  <testcase name="get[283]" classname="com.test.Client.ClientStressTest" time="0.004"/>
  <testcase name="get[284]" classname="com.test.Client.ClientStressTest" time="0.013"/>
  <testcase name="get[285]" classname="com.test.Client.ClientStressTest" time="0.01"/>
  <testcase name="get[286]" classname="com.test.Client.ClientStressTest" time="0.004"/>
  <testcase name="get[287]" classname="com.test.Client.ClientStressTest" time="0.003"/>
  <testcase name="get[288]" classname="com.test.Client.ClientStressTest" time="0.008"/>
  <testcase name="get[289]" classname="com.test.Client.ClientStressTest" time="0.001"/>
  <testcase name="get[290]" classname="com.test.Client.ClientStressTest" time="0.005"/>
  <testcase name="get[291]" classname="com.test.Client.ClientStressTest" time="0.007"/>
  <testcase name="get[292]" classname="com.test.Client.ClientStressTest" time="0.008"/>
  <testcase name="get[293]" classname="com.test.Client.ClientStressTest" time="0.005"/>
  <testcase name="get[294]" classname="com.test.Client.ClientStressTest" time="0.009"/>
  <testcase name="get[295]" classname="com.test.Client.ClientStressTest" time="0.007"/>
  <testcase name="get[296]" classname="com.test.Client.ClientStressTest" time="0.01"/>
  <testcase name="get[297]" classname="com.test.Client.ClientStressTest" time="0.01"/>
  <testcase name="get[298]" classname="com.test.Client.ClientStressTest" time="0.006"/>
  <testcase name="get[299]" classname="com.test.Client.ClientStressTest" time="0.009"/>
  <testcase name="get[300]" classname="com.test.Client.ClientStressTest" time="0.006"/>
  <testcase name="get[301]" classname="com.test.Client.ClientStressTest" time="0.012"/>
  <testcase name="get[302]" classname="com.test.Client.ClientStressTest" time="0.014"/>
  <testcase name="get[303]" classname="com.test.Client.ClientStressTest" time="0.004"/>
  <testcase name="get[304]" classname="com.test.Client.ClientStressTest" time="0.007"/>
  <testcase name="get[305]" classname="com.test.Client.ClientStressTest" time="0.005"/>
  <testcase name="get[306]" classname="com.test.Client.ClientStressTest" time="0.005"/>
  <testcase name="get[307]" classname="com.test.Client.ClientStressTest" time="0.012"/>
  <testcase name="get[308]" classname="com.test.Client.ClientStressTest" time="0.006"/>
  <testcase name="get[309]" classname="com.test.Client.ClientStressTest" time="0.004"/>
  <testcase name="get[310]" classname="com.test.Client.ClientStressTest" time="0.01"/>
  <testcase name="get[311]" classname="com.test.Client.ClientStressTest" time="0.014"/>
  <testcase name="get[312]" classname="com.test.Client.ClientStressTest" time="0.008"/>
  <testcase name="get[313]" classname="com.test.Client.ClientStressTest" time="0.013"/>
  <testcase name="get[314]" classname="com.test.Client.ClientStressTest" time="0.01"/>
  <testcase name="get[315]" classname="com.test.Client.ClientStressTest" time="0.003"/>
  <testcase name="get[316]" classname="com.test.Client.ClientStressTest" time="0.016"/>
  <testcase name="get[317]" classname="com.test.Client.ClientStressTest" time="0.006"/>
  <testcase name="get[318]" classname="com.test.Client.ClientStressTest" time="0.009"/>
  <testcase name="get[319]" classname="com.test.Client.ClientStressTest" time="0.004"/>
  <testcase name="get[320]" classname="com.test.Client.ClientStressTest" time="0.005"/>
  <testcase name="get[321]" classname="com.test.Client.ClientStressTest" time="0.005"/>
  <testcase name="get[322]" classname="com.test.Client.ClientStressTest" time="0.004"/>
  <testcase name="get[323]" classname="com.test.Client.ClientStressTest" time="0.007"/>
  <testcase name="get[324]" classname="com.test.Client.ClientStressTest" time="0.005"/>
  <testcase name="get[325]" classname="com.test.Client.ClientStressTest" time="0.004"/>
  <testcase name="get[326]" classname="com.test.Client.ClientStressTest" time="0.012"/>
  <testcase name="get[327]" classname="com.test.Client.ClientStressTest" time="0.006"/>
  <testcase name="get[328]" classname="com.test.Client.ClientStressTest" time="0.006"/>
  <testcase name="get[329]" classname="com.test.Client.ClientStressTest" time="0.014"/>
  <testcase name="get[330]" classname="com.test.Client.ClientStressTest" time="0.007"/>
  <testcase name="get[331]" classname="com.test.Client.ClientStressTest" time="0.007"/>
  <testcase name="get[332]" classname="com.test.Client.ClientStressTest" time="0.007"/>
  <testcase name="get[333]" classname="com.test.Client.ClientStressTest" time="0.003"/>
  <testcase name="get[334]" classname="com.test.Client.ClientStressTest" time="0.015"/>
  <testcase name="get[335]" classname="com.test.Client.ClientStressTest" time="0.016"/>
  <testcase name="get[336]" classname="com.test.Client.ClientStressTest" time="0.005"/>
  <testcase name="get[337]" classname="com.test.Client.ClientStressTest" time="0.007"/>
  <testcase name="get[338]" classname="com.test.Client.ClientStressTest" time="0.009"/>
  <testcase name="get[339]" classname="com.test.Client.ClientStressTest" time="0.004"/>
  <testcase name="get[340]" classname="com.test.Client.ClientStressTest" time="0.006"/>
  <testcase name="get[341]" classname="com.test.Client.ClientStressTest" time="0.007"/>
  <testcase name="get[342]" classname="com.test.Client.ClientStressTest" time="0.005"/>
  <testcase name="get[343]" classname="com.test.Client.ClientStressTest" time="0.011"/>
  <testcase name="get[344]" classname="com.test.Client.ClientStressTest" time="0.004"/>
  <testcase name="get[345]" classname="com.test.Client.ClientStressTest" time="0.007"/>
  <testcase name="get[346]" classname="com.test.Client.ClientStressTest" time="0.003"/>
  <testcase name="get[347]" classname="com.test.Client.ClientStressTest" time="0.009"/>
  <testcase name="get[348]" classname="com.test.Client.ClientStressTest" time="0.005"/>
  <testcase name="get[349]" classname="com.test.Client.ClientStressTest" time="0.009"/>
  <testcase name="get[350]" classname="com.test.Client.ClientStressTest" time="0.004"/>
  <testcase name="get[351]" classname="com.test.Client.ClientStressTest" time="0.004"/>
  <testcase name="get[352]" classname="com.test.Client.ClientStressTest" time="0.01"/>
  <testcase name="get[353]" classname="com.test.Client.ClientStressTest" time="0.006"/>
  <testcase name="get[354]" classname="com.test.Client.ClientStressTest" time="0.006"/>
  <testcase name="get[355]" classname="com.test.Client.ClientStressTest" time="0.003"/>
  <testcase name="get[356]" classname="com.test.Client.ClientStressTest" time="0.003"/>
  <testcase name="get[357]" classname="com.test.Client.ClientStressTest" time="0.011"/>
  <testcase name="get[358]" classname="com.test.Client.ClientStressTest" time="0.004"/>
  <testcase name="get[359]" classname="com.test.Client.ClientStressTest" time="0.004"/>
  <testcase name="get[360]" classname="com.test.Client.ClientStressTest" time="0.006"/>
  <testcase name="get[361]" classname="com.test.Client.ClientStressTest" time="0.003"/>
  <testcase name="get[362]" classname="com.test.Client.ClientStressTest" time="0.005"/>
  <testcase name="get[363]" classname="com.test.Client.ClientStressTest" time="0.01"/>
  <testcase name="get[364]" classname="com.test.Client.ClientStressTest" time="0.004"/>
  <testcase name="get[365]" classname="com.test.Client.ClientStressTest" time="0.005"/>
  <testcase name="get[366]" classname="com.test.Client.ClientStressTest" time="0.005"/>
  <testcase name="get[367]" classname="com.test.Client.ClientStressTest" time="0.003"/>
  <testcase name="get[368]" classname="com.test.Client.ClientStressTest" time="0.007"/>
  <testcase name="get[369]" classname="com.test.Client.ClientStressTest" time="0.008"/>
  <testcase name="get[370]" classname="com.test.Client.ClientStressTest" time="0.003"/>
  <testcase name="get[371]" classname="com.test.Client.ClientStressTest" time="0.004"/>
  <testcase name="get[372]" classname="com.test.Client.ClientStressTest" time="0.004"/>
  <testcase name="get[373]" classname="com.test.Client.ClientStressTest" time="0.017"/>
  <testcase name="get[374]" classname="com.test.Client.ClientStressTest" time="0.004"/>
  <testcase name="get[375]" classname="com.test.Client.ClientStressTest" time="0.008"/>
  <testcase name="get[376]" classname="com.test.Client.ClientStressTest" time="0.006"/>
  <testcase name="get[377]" classname="com.test.Client.ClientStressTest" time="0.008"/>
  <testcase name="get[378]" classname="com.test.Client.ClientStressTest" time="0.007"/>
  <testcase name="get[379]" classname="com.test.Client.ClientStressTest" time="0.004"/>
  <testcase name="get[380]" classname="com.test.Client.ClientStressTest" time="0.007"/>
  <testcase name="get[381]" classname="com.test.Client.ClientStressTest" time="0.003"/>
  <testcase name="get[382]" classname="com.test.Client.ClientStressTest" time="0.002"/>
  <testcase name="get[383]" classname="com.test.Client.ClientStressTest" time="0.013"/>
  <testcase name="get[384]" classname="com.test.Client.ClientStressTest" time="0.004"/>
  <testcase name="get[385]" classname="com.test.Client.ClientStressTest" time="0.004"/>
  <testcase name="get[386]" classname="com.test.Client.ClientStressTest" time="0.005"/>
  <testcase name="get[387]" classname="com.test.Client.ClientStressTest" time="0.003"/>
  <testcase name="get[388]" classname="com.test.Client.ClientStressTest" time="0.005"/>
  <testcase name="get[389]" classname="com.test.Client.ClientStressTest" time="0.007"/>
  <testcase name="get[390]" classname="com.test.Client.ClientStressTest" time="0.007"/>
  <testcase name="get[391]" classname="com.test.Client.ClientStressTest" time="0.005"/>
  <testcase name="get[392]" classname="com.test.Client.ClientStressTest" time="0.005"/>
  <testcase name="get[393]" classname="com.test.Client.ClientStressTest" time="0.004"/>
  <testcase name="get[394]" classname="com.test.Client.ClientStressTest" time="0.008"/>
  <testcase name="get[395]" classname="com.test.Client.ClientStressTest" time="0.004"/>
  <testcase name="get[396]" classname="com.test.Client.ClientStressTest" time="0.004"/>
  <testcase name="get[397]" classname="com.test.Client.ClientStressTest" time="0.01"/>
  <testcase name="get[398]" classname="com.test.Client.ClientStressTest" time="0.003"/>
  <testcase name="get[399]" classname="com.test.Client.ClientStressTest" time="0.004"/>
  <testcase name="get[400]" classname="com.test.Client.ClientStressTest" time="0.007"/>
  <testcase name="get[401]" classname="com.test.Client.ClientStressTest" time="0.007"/>
  <testcase name="get[402]" classname="com.test.Client.ClientStressTest" time="0.003"/>
  <testcase name="get[403]" classname="com.test.Client.ClientStressTest" time="0.006"/>
  <testcase name="get[404]" classname="com.test.Client.ClientStressTest" time="0.003"/>
  <testcase name="get[405]" classname="com.test.Client.ClientStressTest" time="0.004"/>
  <testcase name="get[406]" classname="com.test.Client.ClientStressTest" time="0.01"/>
  <testcase name="get[407]" classname="com.test.Client.ClientStressTest" time="0.005"/>
  <testcase name="get[408]" classname="com.test.Client.ClientStressTest" time="0.004"/>
  <testcase name="get[409]" classname="com.test.Client.ClientStressTest" time="0.005"/>
  <testcase name="get[410]" classname="com.test.Client.ClientStressTest" time="0.004"/>
  <testcase name="get[411]" classname="com.test.Client.ClientStressTest" time="0.004"/>
  <testcase name="get[412]" classname="com.test.Client.ClientStressTest" time="0.008"/>
  <testcase name="get[413]" classname="com.test.Client.ClientStressTest" time="0.004"/>
  <testcase name="get[414]" classname="com.test.Client.ClientStressTest" time="0.012"/>
  <testcase name="get[415]" classname="com.test.Client.ClientStressTest" time="0.005"/>
  <testcase name="get[416]" classname="com.test.Client.ClientStressTest" time="0.013"/>
  <testcase name="get[417]" classname="com.test.Client.ClientStressTest" time="0.007"/>
  <testcase name="get[418]" classname="com.test.Client.ClientStressTest" time="0.004"/>
  <testcase name="get[419]" classname="com.test.Client.ClientStressTest" time="0.004"/>
  <testcase name="get[420]" classname="com.test.Client.ClientStressTest" time="0.004"/>
  <testcase name="get[421]" classname="com.test.Client.ClientStressTest" time="0.006"/>
  <testcase name="get[422]" classname="com.test.Client.ClientStressTest" time="0.006"/>
  <testcase name="get[423]" classname="com.test.Client.ClientStressTest" time="0.02"/>
  <testcase name="get[424]" classname="com.test.Client.ClientStressTest" time="0.007"/>
  <testcase name="get[425]" classname="com.test.Client.ClientStressTest" time="0.004"/>
  <testcase name="get[426]" classname="com.test.Client.ClientStressTest" time="0.004"/>
  <testcase name="get[427]" classname="com.test.Client.ClientStressTest" time="0.007"/>
  <testcase name="get[428]" classname="com.test.Client.ClientStressTest" time="0.004"/>
  <testcase name="get[429]" classname="com.test.Client.ClientStressTest" time="0.003"/>
  <testcase name="get[430]" classname="com.test.Client.ClientStressTest" time="0.007"/>
  <testcase name="get[431]" classname="com.test.Client.ClientStressTest" time="0.008"/>
  <testcase name="get[432]" classname="com.test.Client.ClientStressTest" time="0.01"/>
  <testcase name="get[433]" classname="com.test.Client.ClientStressTest" time="0.008"/>
  <testcase name="get[434]" classname="com.test.Client.ClientStressTest" time="0.011"/>
  <testcase name="get[435]" classname="com.test.Client.ClientStressTest" time="0.005"/>
  <testcase name="get[436]" classname="com.test.Client.ClientStressTest" time="0.006"/>
  <testcase name="get[437]" classname="com.test.Client.ClientStressTest" time="0.004"/>
  <testcase name="get[438]" classname="com.test.Client.ClientStressTest" time="0.003"/>
  <testcase name="get[439]" classname="com.test.Client.ClientStressTest" time="0.011"/>
  <testcase name="get[440]" classname="com.test.Client.ClientStressTest" time="0.003"/>
  <testcase name="get[441]" classname="com.test.Client.ClientStressTest" time="0.003"/>
  <testcase name="get[442]" classname="com.test.Client.ClientStressTest" time="0.004"/>
  <testcase name="get[443]" classname="com.test.Client.ClientStressTest" time="0.01"/>
  <testcase name="get[444]" classname="com.test.Client.ClientStressTest" time="0.007"/>
  <testcase name="get[445]" classname="com.test.Client.ClientStressTest" time="0.003"/>
  <testcase name="get[446]" classname="com.test.Client.ClientStressTest" time="0.004"/>
  <testcase name="get[447]" classname="com.test.Client.ClientStressTest" time="0.007"/>
  <testcase name="get[448]" classname="com.test.Client.ClientStressTest" time="0.003"/>
  <testcase name="get[449]" classname="com.test.Client.ClientStressTest" time="0.004"/>
  <testcase name="get[450]" classname="com.test.Client.ClientStressTest" time="0.004"/>
  <testcase name="get[451]" classname="com.test.Client.ClientStressTest" time="0.006"/>
  <testcase name="get[452]" classname="com.test.Client.ClientStressTest" time="0.004"/>
  <testcase name="get[453]" classname="com.test.Client.ClientStressTest" time="0.004"/>
  <testcase name="get[454]" classname="com.test.Client.ClientStressTest" time="0.011"/>
  <testcase name="get[455]" classname="com.test.Client.ClientStressTest" time="0.01"/>
  <testcase name="get[456]" classname="com.test.Client.ClientStressTest" time="0.005"/>
  <testcase name="get[457]" classname="com.test.Client.ClientStressTest" time="0.005"/>
  <testcase name="get[458]" classname="com.test.Client.ClientStressTest" time="0.011"/>
  <testcase name="get[459]" classname="com.test.Client.ClientStressTest" time="0.004"/>
  <testcase name="get[460]" classname="com.test.Client.ClientStressTest" time="0.008"/>
  <testcase name="get[461]" classname="com.test.Client.ClientStressTest" time="0.006"/>
  <testcase name="get[462]" classname="com.test.Client.ClientStressTest" time="0.005"/>
  <testcase name="get[463]" classname="com.test.Client.ClientStressTest" time="0.005"/>
  <testcase name="get[464]" classname="com.test.Client.ClientStressTest" time="0.005"/>
  <testcase name="get[465]" classname="com.test.Client.ClientStressTest" time="0.013"/>
  <testcase name="get[466]" classname="com.test.Client.ClientStressTest" time="0.004"/>
  <testcase name="get[467]" classname="com.test.Client.ClientStressTest" time="0.003"/>
  <testcase name="get[468]" classname="com.test.Client.ClientStressTest" time="0.007"/>
  <testcase name="get[469]" classname="com.test.Client.ClientStressTest" time="0.005"/>
  <testcase name="get[470]" classname="com.test.Client.ClientStressTest" time="0.003"/>
  <testcase name="get[471]" classname="com.test.Client.ClientStressTest" time="0.008"/>
  <testcase name="get[472]" classname="com.test.Client.ClientStressTest" time="0.009"/>
  <testcase name="get[473]" classname="com.test.Client.ClientStressTest" time="0.009"/>
  <testcase name="get[474]" classname="com.test.Client.ClientStressTest" time="0.004"/>
  <testcase name="get[475]" classname="com.test.Client.ClientStressTest" time="0.009"/>
  <testcase name="get[476]" classname="com.test.Client.ClientStressTest" time="0.003"/>
  <testcase name="get[477]" classname="com.test.Client.ClientStressTest" time="0.003"/>
  <testcase name="get[478]" classname="com.test.Client.ClientStressTest" time="0.013"/>
  <testcase name="get[479]" classname="com.test.Client.ClientStressTest" time="0.013"/>
  <testcase name="get[480]" classname="com.test.Client.ClientStressTest" time="0.005"/>
  <testcase name="get[481]" classname="com.test.Client.ClientStressTest" time="0.008"/>
  <testcase name="get[482]" classname="com.test.Client.ClientStressTest" time="0.004"/>
  <testcase name="get[483]" classname="com.test.Client.ClientStressTest" time="0.004"/>
  <testcase name="get[484]" classname="com.test.Client.ClientStressTest" time="0.007"/>
  <testcase name="get[485]" classname="com.test.Client.ClientStressTest" time="0.003"/>
  <testcase name="get[486]" classname="com.test.Client.ClientStressTest" time="0.016"/>
  <testcase name="get[487]" classname="com.test.Client.ClientStressTest" time="0.007"/>
  <testcase name="get[488]" classname="com.test.Client.ClientStressTest" time="0.013"/>
  <testcase name="get[489]" classname="com.test.Client.ClientStressTest" time="0.007"/>
  <testcase name="get[490]" classname="com.test.Client.ClientStressTest" time="0.011"/>
  <testcase name="get[491]" classname="com.test.Client.ClientStressTest" time="0.017"/>
  <testcase name="get[492]" classname="com.test.Client.ClientStressTest" time="0.007"/>
  <testcase name="get[493]" classname="com.test.Client.ClientStressTest" time="0.004"/>
  <testcase name="get[494]" classname="com.test.Client.ClientStressTest" time="0.008"/>
  <testcase name="get[495]" classname="com.test.Client.ClientStressTest" time="0.006"/>
  <testcase name="get[496]" classname="com.test.Client.ClientStressTest" time="0.003"/>
  <testcase name="get[497]" classname="com.test.Client.ClientStressTest" time="0.012"/>
  <testcase name="get[498]" classname="com.test.Client.ClientStressTest" time="0.007"/>
  <testcase name="get[499]" classname="com.test.Client.ClientStressTest" time="0.007"/>
  <testcase name="get[500]" classname="com.test.Client.ClientStressTest" time="0.014"/>
  <testcase name="get[501]" classname="com.test.Client.ClientStressTest" time="0.004"/>
  <testcase name="get[502]" classname="com.test.Client.ClientStressTest" time="0.005"/>
  <testcase name="get[503]" classname="com.test.Client.ClientStressTest" time="0.01"/>
  <testcase name="get[504]" classname="com.test.Client.ClientStressTest" time="0.005"/>
  <testcase name="get[505]" classname="com.test.Client.ClientStressTest" time="0.01"/>
  <testcase name="get[506]" classname="com.test.Client.ClientStressTest" time="0.014"/>
  <testcase name="get[507]" classname="com.test.Client.ClientStressTest" time="0.008"/>
  <testcase name="get[508]" classname="com.test.Client.ClientStressTest" time="0.012"/>
  <testcase name="get[509]" classname="com.test.Client.ClientStressTest" time="0.004"/>
  <testcase name="get[510]" classname="com.test.Client.ClientStressTest" time="0.009"/>
  <testcase name="get[511]" classname="com.test.Client.ClientStressTest" time="0.005"/>
  <testcase name="get[512]" classname="com.test.Client.ClientStressTest" time="0.01"/>
  <testcase name="get[513]" classname="com.test.Client.ClientStressTest" time="0.004"/>
  <testcase name="get[514]" classname="com.test.Client.ClientStressTest" time="0.009"/>
  <testcase name="get[515]" classname="com.test.Client.ClientStressTest" time="0.005"/>
  <testcase name="get[516]" classname="com.test.Client.ClientStressTest" time="0.013"/>
  <testcase name="get[517]" classname="com.test.Client.ClientStressTest" time="0.003"/>
  <testcase name="get[518]" classname="com.test.Client.ClientStressTest" time="0.01"/>
  <testcase name="get[519]" classname="com.test.Client.ClientStressTest" time="0.008"/>
  <testcase name="get[520]" classname="com.test.Client.ClientStressTest" time="0.014"/>
  <testcase name="get[521]" classname="com.test.Client.ClientStressTest" time="0.013"/>
  <testcase name="get[522]" classname="com.test.Client.ClientStressTest" time="0.004"/>
  <testcase name="get[523]" classname="com.test.Client.ClientStressTest" time="0.01"/>
  <testcase name="get[524]" classname="com.test.Client.ClientStressTest" time="0.016"/>
  <testcase name="get[525]" classname="com.test.Client.ClientStressTest" time="0.007"/>
  <testcase name="get[526]" classname="com.test.Client.ClientStressTest" time="0.01"/>
  <testcase name="get[527]" classname="com.test.Client.ClientStressTest" time="0.005"/>
  <testcase name="get[528]" classname="com.test.Client.ClientStressTest" time="0.006"/>
  <testcase name="get[529]" classname="com.test.Client.ClientStressTest" time="0.011"/>
  <testcase name="get[530]" classname="com.test.Client.ClientStressTest" time="0.007"/>
  <testcase name="get[531]" classname="com.test.Client.ClientStressTest" time="0.006"/>
  <testcase name="get[532]" classname="com.test.Client.ClientStressTest" time="0.007"/>
  <testcase name="get[533]" classname="com.test.Client.ClientStressTest" time="0.005"/>
  <testcase name="get[534]" classname="com.test.Client.ClientStressTest" time="0.005"/>
  <testcase name="get[535]" classname="com.test.Client.ClientStressTest" time="0.004"/>
  <testcase name="get[536]" classname="com.test.Client.ClientStressTest" time="0.004"/>
  <testcase name="get[537]" classname="com.test.Client.ClientStressTest" time="0.004"/>
  <testcase name="get[538]" classname="com.test.Client.ClientStressTest" time="0.007"/>
  <testcase name="get[539]" classname="com.test.Client.ClientStressTest" time="0.007"/>
  <testcase name="get[540]" classname="com.test.Client.ClientStressTest" time="0.006"/>
  <testcase name="get[541]" classname="com.test.Client.ClientStressTest" time="0.01"/>
  <testcase name="get[542]" classname="com.test.Client.ClientStressTest" time="0.008"/>
  <testcase name="get[543]" classname="com.test.Client.ClientStressTest" time="0.004"/>
  <testcase name="get[544]" classname="com.test.Client.ClientStressTest" time="0.01"/>
  <testcase name="get[545]" classname="com.test.Client.ClientStressTest" time="0.005"/>
  <testcase name="get[546]" classname="com.test.Client.ClientStressTest" time="tcase name="get[547]" classname="com.test.Client.ClientStressTest" time="0.017"/>
  <testcase name="get[548]" classname="com.test.Client.ClientStressTest" time="0.008"/>
  <testcase name="get[549]" classname="com.test.Client.ClientStressTest" time="0.005"/>
  <testcase name="get[550]" classname="com.test.Client.ClientStressTest" time="0.004"/>
  <testcase name="get[551]" classname="com.test.Client.ClientStressTest" time="0.008"/>
  <testcase name="get[552]" classname="com.test.Client.ClientStressTest" time="0.005"/>
  <testcase name="get[553]" classname="com.test.Client.ClientStressTest" time="0.005"/>
  <testcase name="get[554]" classname="com.test.Client.ClientStressTest" time="0.004"/>
  <testcase name="get[555]" classname="com.test.Client.ClientStressTest" time="0.004"/>
  <testcase name="get[556]" classname="com.test.Client.ClientStressTest" time="0.017"/>
  <testcase name="get[557]" classname="com.test.Client.ClientStressTest" time="0.008"/>
  <testcase name="get[558]" classname="com.test.Client.ClientStressTest" time="0.006"/>
  <testcase name="get[559]" classname="com.test.Client.ClientStressTest" time="0.009"/>
  <testcase name="get[560]" classname="com.test.Client.ClientStressTest" time="0.005"/>
  <testcase name="get[561]" classname="com.test.Client.ClientStressTest" time="0.004"/>
  <testcase name="get[562]" classname="com.test.Client.ClientStressTest" time="0.007"/>
  <testcase name="get[563]" classname="com.test.Client.ClientStressTest" time="0.004"/>
  <testcase name="get[564]" classname="com.test.Client.ClientStressTest" time="0.011"/>
  <testcase name="get[565]" classname="com.test.Client.ClientStressTest" time="0.005"/>
  <testcase name="get[566]" classname="com.test.Client.ClientStressTest" time="0.012"/>
  <testcase name="get[567]" classname="com.test.Client.ClientStressTest" time="0.005"/>
  <testcase name="get[568]" classname="com.test.Client.ClientStressTest" time="0.012"/>
  <testcase name="get[569]" classname="com.test.Client.ClientStressTest" time="0.007"/>
  <testcase name="get[570]" classname="com.test.Client.ClientStressTest" time="0.019"/>
  <testcase name="get[571]" classname="com.test.Client.ClientStressTest" time="0.007"/>
  <testcase name="get[572]" classname="com.test.Client.ClientStressTest" time="0.015"/>
  <testcase name="get[573]" classname="com.test.Client.ClientStressTest" time="0.019"/>
  <testcase name="get[574]" classname="com.test.Client.ClientStressTest" time="0.008"/>
  <testcase name="get[575]" classname="com.test.Client.ClientStressTest" time="0.014"/>
  <testcase name="get[576]" classname="com.test.Client.ClientStressTest" time="0.011"/>
  <testcase name="get[577]" classname="com.test.Client.ClientStressTest" time="0.021"/>
  <testcase name="get[578]" classname="com.test.Client.ClientStressTest" time="0.01"/>
  <testcase name="get[579]" classname="com.test.Client.ClientStressTest" time="0.014"/>
  <testcase name="get[580]" classname="com.test.Client.ClientStressTest" time="0.006"/>
  <testcase name="get[581]" classname="com.test.Client.ClientStressTest" time="0.012"/>
  <testcase name="get[582]" classname="com.test.Client.ClientStressTest" time="0.005"/>
  <testcase name="get[583]" classname="com.test.Client.ClientStressTest" time="0.01"/>
  <testcase name="get[584]" classname="com.test.Client.ClientStressTest" time="0.005"/>
  <testcase name="get[585]" classname="com.test.Client.ClientStressTest" time="0.012"/>
  <testcase name="get[586]" classname="com.test.Client.ClientStressTest" time="0.016"/>
  <testcase name="get[587]" classname="com.test.Client.ClientStressTest" time="0.009"/>
  <testcase name="get[588]" classname="com.test.Client.ClientStressTest" time="0.01"/>
  <testcase name="get[589]" classname="com.test.Client.ClientStressTest" time="0.013"/>
  <testcase name="get[590]" classname="com.test.Client.ClientStressTest" time="0.005"/>
  <testcase name="get[591]" classname="com.test.Client.ClientStressTest" time="0.01"/>
  <testcase name="get[592]" classname="com.test.Client.ClientStressTest" time="0.004"/>
  <testcase name="get[593]" classname="com.test.Client.ClientStressTest" time="0.008"/>
  <testcase name="get[594]" classname="com.test.Client.ClientStressTest" time="0.004"/>
  <testcase name="get[595]" classname="com.test.Client.ClientStressTest" time="0.007"/>
  <testcase name="get[596]" classname="com.test.Client.ClientStressTest" time="0.005"/>
  <testcase name="get[597]" classname="com.test.Client.ClientStressTest" time="0.014"/>
  <testcase name="get[598]" classname="com.test.Client.ClientStressTest" time="0.005"/>
  <testcase name="get[599]" classname="com.test.Client.ClientStressTest" time="0.011"/>
  <testcase name="get[600]" classname="com.test.Client.ClientStressTest" time="0.003"/>
  <testcase name="get[601]" classname="com.test.Client.ClientStressTest" time="0.01"/>
  <testcase name="get[602]" classname="com.test.Client.ClientStressTest" time="0.003"/>
  <testcase name="get[603]" classname="com.test.Client.ClientStressTest" time="0.004"/>
  <testcase name="get[604]" classname="com.test.Client.ClientStressTest" time="0.009"/>
  <testcase name="get[605]" classname="com.test.Client.ClientStressTest" time="0.004"/>
  <testcase name="get[606]" classname="com.test.Client.ClientStressTest" time="0.008"/>
  <testcase name="get[607]" classname="com.test.Client.ClientStressTest" time="0.005"/>
  <testcase name="get[608]" classname="com.test.Client.ClientStressTest" time="0.011"/>
  <testcase name="get[609]" classname="com.test.Client.ClientStressTest" time="0.007"/>
  <testcase name="get[610]" classname="com.test.Client.ClientStressTest" time="0.006"/>
  <testcase name="get[611]" classname="com.test.Client.ClientStressTest" time="0.007"/>
  <testcase name="get[612]" classname="com.test.Client.ClientStressTest" time="0.01"/>
  <testcase name="get[613]" classname="com.test.Client.ClientStressTest" time="0.001"/>
  <testcase name="get[614]" classname="com.test.Client.ClientStressTest" time="0.006"/>
  <testcase name="get[615]" classname="com.test.Client.ClientStressTest" time="0.011"/>
  <testcase name="get[616]" classname="com.test.Client.ClientStressTest" time="0.013"/>
  <testcase name="get[617]" classname="com.test.Client.ClientStressTest" time="0.012"/>
  <testcase name="get[618]" classname="com.test.Client.ClientStressTest" time="0.01"/>
  <testcase name="get[619]" classname="com.test.Client.ClientStressTest" time="0.011"/>
  <testcase name="get[620]" classname="com.test.Client.ClientStressTest" time="0.008"/>
  <testcase name="get[621]" classname="com.test.Client.ClientStressTest" time="0.01"/>
  <testcase name="get[622]" classname="com.test.Client.ClientStressTest" time="0.005"/>
  <testcase name="get[623]" classname="com.test.Client.ClientStressTest" time="0.016"/>
  <testcase name="get[624]" classname="com.test.Client.ClientStressTest" time="0.009"/>
  <testcase name="get[625]" classname="com.test.Client.ClientStressTest" time="0.018"/>
  <testcase name="get[626]" classname="com.test.Client.ClientStressTest" time="0.009"/>
  <testcase name="get[627]" classname="com.test.Client.ClientStressTest" time="0.012"/>
  <testcase name="get[628]" classname="com.test.Client.ClientStressTest" time="0.018"/>
  <testcase name="get[629]" classname="com.test.Client.ClientStressTest" time="0.005"/>
  <testcase name="get[630]" classname="com.test.Client.ClientStressTest" time="0.01"/>
  <testcase name="get[631]" classname="com.test.Client.ClientStressTest" time="0.007"/>
  <testcase name="get[632]" classname="com.test.Client.ClientStressTest" time="0.004"/>
  <testcase name="get[633]" classname="com.test.Client.ClientStressTest" time="0.01"/>
  <testcase name="get[634]" classname="com.test.Client.ClientStressTest" time="0.008"/>
  <testcase name="get[635]" classname="com.test.Client.ClientStressTest" time="0.014"/>
  <testcase name="get[636]" classname="com.test.Client.ClientStressTest" time="0.01"/>
  <testcase name="get[637]" classname="com.test.Client.ClientStressTest" time="0.005"/>
  <testcase name="get[638]" classname="com.test.Client.ClientStressTest" time="0.004"/>
  <testcase name="get[639]" classname="com.test.Client.ClientStressTest" time="0.004"/>
  <testcase name="get[640]" classname="com.test.Client.ClientStressTest" time="0.011"/>
  <testcase name="get[641]" classname="com.test.Client.ClientStressTest" time="0.012"/>
  <testcase name="get[642]" classname="com.test.Client.ClientStressTest" time="0.007"/>
  <testcase name="get[643]" classname="com.test.Client.ClientStressTest" time="0.008"/>
  <testcase name="get[644]" classname="com.test.Client.ClientStressTest" time="0.009"/>
  <testcase name="get[645]" classname="com.test.Client.ClientStressTest" time="0.014"/>
  <testcase name="get[646]" classname="com.test.Client.ClientStressTest" time="0.005"/>
  <testcase name="get[647]" classname="com.test.Client.ClientStressTest" time="0.006"/>
  <testcase name="get[648]" classname="com.test.Client.ClientStressTest" time="0.006"/>
  <testcase name="get[649]" classname="com.test.Client.ClientStressTest" time="0.005"/>
  <testcase name="get[650]" classname="com.test.Client.ClientStressTest" time="0.008"/>
  <testcase name="get[651]" classname="com.test.Client.ClientStressTest" time="0.01"/>
  <testcase name="get[652]" classname="com.test.Client.ClientStressTest" time="0.004"/>
  <testcase name="get[653]" classname="com.test.Client.ClientStressTest" time="0.004"/>
  <testcase name="get[654]" classname="com.test.Client.ClientStressTest" time="0.008"/>
  <testcase name="get[655]" classname="com.test.Client.ClientStressTest" time="0.008"/>
  <testcase name="get[656]" classname="com.test.Client.ClientStressTest" time="0.015"/>
  <testcase name="get[657]" classname="com.test.Client.ClientStressTest" time="0.006"/>
  <testcase name="get[658]" classname="com.test.Client.ClientStressTest" time="0.011"/>
  <testcase name="get[659]" classname="com.test.Client.ClientStressTest" time="0.012"/>
  <testcase name="get[660]" classname="com.test.Client.ClientStressTest" time="0.022"/>
  <testcase name="get[661]" classname="com.test.Client.ClientStressTest" time="0"/>
  <testcase name="get[662]" classname="com.test.Client.ClientStressTest" time="0.005"/>
  <testcase name="get[663]" classname="com.test.Client.ClientStressTest" time="0.005"/>
  <testcase name="get[664]" classname="com.test.Client.ClientStressTest" time="0.005"/>
  <testcase name="get[665]" classname="com.test.Client.ClientStressTest" time="0.003"/>
  <testcase name="get[666]" classname="com.test.Client.ClientStressTest" time="0.012"/>
  <testcase name="get[667]" classname="com.test.Client.ClientStressTest" time="0.004"/>
  <testcase name="get[668]" classname="com.test.Client.ClientStressTest" time="0.005"/>
  <testcase name="get[669]" classname="com.test.Client.ClientStressTest" time="0.007"/>
  <testcase name="get[670]" classname="com.test.Client.ClientStressTest" time="0.017"/>
  <testcase name="get[671]" classname="com.test.Client.ClientStressTest" time="0.005"/>
  <testcase name="get[672]" classname="com.test.Client.ClientStressTest" time="0.007"/>
  <testcase name="get[673]" classname="com.test.Client.ClientStressTest" time="0.006"/>
  <testcase name="get[674]" classname="com.test.Client.ClientStressTest" time="0.007"/>
  <testcase name="get[675]" classname="com.test.Client.ClientStressTest" time="0.006"/>
  <testcase name="get[676]" classname="com.test.Client.ClientStressTest" time="0.006"/>
  <testcase name="get[677]" classname="com.test.Client.ClientStressTest" time="0.004"/>
  <testcase name="get[678]" classname="com.test.Client.ClientStressTest" time="0.01"/>
  <testcase name="get[679]" classname="com.test.Client.ClientStressTest" time="0.009"/>
  <testcase name="get[680]" classname="com.test.Client.ClientStressTest" time="0.007"/>
  <testcase name="get[681]" classname="com.test.Client.ClientStressTest" time="0.007"/>
  <testcase name="get[682]" classname="com.test.Client.ClientStressTest" time="0.013"/>
  <testcase name="get[683]" classname="com.test.Client.ClientStressTest" time="0.007"/>
  <testcase name="get[684]" classname="com.test.Client.ClientStressTest" time="0.006"/>
  <testcase name="get[685]" classname="com.test.Client.ClientStressTest" time="0.004"/>
  <testcase name="get[686]" classname="com.test.Client.ClientStressTest" time="0.009"/>
  <testcase name="get[687]" classname="com.test.Client.ClientStressTest" time="0.01"/>
  <testcase name="get[688]" classname="com.test.Client.ClientStressTest" time="0.022"/>
  <testcase name="get[689]" classname="com.test.Client.ClientStressTest" time="0.017"/>
  <testcase name="get[690]" classname="com.test.Client.ClientStressTest" time="0.004"/>
  <testcase name="get[691]" classname="com.test.Client.ClientStressTest" time="0.018"/>
  <testcase name="get[692]" classname="com.test.Client.ClientStressTest" time="0.013"/>
  <testcase name="get[693]" classname="com.test.Client.ClientStressTest" time="0.006"/>
  <testcase name="get[694]" classname="com.test.Client.ClientStressTest" time="0.013"/>
  <testcase name="get[695]" classname="com.test.Client.ClientStressTest" time="0.006"/>
  <testcase name="get[696]" classname="com.test.Client.ClientStressTest" time="0.006"/>
  <testcase name="get[697]" classname="com.test.Client.ClientStressTest" time="0.02"/>
  <testcase name="get[698]" classname="com.test.Client.ClientStressTest" time="0.008"/>
  <testcase name="get[699]" classname="com.test.Client.ClientStressTest" time="0.013"/>
  <testcase name="get[700]" classname="com.test.Client.ClientStressTest" time="0.004"/>
  <testcase name="get[701]" classname="com.test.Client.ClientStressTest" time="0.01"/>
  <testcase name="get[702]" classname="com.test.Client.ClientStressTest" time="0.003"/>
  <testcase name="get[703]" classname="com.test.Client.ClientStressTest" time="0.005"/>
  <testcase name="get[704]" classname="com.test.Client.ClientStressTest" time="0.005"/>
  <testcase name="get[705]" classname="com.test.Client.ClientStressTest" time="0.019"/>
  <testcase name="get[706]" classname="com.test.Client.ClientStressTest" time="0.003"/>
  <testcase name="get[707]" classname="com.test.Client.ClientStressTest" time="0.009"/>
  <testcase name="get[708]" classname="com.test.Client.ClientStressTest" time="0.016"/>
  <testcase name="get[709]" classname="com.test.Client.ClientStressTest" time="0.008"/>
  <testcase name="get[710]" classname="com.test.Client.ClientStressTest" time="0.02"/>
  <testcase name="get[711]" classname="com.test.Client.ClientStressTest" time="0.012"/>
  <testcase name="get[712]" classname="com.test.Client.ClientStressTest" time="0.012"/>
  <testcase name="get[713]" classname="com.test.Client.ClientStressTest" time="0.01"/>
  <testcase name="get[714]" classname="com.test.Client.ClientStressTest" time="0.017"/>
  <testcase name="get[715]" classname="com.test.Client.ClientStressTest" time="0.017"/>
  <testcase name="get[716]" classname="com.test.Client.ClientStressTest" time="0.006"/>
  <testcase name="get[717]" classname="com.test.Client.ClientStressTest" time="0.01"/>
  <testcase name="get[718]" classname="com.test.Client.ClientStressTest" time="0.01"/>
  <testcase name="get[719]" classname="com.test.Client.ClientStressTest" time="0.006"/>
  <testcase name="get[720]" classname="com.test.Client.ClientStressTest" time="0.006"/>
  <testcase name="get[721]" classname="com.test.Client.ClientStressTest" time="0.004"/>
  <testcase name="get[722]" classname="com.test.Client.ClientStressTest" time="0.014"/>
  <testcase name="get[723]" classname="com.test.Client.ClientStressTest" time="0.012"/>
  <testcase name="get[724]" classname="com.test.Client.ClientStressTest" time="0.012"/>
  <testcase name="get[725]" classname="com.test.Client.ClientStressTest" time="0.019"/>
  <testcase name="get[726]" classname="com.test.Client.ClientStressTest" time="0.01"/>
  <testcase name="get[727]" classname="com.test.Client.ClientStressTest" time="0.009"/>
  <testcase name="get[728]" classname="com.test.Client.ClientStressTest" time="0.011"/>
  <testcase name="get[729]" classname="com.test.Client.ClientStressTest" time="0.01"/>
  <testcase name="get[730]" classname="com.test.Client.ClientStressTest" time="0.011"/>
  <testcase name="get[731]" classname="com.test.Client.ClientStressTest" time="0.015"/>
  <testcase name="get[732]" classname="com.test.Client.ClientStressTest" time="0.019"/>
  <testcase name="get[733]" classname="com.test.Client.ClientStressTest" time="0.011"/>
  <testcase name="get[734]" classname="com.test.Client.ClientStressTest" time="0.016"/>
  <testcase name="get[735]" classname="com.test.Client.ClientStressTest" time="0.015"/>
  <testcase name="get[736]" classname="com.test.Client.ClientStressTest" time="0"/>
  <testcase name="get[737]" classname="com.test.Client.ClientStressTest" time="0.009"/>
  <testcase name="get[738]" classname="com.test.Client.ClientStressTest" time="0.008"/>
  <testcase name="get[739]" classname="com.test.Client.ClientStressTest" time="0.01"/>
  <testcase name="get[740]" classname="com.test.Client.ClientStressTest" time="0.003"/>
  <testcase name="get[741]" classname="com.test.Client.ClientStressTest" time="0.012"/>
  <testcase name="get[742]" classname="com.test.Client.ClientStressTest" time="0.011"/>
  <testcase name="get[743]" classname="com.test.Client.ClientStressTest" time="0.005"/>
  <testcase name="get[744]" classname="com.test.Client.ClientStressTest" time="0.008"/>
  <testcase name="get[745]" classname="com.test.Client.ClientStressTest" time="0.007"/>
  <testcase name="get[746]" classname="com.test.Client.ClientStressTest" time="0.006"/>
  <testcase name="get[747]" classname="com.test.Client.ClientStressTest" time="0.022"/>
  <testcase name="get[748]" classname="com.test.Client.ClientStressTest" time="0.012"/>
  <testcase name="get[749]" classname="com.test.Client.ClientStressTest" time="0.005"/>
  <testcase name="get[750]" classname="com.test.Client.ClientStressTest" time="0.012"/>
  <testcase name="get[751]" classname="com.test.Client.ClientStressTest" time="0.004"/>
  <testcase name="get[752]" classname="com.test.Client.ClientStressTest" time="0.008"/>
  <testcase name="get[753]" classname="com.test.Client.ClientStressTest" time="0.004"/>
  <testcase name="get[754]" classname="com.test.Client.ClientStressTest" time="0.013"/>
  <testcase name="get[755]" classname="com.test.Client.ClientStressTest" time="0.01"/>
  <testcase name="get[756]" classname="com.test.Client.ClientStressTest" time="0.006"/>
  <testcase name="get[757]" classname="com.test.Client.ClientStressTest" time="0.013"/>
  <testcase name="get[758]" classname="com.test.Client.ClientStressTest" time="0.004"/>
  <testcase name="get[759]" classname="com.test.Client.ClientStressTest" time="0.011"/>
  <testcase name="get[760]" classname="com.test.Client.ClientStressTest" time="0.024"/>
  <testcase name="get[761]" classname="com.test.Client.ClientStressTest" time="0"/>
  <testcase name="get[762]" classname="com.test.Client.ClientStressTest" time="0.008"/>
  <testcase name="get[763]" classname="com.test.Client.ClientStressTest" time="0.016"/>
  <testcase name="get[764]" classname="com.test.Client.ClientStressTest" time="0.009"/>
  <testcase name="get[765]" classname="com.test.Client.ClientStressTest" time="0.01"/>
  <testcase name="get[766]" classname="com.test.Client.ClientStressTest" time="0.007"/>
  <testcase name="get[767]" classname="com.test.Client.ClientStressTest" time="0.013"/>
  <testcase name="get[768]" classname="com.test.Client.ClientStressTest" time="0.009"/>
  <testcase name="get[769]" classname="com.test.Client.ClientStressTest" time="0.005"/>
  <testcase name="get[770]" classname="com.test.Client.ClientStressTest" time="0.02"/>
  <testcase name="get[771]" classname="com.test.Client.ClientStressTest" time="0.008"/>
  <testcase name="get[772]" classname="com.test.Client.ClientStressTest" time="0.008"/>
  <testcase name="get[773]" classname="com.test.Client.ClientStressTest" time="0.013"/>
  <testcase name="get[774]" classname="com.test.Client.ClientStressTest" time="0.009"/>
  <testcase name="get[775]" classname="com.test.Client.ClientStressTest" time="0.007"/>
  <testcase name="get[776]" classname="com.test.Client.ClientStressTest" time="0.005"/>
  <testcase name="get[777]" classname="com.test.Client.ClientStressTest" time="0.018"/>
  <testcase name="get[778]" classname="com.test.Client.ClientStressTest" time="0.009"/>
  <testcase name="get[779]" classname="com.test.Client.ClientStressTest" time="0.008"/>
  <testcase name="get[780]" classname="com.test.Client.ClientStressTest" time="0.01"/>
  <testcase name="get[781]" classname="com.test.Client.ClientStressTest" time="0.007"/>
  <testcase name="get[782]" classname="com.test.Client.ClientStressTest" time="0.009"/>
  <testcase name="get[783]" classname="com.test.Client.ClientStressTest" time="0.006"/>
  <testcase name="get[784]" classname="com.test.Client.ClientStressTest" time="0.007"/>
  <testcase name="get[785]" classname="com.test.Client.ClientStressTest" time="0.011"/>
  <testcase name="get[786]" classname="com.test.Client.ClientStressTest" time="0.01"/>
  <testcase name="get[787]" classname="com.test.Client.ClientStressTest" time="0.017"/>
  <testcase name="get[788]" classname="com.test.Client.ClientStressTest" time="0.005"/>
  <testcase name="get[789]" classname="com.test.Client.ClientStressTest" time="0.02"/>
  <testcase name="get[790]" classname="com.test.Client.ClientStressTest" time="0.007"/>
  <testcase name="get[791]" classname="com.test.Client.ClientStressTest" time="0.006"/>
  <testcase name="get[792]" classname="com.test.Client.ClientStressTest" time="0.004"/>
  <testcase name="get[793]" classname="com.test.Client.ClientStressTest" time="0.01"/>
  <testcase name="get[794]" classname="com.test.Client.ClientStressTest" time="0.004"/>
  <testcase name="get[795]" classname="com.test.Client.ClientStressTest" time="0.01"/>
  <testcase name="get[796]" classname="com.test.Client.ClientStressTest" time="0.006"/>
  <testcase name="get[797]" classname="com.test.Client.ClientStressTest" time="0.004"/>
  <testcase name="get[798]" classname="com.test.Client.ClientStressTest" time="0.006"/>
  <testcase name="get[799]" classname="com.test.Client.ClientStressTest" time="0.004"/>
  <testcase name="get[800]" classname="com.test.Client.ClientStressTest" time="0.008"/>
  <testcase name="get[801]" classname="com.test.Client.ClientStressTest" time="0.004"/>
  <testcase name="get[802]" classname="com.test.Client.ClientStressTest" time="0.004"/>
  <testcase name="get[803]" classname="com.test.Client.ClientStressTest" time="0.01"/>
  <testcase name="get[804]" classname="com.test.Client.ClientStressTest" time="0.005"/>
  <testcase name="get[805]" classname="com.test.Client.ClientStressTest" time="0.009"/>
  <testcase name="get[806]" classname="com.test.Client.ClientStressTest" time="0.005"/>
  <testcase name="get[807]" classname="com.test.Client.ClientStressTest" time="0.011"/>
  <testcase name="get[808]" classname="com.test.Client.ClientStressTest" time="0.008"/>
  <testcase name="get[809]" classname="com.test.Client.ClientStressTest" time="0.005"/>
  <testcase name="get[810]" classname="com.test.Client.ClientStressTest" time="0.003"/>
  <testcase name="get[811]" classname="com.test.Client.ClientStressTest" time="0.01"/>
  <testcase name="get[812]" classname="com.test.Client.ClientStressTest" time="0.015"/>
  <testcase name="get[813]" classname="com.test.Client.ClientStressTest" time="0.007"/>
  <testcase name="get[814]" classname="com.test.Client.ClientStressTest" time="0.004"/>
  <testcase name="get[815]" classname="com.test.Client.ClientStressTest" time="0.008"/>
  <testcase name="get[816]" classname="com.test.Client.ClientStressTest" time="0.01"/>
  <testcase name="get[817]" classname="com.test.Client.ClientStressTest" time="0.008"/>
  <testcase name="get[818]" classname="com.test.Client.ClientStressTest" time="0.006"/>
  <testcase name="get[819]" classname="com.test.Client.ClientStressTest" time="0.013"/>
  <testcase name="get[820]" classname="com.test.Client.ClientStressTest" time="0.006"/>
  <testcase name="get[821]" classname="com.test.Client.ClientStressTest" time="0.01"/>
  <testcase name="get[822]" classname="com.test.Client.ClientStressTest" time="0.007"/>
  <testcase name="get[823]" classname="com.test.Client.ClientStressTest" time="0.014"/>
  <testcase name="get[824]" classname="com.test.Client.ClientStressTest" time="0.01"/>
  <testcase name="get[825]" classname="com.test.Client.ClientStressTest" time="0.004"/>
  <testcase name="get[826]" classname="com.test.Client.ClientStressTest" time="0.01"/>
  <testcase name="get[827]" classname="com.test.Client.ClientStressTest" time="0.008"/>
  <testcase name="get[828]" classname="com.test.Client.ClientStressTest" time="0.012"/>
  <testcase name="get[829]" classname="com.test.Client.ClientStressTest" time="0.013"/>
  <testcase name="get[830]" classname="com.test.Client.ClientStressTest" time="0.005"/>
  <testcase name="get[831]" classname="com.test.Client.ClientStressTest" time="0.005"/>
  <testcase name="get[832]" classname="com.test.Client.ClientStressTest" time="0.006"/>
  <testcase name="get[833]" classname="com.test.Client.ClientStressTest" time="0.006"/>
  <testcase name="get[834]" classname="com.test.Client.ClientStressTest" time="0.011"/>
  <testcase name="get[835]" classname="com.test.Client.ClientStressTest" time="0.003"/>
  <testcase name="get[836]" classname="com.test.Client.ClientStressTest" time="0.009"/>
  <testcase name="get[837]" classname="com.test.Client.ClientStressTest" time="0.01"/>
  <testcase name="get[838]" classname="com.test.Client.ClientStressTest" time="0.013"/>
  <testcase name="get[839]" classname="com.test.Client.ClientStressTest" time="0.005"/>
  <testcase name="get[840]" classname="com.test.Client.ClientStressTest" time="0.007"/>
  <testcase name="get[841]" classname="com.test.Client.ClientStressTest" time="0.01"/>
  <testcase name="get[842]" classname="com.test.Client.ClientStressTest" time="0.007"/>
  <testcase name="get[843]" classname="com.test.Client.ClientStressTest" time="0.007"/>
  <testcase name="get[844]" classname="com.test.Client.ClientStressTest" time="0.007"/>
  <testcase name="get[845]" classname="com.test.Client.ClientStressTest" time="0.01"/>
  <testcase name="get[846]" classname="com.test.Client.ClientStressTest" time="0.007"/>
  <testcase name="get[847]" classname="com.test.Client.ClientStressTest" time="0.014"/>
  <testcase name="get[848]" classname="com.test.Client.ClientStressTest" time="0.015"/>
  <testcase name="get[849]" classname="com.test.Client.ClientStressTest" time="0.013"/>
  <testcase name="get[850]" classname="com.test.Client.ClientStressTest" time="0.003"/>
  <testcase name="get[851]" classname="com.test.Client.ClientStressTest" time="0.014"/>
  <testcase name="get[852]" classname="com.test.Client.ClientStressTest" time="0.005"/>
  <testcase name="get[853]" classname="com.test.Client.ClientStressTest" time="0.011"/>
  <testcase name="get[854]" classname="com.test.Client.ClientStressTest" time="0.017"/>
  <testcase name="get[855]" classname="com.test.Client.ClientStressTest" time="0.01"/>
  <testcase name="get[856]" classname="com.test.Client.ClientStressTest" time="0.01"/>
  <testcase name="get[857]" classname="com.test.Client.ClientStressTest" time="0.005"/>
  <testcase name="get[858]" classname="com.test.Client.ClientStressTest" time="0.008"/>
  <testcase name="get[859]" classname="com.test.Client.ClientStressTest" time="0.011"/>
  <testcase name="get[860]" classname="com.test.Client.ClientStressTest" time="0.007"/>
  <testcase name="get[861]" classname="com.test.Client.ClientStressTest" time="0.013"/>
  <testcase name="get[862]" classname="com.test.Client.ClientStressTest" time="0.016"/>
  <testcase name="get[863]" classname="com.test.Client.ClientStressTest" time="0.028"/>
  <testcase name="get[864]" classname="com.test.Client.ClientStressTest" time="0.01"/>
  <testcase name="get[865]" classname="com.test.Client.ClientStressTest" time="0.008"/>
  <testcase name="get[866]" classname="com.test.Client.ClientStressTest" time="0.007"/>
  <testcase name="get[867]" classname="com.test.Client.ClientStressTest" time="0.013"/>
  <testcase name="get[868]" classname="com.test.Client.ClientStressTest" time="0.015"/>
  <testcase name="get[869]" classname="com.test.Client.ClientStressTest" time="0.009"/>
  <testcase name="get[870]" classname="com.test.Client.ClientStressTest" time="0.006"/>
  <testcase name="get[871]" classname="com.test.Client.ClientStressTest" time="0.004"/>
  <testcase name="get[872]" classname="com.test.Client.ClientStressTest" time="0.017"/>
  <testcase name="get[873]" classname="com.test.Client.ClientStressTest" time="0.019"/>
  <testcase name="get[874]" classname="com.test.Client.ClientStressTest" time="0.021"/>
  <testcase name="get[875]" classname="com.test.Client.ClientStressTest" time="0.024"/>
  <testcase name="get[876]" classname="com.test.Client.ClientStressTest" time="0.031"/>
  <testcase name="get[877]" classname="com.test.Client.ClientStressTest" time="0.028"/>
  <testcase name="get[878]" classname="com.test.Client.ClientStressTest" time="0.012"/>
  <testcase name="get[879]" classname="com.test.Client.ClientStressTest" time="0.005"/>
  <testcase name="get[880]" classname="com.test.Client.ClientStressTest" time="0.005"/>
  <testcase name="get[881]" classname="com.test.Client.ClientStressTest" time="0.007"/>
  <testcase name="get[882]" classname="com.test.Client.ClientStressTest" time="0.01"/>
  <testcase name="get[883]" classname="com.test.Client.ClientStressTest" time="0.014"/>
  <testcase name="get[884]" classname="com.test.Client.ClientStressTest" time="0.003"/>
  <testcase name="get[885]" classname="com.test.Client.ClientStressTest" time="0.004"/>
  <testcase name="get[886]" classname="com.test.Client.ClientStressTest" time="0.004"/>
  <testcase name="get[887]" classname="com.test.Client.ClientStressTest" time="0.005"/>
  <testcase name="get[888]" classname="com.test.Client.ClientStressTest" time="0.005"/>
  <testcase name="get[889]" classname="com.test.Client.ClientStressTest" time="0.004"/>
  <testcase name="get[890]" classname="com.test.Client.ClientStressTest" time="0.007"/>
  <testcase name="get[891]" classname="com.test.Client.ClientStressTest" time="0.009"/>
  <testcase name="get[892]" classname="com.test.Client.ClientStressTest" time="0.005"/>
  <testcase name="get[893]" classname="com.test.Client.ClientStressTest" time="0.006"/>
  <testcase name="get[894]" classname="com.test.Client.ClientStressTest" time="0.008"/>
  <testcase name="get[895]" classname="com.test.Client.ClientStressTest" time="0.009"/>
  <testcase name="get[896]" classname="com.test.Client.ClientStressTest" time="0.005"/>
  <testcase name="get[897]" classname="com.test.Client.ClientStressTest" time="0.004"/>
  <testcase name="get[898]" classname="com.test.Client.ClientStressTest" time="0.019"/>
  <testcase name="get[899]" classname="com.test.Client.ClientStressTest" time="0.031"/>
  <testcase name="get[900]" classname="com.test.Client.ClientStressTest" time="0.012"/>
  <testcase name="get[901]" classname="com.test.Client.ClientStressTest" time="0.01"/>
  <testcase name="get[902]" classname="com.test.Client.ClientStressTest" time="0.005"/>
  <testcase name="get[903]" classname="com.test.Client.ClientStressTest" time="0.015"/>
  <testcase name="get[904]" classname="com.test.Client.ClientStressTest" time="0.005"/>
  <testcase name="get[905]" classname="com.test.Client.ClientStressTest" time="0.007"/>
  <testcase name="get[906]" classname="com.test.Client.ClientStressTest" time="0.005"/>
  <testcase name="get[907]" classname="com.test.Client.ClientStressTest" time="0.011"/>
  <testcase name="get[908]" classname="com.test.Client.ClientStressTest" time="0.003"/>
  <testcase name="get[909]" classname="com.test.Client.ClientStressTest" time="0.01"/>
  <testcase name="get[910]" classname="com.test.Client.ClientStressTest" time="0.003"/>
  <testcase name="get[911]" classname="com.test.Client.ClientStressTest" time="0.007"/>
  <testcase name="get[912]" classname="com.test.Client.ClientStressTest" time="0.005"/>
  <testcase name="get[913]" classname="com.test.Client.ClientStressTest" time="0.003"/>
  <testcase name="get[914]" classname="com.test.Client.ClientStressTest" time="0.009"/>
  <testcase name="get[915]" classname="com.test.Client.ClientStressTest" time="0.004"/>
  <testcase name="get[916]" classname="com.test.Client.ClientStressTest" time="0.003"/>
  <testcase name="get[917]" classname="com.test.Client.ClientStressTest" time="0.006"/>
  <testcase name="get[918]" classname="com.test.Client.ClientStressTest" time="0.007"/>
  <testcase name="get[919]" classname="com.test.Client.ClientStressTest" time="0.003"/>
  <testcase name="get[920]" classname="com.test.Client.ClientStressTest" time="0.01"/>
  <testcase name="get[921]" classname="com.test.Client.ClientStressTest" time="0.004"/>
  <testcase name="get[922]" classname="com.test.Client.ClientStressTest" time="0.004"/>
  <testcase name="get[923]" classname="com.test.Client.ClientStressTest" time="0.012"/>
  <testcase name="get[924]" classname="com.test.Client.ClientStressTest" time="0.004"/>
  <testcase name="get[925]" classname="com.test.Client.ClientStressTest" time="0.004"/>
  <testcase name="get[926]" classname="com.test.Client.ClientStressTest" time="0.007"/>
  <testcase name="get[927]" classname="com.test.Client.ClientStressTest" time="0.003"/>
  <testcase name="get[928]" classname="com.test.Client.ClientStressTest" time="0.008"/>
  <testcase name="get[929]" classname="com.test.Client.ClientStressTest" time="0.005"/>
  <testcase name="get[930]" classname="com.test.Client.ClientStressTest" time="0.004"/>
  <testcase name="get[931]" classname="com.test.Client.ClientStressTest" time="0.006"/>
  <testcase name="get[932]" classname="com.test.Client.ClientStressTest" time="0.01"/>
  <testcase name="get[933]" classname="com.test.Client.ClientStressTest" time="0.01"/>
  <testcase name="get[934]" classname="com.test.Client.ClientStressTest" time="0.011"/>
  <testcase name="get[935]" classname="com.test.Client.ClientStressTest" time="0.004"/>
  <testcase name="get[936]" classname="com.test.Client.ClientStressTest" time="0.007"/>
  <testcase name="get[937]" classname="com.test.Client.ClientStressTest" time="0.012"/>
  <testcase name="get[938]" classname="com.test.Client.ClientStressTest" time="0.005"/>
  <testcase name="get[939]" classname="com.test.Client.ClientStressTest" time="0.008"/>
  <testcase name="get[940]" classname="com.test.Client.ClientStressTest" time="0.006"/>
  <testcase name="get[941]" classname="com.test.Client.ClientStressTest" time="0.01"/>
  <testcase name="get[942]" classname="com.test.Client.ClientStressTest" time="0.004"/>
  <testcase name="get[943]" classname="com.test.Client.ClientStressTest" time="0.012"/>
  <testcase name="get[944]" classname="com.test.Client.ClientStressTest" time="0.004"/>
  <testcase name="get[945]" classname="com.test.Client.ClientStressTest" time="0.011"/>
  <testcase name="get[946]" classname="com.test.Client.ClientStressTest" time="0.004"/>
  <testcase name="get[947]" classname="com.test.Client.ClientStressTest" time="0.009"/>
  <testcase name="get[948]" classname="com.test.Client.ClientStressTest" time="0.005"/>
  <testcase name="get[949]" classname="com.test.Client.ClientStressTest" time="0.013"/>
  <testcase name="get[950]" classname="com.test.Client.ClientStressTest" time="0.003"/>
  <testcase name="get[951]" classname="com.test.Client.ClientStressTest" time="0.007"/>
  <testcase name="get[952]" classname="com.test.Client.ClientStressTest" time="0.004"/>
  <testcase name="get[953]" classname="com.test.Client.ClientStressTest" time="0.01"/>
  <testcase name="get[954]" classname="com.test.Client.ClientStressTest" time="0.006"/>
  <testcase name="get[955]" classname="com.test.Client.ClientStressTest" time="0.007"/>
  <testcase name="get[956]" classname="com.test.Client.ClientStressTest" time="0.008"/>
  <testcase name="get[957]" classname="com.test.Client.ClientStressTest" time="0.005"/>
  <testcase name="get[958]" classname="com.test.Client.ClientStressTest" time="0.01"/>
  <testcase name="get[959]" classname="com.test.Client.ClientStressTest" time="0.003"/>
  <testcase name="get[960]" classname="com.test.Client.ClientStressTest" time="0.008"/>
  <testcase name="get[961]" classname="com.test.Client.ClientStressTest" time="0.004"/>
  <testcase name="get[962]" classname="com.test.Client.ClientStressTest" time="0.003"/>
  <testcase name="get[963]" classname="com.test.Client.ClientStressTest" time="0.009"/>
  <testcase name="get[964]" classname="com.test.Client.ClientStressTest" time="0.003"/>
  <testcase name="get[965]" classname="com.test.Client.ClientStressTest" time="0.003"/>
  <testcase name="get[966]" classname="com.test.Client.ClientStressTest" time="0.006"/>
  <testcase name="get[967]" classname="com.test.Client.ClientStressTest" time="0.002"/>
  <testcase name="get[968]" classname="com.test.Client.ClientStressTest" time="0.006"/>
  <testcase name="get[969]" classname="com.test.Client.ClientStressTest" time="0.002"/>
  <testcase name="get[970]" classname="com.test.Client.ClientStressTest" time="0.009"/>
  <testcase name="get[971]" classname="com.test.Client.ClientStressTest" time="0.001"/>
  <testcase name="get[972]" classname="com.test.Client.ClientStressTest" time="0.006"/>
  <testcase name="get[973]" classname="com.test.Client.ClientStressTest" time="0.005"/>
  <testcase name="get[974]" classname="com.test.Client.ClientStressTest" time="0.005"/>
  <testcase name="get[975]" classname="com.test.Client.ClientStressTest" time="0.003"/>
  <testcase name="get[976]" classname="com.test.Client.ClientStressTest" time="0.008"/>
  <testcase name="get[977]" classname="com.test.Client.ClientStressTest" time="0.003"/>
  <testcase name="get[978]" classname="com.test.Client.ClientStressTest" time="0.004"/>
  <testcase name="get[979]" classname="com.test.Client.ClientStressTest" time="0.011"/>
  <testcase name="get[980]" classname="com.test.Client.ClientStressTest" time="0.004"/>
  <testcase name="get[981]" classname="com.test.Client.ClientStressTest" time="0.005"/>
  <testcase name="get[982]" classname="com.test.Client.ClientStressTest" time="0.008"/>
  <testcase name="get[983]" classname="com.test.Client.ClientStressTest" time="0.007"/>
  <testcase name="get[984]" classname="com.test.Client.ClientStressTest" time="0.011"/>
  <testcase name="get[985]" classname="com.test.Client.ClientStressTest" time="0.005"/>
  <testcase name="get[986]" classname="com.test.Client.ClientStressTest" time="0.007"/>
  <testcase name="get[987]" classname="com.test.Client.ClientStressTest" time="0.005"/>
  <testcase name="get[988]" classname="com.test.Client.ClientStressTest" time="0.004"/>
  <testcase name="get[989]" classname="com.test.Client.ClientStressTest" time="0.005"/>
  <testcase name="get[990]" classname="com.test.Client.ClientStressTest" time="0.008"/>
  <testcase name="get[991]" classname="com.test.Client.ClientStressTest" time="0.004"/>
  <testcase name="get[992]" classname="com.test.Client.ClientStressTest" time="0.007"/>
  <testcase name="get[993]" classname="com.test.Client.ClientStressTest" time="0.003"/>
  <testcase name="get[994]" classname="com.test.Client.ClientStressTest" time="0.004"/>
  <testcase name="get[995]" classname="com.test.Client.ClientStressTest" time="0.005"/>
  <testcase name="get[996]" classname="com.test.Client.ClientStressTest" time="0.003"/>
  <testcase name="get[997]" classname="com.test.Client.ClientStressTest" time="0.004"/>
  <testcase name="get[998]" classname="com.test.Client.ClientStressTest" time="0.011"/>
  <testcase name="get[999]" classname="com.test.Client.ClientStressTest" time="0.002"/>
  <testcase name="get[1000]" classname="com.test.Client.ClientStressTest" time="0.004"/>
  <testcase name="set" classname="com.test.Client.ClientStressTest" time="0.226"/>
  <testcase name="set[1]" classname="com.test.Client.ClientStressTest" time="0.069"/>
  <testcase name="set[2]" classname="com.test.Client.ClientStressTest" time="0.054"/>
  <testcase name="set[3]" classname="com.test.Client.ClientStressTest" time="0.056"/>
  <testcase name="set[4]" classname="com.test.Client.ClientStressTest" time="0.053"/>
  <testcase name="set[5]" classname="com.test.Client.ClientStressTest" time="0.067"/>
  <testcase name="set[6]" classname="com.test.Client.ClientStressTest" time="0.067"/>
  <testcase name="set[7]" classname="com.test.Client.ClientStressTest" time="0.067"/>
  <testcase name="set[8]" classname="com.test.Client.ClientStressTest" time="0.053"/>
  <testcase name="set[9]" classname="com.test.Client.ClientStressTest" time="0.057"/>
  <testcase name="set[10]" classname="com.test.Client.ClientStressTest" time="0.065"/>
  <testcase name="set[11]" classname="com.test.Client.ClientStressTest" time="0.067"/>
  <testcase name="set[12]" classname="com.test.Client.ClientStressTest" time="0.067"/>
  <testcase name="set[13]" classname="com.test.Client.ClientStressTest" time="0.064"/>
  <testcase name="set[14]" classname="com.test.Client.ClientStressTest" time="0.064"/>
  <testcase name="set[15]" classname="com.test.Client.ClientStressTest" time="0.304"/>
  <testcase name="set[16]" classname="com.test.Client.ClientStressTest" time="0.219"/>
  <testcase name="set[17]" classname="com.test.Client.ClientStressTest" time="0.121"/>
  <testcase name="set[18]" classname="com.test.Client.ClientStressTest" time="0.125"/>
  <testcase name="set[19]" classname="com.test.Client.ClientStressTest" time="0.134"/>
  <testcase name="set[20]" classname="com.test.Client.ClientStressTest" time="0.133"/>
  <testcase name="set[21]" classname="com.test.Client.ClientStressTest" time="0.133"/>
  <testcase name="set[22]" classname="com.test.Client.ClientStressTest" time="0.341"/>
  <testcase name="set[23]" classname="com.test.Client.ClientStressTest" time="0.135"/>
  <testcase name="set[24]" classname="com.test.Client.ClientStressTest" time="0.135"/>
  <testcase name="set[25]" classname="com.test.Client.ClientStressTest" time="0.129"/>
  <testcase name="set[26]" classname="com.test.Client.ClientStressTest" time="0.11"/>
  <testcase name="set[27]" classname="com.test.Client.ClientStressTest" time="0.134"/>
  <testcase name="set[28]" classname="com.test.Client.ClientStressTest" time="0.122"/>
  <testcase name="set[29]" classname="com.test.Client.ClientStressTest" time="0.243"/>
  <testcase name="set[30]" classname="com.test.Client.ClientStressTest" time="0.133"/>
  <testcase name="set[31]" classname="com.test.Client.ClientStressTest" time="0.125"/>
  <testcase name="set[32]" classname="com.test.Client.ClientStressTest" time="0.12"/>
  <testcase name="set[33]" classname="com.test.Client.ClientStressTest" time="0.122"/>
  <testcase name="set[34]" classname="com.test.Client.ClientStressTest" time="0.122"/>
  <testcase name="set[35]" classname="com.test.Client.ClientStressTest" time="0.134"/>
  <testcase name="set[36]" classname="com.test.Client.ClientStressTest" time="0.132"/>
  <testcase name="set[37]" classname="com.test.Client.ClientStressTest" time="0.255"/>
  <testcase name="set[38]" classname="com.test.Client.ClientStressTest" time="0.11"/>
  <testcase name="set[39]" classname="com.test.Client.ClientStressTest" time="0.132"/>
  <testcase name="set[40]" classname="com.test.Client.ClientStressTest" time="0.17"/>
  <testcase name="set[41]" classname="com.test.Client.ClientStressTest" time="0.13"/>
  <testcase name="set[42]" classname="com.test.Client.ClientStressTest" time="0.136"/>
  <testcase name="set[43]" classname="com.test.Client.ClientStressTest" time="0.12"/>
  <testcase name="set[44]" classname="com.test.Client.ClientStressTest" time="0.132"/>
  <testcase name="set[45]" classname="com.test.Client.ClientStressTest" time="0.288"/>
  <testcase name="set[46]" classname="com.test.Client.ClientStressTest" time="0.278"/>
  <testcase name="set[47]" classname="com.test.Client.ClientStressTest" time="0.289"/>
  <testcase name="set[48]" classname="com.test.Client.ClientStressTest" time="0.432"/>
  <testcase name="set[49]" classname="com.test.Client.ClientStressTest" time="0.277"/>
  <testcase name="set[50]" classname="com.test.Client.ClientStressTest" time="0.111"/>
  <testcase name="set[51]" classname="com.test.Client.ClientStressTest" time="0.29"/>
  <testcase name="set[52]" classname="com.test.Client.ClientStressTest" time="0.274"/>
  <testcase name="set[53]" classname="com.test.Client.ClientStressTest" time="0.29"/>
  <testcase name="set[54]" classname="com.test.Client.ClientStressTest" time="0.278"/>
  <testcase name="set[55]" classname="com.test.Client.ClientStressTest" time="0.278"/>
  <testcase name="set[56]" classname="com.test.Client.ClientStressTest" time="0.121"/>
  <testcase name="set[57]" classname="com.test.Client.ClientStressTest" time="0.501"/>
  <testcase name="set[58]" classname="com.test.Client.ClientStressTest" time="0.189"/>
  <testcase name="set[59]" classname="com.test.Client.ClientStressTest" time="0.121"/>
  <testcase name="set[60]" classname="com.test.Client.ClientStressTest" time="0.12"/>
  <testcase name="set[61]" classname="com.test.Client.ClientStressTest" time="0.134"/>
  <testcase name="set[62]" classname="com.test.Client.ClientStressTest" time="0.154"/>
  <testcase name="set[63]" classname="com.test.Client.ClientStressTest" time="0.133"/>
  <testcase name="set[64]" classname="com.test.Client.ClientStressTest" time="0.133"/>
  <testcase name="set[65]" classname="com.test.Client.ClientStressTest" time="0.133"/>
  <testcase name="set[66]" classname="com.test.Client.ClientStressTest" time="0.275"/>
  <testcase name="set[67]" classname="com.test.Client.ClientStressTest" time="0.125"/>
  <testcase name="set[68]" classname="com.test.Client.ClientStressTest" time="0.12"/>
  <testcase name="set[69]" classname="com.test.Client.ClientStressTest" time="0.121"/>
  <testcase name="set[70]" classname="com.test.Client.ClientStressTest" time="0.158"/>
  <testcase name="set[71]" classname="com.test.Client.ClientStressTest" time="0.121"/>
  <testcase name="set[72]" classname="com.test.Client.ClientStressTest" time="0.122"/>
  <testcase name="set[73]" classname="com.test.Client.ClientStressTest" time="0.122"/>
  <testcase name="set[74]" classname="com.test.Client.ClientStressTest" time="0.4"/>
  <testcase name="set[75]" classname="com.test.Client.ClientStressTest" time="0.312"/>
  <testcase name="set[76]" classname="com.test.Client.ClientStressTest" time="0.121"/>
  <testcase name="set[77]" classname="com.test.Client.ClientStressTest" time="0.278"/>
  <testcase name="set[78]" classname="com.test.Client.ClientStressTest" time="0.286"/>
  <testcase name="set[79]" classname="com.test.Client.ClientStressTest" time="0.135"/>
  <testcase name="set[80]" classname="com.test.Client.ClientStressTest" time="0.263"/>
  <testcase name="set[81]" classname="com.test.Client.ClientStressTest" time="0.303"/>
  <testcase name="set[82]" classname="com.test.Client.ClientStressTest" time="0.276"/>
  <testcase name="set[83]" classname="com.test.Client.ClientStressTest" time="0.276"/>
  <testcase name="set[84]" classname="com.test.Client.ClientStressTest" time="0.295"/>
  <testcase name="set[85]" classname="com.test.Client.ClientStressTest" time="0.298"/>
  <testcase name="set[86]" classname="com.test.Client.ClientStressTest" time="0.332"/>
  <testcase name="set[87]" classname="com.test.Client.ClientStressTest" time="0.253"/>
  <testcase name="set[88]" classname="com.test.Client.ClientStressTest" time="0.187"/>
  <testcase name="set[89]" classname="com.test.Client.ClientStressTest" time="0.125"/>
  <testcase name="set[90]" classname="com.test.Client.ClientStressTest" time="0.121"/>
  <testcase name="set[91]" classname="com.test.Client.ClientStressTest" time="0.122"/>
  <testcase name="set[92]" classname="com.test.Client.ClientStressTest" time="0.122"/>
  <testcase name="set[93]" classname="com.test.Client.ClientStressTest" time="0.125"/>
  <testcase name="set[94]" classname="com.test.Client.ClientStressTest" time="0.118"/>
  <testcase name="set[95]" classname="com.test.Client.ClientStressTest" time="0.125"/>
  <testcase name="set[96]" classname="com.test.Client.ClientStressTest" time="0.121"/>
  <testcase name="set[97]" classname="com.test.Client.ClientStressTest" time="0.3"/>
  <testcase name="set[98]" classname="com.test.Client.ClientStressTest" time="0.121"/>
  <testcase name="set[99]" classname="com.test.Client.ClientStressTest" time="0.123"/>
  <testcase name="set[100]" classname="com.test.Client.ClientStressTest" time="0.354"/>
  <testcase name="set[101]" classname="com.test.Client.ClientStressTest" time="0.279"/>
  <testcase name="set[102]" classname="com.test.Client.ClientStressTest" time="0.285"/>
  <testcase name="set[103]" classname="com.test.Client.ClientStressTest" time="0.121"/>
  <testcase name="set[104]" classname="com.test.Client.ClientStressTest" time="0.298"/>
  <testcase name="set[105]" classname="com.test.Client.ClientStressTest" time="0.31"/>
  <testcase name="set[106]" classname="com.test.Client.ClientStressTest" time="0.27"/>
  <testcase name="set[107]" classname="com.test.Client.ClientStressTest" time="0.3"/>
  <testcase name="set[108]" classname="com.test.Client.ClientStressTest" time="0.299"/>
  <testcase name="set[109]" classname="com.test.Client.ClientStressTest" time="0.287"/>
  <testcase name="set[110]" classname="com.test.Client.ClientStressTest" time="0.3"/>
  <testcase name="set[111]" classname="com.test.Client.ClientStressTest" time="0.288"/>
  <testcase name="set[112]" classname="com.test.Client.ClientStressTest" time="0.288"/>
  <testcase name="set[113]" classname="com.test.Client.ClientStressTest" time="0.201"/>
  <testcase name="set[114]" classname="com.test.Client.ClientStressTest" time="0.111"/>
  <testcase name="set[115]" classname="com.test.Client.ClientStressTest" time="0.131"/>
  <testcase name="set[116]" classname="com.test.Client.ClientStressTest" time="0.109"/>
  <testcase name="set[117]" classname="com.test.Client.ClientStressTest" time="0.268"/>
  <testcase name="set[118]" classname="com.test.Client.ClientStressTest" time="0.122"/>
  <testcase name="set[119]" classname="com.test.Client.ClientStressTest" time="0.306"/>
  <testcase name="set[120]" classname="com.test.Client.ClientStressTest" time="0.289"/>
  <testcase name="set[121]" classname="com.test.Client.ClientStressTest" time="0.288"/>
  <testcase name="set[122]" classname="com.test.Client.ClientStressTest" time="0.29"/>
  <testcase name="set[123]" classname="com.test.Client.ClientStressTest" time="0.11"/>
  <testcase name="set[124]" classname="com.test.Client.ClientStressTest" time="0.266"/>
  <testcase name="set[125]" classname="com.test.Client.ClientStressTest" time="0.287"/>
  <testcase name="set[126]" classname="com.test.Client.ClientStressTest" time="0.311"/>
  <testcase name="set[127]" classname="com.test.Client.ClientStressTest" time="0.288"/>
  <testcase name="set[128]" classname="com.test.Client.ClientStressTest" time="0.285"/>
  <testcase name="set[129]" classname="com.test.Client.ClientStressTest" time="0.279"/>
  <testcase name="set[130]" classname="com.test.Client.ClientStressTest" time="0.308"/>
  <testcase name="set[131]" classname="com.test.Client.ClientStressTest" time="0.317"/>
  <testcase name="set[132]" classname="com.test.Client.ClientStressTest" time="0.201"/>
  <testcase name="set[133]" classname="com.test.Client.ClientStressTest" time="0.123"/>
  <testcase name="set[134]" classname="com.test.Client.ClientStressTest" time="0.129"/>
  <testcase name="set[135]" classname="com.test.Client.ClientStressTest" time="0.134"/>
  <testcase name="set[136]" classname="com.test.Client.ClientStressTest" time="0.131"/>
  <testcase name="set[137]" classname="com.test.Client.ClientStressTest" time="0.133"/>
  <testcase name="set[138]" classname="com.test.Client.ClientStressTest" time="0.12"/>
  <testcase name="set[139]" classname="com.test.Client.ClientStressTest" time="0.125"/>
  <testcase name="set[140]" classname="com.test.Client.ClientStressTest" time="0.297"/>
  <testcase name="set[141]" classname="com.test.Client.ClientStressTest" time="0.133"/>
  <testcase name="set[142]" classname="com.test.Client.ClientStressTest" time="0.132"/>
  <testcase name="set[143]" classname="com.test.Client.ClientStressTest" time="0.288"/>
  <testcase name="set[144]" classname="com.test.Client.ClientStressTest" time="0.12"/>
  <testcase name="set[145]" classname="com.test.Client.ClientStressTest" time="0.279"/>
  <testcase name="set[146]" classname="com.test.Client.ClientStressTest" time="0.121"/>
  <testcase name="set[147]" classname="com.test.Client.ClientStressTest" time="0.299"/>
  <testcase name="set[148]" classname="com.test.Client.ClientStressTest" time="0.301"/>
  <testcase name="set[149]" classname="com.test.Client.ClientStressTest" time="0.278"/>
  <testcase name="set[150]" classname="com.test.Client.ClientStressTest" time="0.298"/>
  <testcase name="set[151]" classname="com.test.Client.ClientStressTest" time="0.12"/>
  <testcase name="set[152]" classname="com.test.Client.ClientStressTest" time="0.311"/>
  <testcase name="set[153]" classname="com.test.Client.ClientStressTest" time="0.29"/>
  <testcase name="set[154]" classname="com.test.Client.ClientStressTest" time="0.256"/>
  <testcase name="set[155]" classname="com.test.Client.ClientStressTest" time="0.288"/>
  <testcase name="set[156]" classname="com.test.Client.ClientStressTest" time="0.134"/>
  <testcase name="set[157]" classname="com.test.Client.ClientStressTest" time="0.48"/>
  <testcase name="set[158]" classname="com.test.Client.ClientStressTest" time="0.251"/>
  <testcase name="set[159]" classname="com.test.Client.ClientStressTest" time="0.212"/>
  <testcase name="set[160]" classname="com.test.Client.ClientStressTest" time="0.12"/>
  <testcase name="set[161]" classname="com.test.Client.ClientStressTest" time="0.121"/>
  <testcase name="set[162]" classname="com.test.Client.ClientStressTest" time="0.133"/>
  <testcase name="set[163]" classname="com.test.Client.ClientStressTest" time="0.134"/>
  <testcase name="set[164]" classname="com.test.Client.ClientStressTest" time="0.123"/>
  <testcase name="set[165]" classname="com.test.Client.ClientStressTest" time="0.121"/>
  <testcase name="set[166]" classname="com.test.Client.ClientStressTest" time="0.148"/>
  <testcase name="set[167]" classname="com.test.Client.ClientStressTest" time="0.319"/>
  <testcase name="set[168]" classname="com.test.Client.ClientStressTest" time="0.134"/>
  <testcase name="set[169]" classname="com.test.Client.ClientStressTest" time="0.132"/>
  <testcase name="set[170]" classname="com.test.Client.ClientStressTest" time="0.121"/>
  <testcase name="set[171]" classname="com.test.Client.ClientStressTest" time="0.134"/>
  <testcase name="set[172]" classname="com.test.Client.ClientStressTest" time="0.122"/>
  <testcase name="set[173]" classname="com.test.Client.ClientStressTest" time="0.119"/>
  <testcase name="set[174]" classname="com.test.Client.ClientStressTest" time="0.134"/>
  <testcase name="set[175]" classname="com.test.Client.ClientStressTest" time="0.31"/>
  <testcase name="set[176]" classname="com.test.Client.ClientStressTest" time="0.157"/>
  <testcase name="set[177]" classname="com.test.Client.ClientStressTest" time="0.111"/>
  <testcase name="set[178]" classname="com.test.Client.ClientStressTest" time="0.141"/>
  <testcase name="set[179]" classname="com.test.Client.ClientStressTest" time="0.124"/>
  <testcase name="set[180]" classname="com.test.Client.ClientStressTest" time="0.122"/>
  <testcase name="set[181]" classname="com.test.Client.ClientStressTest" time="0.286"/>
  <testcase name="set[182]" classname="com.test.Client.ClientStressTest" time="0.124"/>
  <testcase name="set[183]" classname="com.test.Client.ClientStressTest" time="0.286"/>
  <testcase name="set[184]" classname="com.test.Client.ClientStressTest" time="0.287"/>
  <testcase name="set[185]" classname="com.test.Client.ClientStressTest" time="0.126"/>
  <testcase name="set[186]" classname="com.test.Client.ClientStressTest" time="0.288"/>
  <testcase name="set[187]" classname="com.test.Client.ClientStressTest" time="0.287"/>
  <testcase name="set[188]" classname="com.test.Client.ClientStressTest" time="0.266"/>
  <testcase name="set[189]" classname="com.test.Client.ClientStressTest" time="0.138"/>
  <testcase name="set[190]" classname="com.test.Client.ClientStressTest" time="0.272"/>
  <testcase name="set[191]" classname="com.test.Client.ClientStressTest" time="0.301"/>
  <testcase name="set[192]" classname="com.test.Client.ClientStressTest" time="0.831"/>
  <testcase name="set[193]" classname="com.test.Client.ClientStressTest" time="0.289"/>
  <testcase name="set[194]" classname="com.test.Client.ClientStressTest" time="0.324"/>
  <testcase name="set[195]" classname="com.test.Client.ClientStressTest" time="0.455"/>
  <testcase name="set[196]" classname="com.test.Client.ClientStressTest" time="0.268"/>
  <testcase name="set[197]" classname="com.test.Client.ClientStressTest" time="0.308"/>
  <testcase name="set[198]" classname="com.test.Client.ClientStressTest" time="0.12"/>
  <testcase name="set[199]" classname="com.test.Client.ClientStressTest" time="0.279"/>
  <testcase name="set[200]" classname="com.test.Client.ClientStressTest" time="0.303"/>
  <testcase name="set[201]" classname="com.test.Client.ClientStressTest" time="0.117"/>
  <testcase name="set[202]" classname="com.test.Client.ClientStressTest" time="0.28"/>
  <testcase name="set[203]" classname="com.test.Client.ClientStressTest" time="0.287"/>
  <testcase name="set[204]" classname="com.test.Client.ClientStressTest" time="0.321"/>
  <testcase name="set[205]" classname="com.test.Client.ClientStressTest" time="0.288"/>
  <testcase name="set[206]" classname="com.test.Client.ClientStressTest" time="0.135"/>
  <testcase name="set[207]" classname="com.test.Client.ClientStressTest" time="0.276"/>
  <testcase name="set[208]" classname="com.test.Client.ClientStressTest" time="0.288"/>
  <testcase name="set[209]" classname="com.test.Client.ClientStressTest" time="0.324"/>
  <testcase name="set[210]" classname="com.test.Client.ClientStressTest" time="0.185"/>
  <testcase name="set[211]" classname="com.test.Client.ClientStressTest" time="0.119"/>
  <testcase name="set[212]" classname="com.test.Client.ClientStressTest" time="0.272"/>
  <testcase name="set[213]" classname="com.test.Client.ClientStressTest" time="0.109"/>
  <testcase name="set[214]" classname="com.test.Client.ClientStressTest" time="0.294"/>
  <testcase name="set[215]" classname="com.test.Client.ClientStressTest" time="0.273"/>
  <testcase name="set[216]" classname="com.test.Client.ClientStressTest" time="0.13"/>
  <testcase name="set[217]" classname="com.test.Client.ClientStressTest" time="0.28"/>
  <testcase name="set[218]" classname="com.test.Client.ClientStressTest" time="0.289"/>
  <testcase name="set[219]" classname="com.test.Client.ClientStressTest" time="0.288"/>
  <testcase name="set[220]" classname="com.test.Client.ClientStressTest" time="0.122"/>
  <testcase name="set[221]" classname="com.test.Client.ClientStressTest" time="0.346"/>
  <testcase name="set[222]" classname="com.test.Client.ClientStressTest" time="0.296"/>
  <testcase name="set[223]" classname="com.test.Client.ClientStressTest" time="0.267"/>
  <testcase name="set[224]" classname="com.test.Client.ClientStressTest" time="0.12"/>
  <testcase name="set[225]" classname="com.test.Client.ClientStressTest" time="0.28"/>
  <testcase name="set[226]" classname="com.test.Client.ClientStressTest" time="0.271"/>
  <testcase name="set[227]" classname="com.test.Client.ClientStressTest" time="0.117"/>
  <testcase name="set[228]" classname="com.test.Client.ClientStressTest" time="0.287"/>
  <testcase name="set[229]" classname="com.test.Client.ClientStressTest" time="0.281"/>
  <testcase name="set[230]" classname="com.test.Client.ClientStressTest" time="0.199"/>
  <testcase name="set[231]" classname="com.test.Client.ClientStressTest" time="0.288"/>
  <testcase name="set[232]" classname="com.test.Client.ClientStressTest" time="0.276"/>
  <testcase name="set[233]" classname="com.test.Client.ClientStressTest" time="0.591"/>
  <testcase name="set[234]" classname="com.test.Client.ClientStressTest" time="0.277"/>
  <testcase name="set[235]" classname="com.test.Client.ClientStressTest" time="0.3"/>
  <testcase name="set[236]" classname="com.test.Client.ClientStressTest" time="0.278"/>
  <testcase name="set[237]" classname="com.test.Client.ClientStressTest" time="0.287"/>
  <testcase name="set[238]" classname="com.test.Client.ClientStressTest" time="0.421"/>
  <testcase name="set[239]" classname="com.test.Client.ClientStressTest" time="0.277"/>
  <testcase name="set[240]" classname="com.test.Client.ClientStressTest" time="0.275"/>
  <testcase name="set[241]" classname="com.test.Client.ClientStressTest" time="0.268"/>
  <testcase name="set[242]" classname="com.test.Client.ClientStressTest" time="0.232"/>
  <testcase name="set[243]" classname="com.test.Client.ClientStressTest" time="0.322"/>
  <testcase name="set[244]" classname="com.test.Client.ClientStressTest" time="0.275"/>
  <testcase name="set[245]" classname="com.test.Client.ClientStressTest" time="0.11"/>
  <testcase name="set[246]" classname="com.test.Client.ClientStressTest" time="0.255"/>
  <testcase name="set[247]" classname="com.test.Client.ClientStressTest" time="0.277"/>
  <testcase name="set[248]" classname="com.test.Client.ClientStressTest" time="0.11"/>
  <testcase name="set[249]" classname="com.test.Client.ClientStressTest" time="0.271"/>
  <testcase name="set[250]" classname="com.test.Client.ClientStressTest" time="0.119"/>
  <testcase name="set[251]" classname="com.test.Client.ClientStressTest" time="0.277"/>
  <testcase name="set[252]" classname="com.test.Client.ClientStressTest" time="0.288"/>
  <testcase name="set[253]" classname="com.test.Client.ClientStressTest" time="0.132"/>
  <testcase name="set[254]" classname="com.test.Client.ClientStressTest" time="0.294"/>
  <testcase name="set[255]" classname="com.test.Client.ClientStressTest" time="0.318"/>
  <testcase name="set[256]" classname="com.test.Client.ClientStressTest" time="0.332"/>
  <testcase name="set[257]" classname="com.test.Client.ClientStressTest" time="0.266"/>
  <testcase name="set[258]" classname="com.test.Client.ClientStressTest" time="0.312"/>
  <testcase name="set[259]" classname="com.test.Client.ClientStressTest" time="0.287"/>
  <testcase name="set[260]" classname="com.test.Client.ClientStressTest" time="0.112"/>
  <testcase name="set[261]" classname="com.test.Client.ClientStressTest" time="0.199"/>
  <testcase name="set[262]" classname="com.test.Client.ClientStressTest" time="0.211"/>
  <testcase name="set[263]" classname="com.test.Client.ClientStressTest" time="0.135"/>
  <testcase name="set[264]" classname="com.test.Client.ClientStressTest" time="0.131"/>
  <testcase name="set[265]" classname="com.test.Client.ClientStressTest" time="0.124"/>
  <testcase name="set[266]" classname="com.test.Client.ClientStressTest" time="0.121"/>
  <testcase name="set[267]" classname="com.test.Client.ClientStressTest" time="0.12"/>
  <testcase name="set[268]" classname="com.test.Client.ClientStressTest" time="0.134"/>
  <testcase name="set[269]" classname="com.test.Client.ClientStressTest" time="0.133"/>
  <testcase name="set[270]" classname="com.test.Client.ClientStressTest" time="0.294"/>
  <testcase name="set[271]" classname="com.test.Client.ClientStressTest" time="0.129"/>
  <testcase name="set[272]" classname="com.test.Client.ClientStressTest" time="0.119"/>
  <testcase name="set[273]" classname="com.test.Client.ClientStressTest" time="0.156"/>
  <testcase name="set[274]" classname="com.test.Client.ClientStressTest" time="0.11"/>
  <testcase name="set[275]" classname="com.test.Client.ClientStressTest" time="0.123"/>
  <testcase name="set[276]" classname="com.test.Client.ClientStressTest" time="0.111"/>
  <testcase name="set[277]" classname="com.test.Client.ClientStressTest" time="0.133"/>
  <testcase name="set[278]" classname="com.test.Client.ClientStressTest" time="0.28"/>
  <testcase name="set[279]" classname="com.test.Client.ClientStressTest" time="0.289"/>
  <testcase name="set[280]" classname="com.test.Client.ClientStressTest" time="0.297"/>
  <testcase name="set[281]" classname="com.test.Client.ClientStressTest" time="0.152"/>
  <testcase name="set[282]" classname="com.test.Client.ClientStressTest" time="0.281"/>
  <testcase name="set[283]" classname="com.test.Client.ClientStressTest" time="0.266"/>
  <testcase name="set[284]" classname="com.test.Client.ClientStressTest" time="0.109"/>
  <testcase name="set[285]" classname="com.test.Client.ClientStressTest" time="0.28"/>
  <testcase name="set[286]" classname="com.test.Client.ClientStressTest" time="0.279"/>
  <testcase name="set[287]" classname="com.test.Client.ClientStressTest" time="0.284"/>
  <testcase name="set[288]" classname="com.test.Client.ClientStressTest" time="0.279"/>
  <testcase name="set[289]" classname="com.test.Client.ClientStressTest" time="0.121"/>
  <testcase name="set[290]" classname="com.test.Client.ClientStressTest" time="0.313"/>
  <testcase name="set[291]" classname="com.test.Client.ClientStressTest" time="0.475"/>
  <testcase name="set[292]" classname="com.test.Client.ClientStressTest" time="0.201"/>
  <testcase name="set[293]" classname="com.test.Client.ClientStressTest" time="0.108"/>
  <testcase name="set[294]" classname="com.test.Client.ClientStressTest" time="0.2"/>
  <testcase name="set[295]" classname="com.test.Client.ClientStressTest" time="0.112"/>
  <testcase name="set[296]" classname="com.test.Client.ClientStressTest" time="0.11"/>
  <testcase name="set[297]" classname="com.test.Client.ClientStressTest" time="0.156"/>
  <testcase name="set[298]" classname="com.test.Client.ClientStressTest" time="0.12"/>
  <testcase name="set[299]" classname="com.test.Client.ClientStressTest" time="0.124"/>
  <testcase name="set[300]" classname="com.test.Client.ClientStressTest" time="0.134"/>
  <testcase name="set[301]" classname="com.test.Client.ClientStressTest" time="0.105"/>
  <testcase name="set[302]" classname="com.test.Client.ClientStressTest" time="0.278"/>
  <testcase name="set[303]" classname="com.test.Client.ClientStressTest" time="0.134"/>
  <testcase name="set[304]" classname="com.test.Client.ClientStressTest" time="0.119"/>
  <testcase name="set[305]" classname="com.test.Client.ClientStressTest" time="0.127"/>
  <testcase name="set[306]" classname="com.test.Client.ClientStressTest" time="0.106"/>
  <testcase name="set[307]" classname="com.test.Client.ClientStressTest" time="0.134"/>
  <testcase name="set[308]" classname="com.test.Client.ClientStressTest" time="0.111"/>
  <testcase name="set[309]" classname="com.test.Client.ClientStressTest" time="0.12"/>
  <testcase name="set[310]" classname="com.test.Client.ClientStressTest" time="0.125"/>
  <testcase name="set[311]" classname="com.test.Client.ClientStressTest" time="0.3"/>
  <testcase name="set[312]" classname="com.test.Client.ClientStressTest" time="0.106"/>
  <testcase name="set[313]" classname="com.test.Client.ClientStressTest" time="0.123"/>
  <testcase name="set[314]" classname="com.test.Client.ClientStressTest" time="0.11"/>
  <testcase name="set[315]" classname="com.test.Client.ClientStressTest" time="0.145"/>
  <testcase name="set[316]" classname="com.test.Client.ClientStressTest" time="0.121"/>
  <testcase name="set[317]" classname="com.test.Client.ClientStressTest" time="0.278"/>
  <testcase name="set[318]" classname="com.test.Client.ClientStressTest" time="0.29"/>
  <testcase name="set[319]" classname="com.test.Client.ClientStressTest" time="0.122"/>
  <testcase name="set[320]" classname="com.test.Client.ClientStressTest" time="0.275"/>
  <testcase name="set[321]" classname="com.test.Client.ClientStressTest" time="0.268"/>
  <testcase name="set[322]" classname="com.test.Client.ClientStressTest" time="0.278"/>
  <testcase name="set[323]" classname="com.test.Client.ClientStressTest" time="0.132"/>
  <testcase name="set[324]" classname="com.test.Client.ClientStressTest" time="0.302"/>
  <testcase name="set[325]" classname="com.test.Client.ClientStressTest" time="0.288"/>
  <testcase name="set[326]" classname="com.test.Client.ClientStressTest" time="0.297"/>
  <testcase name="set[327]" classname="com.test.Client.ClientStressTest" time="0.289"/>
  <testcase name="set[328]" classname="com.test.Client.ClientStressTest" time="0.29"/>
  <testcase name="set[329]" classname="com.test.Client.ClientStressTest" time="0.534"/>
  <testcase name="set[330]" classname="com.test.Client.ClientStressTest" time="0.319"/>
  <testcase name="set[331]" classname="com.test.Client.ClientStressTest" time="0.28"/>
  <testcase name="set[332]" classname="com.test.Client.ClientStressTest" time="0.134"/>
  <testcase name="set[333]" classname="com.test.Client.ClientStressTest" time="0.252"/>
  <testcase name="set[334]" classname="com.test.Client.ClientStressTest" time="0.291"/>
  <testcase name="set[335]" classname="com.test.Client.ClientStressTest" time="0.121"/>
  <testcase name="set[336]" classname="com.test.Client.ClientStressTest" time="0.288"/>
  <testcase name="set[337]" classname="com.test.Client.ClientStressTest" time="0.265"/>
  <testcase name="set[338]" classname="com.test.Client.ClientStressTest" time="0.123"/>
  <testcase name="set[339]" classname="com.test.Client.ClientStressTest" time="0.325"/>
  <testcase name="set[340]" classname="com.test.Client.ClientStressTest" time="0.596"/>
  <testcase name="set[341]" classname="com.test.Client.ClientStressTest" time="0.121"/>
  <testcase name="set[342]" classname="com.test.Client.ClientStressTest" time="0.292"/>
  <testcase name="set[343]" classname="com.test.Client.ClientStressTest" time="0.268"/>
  <testcase name="set[344]" classname="com.test.Client.ClientStressTest" time="0.272"/>
  <testcase name="set[345]" classname="com.test.Client.ClientStressTest" time="0.125"/>
  <testcase name="set[346]" classname="com.test.Client.ClientStressTest" time="0.287"/>
  <testcase name="set[347]" classname="com.test.Client.ClientStressTest" time="0.212"/>
  <testcase name="set[348]" classname="com.test.Client.ClientStressTest" time="0.136"/>
  <testcase name="set[349]" classname="com.test.Client.ClientStressTest" time="0.119"/>
  <testcase name="set[350]" classname="com.test.Client.ClientStressTest" time="0.299"/>
  <testcase name="set[351]" classname="com.test.Client.ClientStressTest" time="0.283"/>
  <testcase name="set[352]" classname="com.test.Client.ClientStressTest" time="0.116"/>
  <testcase name="set[353]" classname="com.test.Client.ClientStressTest" time="0.29"/>
  <testcase name="set[354]" classname="com.test.Client.ClientStressTest" time="0.267"/>
  <testcase name="set[355]" classname="com.test.Client.ClientStressTest" time="0.287"/>
  <testcase name="set[356]" classname="com.test.Client.ClientStressTest" time="0.311"/>
  <testcase name="set[357]" classname="com.test.Client.ClientStressTest" time="0.125"/>
  <testcase name="set[358]" classname="com.test.Client.ClientStressTest" time="0.277"/>
  <testcase name="set[359]" classname="com.test.Client.ClientStressTest" time="0.332"/>
  <testcase name="set[360]" classname="com.test.Client.ClientStressTest" time="0.279"/>
  <testcase name="set[361]" classname="com.test.Client.ClientStressTest" time="0.286"/>
  <testcase name="set[362]" classname="com.test.Client.ClientStressTest" time="0.301"/>
  <testcase name="set[363]" classname="com.test.Client.ClientStressTest" time="0.289"/>
  <testcase name="set[364]" classname="com.test.Client.ClientStressTest" time="0.288"/>
  <testcase name="set[365]" classname="com.test.Client.ClientStressTest" time="0.199"/>
  <testcase name="set[366]" classname="com.test.Client.ClientStressTest" time="0.134"/>
  <testcase name="set[367]" classname="com.test.Client.ClientStressTest" time="0.121"/>
  <testcase name="set[368]" classname="com.test.Client.ClientStressTest" time="0.134"/>
  <testcase name="set[369]" classname="com.test.Client.ClientStressTest" time="0.11"/>
  <testcase name="set[370]" classname="com.test.Client.ClientStressTest" time="0.122"/>
  <testcase name="set[371]" classname="com.test.Client.ClientStressTest" time="0.126"/>
  <testcase name="set[372]" classname="com.test.Client.ClientStressTest" time="0.119"/>
  <testcase name="set[373]" classname="com.test.Client.ClientStressTest" time="0.279"/>
  <testcase name="set[374]" classname="com.test.Client.ClientStressTest" time="0.108"/>
  <testcase name="set[375]" classname="com.test.Client.ClientStressTest" time="0.122"/>
  <testcase name="set[376]" classname="com.test.Client.ClientStressTest" time="0.111"/>
  <testcase name="set[377]" classname="com.test.Client.ClientStressTest" time="0.112"/>
  <testcase name="set[378]" classname="com.test.Client.ClientStressTest" time="0.132"/>
  <testcase name="set[379]" classname="com.test.Client.ClientStressTest" time="0.112"/>
  <testcase name="set[380]" classname="com.test.Client.ClientStressTest" time="0.111"/>
  <testcase name="set[381]" classname="com.test.Client.ClientStressTest" time="0.265"/>
  <testcase name="set[382]" classname="com.test.Client.ClientStressTest" time="0.166"/>
  <testcase name="set[383]" classname="com.test.Client.ClientStressTest" time="0.266"/>
  <testcase name="set[384]" classname="com.test.Client.ClientStressTest" time="0.279"/>
  <testcase name="set[385]" classname="com.test.Client.ClientStressTest" time="0.134"/>
  <testcase name="set[386]" classname="com.test.Client.ClientStressTest" time="0.264"/>
  <testcase name="set[387]" classname="com.test.Client.ClientStressTest" time="0.255"/>
  <testcase name="set[388]" classname="com.test.Client.ClientStressTest" time="0.124"/>
  <testcase name="set[389]" classname="com.test.Client.ClientStressTest" time="0.298"/>
  <testcase name="set[390]" classname="com.test.Client.ClientStressTest" time="0.288"/>
  <testcase name="set[391]" classname="com.test.Client.ClientStressTest" time="0.278"/>
  <testcase name="set[392]" classname="com.test.Client.ClientStressTest" time="0.274"/>
  <testcase name="set[393]" classname="com.test.Client.ClientStressTest" time="0.277"/>
  <testcase name="set[394]" classname="com.test.Client.ClientStressTest" time="0.279"/>
  <testcase name="set[395]" classname="com.test.Client.ClientStressTest" time="0.289"/>
  <testcase name="set[396]" classname="com.test.Client.ClientStressTest" time="0.199"/>
  <testcase name="set[397]" classname="com.test.Client.ClientStressTest" time="0.131"/>
  <testcase name="set[398]" classname="com.test.Client.ClientStressTest" time="0.251"/>
  <testcase name="set[399]" classname="com.test.Client.ClientStressTest" time="0.128"/>
  <testcase name="set[400]" classname="com.test.Client.ClientStressTest" time="0.108"/>
  <testcase name="set[401]" classname="com.test.Client.ClientStressTest" time="0.112"/>
  <testcase name="set[402]" classname="com.test.Client.ClientStressTest" time="0.21"/>
  <testcase name="set[403]" classname="com.test.Client.ClientStressTest" time="0.121"/>
  <testcase name="set[404]" classname="com.test.Client.ClientStressTest" time="0.134"/>
  <testcase name="set[405]" classname="com.test.Client.ClientStressTest" time="0.143"/>
  <testcase name="set[406]" classname="com.test.Client.ClientStressTest" time="0.12"/>
  <testcase name="set[407]" classname="com.test.Client.ClientStressTest" time="0.169"/>
  <testcase name="set[408]" classname="com.test.Client.ClientStressTest" time="0.119"/>
  <testcase name="set[409]" classname="com.test.Client.ClientStressTest" time="0.133"/>
  <testcase name="set[410]" classname="com.test.Client.ClientStressTest" time="0.289"/>
  <testcase name="set[411]" classname="com.test.Client.ClientStressTest" time="0.156"/>
  <testcase name="set[412]" classname="com.test.Client.ClientStressTest" time="0.12"/>
  <testcase name="set[413]" classname="com.test.Client.ClientStressTest" time="0.134"/>
  <testcase name="set[414]" classname="com.test.Client.ClientStressTest" time="0.123"/>
  <testcase name="set[415]" classname="com.test.Client.ClientStressTest" time="0.111"/>
  <testcase name="set[416]" classname="com.test.Client.ClientStressTest" time="0.133"/>
  <testcase name="set[417]" classname="com.test.Client.ClientStressTest" time="0.325"/>
  <testcase name="set[418]" classname="com.test.Client.ClientStressTest" time="0.106"/>
  <testcase name="set[419]" classname="com.test.Client.ClientStressTest" time="0.112"/>
  <testcase name="set[420]" classname="com.test.Client.ClientStressTest" time="0.122"/>
  <testcase name="set[421]" classname="com.test.Client.ClientStressTest" time="0.133"/>
  <testcase name="set[422]" classname="com.test.Client.ClientStressTest" time="0.124"/>
  <testcase name="set[423]" classname="com.test.Client.ClientStressTest" time="0.121"/>
  <testcase name="set[424]" classname="com.test.Client.ClientStressTest" time="0.12"/>
  <testcase name="set[425]" classname="com.test.Client.ClientStressTest" time="0.257"/>
  <testcase name="set[426]" classname="com.test.Client.ClientStressTest" time="0.109"/>
  <testcase name="set[427]" classname="com.test.Client.ClientStressTest" time="0.301"/>
  <testcase name="set[428]" classname="com.test.Client.ClientStressTest" time="0.122"/>
  <testcase name="set[429]" classname="com.test.Client.ClientStressTest" time="0.288"/>
  <testcase name="set[430]" classname="com.test.Client.ClientStressTest" time="0.279"/>
  <testcase name="set[431]" classname="com.test.Client.ClientStressTest" time="0.121"/>
  <testcase name="set[432]" classname="com.test.Client.ClientStressTest" time="0.284"/>
  <testcase name="set[433]" classname="com.test.Client.ClientStressTest" time="0.282"/>
  <testcase name="set[434]" classname="com.test.Client.ClientStressTest" time="0.277"/>
  <testcase name="set[435]" classname="com.test.Client.ClientStressTest" time="0.12"/>
  <testcase name="set[436]" classname="com.test.Client.ClientStressTest" time="0.28"/>
  <testcase name="set[437]" classname="com.test.Client.ClientStressTest" time="0.252"/>
  <testcase name="set[438]" classname="com.test.Client.ClientStressTest" time="0.289"/>
  <testcase name="set[439]" classname="com.test.Client.ClientStressTest" time="0.346"/>
  <testcase name="set[440]" classname="com.test.Client.ClientStressTest" time="0.211"/>
  <testcase name="set[441]" classname="com.test.Client.ClientStressTest" time="0.308"/>
  <testcase name="set[442]" classname="com.test.Client.ClientStressTest" time="0.279"/>
  <testcase name="set[443]" classname="com.test.Client.ClientStressTest" time="0.121"/>
  <testcase name="set[444]" classname="com.test.Client.ClientStressTest" time="0.279"/>
  <testcase name="set[445]" classname="com.test.Client.ClientStressTest" time="0.279"/>
  <testcase name="set[446]" classname="com.test.Client.ClientStressTest" time="0.264"/>
  <testcase name="set[447]" classname="com.test.Client.ClientStressTest" time="0.275"/>
  <testcase name="set[448]" classname="com.test.Client.ClientStressTest" time="0.28"/>
  <testcase name="set[449]" classname="com.test.Client.ClientStressTest" time="0.301"/>
  <testcase name="set[450]" classname="com.test.Client.ClientStressTest" time="0.265"/>
  <testcase name="set[451]" classname="com.test.Client.ClientStressTest" time="0.288"/>
  <testcase name="set[452]" classname="com.test.Client.ClientStressTest" time="0.289"/>
  <testcase name="set[453]" classname="com.test.Client.ClientStressTest" time="0.321"/>
  <testcase name="set[454]" classname="com.test.Client.ClientStressTest" time="0.299"/>
  <testcase name="set[455]" classname="com.test.Client.ClientStressTest" time="0.214"/>
  <testcase name="set[456]" classname="com.test.Client.ClientStressTest" time="0.107"/>
  <testcase name="set[457]" classname="com.test.Client.ClientStressTest" time="0.292"/>
  <testcase name="set[458]" classname="com.test.Client.ClientStressTest" time="0.276"/>
  <testcase name="set[459]" classname="com.test.Client.ClientStressTest" time="0.292"/>
  <testcase name="set[460]" classname="com.test.Client.ClientStressTest" time="0.304"/>
  <testcase name="set[461]" classname="com.test.Client.ClientStressTest" time="0.304"/>
  <testcase name="set[462]" classname="com.test.Client.ClientStressTest" time="0.265"/>
  <testcase name="set[463]" classname="com.test.Client.ClientStressTest" time="0.311"/>
  <testcase name="set[464]" classname="com.test.Client.ClientStressTest" time="0.113"/>
  <testcase name="set[465]" classname="com.test.Client.ClientStressTest" time="0.478"/>
  <testcase name="set[466]" classname="com.test.Client.ClientStressTest" time="0.275"/>
  <testcase name="set[467]" classname="com.test.Client.ClientStressTest" time="0.282"/>
  <testcase name="set[468]" classname="com.test.Client.ClientStressTest" time="0.265"/>
  <testcase name="set[469]" classname="com.test.Client.ClientStressTest" time="0.367"/>
  <testcase name="set[470]" classname="com.test.Client.ClientStressTest" time="0.19"/>
  <testcase name="set[471]" classname="com.test.Client.ClientStressTest" time="0.13"/>
  <testcase name="set[472]" classname="com.test.Client.ClientStressTest" time="0.134"/>
  <testcase name="set[473]" classname="com.test.Client.ClientStressTest" time="0.12"/>
  <testcase name="set[474]" classname="com.test.Client.ClientStressTest" time="0.122"/>
  <testcase name="set[475]" classname="com.test.Client.ClientStressTest" time="0.109"/>
  <testcase name="set[476]" classname="com.test.Client.ClientStressTest" time="0.109"/>
  <testcase name="set[477]" classname="com.test.Client.ClientStressTest" time="0.111"/>
  <testcase name="set[478]" classname="com.test.Client.ClientStressTest" time="0.27"/>
  <testcase name="set[479]" classname="com.test.Client.ClientStressTest" time="0.119"/>
  <testcase name="set[480]" classname="com.test.Client.ClientStressTest" time="0.121"/>
  <testcase name="set[481]" classname="com.test.Client.ClientStressTest" time="0.147"/>
  <testcase name="set[482]" classname="com.test.Client.ClientStressTest" time="0.145"/>
  <testcase name="set[483]" classname="com.test.Client.ClientStressTest" time="0.119"/>
  <testcase name="set[484]" classname="com.test.Client.ClientStressTest" time="0.133"/>
  <testcase name="set[485]" classname="com.test.Client.ClientStressTest" time="0.132"/>
  <testcase name="set[486]" classname="com.test.Client.ClientStressTest" time="0.333"/>
  <testcase name="set[487]" classname="com.test.Client.ClientStressTest" time="0.122"/>
  <testcase name="set[488]" classname="com.test.Client.ClientStressTest" time="0.133"/>
  <testcase name="set[489]" classname="com.test.Client.ClientStressTest" time="0.16"/>
  <testcase name="set[490]" classname="com.test.Client.ClientStressTest" time="0.115"/>
  <testcase name="set[491]" classname="com.test.Client.ClientStressTest" time="0.29"/>
  <testcase name="set[492]" classname="com.test.Client.ClientStressTest" time="0.278"/>
  <testcase name="set[493]" classname="com.test.Client.ClientStressTest" time="0.12"/>
  <testcase name="set[494]" classname="com.test.Client.ClientStressTest" time="0.298"/>
  <testcase name="set[495]" classname="com.test.Client.ClientStressTest" time="0.279"/>
  <testcase name="set[496]" classname="com.test.Client.ClientStressTest" time="0.287"/>
  <testcase name="set[497]" classname="com.test.Client.ClientStressTest" time="0.125"/>
  <testcase name="set[498]" classname="com.test.Client.ClientStressTest" time="0.398"/>
  <testcase name="set[499]" classname="com.test.Client.ClientStressTest" time="0.302"/>
  <testcase name="set[500]" classname="com.test.Client.ClientStressTest" time="0.277"/>
  <testcase name="set[501]" classname="com.test.Client.ClientStressTest" time="0.326"/>
  <testcase name="set[502]" classname="com.test.Client.ClientStressTest" time="0.262"/>
  <testcase name="set[503]" classname="com.test.Client.ClientStressTest" time="0.352"/>
  <testcase name="set[504]" classname="com.test.Client.ClientStressTest" time="0.337"/>
  <testcase name="set[505]" classname="com.test.Client.ClientStressTest" time="0.264"/>
  <testcase name="set[506]" classname="com.test.Client.ClientStressTest" time="0.267"/>
  <testcase name="set[507]" classname="com.test.Client.ClientStressTest" time="0.265"/>
  <testcase name="set[508]" classname="com.test.Client.ClientStressTest" time="0.281"/>
  <testcase name="set[509]" classname="com.test.Client.ClientStressTest" time="0.129"/>
  <testcase name="set[510]" classname="com.test.Client.ClientStressTest" time="0.291"/>
  <testcase name="set[511]" classname="com.test.Client.ClientStressTest" time="0.263"/>
  <testcase name="set[512]" classname="com.test.Client.ClientStressTest" time="0.281"/>
  <testcase name="set[513]" classname="com.test.Client.ClientStressTest" time="0.284"/>
  <testcase name="set[514]" classname="com.test.Client.ClientStressTest" time="0.466"/>
  <testcase name="set[515]" classname="com.test.Client.ClientStressTest" time="0.332"/>
  <testcase name="set[516]" classname="com.test.Client.ClientStressTest" time="0.5"/>
  <testcase name="set[517]" classname="com.test.Client.ClientStressTest" time="0.187"/>
  <testcase name="set[518]" classname="com.test.Client.ClientStressTest" time="0.126"/>
  <testcase name="set[519]" classname="com.test.Client.ClientStressTest" time="0.119"/>
  <testcase name="set[520]" classname="com.test.Client.ClientStressTest" time="0.121"/>
  <testcase name="set[521]" classname="com.test.Client.ClientStressTest" time="0.124"/>
  <testcase name="set[522]" classname="com.test.Client.ClientStressTest" time="0.138"/>
  <testcase name="set[523]" classname="com.test.Client.ClientStressTest" time="0.137"/>
  <testcase name="set[524]" classname="com.test.Client.ClientStressTest" time="0.125"/>
  <testcase name="set[525]" classname="com.test.Client.ClientStressTest" time="0.288"/>
  <testcase name="set[526]" classname="com.test.Client.ClientStressTest" time="0.121"/>
  <testcase name="set[527]" classname="com.test.Client.ClientStressTest" time="0.265"/>
  <testcase name="set[528]" classname="com.test.Client.ClientStressTest" time="0.134"/>
  <testcase name="set[529]" classname="com.test.Client.ClientStressTest" time="0.29"/>
  <testcase name="set[530]" classname="com.test.Client.ClientStressTest" time="0.277"/>
  <testcase name="set[531]" classname="com.test.Client.ClientStressTest" time="0.111"/>
  <testcase name="set[532]" classname="com.test.Client.ClientStressTest" time="0.279"/>
  <testcase name="set[533]" classname="com.test.Client.ClientStressTest" time="0.286"/>
  <testcase name="set[534]" classname="com.test.Client.ClientStressTest" time="0.267"/>
  <testcase name="set[535]" classname="com.test.Client.ClientStressTest" time="0.121"/>
  <testcase name="set[536]" classname="com.test.Client.ClientStressTest" time="0.269"/>
  <testcase name="set[537]" classname="com.test.Client.ClientStressTest" time="0.275"/>
  <testcase name="set[538]" classname="com.test.Client.ClientStressTest" time="0.28"/>
  <testcase name="set[539]" classname="com.test.Client.ClientStressTest" time="0.309"/>
  <testcase name="set[540]" classname="com.test.Client.ClientStressTest" time="0.333"/>
  <testcase name="set[541]" classname="com.test.Client.ClientStressTest" time="0.387"/>
  <testcase name="set[542]" classname="com.test.Client.ClientStressTest" time="0.124"/>
  <testcase name="set[543]" classname="com.test.Client.ClientStressTest" time="0.12"/>
  <testcase name="set[544]" classname="com.test.Client.ClientStressTest" time="0.279"/>
  <testcase name="set[545]" classname="com.test.Client.ClientStressTest" time="0.279"/>
  <testcase name="set[546]" classname="com.test.Client.ClientStressTest" time="0.107"/>
  <testcase name="set[547]" classname="com.test.Client.ClientStressTest" time="0.293"/>
  <testcase name="set[548]" classname="com.test.Client.ClientStressTest" time="0.32"/>
  <testcase name="set[549]" classname="com.test.Client.ClientStressTest" time="0.278"/>
  <testcase name="set[550]" classname="com.test.Client.ClientStressTest" time="0.276"/>
  <testcase name="set[551]" classname="com.test.Client.ClientStressTest" time="0.278"/>
  <testcase name="set[552]" classname="com.test.Client.ClientStressTest" time="0.122"/>
  <testcase name="set[553]" classname="com.test.Client.ClientStressTest" time="0.276"/>
  <testcase name="set[554]" classname="com.test.Client.ClientStressTest" time="0.269"/>
  <testcase name="set[555]" classname="com.test.Client.ClientStressTest" time="0.264"/>
  <testcase name="set[556]" classname="com.test.Client.ClientStressTest" time="0.276"/>
  <testcase name="set[557]" classname="com.test.Client.ClientStressTest" time="0.301"/>
  <testcase name="set[558]" classname="com.test.Client.ClientStressTest" time="0.286"/>
  <testcase name="set[559]" classname="com.test.Client.ClientStressTest" time="0.187"/>
  <testcase name="set[560]" classname="com.test.Client.ClientStressTest" time="0.111"/>
  <testcase name="set[561]" classname="com.test.Client.ClientStressTest" time="0.156"/>
  <testcase name="set[562]" classname="com.test.Client.ClientStressTest" time="0.123"/>
  <testcase name="set[563]" classname="com.test.Client.ClientStressTest" time="0.12"/>
  <testcase name="set[564]" classname="com.test.Client.ClientStressTest" time="0.112"/>
  <testcase name="set[565]" classname="com.test.Client.ClientStressTest" time="0.122"/>
  <testcase name="set[566]" classname="com.test.Client.ClientStressTest" time="0.105"/>
  <testcase name="set[567]" classname="com.test.Client.ClientStressTest" time="0.292"/>
  <testcase name="set[568]" classname="com.test.Client.ClientStressTest" time="0.11"/>
  <testcase name="set[569]" classname="com.test.Client.ClientStressTest" time="0.122"/>
  <testcase name="set[570]" classname="com.test.Client.ClientStressTest" time="0.121"/>
  <testcase name="set[571]" classname="com.test.Client.ClientStressTest" time="0.111"/>
  <testcase name="set[572]" classname="com.test.Client.ClientStressTest" time="0.121"/>
  <testcase name="set[573]" classname="com.test.Client.ClientStressTest" time="0.133"/>
  <testcase name="set[574]" classname="com.test.Client.ClientStressTest" time="0.122"/>
  <testcase name="set[575]" classname="com.test.Client.ClientStressTest" time="0.135"/>
  <testcase name="set[576]" classname="com.test.Client.ClientStressTest" time="0.199"/>
  <testcase name="set[577]" classname="com.test.Client.ClientStressTest" time="0.135"/>
  <testcase name="set[578]" classname="com.test.Client.ClientStressTest" time="0.135"/>
  <testcase name="set[579]" classname="com.test.Client.ClientStressTest" time="0.118"/>
  <testcase name="set[580]" classname="com.test.Client.ClientStressTest" time="0.121"/>
  <testcase name="set[581]" classname="com.test.Client.ClientStressTest" time="0.123"/>
  <testcase name="set[582]" classname="com.test.Client.ClientStressTest" time="0.121"/>
  <testcase name="set[583]" classname="com.test.Client.ClientStressTest" time="0.123"/>
  <testcase name="set[584]" classname="com.test.Client.ClientStressTest" time="0.288"/>
  <testcase name="set[585]" classname="com.test.Client.ClientStressTest" time="0.134"/>
  <testcase name="set[586]" classname="com.test.Client.ClientStressTest" time="0.134"/>
  <testcase name="set[587]" classname="com.test.Client.ClientStressTest" time="0.12"/>
  <testcase name="set[588]" classname="com.test.Client.ClientStressTest" time="0.119"/>
  <testcase name="set[589]" classname="com.test.Client.ClientStressTest" time="0.125"/>
  <testcase name="set[590]" classname="com.test.Client.ClientStressTest" time="0.134"/>
  <testcase name="set[591]" classname="com.test.Client.ClientStressTest" time="0.122"/>
  <testcase name="set[592]" classname="com.test.Client.ClientStressTest" time="0.275"/>
  <testcase name="set[593]" classname="com.test.Client.ClientStressTest" time="0.156"/>
  <testcase name="set[594]" classname="com.test.Client.ClientStressTest" time="0.255"/>
  <testcase name="set[595]" classname="com.test.Client.ClientStressTest" time="0.133"/>
  <testcase name="set[596]" classname="com.test.Client.ClientStressTest" time="0.156"/>
  <testcase name="set[597]" classname="com.test.Client.ClientStressTest" time="0.133"/>
  <testcase name="set[598]" classname="com.test.Client.ClientStressTest" time="0.287"/>
  <testcase name="set[599]" classname="com.test.Client.ClientStressTest" time="0.278"/>
  <testcase name="set[600]" classname="com.test.Client.ClientStressTest" time="0.143"/>
  <testcase name="set[601]" classname="com.test.Client.ClientStressTest" time="0.29"/>
  <testcase name="set[602]" classname="com.test.Client.ClientStressTest" time="0.289"/>
  <testcase name="set[603]" classname="com.test.Client.ClientStressTest" time="0.275"/>
  <testcase name="set[604]" classname="com.test.Client.ClientStressTest" time="0.136"/>
  <testcase name="set[605]" classname="com.test.Client.ClientStressTest" time="0.277"/>
  <testcase name="set[606]" classname="com.test.Client.ClientStressTest" time="0.277"/>
  <testcase name="set[607]" classname="com.test.Client.ClientStressTest" time="0.288"/>
  <testcase name="set[608]" classname="com.test.Client.ClientStressTest" time="0.346"/>
  <testcase name="set[609]" classname="com.test.Client.ClientStressTest" time="0.287"/>
  <testcase name="set[610]" classname="com.test.Client.ClientStressTest" time="0.333"/>
  <testcase name="set[611]" classname="com.test.Client.ClientStressTest" time="0.19"/>
  <testcase name="set[612]" classname="com.test.Client.ClientStressTest" time="0.122"/>
  <testcase name="set[613]" classname="com.test.Client.ClientStressTest" time="0.265"/>
  <testcase name="set[614]" classname="com.test.Client.ClientStressTest" time="0.289"/>
  <testcase name="set[615]" classname="com.test.Client.ClientStressTest" time="0.534"/>
  <testcase name="set[616]" classname="com.test.Client.ClientStressTest" time="0.324"/>
  <testcase name="set[617]" classname="com.test.Client.ClientStressTest" time="0.275"/>
  <testcase name="set[618]" classname="com.test.Client.ClientStressTest" time="0.278"/>
  <testcase name="set[619]" classname="com.test.Client.ClientStressTest" time="0.298"/>
  <testcase name="set[620]" classname="com.test.Client.ClientStressTest" time="0.283"/>
  <testcase name="set[621]" classname="com.test.Client.ClientStressTest" time="0.262"/>
  <testcase name="set[622]" classname="com.test.Client.ClientStressTest" time="0.299"/>
  <testcase name="set[623]" classname="com.test.Client.ClientStressTest" time="0.302"/>
  <testcase name="set[624]" classname="com.test.Client.ClientStressTest" time="0.374"/>
  <testcase name="set[625]" classname="com.test.Client.ClientStressTest" time="0.124"/>
  <testcase name="set[626]" classname="com.test.Client.ClientStressTest" time="0.123"/>
  <testcase name="set[627]" classname="com.test.Client.ClientStressTest" time="0.109"/>
  <testcase name="set[628]" classname="com.test.Client.ClientStressTest" time="0.135"/>
  <testcase name="set[629]" classname="com.test.Client.ClientStressTest" time="0.121"/>
  <testcase name="set[630]" classname="com.test.Client.ClientStressTest" time="0.302"/>
  <testcase name="set[631]" classname="com.test.Client.ClientStressTest" time="0.299"/>
  <testcase name="set[632]" classname="com.test.Client.ClientStressTest" time="0.288"/>
  <testcase name="set[633]" classname="com.test.Client.ClientStressTest" time="0.122"/>
  <testcase name="set[634]" classname="com.test.Client.ClientStressTest" time="0.308"/>
  <testcase name="set[635]" classname="com.test.Client.ClientStressTest" time="0.28"/>
  <testcase name="set[636]" classname="com.test.Client.ClientStressTest" time="0.288"/>
  <testcase name="set[637]" classname="com.test.Client.ClientStressTest" time="0.289"/>
  <testcase name="set[638]" classname="com.test.Client.ClientStressTest" time="0.322"/>
  <testcase name="set[639]" classname="com.test.Client.ClientStressTest" time="0.266"/>
  <testcase name="set[640]" classname="com.test.Client.ClientStressTest" time="0.275"/>
  <testcase name="set[641]" classname="com.test.Client.ClientStressTest" time="0.279"/>
  <testcase name="set[642]" classname="com.test.Client.ClientStressTest" time="0.278"/>
  <testcase name="set[643]" classname="com.test.Client.ClientStressTest" time="0.279"/>
  <testcase name="set[644]" classname="com.test.Client.ClientStressTest" time="0.212"/>
  <testcase name="set[645]" classname="com.test.Client.ClientStressTest" time="0.219"/>
  <testcase name="set[646]" classname="com.test.Client.ClientStressTest" time="0.133"/>
  <testcase name="set[647]" classname="com.test.Client.ClientStressTest" time="0.122"/>
  <testcase name="set[648]" classname="com.test.Client.ClientStressTest" time="0.12"/>
  <testcase name="set[649]" classname="com.test.Client.ClientStressTest" time="0.123"/>
  <testcase name="set[650]" classname="com.test.Client.ClientStressTest" time="0.155"/>
  <testcase name="set[651]" classname="com.test.Client.ClientStressTest" time="0.12"/>
  <testcase name="set[652]" classname="com.test.Client.ClientStressTest" time="0.132"/>
  <testcase name="set[653]" classname="com.test.Client.ClientStressTest" time="0.301"/>
  <testcase name="set[654]" classname="com.test.Client.ClientStressTest" time="0.133"/>
  <testcase name="set[655]" classname="com.test.Client.ClientStressTest" time="0.121"/>
  <testcase name="set[656]" classname="com.test.Client.ClientStressTest" time="0.134"/>
  <testcase name="set[657]" classname="com.test.Client.ClientStressTest" time="0.121"/>
  <testcase name="set[658]" classname="com.test.Client.ClientStressTest" time="0.12"/>
  <testcase name="set[659]" classname="com.test.Client.ClientStressTest" time="0.124"/>
  <testcase name="set[660]" classname="com.test.Client.ClientStressTest" time="0.12"/>
  <testcase name="set[661]" classname="com.test.Client.ClientStressTest" time="0.268"/>
  <testcase name="set[662]" classname="com.test.Client.ClientStressTest" time="0.254"/>
  <testcase name="set[663]" classname="com.test.Client.ClientStressTest" time="0.121"/>
  <testcase name="set[664]" classname="com.test.Client.ClientStressTest" time="0.133"/>
  <testcase name="set[665]" classname="com.test.Client.ClientStressTest" time="0.098"/>
  <testcase name="set[666]" classname="com.test.Client.ClientStressTest" time="0.122"/>
  <testcase name="set[667]" classname="com.test.Client.ClientStressTest" time="0.133"/>
  <testcase name="set[668]" classname="com.test.Client.ClientStressTest" time="0.287"/>
  <testcase name="set[669]" classname="com.test.Client.ClientStressTest" time="0.134"/>
  <testcase name="set[670]" classname="com.test.Client.ClientStressTest" time="0.291"/>
  <testcase name="set[671]" classname="com.test.Client.ClientStressTest" time="0.341"/>
  <testcase name="set[672]" classname="com.test.Client.ClientStressTest" time="0.28"/>
  <testcase name="set[673]" classname="com.test.Client.ClientStressTest" time="0.287"/>
  <testcase name="set[674]" classname="com.test.Client.ClientStressTest" time="0.132"/>
  <testcase name="set[675]" classname="com.test.Client.ClientStressTest" time="0.276"/>
  <testcase name="set[676]" classname="com.test.Client.ClientStressTest" time="0.278"/>
  <testcase name="set[677]" classname="com.test.Client.ClientStressTest" time="0.312"/>
  <testcase name="set[678]" classname="com.test.Client.ClientStressTest" time="0.298"/>
  <testcase name="set[679]" classname="com.test.Client.ClientStressTest" time="0.279"/>
  <testcase name="set[680]" classname="com.test.Client.ClientStressTest" time="0.301"/>
  <testcase name="set[681]" classname="com.test.Client.ClientStressTest" time="0.198"/>
  <testcase name="set[682]" classname="com.test.Client.ClientStressTest" time="0.145"/>
  <testcase name="set[683]" classname="com.test.Client.ClientStressTest" time="0.288"/>
  <testcase name="set[684]" classname="com.test.Client.ClientStressTest" time="0.287"/>
  <testcase name="set[685]" classname="com.test.Client.ClientStressTest" time="0.123"/>
  <testcase name="set[686]" classname="com.test.Client.ClientStressTest" time="0.31"/>
  <testcase name="set[687]" classname="com.test.Client.ClientStressTest" time="0.602"/>
  <testcase name="set[688]" classname="com.test.Client.ClientStressTest" time="0.142"/>
  <testcase name="set[689]" classname="com.test.Client.ClientStressTest" time="0.199"/>
  <testcase name="set[690]" classname="com.test.Client.ClientStressTest" time="0.135"/>
  <testcase name="set[691]" classname="com.test.Client.ClientStressTest" time="0.133"/>
  <testcase name="set[692]" classname="com.test.Client.ClientStressTest" time="0.121"/>
  <testcase name="set[693]" classname="com.test.Client.ClientStressTest" time="0.124"/>
  <testcase name="set[694]" classname="com.test.Client.ClientStressTest" time="0.118"/>
  <testcase name="set[695]" classname="com.test.Client.ClientStressTest" time="0.157"/>
  <testcase name="set[696]" classname="com.test.Client.ClientStressTest" time="0.132"/>
  <testcase name="set[697]" classname="com.test.Client.ClientStressTest" time="0.29"/>
  <testcase name="set[698]" classname="com.test.Client.ClientStressTest" time="0.12"/>
  <testcase name="set[699]" classname="com.test.Client.ClientStressTest" time="0.148"/>
  <testcase name="set[700]" classname="com.test.Client.ClientStressTest" time="0.13"/>
  <testcase name="set[701]" classname="com.test.Client.ClientStressTest" time="0.121"/>
  <testcase name="set[702]" classname="com.test.Client.ClientStressTest" time="0.135"/>
  <testcase name="set[703]" classname="com.test.Client.ClientStressTest" time="0.121"/>
  <testcase name="set[704]" classname="com.test.Client.ClientStressTest" time="0.278"/>
  <testcase name="set[705]" classname="com.test.Client.ClientStressTest" time="0.121"/>
  <testcase name="set[706]" classname="com.test.Client.ClientStressTest" time="0.121"/>
  <testcase name="set[707]" classname="com.test.Client.ClientStressTest" time="0.111"/>
  <testcase name="set[708]" classname="com.test.Client.ClientStressTest" time="0.124"/>
  <testcase name="set[709]" classname="com.test.Client.ClientStressTest" time="0.12"/>
  <testcase name="set[710]" classname="com.test.Client.ClientStressTest" time="0.167"/>
  <testcase name="set[711]" classname="com.test.Client.ClientStressTest" time="0.134"/>
  <testcase name="set[712]" classname="com.test.Client.ClientStressTest" time="0.267"/>
  <testcase name="set[713]" classname="com.test.Client.ClientStressTest" time="0.121"/>
  <testcase name="set[714]" classname="com.test.Client.ClientStressTest" time="0.291"/>
  <testcase name="set[715]" classname="com.test.Client.ClientStressTest" time="0.265"/>
  <testcase name="set[716]" classname="com.test.Client.ClientStressTest" time="0.277"/>
  <testcase name="set[717]" classname="com.test.Client.ClientStressTest" time="0.334"/>
  <testcase name="set[718]" classname="com.test.Client.ClientStressTest" time="0.111"/>
  <testcase name="set[719]" classname="com.test.Client.ClientStressTest" time="0.275"/>
  <testcase name="set[720]" classname="com.test.Client.ClientStressTest" time="0.267"/>
  <testcase name="set[721]" classname="com.test.Client.ClientStressTest" time="0.278"/>
  <testcase name="set[722]" classname="com.test.Client.ClientStressTest" time="0.29"/>
  <testcase name="set[723]" classname="com.test.Client.ClientStressTest" time="0.404"/>
  <testcase name="set[724]" classname="com.test.Client.ClientStressTest" time="0.261"/>
  <testcase name="set[725]" classname="com.test.Client.ClientStressTest" time="0.213"/>
  <testcase name="set[726]" classname="com.test.Client.ClientStressTest" time="0.29"/>
  <testcase name="set[727]" classname="com.test.Client.ClientStressTest" time="0.267"/>
  <testcase name="set[728]" classname="com.test.Client.ClientStressTest" time="0.29"/>
  <testcase name="set[729]" classname="com.test.Client.ClientStressTest" time="0.309"/>
  <testcase name="set[730]" classname="com.test.Client.ClientStressTest" time="0.434"/>
  <testcase name="set[731]" classname="com.test.Client.ClientStressTest" time="0.286"/>
  <testcase name="set[732]" classname="com.test.Client.ClientStressTest" time="0.453"/>
  <testcase name="set[733]" classname="com.test.Client.ClientStressTest" time="0.301"/>
  <testcase name="set[734]" classname="com.test.Client.ClientStressTest" time="0.512"/>
  <testcase name="set[735]" classname="com.test.Client.ClientStressTest" time="0.367"/>
  <testcase name="set[736]" classname="com.test.Client.ClientStressTest" time="0.132"/>
  <testcase name="set[737]" classname="com.test.Client.ClientStressTest" time="0.122"/>
  <testcase name="set[738]" classname="com.test.Client.ClientStressTest" time="0.124"/>
  <testcase name="set[739]" classname="com.test.Client.ClientStressTest" time="0.264"/>
  <testcase name="set[740]" classname="com.test.Client.ClientStressTest" time="0.278"/>
  <testcase name="set[741]" classname="com.test.Client.ClientStressTest" time="0.311"/>
  <testcase name="set[742]" classname="com.test.Client.ClientStressTest" time="0.135"/>
  <testcase name="set[743]" classname="com.test.Client.ClientStressTest" time="0.264"/>
  <testcase name="set[744]" classname="com.test.Client.ClientStressTest" time="0.279"/>
  <testcase name="set[745]" classname="com.test.Client.ClientStressTest" time="0.11"/>
  <testcase name="set[746]" classname="com.test.Client.ClientStressTest" time="0.292"/>
  <testcase name="set[747]" classname="com.test.Client.ClientStressTest" time="0.274"/>
  <testcase name="set[748]" classname="com.test.Client.ClientStressTest" time="0.276"/>
  <testcase name="set[749]" classname="com.test.Client.ClientStressTest" time="0.367"/>
  <testcase name="set[750]" classname="com.test.Client.ClientStressTest" time="0.277"/>
  <testcase name="set[751]" classname="com.test.Client.ClientStressTest" time="0.606"/>
  <testcase name="set[752]" classname="com.test.Client.ClientStressTest" time="0.428"/>
  <testcase name="set[753]" classname="com.test.Client.ClientStressTest" time="0.132"/>
  <testcase name="set[754]" classname="com.test.Client.ClientStressTest" time="0.144"/>
  <testcase name="set[755]" classname="com.test.Client.ClientStressTest" time="0.121"/>
  <testcase name="set[756]" classname="com.test.Client.ClientStressTest" time="0.123"/>
  <testcase name="set[757]" classname="com.test.Client.ClientStressTest" time="0.121"/>
  <testcase name="set[758]" classname="com.test.Client.ClientStressTest" time="0.12"/>
  <testcase name="set[759]" classname="com.test.Client.ClientStressTest" time="0.123"/>
  <testcase name="set[760]" classname="com.test.Client.ClientStressTest" time="0.278"/>
  <testcase name="set[761]" classname="com.test.Client.ClientStressTest" time="0.121"/>
  <testcase name="set[762]" classname="com.test.Client.ClientStressTest" time="0.121"/>
  <testcase name="set[763]" classname="com.test.Client.ClientStressTest" time="0.18"/>
  <testcase name="set[764]" classname="com.test.Client.ClientStressTest" time="0.131"/>
  <testcase name="set[765]" classname="com.test.Client.ClientStressTest" time="0.124"/>
  <testcase name="set[766]" classname="com.test.Client.ClientStressTest" time="0.135"/>
  <testcase name="set[767]" classname="com.test.Client.ClientStressTest" time="0.107"/>
  <testcase name="set[768]" classname="com.test.Client.ClientStressTest" time="0.29"/>
  <testcase name="set[769]" classname="com.test.Client.ClientStressTest" time="0.279"/>
  <testcase name="set[770]" classname="com.test.Client.ClientStressTest" time="0.123"/>
  <testcase name="set[771]" classname="com.test.Client.ClientStressTest" time="0.296"/>
  <testcase name="set[772]" classname="com.test.Client.ClientStressTest" time="0.281"/>
  <testcase name="set[773]" classname="com.test.Client.ClientStressTest" time="0.276"/>
  <testcase name="set[774]" classname="com.test.Client.ClientStressTest" time="0.334"/>
  <testcase name="set[775]" classname="com.test.Client.ClientStressTest" time="0.277"/>
  <testcase name="set[776]" classname="com.test.Client.ClientStressTest" time="0.121"/>
  <testcase name="set[777]" classname="com.test.Client.ClientStressTest" time="0.276"/>
  <testcase name="set[778]" classname="com.test.Client.ClientStressTest" time="0.276"/>
  <testcase name="set[779]" classname="com.test.Client.ClientStressTest" time="0.559"/>
  <testcase name="set[780]" classname="com.test.Client.ClientStressTest" time="0.355"/>
  <testcase name="set[781]" classname="com.test.Client.ClientStressTest" time="0.277"/>
  <testcase name="set[782]" classname="com.test.Client.ClientStressTest" time="0.156"/>
  <testcase name="set[783]" classname="com.test.Client.ClientStressTest" time="0.166"/>
  <testcase name="set[784]" classname="com.test.Client.ClientStressTest" time="0.232"/>
  <testcase name="set[785]" classname="com.test.Client.ClientStressTest" time="0.131"/>
  <testcase name="set[786]" classname="com.test.Client.ClientStressTest" time="0.167"/>
  <testcase name="set[787]" classname="com.test.Client.ClientStressTest" time="0.187"/>
  <testcase name="set[788]" classname="com.test.Client.ClientStressTest" time="0.178"/>
  <testcase name="set[789]" classname="com.test.Client.ClientStressTest" time="0.167"/>
  <testcase name="set[790]" classname="com.test.Client.ClientStressTest" time="0.165"/>
  <testcase name="set[791]" classname="com.test.Client.ClientStressTest" time="0.222"/>
  <testcase name="set[792]" classname="com.test.Client.ClientStressTest" time="0.166"/>
  <testcase name="set[793]" classname="com.test.Client.ClientStressTest" time="0.201"/>
  <testcase name="set[794]" classname="com.test.Client.ClientStressTest" time="0.189"/>
  <testcase name="set[795]" classname="com.test.Client.ClientStressTest" time="0.176"/>
  <testcase name="set[796]" classname="com.test.Client.ClientStressTest" time="0.379"/>
  <testcase name="set[797]" classname="com.test.Client.ClientStressTest" time="0.155"/>
  <testcase name="set[798]" classname="com.test.Client.ClientStressTest" time="0.178"/>
  <testcase name="set[799]" classname="com.test.Client.ClientStressTest" time="0.198"/>
  <testcase name="set[800]" classname="com.test.Client.ClientStressTest" time="0.177"/>
  <testcase name="set[801]" classname="com.test.Client.ClientStressTest" time="0.219"/>
  <testcase name="set[802]" classname="com.test.Client.ClientStressTest" time="0.325"/>
  <testcase name="set[803]" classname="com.test.Client.ClientStressTest" time="0.155"/>
  <testcase name="set[804]" classname="com.test.Client.ClientStressTest" time="0.175"/>
  <testcase name="set[805]" classname="com.test.Client.ClientStressTest" time="0.19"/>
  <testcase name="set[806]" classname="com.test.Client.ClientStressTest" time="0.176"/>
  <testcase name="set[807]" classname="com.test.Client.ClientStressTest" time="0.389"/>
  <testcase name="set[808]" classname="com.test.Client.ClientStressTest" time="0.224"/>
  <testcase name="set[809]" classname="com.test.Client.ClientStressTest" time="0.305"/>
  <testcase name="set[810]" classname="com.test.Client.ClientStressTest" time="0.359"/>
  <testcase name="set[811]" classname="com.test.Client.ClientStressTest" time="1.112"/>
  <testcase name="set[812]" classname="com.test.Client.ClientStressTest" time="0.566"/>
  <testcase name="set[813]" classname="com.test.Client.ClientStressTest" time="0.977"/>
  <testcase name="set[814]" classname="com.test.Client.ClientStressTest" time="1.166"/>
  <testcase name="set[815]" classname="com.test.Client.ClientStressTest" time="0.905"/>
  <testcase name="set[816]" classname="com.test.Client.ClientStressTest" time="1.182"/>
  <testcase name="set[817]" classname="com.test.Client.ClientStressTest" time="1.245"/>
  <testcase name="set[818]" classname="com.test.Client.ClientStressTest" time="1.121"/>
  <testcase name="set[819]" classname="com.test.Client.ClientStressTest" time="1.201"/>
  <testcase name="set[820]" classname="com.test.Client.ClientStressTest" time="1.097"/>
  <testcase name="set[821]" classname="com.test.Client.ClientStressTest" time="0.811"/>
  <testcase name="set[822]" classname="com.test.Client.ClientStressTest" time="1.021"/>
  <testcase name="set[823]" classname="com.test.Client.ClientStressTest" time="0.824"/>
  <testcase name="set[824]" classname="com.test.Client.ClientStressTest" time="0.401"/>
  <testcase name="set[825]" classname="com.test.Client.ClientStressTest" time="0.377"/>
  <testcase name="set[826]" classname="com.test.Client.ClientStressTest" time="0.535"/>
  <testcase name="set[827]" classname="com.test.Client.ClientStressTest" time="0.661"/>
  <testcase name="set[828]" classname="com.test.Client.ClientStressTest" time="0.5"/>
  <testcase name="set[829]" classname="com.test.Client.ClientStressTest" time="0.208"/>
  <testcase name="set[830]" classname="com.test.Client.ClientStressTest" time="0.255"/>
  <testcase name="set[831]" classname="com.test.Client.ClientStressTest" time="0.192"/>
  <testcase name="set[832]" classname="com.test.Client.ClientStressTest" time="0.121"/>
  <testcase name="set[833]" classname="com.test.Client.ClientStressTest" time="0.11"/>
  <testcase name="set[834]" classname="com.test.Client.ClientStressTest" time="0.301"/>
  <testcase name="set[835]" classname="com.test.Client.ClientStressTest" time="0.177"/>
  <testcase name="set[836]" classname="com.test.Client.ClientStressTest" time="0.22"/>
  <testcase name="set[837]" classname="com.test.Client.ClientStressTest" time="0.244"/>
  <testcase name="set[838]" classname="com.test.Client.ClientStressTest" time="0.32"/>
  <testcase name="set[839]" classname="com.test.Client.ClientStressTest" time="0.711"/>
  <testcase name="set[840]" classname="com.test.Client.ClientStressTest" time="0.734"/>
  <testcase name="set[841]" classname="com.test.Client.ClientStressTest" time="0.288"/>
  <testcase name="set[842]" classname="com.test.Client.ClientStressTest" time="0.319"/>
  <testcase name="set[843]" classname="com.test.Client.ClientStressTest" time="0.291"/>
  <testcase name="set[844]" classname="com.test.Client.ClientStressTest" time="0.331"/>
  <testcase name="set[845]" classname="com.test.Client.ClientStressTest" time="0.291"/>
  <testcase name="set[846]" classname="com.test.Client.ClientStressTest" time="0.233"/>
  <testcase name="set[847]" classname="com.test.Client.ClientStressTest" time="0.11"/>
  <testcase name="set[848]" classname="com.test.Client.ClientStressTest" time="0.123"/>
  <testcase name="set[849]" classname="com.test.Client.ClientStressTest" time="0.121"/>
  <testcase name="set[850]" classname="com.test.Client.ClientStressTest" time="0.211"/>
  <testcase name="set[851]" classname="com.test.Client.ClientStressTest" time="0.132"/>
  <testcase name="set[852]" classname="com.test.Client.ClientStressTest" time="0.181"/>
  <testcase name="set[853]" classname="com.test.Client.ClientStressTest" time="0.198"/>
  <testcase name="set[854]" classname="com.test.Client.ClientStressTest" time="0.122"/>
  <testcase name="set[855]" classname="com.test.Client.ClientStressTest" time="0.12"/>
  <testcase name="set[856]" classname="com.test.Client.ClientStressTest" time="0.114"/>
  <testcase name="set[857]" classname="com.test.Client.ClientStressTest" time="0.163"/>
  <testcase name="set[858]" classname="com.test.Client.ClientStressTest" time="0.12"/>
  <testcase name="set[859]" classname="com.test.Client.ClientStressTest" time="0.137"/>
  <testcase name="set[860]" classname="com.test.Client.ClientStressTest" time="0.12"/>
  <testcase name="set[861]" classname="com.test.Client.ClientStressTest" time="0.123"/>
  <testcase name="set[862]" classname="com.test.Client.ClientStressTest" time="0.154"/>
  <testcase name="set[863]" classname="com.test.Client.ClientStressTest" time="0.144"/>
  <testcase name="set[864]" classname="com.test.Client.ClientStressTest" time="0.179"/>
  <testcase name="set[865]" classname="com.test.Client.ClientStressTest" time="0.133"/>
  <testcase name="set[866]" classname="com.test.Client.ClientStressTest" time="0.122"/>
  <testcase name="set[867]" classname="com.test.Client.ClientStressTest" time="0.121"/>
  <testcase name="set[868]" classname="com.test.Client.ClientStressTest" time="0.131"/>
  <testcase name="set[869]" classname="com.test.Client.ClientStressTest" time="0.213"/>
  <testcase name="set[870]" classname="com.test.Client.ClientStressTest" time="0.132"/>
  <testcase name="set[871]" classname="com.test.Client.ClientStressTest" time="0.131"/>
  <testcase name="set[872]" classname="com.test.Client.ClientStressTest" time="0.212"/>
  <testcase name="set[873]" classname="com.test.Client.ClientStressTest" time="0.12"/>
  <testcase name="set[874]" classname="com.test.Client.ClientStressTest" time="0.123"/>
  <testcase name="set[875]" classname="com.test.Client.ClientStressTest" time="0.11"/>
  <testcase name="set[876]" classname="com.test.Client.ClientStressTest" time="0.123"/>
  <testcase name="set[877]" classname="com.test.Client.ClientStressTest" time="0.211"/>
  <testcase name="set[878]" classname="com.test.Client.ClientStressTest" time="0.201"/>
  <testcase name="set[879]" classname="com.test.Client.ClientStressTest" time="0.119"/>
  <testcase name="set[880]" classname="com.test.Client.ClientStressTest" time="0.125"/>
  <testcase name="set[881]" classname="com.test.Client.ClientStressTest" time="0.122"/>
  <testcase name="set[882]" classname="com.test.Client.ClientStressTest" time="0.109"/>
  <testcase name="set[883]" classname="com.test.Client.ClientStressTest" time="0.134"/>
  <testcase name="set[884]" classname="com.test.Client.ClientStressTest" time="0.12"/>
  <testcase name="set[885]" classname="com.test.Client.ClientStressTest" time="0.333"/>
  <testcase name="set[886]" classname="com.test.Client.ClientStressTest" time="0.122"/>
  <testcase name="set[887]" classname="com.test.Client.ClientStressTest" time="0.165"/>
  <testcase name="set[888]" classname="com.test.Client.ClientStressTest" time="0.122"/>
  <testcase name="set[889]" classname="com.test.Client.ClientStressTest" time="0.123"/>
  <testcase name="set[890]" classname="com.test.Client.ClientStressTest" time="0.117"/>
  <testcase name="set[891]" classname="com.test.Client.ClientStressTest" time="0.134"/>
  <testcase name="set[892]" classname="com.test.Client.ClientStressTest" time="0.354"/>
  <testcase name="set[893]" classname="com.test.Client.ClientStressTest" time="0.123"/>
  <testcase name="set[894]" classname="com.test.Client.ClientStressTest" time="0.167"/>
  <testcase name="set[895]" classname="com.test.Client.ClientStressTest" time="0.12"/>
  <testcase name="set[896]" classname="com.test.Client.ClientStressTest" time="0.123"/>
  <testcase name="set[897]" classname="com.test.Client.ClientStressTest" time="0.112"/>
  <testcase name="set[898]" classname="com.test.Client.ClientStressTest" time="0.12"/>
  <testcase name="set[899]" classname="com.test.Client.ClientStressTest" time="0.279"/>
  <testcase name="set[900]" classname="com.test.Client.ClientStressTest" time="0.111"/>
  <testcase name="set[901]" classname="com.test.Client.ClientStressTest" time="0.289"/>
  <testcase name="set[902]" classname="com.test.Client.ClientStressTest" time="0.265"/>
  <testcase name="set[903]" classname="com.test.Client.ClientStressTest" time="0.131"/>
  <testcase name="set[904]" classname="com.test.Client.ClientStressTest" time="0.545"/>
  <testcase name="set[905]" classname="com.test.Client.ClientStressTest" time="0.352"/>
  <testcase name="set[906]" classname="com.test.Client.ClientStressTest" time="0.313"/>
  <testcase name="set[907]" classname="com.test.Client.ClientStressTest" time="0.111"/>
  <testcase name="set[908]" classname="com.test.Client.ClientStressTest" time="0.332"/>
  <testcase name="set[909]" classname="com.test.Client.ClientStressTest" time="0.274"/>
  <testcase name="set[910]" classname="com.test.Client.ClientStressTest" time="0.268"/>
  <testcase name="set[911]" classname="com.test.Client.ClientStressTest" time="0.122"/>
  <testcase name="set[912]" classname="com.test.Client.ClientStressTest" time="0.289"/>
  <testcase name="set[913]" classname="com.test.Client.ClientStressTest" time="0.266"/>
  <testcase name="set[914]" classname="com.test.Client.ClientStressTest" time="0.279"/>
  <testcase name="set[915]" classname="com.test.Client.ClientStressTest" time="0.333"/>
  <testcase name="set[916]" classname="com.test.Client.ClientStressTest" time="0.121"/>
  <testcase name="set[917]" classname="com.test.Client.ClientStressTest" time="0.268"/>
  <testcase name="set[918]" classname="com.test.Client.ClientStressTest" time="0.6"/>
  <testcase name="set[919]" classname="com.test.Client.ClientStressTest" time="0.675"/>
  <testcase name="set[920]" classname="com.test.Client.ClientStressTest" time="0.511"/>
  <testcase name="set[921]" classname="com.test.Client.ClientStressTest" time="0.721"/>
  <testcase name="set[922]" classname="com.test.Client.ClientStressTest" time="1.168"/>
  <testcase name="set[923]" classname="com.test.Client.ClientStressTest" time="0.877"/>
  <testcase name="set[924]" classname="com.test.Client.ClientStressTest" time="0.695"/>
  <testcase name="set[925]" classname="com.test.Client.ClientStressTest" time="0.837"/>
  <testcase name="set[926]" classname="com.test.Client.ClientStressTest" time="1.766"/>
  <testcase name="set[927]" classname="com.test.Client.ClientStressTest" time="1.425"/>
  <testcase name="set[928]" classname="com.test.Client.ClientStressTest" time="0.577"/>
  <testcase name="set[929]" classname="com.test.Client.ClientStressTest" time="0.348"/>
  <testcase name="set[930]" classname="com.test.Client.ClientStressTest" time="0.442"/>
  <testcase name="set[931]" classname="com.test.Client.ClientStressTest" time="0.486"/>
  <testcase name="set[932]" classname="com.test.Client.ClientStressTest" time="0.368"/>
  <testcase name="set[933]" classname="com.test.Client.ClientStressTest" time="0.266"/>
  <testcase name="set[934]" classname="com.test.Client.ClientStressTest" time="0.48"/>
  <testcase name="set[935]" classname="com.test.Client.ClientStressTest" time="0.142"/>
  <testcase name="set[936]" classname="com.test.Client.ClientStressTest" time="0.123"/>
  <testcase name="set[937]" classname="com.test.Client.ClientStressTest" time="0.235"/>
  <testcase name="set[938]" classname="com.test.Client.ClientStressTest" time="0.118"/>
  <testcase name="set[939]" classname="com.test.Client.ClientStressTest" time="0.122"/>
  <testcase name="set[940]" classname="com.test.Client.ClientStressTest" time="0.265"/>
  <testcase name="set[941]" classname="com.test.Client.ClientStressTest" time="0.135"/>
  <testcase name="set[942]" classname="com.test.Client.ClientStressTest" time="0.122"/>
  <testcase name="set[943]" classname="com.test.Client.ClientStressTest" time="0.157"/>
  <testcase name="set[944]" classname="com.test.Client.ClientStressTest" time="0.109"/>
  <testcase name="set[945]" classname="com.test.Client.ClientStressTest" time="0.109"/>
  <testcase name="set[946]" classname="com.test.Client.ClientStressTest" time="0.122"/>
  <testcase name="set[947]" classname="com.test.Client.ClientStressTest" time="0.111"/>
  <testcase name="set[948]" classname="com.test.Client.ClientStressTest" time="0.378"/>
  <testcase name="set[949]" classname="com.test.Client.ClientStressTest" time="0.136"/>
  <testcase name="set[950]" classname="com.test.Client.ClientStressTest" time="0.107"/>
  <testcase name="set[951]" classname="com.test.Client.ClientStressTest" time="0.123"/>
  <testcase name="set[952]" classname="com.test.Client.ClientStressTest" time="0.119"/>
  <testcase name="set[953]" classname="com.test.Client.ClientStressTest" time="0.133"/>
  <testcase name="set[954]" classname="com.test.Client.ClientStressTest" time="0.132"/>
  <testcase name="set[955]" classname="com.test.Client.ClientStressTest" time="0.323"/>
  <testcase name="set[956]" classname="com.test.Client.ClientStressTest" time="0.342"/>
  <testcase name="set[957]" classname="com.test.Client.ClientStressTest" time="0.277"/>
  <testcase name="set[958]" classname="com.test.Client.ClientStressTest" time="0.167"/>
  <testcase name="set[959]" classname="com.test.Client.ClientStressTest" time="0.287"/>
  <testcase name="set[960]" classname="com.test.Client.ClientStressTest" time="0.278"/>
  <testcase name="set[961]" classname="com.test.Client.ClientStressTest" time="0.277"/>
  <testcase name="set[962]" classname="com.test.Client.ClientStressTest" time="0.144"/>
  <testcase name="set[963]" classname="com.test.Client.ClientStressTest" time="0.333"/>
  <testcase name="set[964]" classname="com.test.Client.ClientStressTest" time="0.857"/>
  <testcase name="set[965]" classname="com.test.Client.ClientStressTest" time="0.178"/>
  <testcase name="set[966]" classname="com.test.Client.ClientStressTest" time="0.122"/>
  <testcase name="set[967]" classname="com.test.Client.ClientStressTest" time="0.122"/>
  <testcase name="set[968]" classname="com.test.Client.ClientStressTest" time="0.121"/>
  <testcase name="set[969]" classname="com.test.Client.ClientStressTest" time="0.108"/>
  <testcase name="set[970]" classname="com.test.Client.ClientStressTest" time="0.12"/>
  <testcase name="set[971]" classname="com.test.Client.ClientStressTest" time="0.2"/>
  <testcase name="set[972]" classname="com.test.Client.ClientStressTest" time="0.122"/>
  <testcase name="set[973]" classname="com.test.Client.ClientStressTest" time="0.124"/>
  <testcase name="set[974]" classname="com.test.Client.ClientStressTest" time="0.108"/>
  <testcase name="set[975]" classname="com.test.Client.ClientStressTest" time="0.111"/>
  <testcase name="set[976]" classname="com.test.Client.ClientStressTest" time="0.112"/>
  <testcase name="set[977]" classname="com.test.Client.ClientStressTest" time="0.131"/>
  <testcase name="set[978]" classname="com.test.Client.ClientStressTest" time="0.157"/>
  <testcase name="set[979]" classname="com.test.Client.ClientStressTest" time="0.286"/>
  <testcase name="set[980]" classname="com.test.Client.ClientStressTest" time="0.124"/>
  <testcase name="set[981]" classname="com.test.Client.ClientStressTest" time="0.122"/>
  <testcase name="set[982]" classname="com.test.Client.ClientStressTest" time="0.179"/>
  <testcase name="set[983]" classname="com.test.Client.ClientStressTest" time="0.12"/>
  <testcase name="set[984]" classname="com.test.Client.ClientStressTest" time="0.132"/>
  <testcase name="set[985]" classname="com.test.Client.ClientStressTest" time="0.122"/>
  <testcase name="set[986]" classname="com.test.Client.ClientStressTest" time="0.277"/>
  <testcase name="set[987]" classname="com.test.Client.ClientStressTest" time="0.142"/>
  <testcase name="set[988]" classname="com.test.Client.ClientStressTest" time="0.159"/>
  <testcase name="set[989]" classname="com.test.Client.ClientStressTest" time="0.121"/>
  <testcase name="set[990]" classname="com.test.Client.ClientStressTest" time="0.12"/>
  <testcase name="set[991]" classname="com.test.Client.ClientStressTest" time="0.124"/>
  <testcase name="set[992]" classname="com.test.Client.ClientStressTest" time="0.118"/>
  <testcase name="set[993]" classname="com.test.Client.ClientStressTest" time="0.291"/>
  <testcase name="set[994]" classname="com.test.Client.ClientStressTest" time="0.132"/>
  <testcase name="set[995]" classname="com.test.Client.ClientStressTest" time="0.288"/>
  <testcase name="set[996]" classname="com.test.Client.ClientStressTest" time="0.29"/>
  <testcase name="set[997]" classname="com.test.Client.ClientStressTest" time="0.272"/>
  <testcase name="set[998]" classname="com.test.Client.ClientStressTest" time="0.29"/>
  <testcase name="set[999]" classname="com.test.Client.ClientStressTest" time="0.12"/>
  <testcase name="set[1000]" classname="com.test.Client.ClientStressTest" time="0.478"/>
  <testcase name="testAndSet" classname="com.test.Client.ClientStressTest" time="1.343"/>
  <testcase name="testAndSet[1]" classname="com.test.Client.ClientStressTest" time="0.266"/>
  <testcase name="testAndSet[2]" classname="com.test.Client.ClientStressTest" time="0.355"/>
  <testcase name="testAndSet[3]" classname="com.test.Client.ClientStressTest" time="0.654"/>
  <testcase name="testAndSet[4]" classname="com.test.Client.ClientStressTest" time="0.333"/>
  <testcase name="testAndSet[5]" classname="com.test.Client.ClientStressTest" time="0.29"/>
  <testcase name="testAndSet[6]" classname="com.test.Client.ClientStressTest" time="0.12"/>
  <testcase name="testAndSet[7]" classname="com.test.Client.ClientStressTest" time="0.22"/>
  <testcase name="testAndSet[8]" classname="com.test.Client.ClientStressTest" time="0.191"/>
  <testcase name="testAndSet[9]" classname="com.test.Client.ClientStressTest" time="0.11"/>
  <testcase name="testAndSet[10]" classname="com.test.Client.ClientStressTest" time="0.122"/>
  <testcase name="testAndSet[11]" classname="com.test.Client.ClientStressTest" time="0.125"/>
  <testcase name="testAndSet[12]" classname="com.test.Client.ClientStressTest" time="0.285"/>
  <testcase name="testAndSet[13]" classname="com.test.Client.ClientStressTest" time="0.28"/>
  <testcase name="testAndSet[14]" classname="com.test.Client.ClientStressTest" time="0.123"/>
  <testcase name="testAndSet[15]" classname="com.test.Client.ClientStressTest" time="0.287"/>
  <testcase name="testAndSet[16]" classname="com.test.Client.ClientStressTest" time="0.301"/>
  <testcase name="testAndSet[17]" classname="com.test.Client.ClientStressTest" time="0.198"/>
  <testcase name="testAndSet[18]" classname="com.test.Client.ClientStressTest" time="0.122"/>
  <testcase name="testAndSet[19]" classname="com.test.Client.ClientStressTest" time="0.267"/>
  <testcase name="testAndSet[20]" classname="com.test.Client.ClientStressTest" time="0.288"/>
  <testcase name="testAndSet[21]" classname="com.test.Client.ClientStressTest" time="0.265"/>
  <testcase name="testAndSet[22]" classname="com.test.Client.ClientStressTest" time="0.29"/>
  <testcase name="testAndSet[23]" classname="com.test.Client.ClientStressTest" time="0.12"/>
  <testcase name="testAndSet[24]" classname="com.test.Client.ClientStressTest" time="0.279"/>
  <testcase name="testAndSet[25]" classname="com.test.Client.ClientStressTest" time="0.265"/>
  <testcase name="testAndSet[26]" classname="com.test.Client.ClientStressTest" time="0.29"/>
  <testcase name="testAndSet[27]" classname="com.test.Client.ClientStressTest" time="0.276"/>
  <testcase name="testAndSet[28]" classname="com.test.Client.ClientStressTest" time="0.321"/>
  <testcase name="testAndSet[29]" classname="com.test.Client.ClientStressTest" time="0.392"/>
  <testcase name="testAndSet[30]" classname="com.test.Client.ClientStressTest" time="0.12"/>
  <testcase name="testAndSet[31]" classname="com.test.Client.ClientStressTest" time="0.212"/>
  <testcase name="testAndSet[32]" classname="com.test.Client.ClientStressTest" time="0.12"/>
  <testcase name="testAndSet[33]" classname="com.test.Client.ClientStressTest" time="0.111"/>
  <testcase name="testAndSet[34]" classname="com.test.Client.ClientStressTest" time="0.123"/>
  <testcase name="testAndSet[35]" classname="com.test.Client.ClientStressTest" time="0.135"/>
  <testcase name="testAndSet[36]" classname="com.test.Client.ClientStressTest" time="0.142"/>
  <testcase name="testAndSet[37]" classname="com.test.Client.ClientStressTest" time="0.122"/>
  <testcase name="testAndSet[38]" classname="com.test.Client.ClientStressTest" time="0.122"/>
  <testcase name="testAndSet[39]" classname="com.test.Client.ClientStressTest" time="0.29"/>
  <testcase name="testAndSet[40]" classname="com.test.Client.ClientStressTest" time="0.155"/>
  <testcase name="testAndSet[41]" classname="com.test.Client.ClientStressTest" time="0.122"/>
  <testcase name="testAndSet[42]" classname="com.test.Client.ClientStressTest" time="0.167"/>
  <testcase name="testAndSet[43]" classname="com.test.Client.ClientStressTest" time="0.155"/>
  <testcase name="testAndSet[44]" classname="com.test.Client.ClientStressTest" time="0.12"/>
  <testcase name="testAndSet[45]" classname="com.test.Client.ClientStressTest" time="0.134"/>
  <testcase name="testAndSet[46]" classname="com.test.Client.ClientStressTest" time="0.276"/>
  <testcase name="testAndSet[47]" classname="com.test.Client.ClientStressTest" time="0.123"/>
  <testcase name="testAndSet[48]" classname="com.test.Client.ClientStressTest" time="0.13"/>
  <testcase name="testAndSet[49]" classname="com.test.Client.ClientStressTest" time="0.136"/>
  <testcase name="testAndSet[50]" classname="com.test.Client.ClientStressTest" time="0.176"/>
  <testcase name="testAndSet[51]" classname="com.test.Client.ClientStressTest" time="0.112"/>
  <testcase name="testAndSet[52]" classname="com.test.Client.ClientStressTest" time="0.112"/>
  <testcase name="testAndSet[53]" classname="com.test.Client.ClientStressTest" time="0.297"/>
  <testcase name="testAndSet[54]" classname="com.test.Client.ClientStressTest" time="0.11"/>
  <testcase name="testAndSet[55]" classname="com.test.Client.ClientStressTest" time="0.289"/>
  <testcase name="testAndSet[56]" classname="com.test.Client.ClientStressTest" time="0.288"/>
  <testcase name="testAndSet[57]" classname="com.test.Client.ClientStressTest" time="0.276"/>
  <testcase name="testAndSet[58]" classname="com.test.Client.ClientStressTest" time="0.417"/>
  <testcase name="testAndSet[59]" classname="com.test.Client.ClientStressTest" time="0.871"/>
  <testcase name="testAndSet[60]" classname="com.test.Client.ClientStressTest" time="0.132"/>
  <testcase name="testAndSet[61]" classname="com.test.Client.ClientStressTest" time="0.308"/>
  <testcase name="testAndSet[62]" classname="com.test.Client.ClientStressTest" time="0.578"/>
  <testcase name="testAndSet[63]" classname="com.test.Client.ClientStressTest" time="0.213"/>
  <testcase name="testAndSet[64]" classname="com.test.Client.ClientStressTest" time="0.198"/>
  <testcase name="testAndSet[65]" classname="com.test.Client.ClientStressTest" time="0.122"/>
  <testcase name="testAndSet[66]" classname="com.test.Client.ClientStressTest" time="0.136"/>
  <testcase name="testAndSet[67]" classname="com.test.Client.ClientStressTest" time="0.153"/>
  <testcase name="testAndSet[68]" classname="com.test.Client.ClientStressTest" time="0.121"/>
  <testcase name="testAndSet[69]" classname="com.test.Client.ClientStressTest" time="0.135"/>
  <testcase name="testAndSet[70]" classname="com.test.Client.ClientStressTest" time="0.11"/>
  <testcase name="testAndSet[71]" classname="com.test.Client.ClientStressTest" time="0.131"/>
  <testcase name="testAndSet[72]" classname="com.test.Client.ClientStressTest" time="0.293"/>
  <testcase name="testAndSet[73]" classname="com.test.Client.ClientStressTest" time="0.212"/>
  <testcase name="testAndSet[74]" classname="com.test.Client.ClientStressTest" time="0.132"/>
  <testcase name="testAndSet[75]" classname="com.test.Client.ClientStressTest" time="0.131"/>
  <testcase name="testAndSet[76]" classname="com.test.Client.ClientStressTest" time="0.155"/>
  <testcase name="testAndSet[77]" classname="com.test.Client.ClientStressTest" time="0.121"/>
  <testcase name="testAndSet[78]" classname="com.test.Client.ClientStressTest" time="0.134"/>
  <testcase name="testAndSet[79]" classname="com.test.Client.ClientStressTest" time="0.29"/>
  <testcase name="testAndSet[80]" classname="com.test.Client.ClientStressTest" time="0.122"/>
  <testcase name="testAndSet[81]" classname="com.test.Client.ClientStressTest" time="0.132"/>
  <testcase name="testAndSet[82]" classname="com.test.Client.ClientStressTest" time="0.144"/>
  <testcase name="testAndSet[83]" classname="com.test.Client.ClientStressTest" time="0.132"/>
  <testcase name="testAndSet[84]" classname="com.test.Client.ClientStressTest" time="0.124"/>
  <testcase name="testAndSet[85]" classname="com.test.Client.ClientStressTest" time="0.131"/>
  <testcase name="testAndSet[86]" classname="com.test.Client.ClientStressTest" time="0.322"/>
  <testcase name="testAndSet[87]" classname="com.test.Client.ClientStressTest" time="0.123"/>
  <testcase name="testAndSet[88]" classname="com.test.Client.ClientStressTest" time="0.286"/>
  <testcase name="testAndSet[89]" classname="com.test.Client.ClientStressTest" time="0.277"/>
  <testcase name="testAndSet[90]" classname="com.test.Client.ClientStressTest" time="0.313"/>
  <testcase name="testAndSet[91]" classname="com.test.Client.ClientStressTest" time="0.288"/>
  <testcase name="testAndSet[92]" classname="com.test.Client.ClientStressTest" time="0.133"/>
  <testcase name="testAndSet[93]" classname="com.test.Client.ClientStressTest" time="0.285"/>
  <testcase name="testAndSet[94]" classname="com.test.Client.ClientStressTest" time="0.293"/>
  <testcase name="testAndSet[95]" classname="com.test.Client.ClientStressTest" time="0.274"/>
  <testcase name="testAndSet[96]" classname="com.test.Client.ClientStressTest" time="0.289"/>
  <testcase name="testAndSet[97]" classname="com.test.Client.ClientStressTest" time="0.31"/>
  <testcase name="testAndSet[98]" classname="com.test.Client.ClientStressTest" time="0.278"/>
  <testcase name="testAndSet[99]" classname="com.test.Client.ClientStressTest" time="0.189"/>
  <testcase name="testAndSet[100]" classname="com.test.Client.ClientStressTest" time="0.134"/>
  <testcase name="testAndSet[101]" classname="com.test.Client.ClientStressTest" time="0.322"/>
  <testcase name="testAndSet[102]" classname="com.test.Client.ClientStressTest" time="0.277"/>
  <testcase name="testAndSet[103]" classname="com.test.Client.ClientStressTest" time="0.132"/>
  <testcase name="testAndSet[104]" classname="com.test.Client.ClientStressTest" time="0.288"/>
  <testcase name="testAndSet[105]" classname="com.test.Client.ClientStressTest" time="0.599"/>
  <testcase name="testAndSet[106]" classname="com.test.Client.ClientStressTest" time="0.4"/>
  <testcase name="testAndSet[107]" classname="com.test.Client.ClientStressTest" time="0.266"/>
  <testcase name="testAndSet[108]" classname="com.test.Client.ClientStressTest" time="0.278"/>
  <testcase name="testAndSet[109]" classname="com.test.Client.ClientStressTest" time="0.286"/>
  <testcase name="testAndSet[110]" classname="com.test.Client.ClientStressTest" time="0.299"/>
  <testcase name="testAndSet[111]" classname="com.test.Client.ClientStressTest" time="0.267"/>
  <testcase name="testAndSet[112]" classname="com.test.Client.ClientStressTest" time="0.111"/>
  <testcase name="testAndSet[113]" classname="com.test.Client.ClientStressTest" time="0.29"/>
  <testcase name="testAndSet[114]" classname="com.test.Client.ClientStressTest" time="0.419"/>
  <testcase name="testAndSet[115]" classname="com.test.Client.ClientStressTest" time="0.135"/>
  <testcase name="testAndSet[116]" classname="com.test.Client.ClientStressTest" time="0.132"/>
  <testcase name="testAndSet[117]" classname="com.test.Client.ClientStressTest" time="0.12"/>
  <testcase name="testAndSet[118]" classname="com.test.Client.ClientStressTest" time="0.123"/>
  <testcase name="testAndSet[119]" classname="com.test.Client.ClientStressTest" time="0.297"/>
  <testcase name="testAndSet[120]" classname="com.test.Client.ClientStressTest" time="0.123"/>
  <testcase name="testAndSet[121]" classname="com.test.Client.ClientStressTest" time="0.29"/>
  <testcase name="testAndSet[122]" classname="com.test.Client.ClientStressTest" time="0.288"/>
  <testcase name="testAndSet[123]" classname="com.test.Client.ClientStressTest" time="0.276"/>
  <testcase name="testAndSet[124]" classname="com.test.Client.ClientStressTest" time="0.118"/>
  <testcase name="testAndSet[125]" classname="com.test.Client.ClientStressTest" time="0.293"/>
  <testcase name="testAndSet[126]" classname="com.test.Client.ClientStressTest" time="0.296"/>
  <testcase name="testAndSet[127]" classname="com.test.Client.ClientStressTest" time="0.324"/>
  <testcase name="testAndSet[128]" classname="com.test.Client.ClientStressTest" time="0.289"/>
  <testcase name="testAndSet[129]" classname="com.test.Client.ClientStressTest" time="0.264"/>
  <testcase name="testAndSet[130]" classname="com.test.Client.ClientStressTest" time="0.278"/>
  <testcase name="testAndSet[131]" classname="com.test.Client.ClientStressTest" time="0.289"/>
  <testcase name="testAndSet[132]" classname="com.test.Client.ClientStressTest" time="0.276"/>
  <testcase name="testAndSet[133]" classname="com.test.Client.ClientStressTest" time="0.278"/>
  <testcase name="testAndSet[134]" classname="com.test.Client.ClientStressTest" time="0.187"/>
  <testcase name="testAndSet[135]" classname="com.test.Client.ClientStressTest" time="0.14"/>
  <testcase name="testAndSet[136]" classname="com.test.Client.ClientStressTest" time="0.315"/>
  <testcase name="testAndSet[137]" classname="com.test.Client.ClientStressTest" time="0.277"/>
  <testcase name="testAndSet[138]" classname="com.test.Client.ClientStressTest" time="0.289"/>
  <testcase name="testAndSet[139]" classname="com.test.Client.ClientStressTest" time="0.323"/>
  <testcase name="testAndSet[140]" classname="com.test.Client.ClientStressTest" time="0.109"/>
  <testcase name="testAndSet[141]" classname="com.test.Client.ClientStressTest" time="0.278"/>
  <testcase name="testAndSet[142]" classname="com.test.Client.ClientStressTest" time="0.12"/>
  <testcase name="testAndSet[143]" classname="com.test.Client.ClientStressTest" time="0.325"/>
  <testcase name="testAndSet[144]" classname="com.test.Client.ClientStressTest" time="0.273"/>
  <testcase name="testAndSet[145]" classname="com.test.Client.ClientStressTest" time="0.268"/>
  <testcase name="testAndSet[146]" classname="com.test.Client.ClientStressTest" time="0.11"/>
  <testcase name="testAndSet[147]" classname="com.test.Client.ClientStressTest" time="0.291"/>
  <testcase name="testAndSet[148]" classname="com.test.Client.ClientStressTest" time="0.286"/>
  <testcase name="testAndSet[149]" classname="com.test.Client.ClientStressTest" time="0.137"/>
  <testcase name="testAndSet[150]" classname="com.test.Client.ClientStressTest" time="0.287"/>
  <testcase name="testAndSet[151]" classname="com.test.Client.ClientStressTest" time="0.3"/>
  <testcase name="testAndSet[152]" classname="com.test.Client.ClientStressTest" time="0.132"/>
  <testcase name="testAndSet[153]" classname="com.test.Client.ClientStressTest" time="0.32"/>
  <testcase name="testAndSet[154]" classname="com.test.Client.ClientStressTest" time="0.212"/>
  <testcase name="testAndSet[155]" classname="com.test.Client.ClientStressTest" time="0.12"/>
  <testcase name="testAndSet[156]" classname="com.test.Client.ClientStressTest" time="0.299"/>
  <testcase name="testAndSet[157]" classname="com.test.Client.ClientStressTest" time="0.292"/>
  <testcase name="testAndSet[158]" classname="com.test.Client.ClientStressTest" time="0.276"/>
  <testcase name="testAndSet[159]" classname="com.test.Client.ClientStressTest" time="0.135"/>
  <testcase name="testAndSet[160]" classname="com.test.Client.ClientStressTest" time="0.333"/>
  <testcase name="testAndSet[161]" classname="com.test.Client.ClientStressTest" time="0.274"/>
  <testcase name="testAndSet[162]" classname="com.test.Client.ClientStressTest" time="0.291"/>
  <testcase name="testAndSet[163]" classname="com.test.Client.ClientStressTest" time="0.121"/>
  <testcase name="testAndSet[164]" classname="com.test.Client.ClientStressTest" time="0.288"/>
  <testcase name="testAndSet[165]" classname="com.test.Client.ClientStressTest" time="0.286"/>
  <testcase name="testAndSet[166]" classname="com.test.Client.ClientStressTest" time="0.133"/>
  <testcase name="testAndSet[167]" classname="com.test.Client.ClientStressTest" time="0.3"/>
  <testcase name="testAndSet[168]" classname="com.test.Client.ClientStressTest" time="0.289"/>
  <testcase name="testAndSet[169]" classname="com.test.Client.ClientStressTest" time="0.11"/>
  <testcase name="testAndSet[170]" classname="com.test.Client.ClientStressTest" time="0.287"/>
  <testcase name="testAndSet[171]" classname="com.test.Client.ClientStressTest" time="0.278"/>
  <testcase name="testAndSet[172]" classname="com.test.Client.ClientStressTest" time="0.124"/>
  <testcase name="testAndSet[173]" classname="com.test.Client.ClientStressTest" time="0.475"/>
  <testcase name="testAndSet[174]" classname="com.test.Client.ClientStressTest" time="0.122"/>
  <testcase name="testAndSet[175]" classname="com.test.Client.ClientStressTest" time="0.203"/>
  <testcase name="testAndSet[176]" classname="com.test.Client.ClientStressTest" time="0.131"/>
  <testcase name="testAndSet[177]" classname="com.test.Client.ClientStressTest" time="0.119"/>
  <testcase name="testAndSet[178]" classname="com.test.Client.ClientStressTest" time="0.166"/>
  <testcase name="testAndSet[179]" classname="com.test.Client.ClientStressTest" time="0.121"/>
  <testcase name="testAndSet[180]" classname="com.test.Client.ClientStressTest" time="0.135"/>
  <testcase name="testAndSet[181]" classname="com.test.Client.ClientStressTest" time="0.121"/>
  <testcase name="testAndSet[182]" classname="com.test.Client.ClientStressTest" time="0.134"/>
  <testcase name="testAndSet[183]" classname="com.test.Client.ClientStressTest" time="0.266"/>
  <testcase name="testAndSet[184]" classname="com.test.Client.ClientStressTest" time="0.13"/>
  <testcase name="testAndSet[185]" classname="com.test.Client.ClientStressTest" time="0.156"/>
  <testcase name="testAndSet[186]" classname="com.test.Client.ClientStressTest" time="0.123"/>
  <testcase name="testAndSet[187]" classname="com.test.Client.ClientStressTest" time="0.107"/>
  <testcase name="testAndSet[188]" classname="com.test.Client.ClientStressTest" time="0.122"/>
  <testcase name="testAndSet[189]" classname="com.test.Client.ClientStressTest" time="0.224"/>
  <testcase name="testAndSet[190]" classname="com.test.Client.ClientStressTest" time="0.277"/>
  <testcase name="testAndSet[191]" classname="com.test.Client.ClientStressTest" time="0.134"/>
  <testcase name="testAndSet[192]" classname="com.test.Client.ClientStressTest" time="0.285"/>
  <testcase name="testAndSet[193]" classname="com.test.Client.ClientStressTest" time="0.29"/>
  <testcase name="testAndSet[194]" classname="com.test.Client.ClientStressTest" time="0.111"/>
  <testcase name="testAndSet[195]" classname="com.test.Client.ClientStressTest" time="0.289"/>
  <testcase name="testAndSet[196]" classname="com.test.Client.ClientStressTest" time="0.578"/>
  <testcase name="testAndSet[197]" classname="com.test.Client.ClientStressTest" time="0.277"/>
  <testcase name="testAndSet[198]" classname="com.test.Client.ClientStressTest" time="0.11"/>
  <testcase name="testAndSet[199]" classname="com.test.Client.ClientStressTest" time="0.28"/>
  <testcase name="testAndSet[200]" classname="com.test.Client.ClientStressTest" time="0.288"/>
  <testcase name="testAndSet[201]" classname="com.test.Client.ClientStressTest" time="0.309"/>
  <testcase name="testAndSet[202]" classname="com.test.Client.ClientStressTest" time="0.402"/>
  <testcase name="testAndSet[203]" classname="com.test.Client.ClientStressTest" time="0.32"/>
  <testcase name="testAndSet[204]" classname="com.test.Client.ClientStressTest" time="0.209"/>
  <testcase name="testAndSet[205]" classname="com.test.Client.ClientStressTest" time="0.278"/>
  <testcase name="testAndSet[206]" classname="com.test.Client.ClientStressTest" time="0.122"/>
  <testcase name="testAndSet[207]" classname="com.test.Client.ClientStressTest" time="0.286"/>
  <testcase name="testAndSet[208]" classname="com.test.Client.ClientStressTest" time="0.29"/>
  <testcase name="testAndSet[209]" classname="com.test.Client.ClientStressTest" time="0.275"/>
  <testcase name="testAndSet[210]" classname="com.test.Client.ClientStressTest" time="0.265"/>
  <testcase name="testAndSet[211]" classname="com.test.Client.ClientStressTest" time="0.278"/>
  <testcase name="testAndSet[212]" classname="com.test.Client.ClientStressTest" time="0.401"/>
  <testcase name="testAndSet[213]" classname="com.test.Client.ClientStressTest" time="0.488"/>
  <testcase name="testAndSet[214]" classname="com.test.Client.ClientStressTest" time="0.588"/>
  <testcase name="testAndSet[215]" classname="com.test.Client.ClientStressTest" time="0.316"/>
  <testcase name="testAndSet[216]" classname="com.test.Client.ClientStressTest" time="0.284"/>
  <testcase name="testAndSet[217]" classname="com.test.Client.ClientStressTest" time="0.209"/>
  <testcase name="testAndSet[218]" classname="com.test.Client.ClientStressTest" time="0.156"/>
  <testcase name="testAndSet[219]" classname="com.test.Client.ClientStressTest" time="0.11"/>
  <testcase name="testAndSet[220]" classname="com.test.Client.ClientStressTest" time="0.133"/>
  <testcase name="testAndSet[221]" classname="com.test.Client.ClientStressTest" time="0.277"/>
  <testcase name="testAndSet[222]" classname="com.test.Client.ClientStressTest" time="0.122"/>
  <testcase name="testAndSet[223]" classname="com.test.Client.ClientStressTest" time="0.289"/>
  <testcase name="testAndSet[224]" classname="com.test.Client.ClientStressTest" time="0.277"/>
  <testcase name="testAndSet[225]" classname="com.test.Client.ClientStressTest" time="0.122"/>
  <testcase name="testAndSet[226]" classname="com.test.Client.ClientStressTest" time="0.277"/>
  <testcase name="testAndSet[227]" classname="com.test.Client.ClientStressTest" time="0.279"/>
  <testcase name="testAndSet[228]" classname="com.test.Client.ClientStressTest" time="0.278"/>
  <testcase name="testAndSet[229]" classname="com.test.Client.ClientStressTest" time="0.286"/>
  <testcase name="testAndSet[230]" classname="com.test.Client.ClientStressTest" time="0.122"/>
  <testcase name="testAndSet[231]" classname="com.test.Client.ClientStressTest" time="0.28"/>
  <testcase name="testAndSet[232]" classname="com.test.Client.ClientStressTest" time="0.288"/>
  <testcase name="testAndSet[233]" classname="com.test.Client.ClientStressTest" time="0.31"/>
  <testcase name="testAndSet[234]" classname="com.test.Client.ClientStressTest" time="0.278"/>
  <testcase name="testAndSet[235]" classname="com.test.Client.ClientStressTest" time="0.488"/>
  <testcase name="testAndSet[236]" classname="com.test.Client.ClientStressTest" time="0.209"/>
  <testcase name="testAndSet[237]" classname="com.test.Client.ClientStressTest" time="0.123"/>
  <testcase name="testAndSet[238]" classname="com.test.Client.ClientStressTest" time="0.12"/>
  <testcase name="testAndSet[239]" classname="com.test.Client.ClientStressTest" time="0.122"/>
  <testcase name="testAndSet[240]" classname="com.test.Client.ClientStressTest" time="0.122"/>
  <testcase name="testAndSet[241]" classname="com.test.Client.ClientStressTest" time="0.166"/>
  <testcase name="testAndSet[242]" classname="com.test.Client.ClientStressTest" time="0.133"/>
  <testcase name="testAndSet[243]" classname="com.test.Client.ClientStressTest" time="0.133"/>
  <testcase name="testAndSet[244]" classname="com.test.Client.ClientStressTest" time="0.208"/>
  <testcase name="testAndSet[245]" classname="com.test.Client.ClientStressTest" time="0.134"/>
  <testcase name="testAndSet[246]" classname="com.test.Client.ClientStressTest" time="0.133"/>
  <testcase name="testAndSet[247]" classname="com.test.Client.ClientStressTest" time="0.12"/>
  <testcase name="testAndSet[248]" classname="com.test.Client.ClientStressTest" time="0.123"/>
  <testcase name="testAndSet[249]" classname="com.test.Client.ClientStressTest" time="0.143"/>
  <testcase name="testAndSet[250]" classname="com.test.Client.ClientStressTest" time="0.132"/>
  <testcase name="testAndSet[251]" classname="com.test.Client.ClientStressTest" time="0.286"/>
  <testcase name="testAndSet[252]" classname="com.test.Client.ClientStressTest" time="0.112"/>
  <testcase name="testAndSet[253]" classname="com.test.Client.ClientStressTest" time="0.133"/>
  <testcase name="testAndSet[254]" classname="com.test.Client.ClientStressTest" time="0.12"/>
  <testcase name="testAndSet[255]" classname="com.test.Client.ClientStressTest" time="0.122"/>
  <testcase name="testAndSet[256]" classname="com.test.Client.ClientStressTest" time="0.13"/>
  <testcase name="testAndSet[257]" classname="com.test.Client.ClientStressTest" time="0.125"/>
  <testcase name="testAndSet[258]" classname="com.test.Client.ClientStressTest" time="0.132"/>
  <testcase name="testAndSet[259]" classname="com.test.Client.ClientStressTest" time="0.298"/>
  <testcase name="testAndSet[260]" classname="com.test.Client.ClientStressTest" time="0.12"/>
  <testcase name="testAndSet[261]" classname="com.test.Client.ClientStressTest" time="0.124"/>
  <testcase name="testAndSet[262]" classname="com.test.Client.ClientStressTest" time="0.121"/>
  <testcase name="testAndSet[263]" classname="com.test.Client.ClientStressTest" time="0.122"/>
  <testcase name="testAndSet[264]" classname="com.test.Client.ClientStressTest" time="0.291"/>
  <testcase name="testAndSet[265]" classname="com.test.Client.ClientStressTest" time="0.127"/>
  <testcase name="testAndSet[266]" classname="com.test.Client.ClientStressTest" time="0.29"/>
  <testcase name="testAndSet[267]" classname="com.test.Client.ClientStressTest" time="0.265"/>
  <testcase name="testAndSet[268]" classname="com.test.Client.ClientStressTest" time="0.133"/>
  <testcase name="testAndSet[269]" classname="com.test.Client.ClientStressTest" time="0.29"/>
  <testcase name="testAndSet[270]" classname="com.test.Client.ClientStressTest" time="0.389"/>
  <testcase name="testAndSet[271]" classname="com.test.Client.ClientStressTest" time="0.286"/>
  <testcase name="testAndSet[272]" classname="com.test.Client.ClientStressTest" time="0.298"/>
  <testcase name="testAndSet[273]" classname="com.test.Client.ClientStressTest" time="0.278"/>
  <testcase name="testAndSet[274]" classname="com.test.Client.ClientStressTest" time="0.279"/>
  <testcase name="testAndSet[275]" classname="com.test.Client.ClientStressTest" time="0.12"/>
  <testcase name="testAndSet[276]" classname="com.test.Client.ClientStressTest" time="0.268"/>
  <testcase name="testAndSet[277]" classname="com.test.Client.ClientStressTest" time="0.277"/>
  <testcase name="testAndSet[278]" classname="com.test.Client.ClientStressTest" time="0.313"/>
  <testcase name="testAndSet[279]" classname="com.test.Client.ClientStressTest" time="0.208"/>
  <testcase name="testAndSet[280]" classname="com.test.Client.ClientStressTest" time="0.123"/>
  <testcase name="testAndSet[281]" classname="com.test.Client.ClientStressTest" time="0.119"/>
  <testcase name="testAndSet[282]" classname="com.test.Client.ClientStressTest" time="0.179"/>
  <testcase name="testAndSet[283]" classname="com.test.Client.ClientStressTest" time="0.109"/>
  <testcase name="testAndSet[284]" classname="com.test.Client.ClientStressTest" time="0.134"/>
  <testcase name="testAndSet[285]" classname="com.test.Client.ClientStressTest" time="0.121"/>
  <testcase name="testAndSet[286]" classname="com.test.Client.ClientStressTest" time="0.299"/>
  <testcase name="testAndSet[287]" classname="com.test.Client.ClientStressTest" time="0.121"/>
  <testcase name="testAndSet[288]" classname="com.test.Client.ClientStressTest" time="0.123"/>
  <testcase name="testAndSet[289]" classname="com.test.Client.ClientStressTest" time="0.122"/>
  <testcase name="testAndSet[290]" classname="com.test.Client.ClientStressTest" time="0.133"/>
  <testcase name="testAndSet[291]" classname="com.test.Client.ClientStressTest" time="0.121"/>
  <testcase name="testAndSet[292]" classname="com.test.Client.ClientStressTest" time="0.289"/>
  <testcase name="testAndSet[293]" classname="com.test.Client.ClientStressTest" time="0.273"/>
  <testcase name="testAndSet[294]" classname="com.test.Client.ClientStressTest" time="0.124"/>
  <testcase name="testAndSet[295]" classname="com.test.Client.ClientStressTest" time="0.29"/>
  <testcase name="testAndSet[296]" classname="com.test.Client.ClientStressTest" time="0.278"/>
  <testcase name="testAndSet[297]" classname="com.test.Client.ClientStressTest" time="0.253"/>
  <testcase name="testAndSet[298]" classname="com.test.Client.ClientStressTest" time="0.31"/>
  <testcase name="testAndSet[299]" classname="com.test.Client.ClientStressTest" time="0.123"/>
  <testcase name="testAndSet[300]" classname="com.test.Client.ClientStressTest" time="0.299"/>
  <testcase name="testAndSet[301]" classname="com.test.Client.ClientStressTest" time="0.265"/>
  <testcase name="testAndSet[302]" classname="com.test.Client.ClientStressTest" time="0.278"/>
  <testcase name="testAndSet[303]" classname="com.test.Client.ClientStressTest" time="0.275"/>
  <testcase name="testAndSet[304]" classname="com.test.Client.ClientStressTest" time="0.278"/>
  <testcase name="testAndSet[305]" classname="com.test.Client.ClientStressTest" time="0.275"/>
  <testcase name="testAndSet[306]" classname="com.test.Client.ClientStressTest" time="0.214"/>
  <testcase name="testAndSet[307]" classname="com.test.Client.ClientStressTest" time="0.151"/>
  <testcase name="testAndSet[308]" classname="com.test.Client.ClientStressTest" time="0.291"/>
  <testcase name="testAndSet[309]" classname="com.test.Client.ClientStressTest" time="0.311"/>
  <testcase name="testAndSet[310]" classname="com.test.Client.ClientStressTest" time="0.324"/>
  <testcase name="testAndSet[311]" classname="com.test.Client.ClientStressTest" time="0.265"/>
  <testcase name="testAndSet[312]" classname="com.test.Client.ClientStressTest" time="0.288"/>
  <testcase name="testAndSet[313]" classname="com.test.Client.ClientStressTest" time="0.288"/>
  <testcase name="testAndSet[314]" classname="com.test.Client.ClientStressTest" time="0.312"/>
  <testcase name="testAndSet[315]" classname="com.test.Client.ClientStressTest" time="0.275"/>
  <testcase name="testAndSet[316]" classname="com.test.Client.ClientStressTest" time="0.326"/>
  <testcase name="testAndSet[317]" classname="com.test.Client.ClientStressTest" time="0.307"/>
  <testcase name="testAndSet[318]" classname="com.test.Client.ClientStressTest" time="0.277"/>
  <testcase name="testAndSet[319]" classname="com.test.Client.ClientStressTest" time="0.299"/>
  <testcase name="testAndSet[320]" classname="com.test.Client.ClientStressTest" time="0.287"/>
  <testcase name="testAndSet[321]" classname="com.test.Client.ClientStressTest" time="0.202"/>
  <testcase name="testAndSet[322]" classname="com.test.Client.ClientStressTest" time="0.11"/>
  <testcase name="testAndSet[323]" classname="com.test.Client.ClientStressTest" time="0.122"/>
  <testcase name="testAndSet[324]" classname="com.test.Client.ClientStressTest" time="0.121"/>
  <testcase name="testAndSet[325]" classname="com.test.Client.ClientStressTest" time="0.134"/>
  <testcase name="testAndSet[326]" classname="com.test.Client.ClientStressTest" time="0.11"/>
  <testcase name="testAndSet[327]" classname="com.test.Client.ClientStressTest" time="0.109"/>
  <testcase name="testAndSet[328]" classname="com.test.Client.ClientStressTest" time="0.121"/>
  <testcase name="testAndSet[329]" classname="com.test.Client.ClientStressTest" time="0.276"/>
  <testcase name="testAndSet[330]" classname="com.test.Client.ClientStressTest" time="0.122"/>
  <testcase name="testAndSet[331]" classname="com.test.Client.ClientStressTest" time="0.132"/>
  <testcase name="testAndSet[332]" classname="com.test.Client.ClientStressTest" time="0.122"/>
  <testcase name="testAndSet[333]" classname="com.test.Client.ClientStressTest" time="0.121"/>
  <testcase name="testAndSet[334]" classname="com.test.Client.ClientStressTest" time="0.124"/>
  <testcase name="testAndSet[335]" classname="com.test.Client.ClientStressTest" time="0.155"/>
  <testcase name="testAndSet[336]" classname="com.test.Client.ClientStressTest" time="0.12"/>
  <testcase name="testAndSet[337]" classname="com.test.Client.ClientStressTest" time="0.288"/>
  <testcase name="testAndSet[338]" classname="com.test.Client.ClientStressTest" time="0.289"/>
  <testcase name="testAndSet[339]" classname="com.test.Client.ClientStressTest" time="0.133"/>
  <testcase name="testAndSet[340]" classname="com.test.Client.ClientStressTest" time="0.291"/>
  <testcase name="testAndSet[341]" classname="com.test.Client.ClientStressTest" time="0.287"/>
  <testcase name="testAndSet[342]" classname="com.test.Client.ClientStressTest" time="0.275"/>
  <testcase name="testAndSet[343]" classname="com.test.Client.ClientStressTest" time="0.309"/>
  <testcase name="testAndSet[344]" classname="com.test.Client.ClientStressTest" time="0.123"/>
  <testcase name="testAndSet[345]" classname="com.test.Client.ClientStressTest" time="0.289"/>
  <testcase name="testAndSet[346]" classname="com.test.Client.ClientStressTest" time="0.278"/>
  <testcase name="testAndSet[347]" classname="com.test.Client.ClientStressTest" time="0.288"/>
  <testcase name="testAndSet[348]" classname="com.test.Client.ClientStressTest" time="0.279"/>
  <testcase name="testAndSet[349]" classname="com.test.Client.ClientStressTest" time="0.287"/>
  <testcase name="testAndSet[350]" classname="com.test.Client.ClientStressTest" time="0.456"/>
  <testcase name="testAndSet[351]" classname="com.test.Client.ClientStressTest" time="0.154"/>
  <testcase name="testAndSet[352]" classname="com.test.Client.ClientStressTest" time="0.165"/>
  <testcase name="testAndSet[353]" classname="com.test.Client.ClientStressTest" time="0.135"/>
  <testcase name="testAndSet[354]" classname="com.test.Client.ClientStressTest" time="0.122"/>
  <testcase name="testAndSet[355]" classname="com.test.Client.ClientStressTest" time="0.12"/>
  <testcase name="testAndSet[356]" classname="com.test.Client.ClientStressTest" time="0.489"/>
  <testcase name="testAndSet[357]" classname="com.test.Client.ClientStressTest" time="0.169"/>
  <testcase name="testAndSet[358]" classname="com.test.Client.ClientStressTest" time="0.12"/>
  <testcase name="testAndSet[359]" classname="com.test.Client.ClientStressTest" time="0.134"/>
  <testcase name="testAndSet[360]" classname="com.test.Client.ClientStressTest" time="0.131"/>
  <testcase name="testAndSet[361]" classname="com.test.Client.ClientStressTest" time="0.133"/>
  <testcase name="testAndSet[362]" classname="com.test.Client.ClientStressTest" time="0.183"/>
  <testcase name="testAndSet[363]" classname="com.test.Client.ClientStressTest" time="0.383"/>
  <testcase name="testAndSet[364]" classname="com.test.Client.ClientStressTest" time="0.121"/>
  <testcase name="testAndSet[365]" classname="com.test.Client.ClientStressTest" time="0.121"/>
  <testcase name="testAndSet[366]" classname="com.test.Client.ClientStressTest" time="0.276"/>
  <testcase name="testAndSet[367]" classname="com.test.Client.ClientStressTest" time="0.289"/>
  <testcase name="testAndSet[368]" classname="com.test.Client.ClientStressTest" time="0.121"/>
  <testcase name="testAndSet[369]" classname="com.test.Client.ClientStressTest" time="0.299"/>
  <testcase name="testAndSet[370]" classname="com.test.Client.ClientStressTest" time="0.253"/>
  <testcase name="testAndSet[371]" classname="com.test.Client.ClientStressTest" time="0.277"/>
  <testcase name="testAndSet[372]" classname="com.test.Client.ClientStressTest" time="0.134"/>
  <testcase name="testAndSet[373]" classname="com.test.Client.ClientStressTest" time="0.289"/>
  <testcase name="testAndSet[374]" classname="com.test.Client.ClientStressTest" time="0.31"/>
  <testcase name="testAndSet[375]" classname="com.test.Client.ClientStressTest" time="0.465"/>
  <testcase name="testAndSet[376]" classname="com.test.Client.ClientStressTest" time="0.124"/>
  <testcase name="testAndSet[377]" classname="com.test.Client.ClientStressTest" time="0.298"/>
  <testcase name="testAndSet[378]" classname="com.test.Client.ClientStressTest" time="0.401"/>
  <testcase name="testAndSet[379]" classname="com.test.Client.ClientStressTest" time="0.121"/>
  <testcase name="testAndSet[380]" classname="com.test.Client.ClientStressTest" time="0.277"/>
  <testcase name="testAndSet[381]" classname="com.test.Client.ClientStressTest" time="0.302"/>
  <testcase name="testAndSet[382]" classname="com.test.Client.ClientStressTest" time="0.12"/>
  <testcase name="testAndSet[383]" classname="com.test.Client.ClientStressTest" time="0.278"/>
  <testcase name="testAndSet[384]" classname="com.test.Client.ClientStressTest" time="0.289"/>
  <testcase name="testAndSet[385]" classname="com.test.Client.ClientStressTest" time="0.133"/>
  <testcase name="testAndSet[386]" classname="com.test.Client.ClientStressTest" time="0.288"/>
  <testcase name="testAndSet[387]" classname="com.test.Client.ClientStressTest" time="0.213"/>
  <testcase name="testAndSet[388]" classname="com.test.Client.ClientStressTest" time="0.11"/>
  <testcase name="testAndSet[389]" classname="com.test.Client.ClientStressTest" time="0.276"/>
  <testcase name="testAndSet[390]" classname="com.test.Client.ClientStressTest" time="0.289"/>
  <testcase name="testAndSet[391]" classname="com.test.Client.ClientStressTest" time="0.109"/>
  <testcase name="testAndSet[392]" classname="com.test.Client.ClientStressTest" time="0.291"/>
  <testcase name="testAndSet[393]" classname="com.test.Client.ClientStressTest" time="0.299"/>
  <testcase name="testAndSet[394]" classname="com.test.Client.ClientStressTest" time="0.143"/>
  <testcase name="testAndSet[395]" classname="com.test.Client.ClientStressTest" time="0.319"/>
  <testcase name="testAndSet[396]" classname="com.test.Client.ClientStressTest" time="0.28"/>
  <testcase name="testAndSet[397]" classname="com.test.Client.ClientStressTest" time="0.12"/>
  <testcase name="testAndSet[398]" classname="com.test.Client.ClientStressTest" time="0.29"/>
  <testcase name="testAndSet[399]" classname="com.test.Client.ClientStressTest" time="0.29"/>
  <testcase name="testAndSet[400]" classname="com.test.Client.ClientStressTest" time="0.131"/>
  <testcase name="testAndSet[401]" classname="com.test.Client.ClientStressTest" time="0.311"/>
  <testcase name="testAndSet[402]" classname="com.test.Client.ClientStressTest" time="0.275"/>
  <testcase name="testAndSet[403]" classname="com.test.Client.ClientStressTest" time="0.29"/>
  <testcase name="testAndSet[404]" classname="com.test.Client.ClientStressTest" time="0.123"/>
  <testcase name="testAndSet[405]" classname="com.test.Client.ClientStressTest" time="0.277"/>
  <testcase name="testAndSet[406]" classname="com.test.Client.ClientStressTest" time="0.278"/>
  <testcase name="testAndSet[407]" classname="com.test.Client.ClientStressTest" time="0.12"/>
  <testcase name="testAndSet[408]" classname="com.test.Client.ClientStressTest" time="0.212"/>
  <testcase name="testAndSet[409]" classname="com.test.Client.ClientStressTest" time="0.276"/>
  <testcase name="testAndSet[410]" classname="com.test.Client.ClientStressTest" time="0.121"/>
  <testcase name="testAndSet[411]" classname="com.test.Client.ClientStressTest" time="0.278"/>
  <testcase name="testAndSet[412]" classname="com.test.Client.ClientStressTest" time="0.121"/>
  <testcase name="testAndSet[413]" classname="com.test.Client.ClientStressTest" time="0.276"/>
  <testcase name="testAndSet[414]" classname="com.test.Client.ClientStressTest" time="0.279"/>
  <testcase name="testAndSet[415]" classname="com.test.Client.ClientStressTest" time="0.124"/>
  <testcase name="testAndSet[416]" classname="com.test.Client.ClientStressTest" time="0.288"/>
  <testcase name="testAndSet[417]" classname="com.test.Client.ClientStressTest" time="0.311"/>
  <testcase name="testAndSet[418]" classname="com.test.Client.ClientStressTest" time="0.29"/>
  <testcase name="testAndSet[419]" classname="com.test.Client.ClientStressTest" time="0.276"/>
  <testcase name="testAndSet[420]" classname="com.test.Client.ClientStressTest" time="0.111"/>
  <testcase name="testAndSet[421]" classname="com.test.Client.ClientStressTest" time="0.262"/>
  <testcase name="testAndSet[422]" classname="com.test.Client.ClientStressTest" time="0.319"/>
  <testcase name="testAndSet[423]" classname="com.test.Client.ClientStressTest" time="0.383"/>
  <testcase name="testAndSet[424]" classname="com.test.Client.ClientStressTest" time="0.476"/>
  <testcase name="testAndSet[425]" classname="com.test.Client.ClientStressTest" time="0.213"/>
  <testcase name="testAndSet[426]" classname="com.test.Client.ClientStressTest" time="0.122"/>
  <testcase name="testAndSet[427]" classname="com.test.Client.ClientStressTest" time="0.29"/>
  <testcase name="testAndSet[428]" classname="com.test.Client.ClientStressTest" time="0.12"/>
  <testcase name="testAndSet[429]" classname="com.test.Client.ClientStressTest" time="0.308"/>
  <testcase name="testAndSet[430]" classname="com.test.Client.ClientStressTest" time="0.278"/>
  <testcase name="testAndSet[431]" classname="com.test.Client.ClientStressTest" time="0.122"/>
  <testcase name="testAndSet[432]" classname="com.test.Client.ClientStressTest" time="0.288"/>
  <testcase name="testAndSet[433]" classname="com.test.Client.ClientStressTest" time="0.335"/>
  <testcase name="testAndSet[434]" classname="com.test.Client.ClientStressTest" time="0.265"/>
  <testcase name="testAndSet[435]" classname="com.test.Client.ClientStressTest" time="0.131"/>
  <testcase name="testAndSet[436]" classname="com.test.Client.ClientStressTest" time="0.277"/>
  <testcase name="testAndSet[437]" classname="com.test.Client.ClientStressTest" time="0.298"/>
  <testcase name="testAndSet[438]" classname="com.test.Client.ClientStressTest" time="0.124"/>
  <testcase name="testAndSet[439]" classname="com.test.Client.ClientStressTest" time="0.265"/>
  <testcase name="testAndSet[440]" classname="com.test.Client.ClientStressTest" time="0.277"/>
  <testcase name="testAndSet[441]" classname="com.test.Client.ClientStressTest" time="0.12"/>
  <testcase name="testAndSet[442]" classname="com.test.Client.ClientStressTest" time="0.58"/>
  <testcase name="testAndSet[443]" classname="com.test.Client.ClientStressTest" time="0.378"/>
  <testcase name="testAndSet[444]" classname="com.test.Client.ClientStressTest" time="0.195"/>
  <testcase name="testAndSet[445]" classname="com.test.Client.ClientStressTest" time="0.324"/>
  <testcase name="testAndSet[446]" classname="com.test.Client.ClientStressTest" time="0.167"/>
  <testcase name="testAndSet[447]" classname="com.test.Client.ClientStressTest" time="0.332"/>
  <testcase name="testAndSet[448]" classname="com.test.Client.ClientStressTest" time="0.278"/>
  <testcase name="testAndSet[449]" classname="com.test.Client.ClientStressTest" time="0.275"/>
  <testcase name="testAndSet[450]" classname="com.test.Client.ClientStressTest" time="0.134"/>
  <testcase name="testAndSet[451]" classname="com.test.Client.ClientStressTest" time="0.288"/>
  <testcase name="testAndSet[452]" classname="com.test.Client.ClientStressTest" time="0.288"/>
  <testcase name="testAndSet[453]" classname="com.test.Client.ClientStressTest" time="0.12"/>
  <testcase name="testAndSet[454]" classname="com.test.Client.ClientStressTest" time="0.279"/>
  <testcase name="testAndSet[455]" classname="com.test.Client.ClientStressTest" time="0.276"/>
  <testcase name="testAndSet[456]" classname="com.test.Client.ClientStressTest" time="0.133"/>
  <testcase name="testAndSet[457]" classname="com.test.Client.ClientStressTest" time="0.289"/>
  <testcase name="testAndSet[458]" classname="com.test.Client.ClientStressTest" time="0.264"/>
  <testcase name="testAndSet[459]" classname="com.test.Client.ClientStressTest" time="0.137"/>
  <testcase name="testAndSet[460]" classname="com.test.Client.ClientStressTest" time="0.289"/>
  <testcase name="testAndSet[461]" classname="com.test.Client.ClientStressTest" time="0.275"/>
  <testcase name="testAndSet[462]" classname="com.test.Client.ClientStressTest" time="0.135"/>
  <testcase name="testAndSet[463]" classname="com.test.Client.ClientStressTest" time="0.311"/>
  <testcase name="testAndSet[464]" classname="com.test.Client.ClientStressTest" time="0.188"/>
  <testcase name="testAndSet[465]" classname="com.test.Client.ClientStressTest" time="0.133"/>
  <testcase name="testAndSet[466]" classname="com.test.Client.ClientStressTest" time="0.266"/>
  <testcase name="testAndSet[467]" classname="com.test.Client.ClientStressTest" time="0.267"/>
  <testcase name="testAndSet[468]" classname="com.test.Client.ClientStressTest" time="0.123"/>
  <testcase name="testAndSet[469]" classname="com.test.Client.ClientStressTest" time="0.276"/>
  <testcase name="testAndSet[470]" classname="com.test.Client.ClientStressTest" time="0.287"/>
  <testcase name="testAndSet[471]" classname="com.test.Client.ClientStressTest" time="0.28"/>
  <testcase name="testAndSet[472]" classname="com.test.Client.ClientStressTest" time="0.121"/>
  <testcase name="testAndSet[473]" classname="com.test.Client.ClientStressTest" time="0.289"/>
  <testcase name="testAndSet[474]" classname="com.test.Client.ClientStressTest" time="0.597"/>
  <testcase name="testAndSet[475]" classname="com.test.Client.ClientStressTest" time="0.668"/>
  <testcase name="testAndSet[476]" classname="com.test.Client.ClientStressTest" time="0.31"/>
  <testcase name="testAndSet[477]" classname="com.test.Client.ClientStressTest" time="0.568"/>
  <testcase name="testAndSet[478]" classname="com.test.Client.ClientStressTest" time="0.445"/>
  <testcase name="testAndSet[479]" classname="com.test.Client.ClientStressTest" time="0.23"/>
  <testcase name="testAndSet[480]" classname="com.test.Client.ClientStressTest" time="0.232"/>
  <testcase name="testAndSet[481]" classname="com.test.Client.ClientStressTest" time="0.134"/>
  <testcase name="testAndSet[482]" classname="com.test.Client.ClientStressTest" time="0.12"/>
  <testcase name="testAndSet[483]" classname="com.test.Client.ClientStressTest" time="0.124"/>
  <testcase name="testAndSet[484]" classname="com.test.Client.ClientStressTest" time="0.11"/>
  <testcase name="testAndSet[485]" classname="com.test.Client.ClientStressTest" time="0.29"/>
  <testcase name="testAndSet[486]" classname="com.test.Client.ClientStressTest" time="0.132"/>
  <testcase name="testAndSet[487]" classname="com.test.Client.ClientStressTest" time="0.189"/>
  <testcase name="testAndSet[488]" classname="com.test.Client.ClientStressTest" time="0.133"/>
  <testcase name="testAndSet[489]" classname="com.test.Client.ClientStressTest" time="0.131"/>
  <testcase name="testAndSet[490]" classname="com.test.Client.ClientStressTest" time="0.121"/>
  <testcase name="testAndSet[491]" classname="com.test.Client.ClientStressTest" time="0.177"/>
  <testcase name="testAndSet[492]" classname="com.test.Client.ClientStressTest" time="0.301"/>
  <testcase name="testAndSet[493]" classname="com.test.Client.ClientStressTest" time="0.131"/>
  <testcase name="testAndSet[494]" classname="com.test.Client.ClientStressTest" time="0.122"/>
  <testcase name="testAndSet[495]" classname="com.test.Client.ClientStressTest" time="0.122"/>
  <testcase name="testAndSet[496]" classname="com.test.Client.ClientStressTest" time="0.132"/>
  <testcase name="testAndSet[497]" classname="com.test.Client.ClientStressTest" time="0.12"/>
  <testcase name="testAndSet[498]" classname="com.test.Client.ClientStressTest" time="0.122"/>
  <testcase name="testAndSet[499]" classname="com.test.Client.ClientStressTest" time="0.302"/>
  <testcase name="testAndSet[500]" classname="com.test.Client.ClientStressTest" time="0.288"/>
  <testcase name="testAndSet[501]" classname="com.test.Client.ClientStressTest" time="0.277"/>
  <testcase name="testAndSet[502]" classname="com.test.Client.ClientStressTest" time="0.108"/>
  <testcase name="testAndSet[503]" classname="com.test.Client.ClientStressTest" time="0.357"/>
  <testcase name="testAndSet[504]" classname="com.test.Client.ClientStressTest" time="0.611"/>
  <testcase name="testAndSet[505]" classname="com.test.Client.ClientStressTest" time="0.627"/>
  <testcase name="testAndSet[506]" classname="com.test.Client.ClientStressTest" time="0.519"/>
  <testcase name="testAndSet[507]" classname="com.test.Client.ClientStressTest" time="0.119"/>
  <testcase name="testAndSet[508]" classname="com.test.Client.ClientStressTest" time="0.289"/>
  <testcase name="testAndSet[509]" classname="com.test.Client.ClientStressTest" time="0.199"/>
  <testcase name="testAndSet[510]" classname="com.test.Client.ClientStressTest" time="0.187"/>
  <testcase name="testAndSet[511]" classname="com.test.Client.ClientStressTest" time="0.123"/>
  <testcase name="testAndSet[512]" classname="com.test.Client.ClientStressTest" time="0.121"/>
  <testcase name="testAndSet[513]" classname="com.test.Client.ClientStressTest" time="0.288"/>
  <testcase name="testAndSet[514]" classname="com.test.Client.ClientStressTest" time="0.276"/>
  <testcase name="testAndSet[515]" classname="com.test.Client.ClientStressTest" time="0.323"/>
  <testcase name="testAndSet[516]" classname="com.test.Client.ClientStressTest" time="0.133"/>
  <testcase name="testAndSet[517]" classname="com.test.Client.ClientStressTest" time="0.278"/>
  <testcase name="testAndSet[518]" classname="com.test.Client.ClientStressTest" time="0.297"/>
  <testcase name="testAndSet[519]" classname="com.test.Client.ClientStressTest" time="0.279"/>
  <testcase name="testAndSet[520]" classname="com.test.Client.ClientStressTest" time="0.265"/>
  <testcase name="testAndSet[521]" classname="com.test.Client.ClientStressTest" time="0.111"/>
  <testcase name="testAndSet[522]" classname="com.test.Client.ClientStressTest" time="0.279"/>
  <testcase name="testAndSet[523]" classname="com.test.Client.ClientStressTest" time="0.32"/>
  <testcase name="testAndSet[524]" classname="com.test.Client.ClientStressTest" time="0.267"/>
  <testcase name="testAndSet[525]" classname="com.test.Client.ClientStressTest" time="0.278"/>
  <testcase name="testAndSet[526]" classname="com.test.Client.ClientStressTest" time="0.288"/>
  <testcase name="testAndSet[527]" classname="com.test.Client.ClientStressTest" time="0.295"/>
  <testcase name="testAndSet[528]" classname="com.test.Client.ClientStressTest" time="0.213"/>
  <testcase name="testAndSet[529]" classname="com.test.Client.ClientStressTest" time="0.123"/>
  <testcase name="testAndSet[530]" classname="com.test.Client.ClientStressTest" time="0.109"/>
  <testcase name="testAndSet[531]" classname="com.test.Client.ClientStressTest" time="0.134"/>
  <testcase name="testAndSet[532]" classname="com.test.Client.ClientStressTest" time="0.12"/>
  <testcase name="testAndSet[533]" classname="com.test.Client.ClientStressTest" time="0.122"/>
  <testcase name="testAndSet[534]" classname="com.test.Client.ClientStressTest" time="0.123"/>
  <testcase name="testAndSet[535]" classname="com.test.Client.ClientStressTest" time="0.122"/>
  <testcase name="testAndSet[536]" classname="com.test.Client.ClientStressTest" time="0.199"/>
  <testcase name="testAndSet[537]" classname="com.test.Client.ClientStressTest" time="0.122"/>
  <testcase name="testAndSet[538]" classname="com.test.Client.ClientStressTest" time="0.121"/>
  <testcase name="testAndSet[539]" classname="com.test.Client.ClientStressTest" time="0.145"/>
  <testcase name="testAndSet[540]" classname="com.test.Client.ClientStressTest" time="0.12"/>
  <testcase name="testAndSet[541]" classname="com.test.Client.ClientStressTest" time="0.123"/>
  <testcase name="testAndSet[542]" classname="com.test.Client.ClientStressTest" time="0.122"/>
  <testcase name="testAndSet[543]" classname="com.test.Client.ClientStressTest" time="0.108"/>
  <testcase name="testAndSet[544]" classname="com.test.Client.ClientStressTest" time="0.278"/>
  <testcase name="testAndSet[545]" classname="com.test.Client.ClientStressTest" time="0.108"/>
  <testcase name="testAndSet[546]" classname="com.test.Client.ClientStressTest" time="0.123"/>
  <testcase name="testAndSet[547]" classname="com.test.Client.ClientStressTest" time="0.166"/>
  <testcase name="testAndSet[548]" classname="com.test.Client.ClientStressTest" time="0.12"/>
  <testcase name="testAndSet[549]" classname="com.test.Client.ClientStressTest" time="0.157"/>
  <testcase name="testAndSet[550]" classname="com.test.Client.ClientStressTest" time="0.263"/>
  <testcase name="testAndSet[551]" classname="com.test.Client.ClientStressTest" time="0.122"/>
  <testcase name="testAndSet[552]" classname="com.test.Client.ClientStressTest" time="0.29"/>
  <testcase name="testAndSet[553]" classname="com.test.Client.ClientStressTest" time="0.325"/>
  <testcase name="testAndSet[554]" classname="com.test.Client.ClientStressTest" time="0.286"/>
  <testcase name="testAndSet[555]" classname="com.test.Client.ClientStressTest" time="0.242"/>
  <testcase name="testAndSet[556]" classname="com.test.Client.ClientStressTest" time="0.123"/>
  <testcase name="testAndSet[557]" classname="com.test.Client.ClientStressTest" time="0.268"/>
  <testcase name="testAndSet[558]" classname="com.test.Client.ClientStressTest" time="0.119"/>
  <testcase name="testAndSet[559]" classname="com.test.Client.ClientStressTest" time="0.122"/>
  <testcase name="testAndSet[560]" classname="com.test.Client.ClientStressTest" time="0.121"/>
  <testcase name="testAndSet[561]" classname="com.test.Client.ClientStressTest" time="0.155"/>
  <testcase name="testAndSet[562]" classname="com.test.Client.ClientStressTest" time="0.289"/>
  <testcase name="testAndSet[563]" classname="com.test.Client.ClientStressTest" time="0.131"/>
  <testcase name="testAndSet[564]" classname="com.test.Client.ClientStressTest" time="0.123"/>
  <testcase name="testAndSet[565]" classname="com.test.Client.ClientStressTest" time="0.133"/>
  <testcase name="testAndSet[566]" classname="com.test.Client.ClientStressTest" time="0.133"/>
  <testcase name="testAndSet[567]" classname="com.test.Client.ClientStressTest" time="0.119"/>
  <testcase name="testAndSet[568]" classname="com.test.Client.ClientStressTest" time="0.132"/>
  <testcase name="testAndSet[569]" classname="com.test.Client.ClientStressTest" time="0.134"/>
  <testcase name="testAndSet[570]" classname="com.test.Client.ClientStressTest" time="0.275"/>
  <testcase name="testAndSet[571]" classname="com.test.Client.ClientStressTest" time="0.292"/>
  <testcase name="testAndSet[572]" classname="com.test.Client.ClientStressTest" time="0.278"/>
  <testcase name="testAndSet[573]" classname="com.test.Client.ClientStressTest" time="0.109"/>
  <testcase name="testAndSet[574]" classname="com.test.Client.ClientStressTest" time="0.288"/>
  <testcase name="testAndSet[575]" classname="com.test.Client.ClientStressTest" time="0.289"/>
  <testcase name="testAndSet[576]" classname="com.test.Client.ClientStressTest" time="0.29"/>
  <testcase name="testAndSet[577]" classname="com.test.Client.ClientStressTest" time="0.109"/>
  <testcase name="testAndSet[578]" classname="com.test.Client.ClientStressTest" time="0.478"/>
  <testcase name="testAndSet[579]" classname="com.test.Client.ClientStressTest" time="0.119"/>
  <testcase name="testAndSet[580]" classname="com.test.Client.ClientStressTest" time="0.29"/>
  <testcase name="testAndSet[581]" classname="com.test.Client.ClientStressTest" time="0.267"/>
  <testcase name="testAndSet[582]" classname="com.test.Client.ClientStressTest" time="0.545"/>
  <testcase name="testAndSet[583]" classname="com.test.Client.ClientStressTest" time="0.198"/>
  <testcase name="testAndSet[584]" classname="com.test.Client.ClientStressTest" time="0.123"/>
  <testcase name="testAndSet[585]" classname="com.test.Client.ClientStressTest" time="0.277"/>
  <testcase name="testAndSet[586]" classname="com.test.Client.ClientStressTest" time="0.278"/>
  <testcase name="testAndSet[587]" classname="com.test.Client.ClientStressTest" time="0.12"/>
  <testcase name="testAndSet[588]" classname="com.test.Client.ClientStressTest" time="0.277"/>
  <testcase name="testAndSet[589]" classname="com.test.Client.ClientStressTest" time="0.287"/>
  <testcase name="testAndSet[590]" classname="com.test.Client.ClientStressTest" time="0.133"/>
  <testcase name="testAndSet[591]" classname="com.test.Client.ClientStressTest" time="0.301"/>
  <testcase name="testAndSet[592]" classname="com.test.Client.ClientStressTest" time="0.264"/>
  <testcase name="testAndSet[593]" classname="com.test.Client.ClientStressTest" time="0.123"/>
  <testcase name="testAndSet[594]" classname="com.test.Client.ClientStressTest" time="0.276"/>
  <testcase name="testAndSet[595]" classname="com.test.Client.ClientStressTest" time="0.287"/>
  <testcase name="testAndSet[596]" classname="com.test.Client.ClientStressTest" time="0.124"/>
  <testcase name="testAndSet[597]" classname="com.test.Client.ClientStressTest" time="0.276"/>
  <testcase name="testAndSet[598]" classname="com.test.Client.ClientStressTest" time="0.278"/>
  <testcase name="testAndSet[599]" classname="com.test.Client.ClientStressTest" time="0.31"/>
  <testcase name="testAndSet[600]" classname="com.test.Client.ClientStressTest" time="0.134"/>
  <testcase name="testAndSet[601]" classname="com.test.Client.ClientStressTest" time="0.266"/>
  <testcase name="testAndSet[602]" classname="com.test.Client.ClientStressTest" time="0.577"/>
  <testcase name="testAndSet[603]" classname="com.test.Client.ClientStressTest" time="0.444"/>
  <testcase name="testAndSet[604]" classname="com.test.Client.ClientStressTest" time="0.343"/>
  <testcase name="testAndSet[605]" classname="com.test.Client.ClientStressTest" time="0.277"/>
  <testcase name="testAndSet[606]" classname="com.test.Client.ClientStressTest" time="0.289"/>
  <testcase name="testAndSet[607]" classname="com.test.Client.ClientStressTest" time="0.354"/>
  <testcase name="testAndSet[608]" classname="com.test.Client.ClientStressTest" time="0.334"/>
  <testcase name="testAndSet[609]" classname="com.test.Client.ClientStressTest" time="0.132"/>
  <testcase name="testAndSet[610]" classname="com.test.Client.ClientStressTest" time="0.622"/>
  <testcase name="testAndSet[611]" classname="com.test.Client.ClientStressTest" time="0.699"/>
  <testcase name="testAndSet[612]" classname="com.test.Client.ClientStressTest" time="0.512"/>
  <testcase name="testAndSet[613]" classname="com.test.Client.ClientStressTest" time="0.546"/>
  <testcase name="testAndSet[614]" classname="com.test.Client.ClientStressTest" time="0.3"/>
  <testcase name="testAndSet[615]" classname="com.test.Client.ClientStressTest" time="0.899"/>
  <testcase name="testAndSet[616]" classname="com.test.Client.ClientStressTest" time="0.687"/>
  <testcase name="testAndSet[617]" classname="com.test.Client.ClientStressTest" time="0.8"/>
  <testcase name="testAndSet[618]" classname="com.test.Client.ClientStressTest" time="1.044"/>
  <testcase name="testAndSet[619]" classname="com.test.Client.ClientStressTest" time="0.834"/>
  <testcase name="testAndSet[620]" classname="com.test.Client.ClientStressTest" time="0.41"/>
  <testcase name="testAndSet[621]" classname="com.test.Client.ClientStressTest" time="0.324"/>
  <testcase name="testAndSet[622]" classname="com.test.Client.ClientStressTest" time="0.548"/>
  <testcase name="testAndSet[623]" classname="com.test.Client.ClientStressTest" time="0.264"/>
  <testcase name="testAndSet[624]" classname="com.test.Client.ClientStressTest" time="0.564"/>
  <testcase name="testAndSet[625]" classname="com.test.Client.ClientStressTest" time="0.489"/>
  <testcase name="testAndSet[626]" classname="com.test.Client.ClientStressTest" time="0.379"/>
  <testcase name="testAndSet[627]" classname="com.test.Client.ClientStressTest" time="0.597"/>
  <testcase name="testAndSet[628]" classname="com.test.Client.ClientStressTest" time="0.122"/>
  <testcase name="testAndSet[629]" classname="com.test.Client.ClientStressTest" time="0.276"/>
  <testcase name="testAndSet[630]" classname="com.test.Client.ClientStressTest" time="0.188"/>
  <testcase name="testAndSet[631]" classname="com.test.Client.ClientStressTest" time="0.423"/>
  <testcase name="testAndSet[632]" classname="com.test.Client.ClientStressTest" time="0.167"/>
  <testcase name="testAndSet[633]" classname="com.test.Client.ClientStressTest" time="0.244"/>
  <testcase name="testAndSet[634]" classname="com.test.Client.ClientStressTest" time="0.355"/>
  <testcase name="testAndSet[635]" classname="com.test.Client.ClientStressTest" time="0.545"/>
  <testcase name="testAndSet[636]" classname="com.test.Client.ClientStressTest" time="0.255"/>
  <testcase name="testAndSet[637]" classname="com.test.Client.ClientStressTest" time="0.902"/>
  <testcase name="testAndSet[638]" classname="com.test.Client.ClientStressTest" time="0.618"/>
  <testcase name="testAndSet[639]" classname="com.test.Client.ClientStressTest" time="0.622"/>
  <testcase name="testAndSet[640]" classname="com.test.Client.ClientStressTest" time="0.148"/>
  <testcase name="testAndSet[641]" classname="com.test.Client.ClientStressTest" time="0.277"/>
  <testcase name="testAndSet[642]" classname="com.test.Client.ClientStressTest" time="0.63"/>
  <testcase name="testAndSet[643]" classname="com.test.Client.ClientStressTest" time="0.134"/>
  <testcase name="testAndSet[644]" classname="com.test.Client.ClientStressTest" time="0.121"/>
  <testcase name="testAndSet[645]" classname="com.test.Client.ClientStressTest" time="0.118"/>
  <testcase name="testAndSet[646]" classname="com.test.Client.ClientStressTest" time="0.168"/>
  <testcase name="testAndSet[647]" classname="com.test.Client.ClientStressTest" time="0.277"/>
  <testcase name="testAndSet[648]" classname="com.test.Client.ClientStressTest" time="0.288"/>
  <testcase name="testAndSet[649]" classname="com.test.Client.ClientStressTest" time="0.288"/>
  <testcase name="testAndSet[650]" classname="com.test.Client.ClientStressTest" time="0.132"/>
  <testcase name="testAndSet[651]" classname="com.test.Client.ClientStressTest" time="0.3"/>
  <testcase name="testAndSet[652]" classname="com.test.Client.ClientStressTest" time="0.279"/>
  <testcase name="testAndSet[653]" classname="com.test.Client.ClientStressTest" time="0.277"/>
  <testcase name="testAndSet[654]" classname="com.test.Client.ClientStressTest" time="0.344"/>
  <testcase name="testAndSet[655]" classname="com.test.Client.ClientStressTest" time="0.212"/>
  <testcase name="testAndSet[656]" classname="com.test.Client.ClientStressTest" time="0.138"/>
  <testcase name="testAndSet[657]" classname="com.test.Client.ClientStressTest" time="0.126"/>
  <testcase name="testAndSet[658]" classname="com.test.Client.ClientStressTest" time="0.128"/>
  <testcase name="testAndSet[659]" classname="com.test.Client.ClientStressTest" time="0.11"/>
  <testcase name="testAndSet[660]" classname="com.test.Client.ClientStressTest" time="0.123"/>
  <testcase name="testAndSet[661]" classname="com.test.Client.ClientStressTest" time="0.12"/>
  <testcase name="testAndSet[662]" classname="com.test.Client.ClientStressTest" time="0.134"/>
  <testcase name="testAndSet[663]" classname="com.test.Client.ClientStressTest" time="0.275"/>
  <testcase name="testAndSet[664]" classname="com.test.Client.ClientStressTest" time="0.134"/>
  <testcase name="testAndSet[665]" classname="com.test.Client.ClientStressTest" time="0.134"/>
  <testcase name="testAndSet[666]" classname="com.test.Client.ClientStressTest" time="0.109"/>
  <testcase name="testAndSet[667]" classname="com.test.Client.ClientStressTest" time="0.122"/>
  <testcase name="testAndSet[668]" classname="com.test.Client.ClientStressTest" time="0.122"/>
  <testcase name="testAndSet[669]" classname="com.test.Client.ClientStressTest" time="0.133"/>
  <testcase name="testAndSet[670]" classname="com.test.Client.ClientStressTest" time="0.367"/>
  <testcase name="testAndSet[671]" classname="com.test.Client.ClientStressTest" time="0.111"/>
  <testcase name="testAndSet[672]" classname="com.test.Client.ClientStressTest" time="0.29"/>
  <testcase name="testAndSet[673]" classname="com.test.Client.ClientStressTest" time="0.284"/>
  <testcase name="testAndSet[674]" classname="com.test.Client.ClientStressTest" time="0.301"/>
  <testcase name="testAndSet[675]" classname="com.test.Client.ClientStressTest" time="0.124"/>
  <testcase name="testAndSet[676]" classname="com.test.Client.ClientStressTest" time="0.308"/>
  <testcase name="testAndSet[677]" classname="com.test.Client.ClientStressTest" time="0.267"/>
  <testcase name="testAndSet[678]" classname="com.test.Client.ClientStressTest" time="0.279"/>
  <testcase name="testAndSet[679]" classname="com.test.Client.ClientStressTest" time="0.339"/>
  <testcase name="testAndSet[680]" classname="com.test.Client.ClientStressTest" time="0.571"/>
  <testcase name="testAndSet[681]" classname="com.test.Client.ClientStressTest" time="0.289"/>
  <testcase name="testAndSet[682]" classname="com.test.Client.ClientStressTest" time="0.302"/>
  <testcase name="testAndSet[683]" classname="com.test.Client.ClientStressTest" time="0.226"/>
  <testcase name="testAndSet[684]" classname="com.test.Client.ClientStressTest" time="0.116"/>
  <testcase name="testAndSet[685]" classname="com.test.Client.ClientStressTest" time="0.588"/>
  <testcase name="testAndSet[686]" classname="com.test.Client.ClientStressTest" time="0.299"/>
  <testcase name="testAndSet[687]" classname="com.test.Client.ClientStressTest" time="0.123"/>
  <testcase name="testAndSet[688]" classname="com.test.Client.ClientStressTest" time="0.29"/>
  <testcase name="testAndSet[689]" classname="com.test.Client.ClientStressTest" time="0.289"/>
  <testcase name="testAndSet[690]" classname="com.test.Client.ClientStressTest" time="0.109"/>
  <testcase name="testAndSet[691]" classname="com.test.Client.ClientStressTest" time="0.189"/>
  <testcase name="testAndSet[692]" classname="com.test.Client.ClientStressTest" time="0.132"/>
  <testcase name="testAndSet[693]" classname="com.test.Client.ClientStressTest" time="0.122"/>
  <testcase name="testAndSet[694]" classname="com.test.Client.ClientStressTest" time="0.131"/>
  <testcase name="testAndSet[695]" classname="com.test.Client.ClientStressTest" time="0.124"/>
  <testcase name="testAndSet[696]" classname="com.test.Client.ClientStressTest" time="0.12"/>
  <testcase name="testAndSet[697]" classname="com.test.Client.ClientStressTest" time="0.112"/>
  <testcase name="testAndSet[698]" classname="com.test.Client.ClientStressTest" time="0.132"/>
  <testcase name="testAndSet[699]" classname="com.test.Client.ClientStressTest" time="0.269"/>
  <testcase name="testAndSet[700]" classname="com.test.Client.ClientStressTest" time="0.13"/>
  <testcase name="testAndSet[701]" classname="com.test.Client.ClientStressTest" time="0.11"/>
  <testcase name="testAndSet[702]" classname="com.test.Client.ClientStressTest" time="0.123"/>
  <testcase name="testAndSet[703]" classname="com.test.Client.ClientStressTest" time="0.123"/>
  <testcase name="testAndSet[704]" classname="com.test.Client.ClientStressTest" time="0.144"/>
  <testcase name="testAndSet[705]" classname="com.test.Client.ClientStressTest" time="0.124"/>
  <testcase name="testAndSet[706]" classname="com.test.Client.ClientStressTest" time="0.361"/>
  <testcase name="testAndSet[707]" classname="com.test.Client.ClientStressTest" time="0.321"/>
  <testcase name="testAndSet[708]" classname="com.test.Client.ClientStressTest" time="0.111"/>
  <testcase name="testAndSet[709]" classname="com.test.Client.ClientStressTest" time="0.121"/>
  <testcase name="testAndSet[710]" classname="com.test.Client.ClientStressTest" time="0.122"/>
  <testcase name="testAndSet[711]" classname="com.test.Client.ClientStressTest" time="0.109"/>
  <testcase name="testAndSet[712]" classname="com.test.Client.ClientStressTest" time="0.135"/>
  <testcase name="testAndSet[713]" classname="com.test.Client.ClientStressTest" time="0.265"/>
  <testcase name="testAndSet[714]" classname="com.test.Client.ClientStressTest" time="0.126"/>
  <testcase name="testAndSet[715]" classname="com.test.Client.ClientStressTest" time="0.132"/>
  <testcase name="testAndSet[716]" classname="com.test.Client.ClientStressTest" time="0.287"/>
  <testcase name="testAndSet[717]" classname="com.test.Client.ClientStressTest" time="0.177"/>
  <testcase name="testAndSet[718]" classname="com.test.Client.ClientStressTest" time="0.225"/>
  <testcase name="testAndSet[719]" classname="com.test.Client.ClientStressTest" time="0.287"/>
  <testcase name="testAndSet[720]" classname="com.test.Client.ClientStressTest" time="0.122"/>
  <testcase name="testAndSet[721]" classname="com.test.Client.ClientStressTest" time="0.289"/>
  <testcase name="testAndSet[722]" classname="com.test.Client.ClientStressTest" time="0.266"/>
  <testcase name="testAndSet[723]" classname="com.test.Client.ClientStressTest" time="0.381"/>
  <testcase name="testAndSet[724]" classname="com.test.Client.ClientStressTest" time="0.397"/>
  <testcase name="testAndSet[725]" classname="com.test.Client.ClientStressTest" time="0.552"/>
  <testcase name="testAndSet[726]" classname="com.test.Client.ClientStressTest" time="0.279"/>
  <testcase name="testAndSet[727]" classname="com.test.Client.ClientStressTest" time="0.199"/>
  <testcase name="testAndSet[728]" classname="com.test.Client.ClientStressTest" time="0.133"/>
  <testcase name="testAndSet[729]" classname="com.test.Client.ClientStressTest" time="0.476"/>
  <testcase name="testAndSet[730]" classname="com.test.Client.ClientStressTest" time="0.278"/>
  <testcase name="testAndSet[731]" classname="com.test.Client.ClientStressTest" time="0.122"/>
  <testcase name="testAndSet[732]" classname="com.test.Client.ClientStressTest" time="0.276"/>
  <testcase name="testAndSet[733]" classname="com.test.Client.ClientStressTest" time="0.282"/>
  <testcase name="testAndSet[734]" classname="com.test.Client.ClientStressTest" time="0.452"/>
  <testcase name="testAndSet[735]" classname="com.test.Client.ClientStressTest" time="0.321"/>
  <testcase name="testAndSet[736]" classname="com.test.Client.ClientStressTest" time="0.465"/>
  <testcase name="testAndSet[737]" classname="com.test.Client.ClientStressTest" time="0.278"/>
  <testcase name="testAndSet[738]" classname="com.test.Client.ClientStressTest" time="0.478"/>
  <testcase name="testAndSet[739]" classname="com.test.Client.ClientStressTest" time="0.208"/>
  <testcase name="testAndSet[740]" classname="com.test.Client.ClientStressTest" time="0.31"/>
  <testcase name="testAndSet[741]" classname="com.test.Client.ClientStressTest" time="0.122"/>
  <testcase name="testAndSet[742]" classname="com.test.Client.ClientStressTest" time="0.31"/>
  <testcase name="testAndSet[743]" classname="com.test.Client.ClientStressTest" time="0.312"/>
  <testcase name="testAndSet[744]" classname="com.test.Client.ClientStressTest" time="0.323"/>
  <testcase name="testAndSet[745]" classname="com.test.Client.ClientStressTest" time="0.747"/>
  <testcase name="testAndSet[746]" classname="com.test.Client.ClientStressTest" time="0.869"/>
  <testcase name="testAndSet[747]" classname="com.test.Client.ClientStressTest" time="1.026"/>
  <testcase name="testAndSet[748]" classname="com.test.Client.ClientStressTest" time="0.123"/>
  <testcase name="testAndSet[749]" classname="com.test.Client.ClientStressTest" time="0.279"/>
  <testcase name="testAndSet[750]" classname="com.test.Client.ClientStressTest" time="0.3"/>
  <testcase name="testAndSet[751]" classname="com.test.Client.ClientStressTest" time="0.341"/>
  <testcase name="testAndSet[752]" classname="com.test.Client.ClientStressTest" time="0.656"/>
  <testcase name="testAndSet[753]" classname="com.test.Client.ClientStressTest" time="0.454"/>
  <testcase name="testAndSet[754]" classname="com.test.Client.ClientStressTest" time="0.444"/>
  <testcase name="testAndSet[755]" classname="com.test.Client.ClientStressTest" time="0.613"/>
  <testcase name="testAndSet[756]" classname="com.test.Client.ClientStressTest" time="0.325"/>
  <testcase name="testAndSet[757]" classname="com.test.Client.ClientStressTest" time="0.402"/>
  <testcase name="testAndSet[758]" classname="com.test.Client.ClientStressTest" time="0.748"/>
  <testcase name="testAndSet[759]" classname="com.test.Client.ClientStressTest" time="0.885"/>
  <testcase name="testAndSet[760]" classname="com.test.Client.ClientStressTest" time="0.622"/>
  <testcase name="testAndSet[761]" classname="com.test.Client.ClientStressTest" time="0.422"/>
  <testcase name="testAndSet[762]" classname="com.test.Client.ClientStressTest" time="0.123"/>
  <testcase name="testAndSet[763]" classname="com.test.Client.ClientStressTest" time="0.355"/>
  <testcase name="testAndSet[764]" classname="com.test.Client.ClientStressTest" time="0.108"/>
  <testcase name="testAndSet[765]" classname="com.test.Client.ClientStressTest" time="0.111"/>
  <testcase name="testAndSet[766]" classname="com.test.Client.ClientStressTest" time="0.132"/>
  <testcase name="testAndSet[767]" classname="com.test.Client.ClientStressTest" time="0.247"/>
  <testcase name="testAndSet[768]" classname="com.test.Client.ClientStressTest" time="0.197"/>
  <testcase name="testAndSet[769]" classname="com.test.Client.ClientStressTest" time="0.367"/>
  <testcase name="testAndSet[770]" classname="com.test.Client.ClientStressTest" time="0.246"/>
  <testcase name="testAndSet[771]" classname="com.test.Client.ClientStressTest" time="0.072"/>
  <testcase name="testAndSet[772]" classname="com.test.Client.ClientStressTest" time="0.146"/>
  <testcase name="testAndSet[773]" classname="com.test.Client.ClientStressTest" time="0.121"/>
  <testcase name="testAndSet[774]" classname="com.test.Client.ClientStressTest" time="0.123"/>
  <testcase name="testAndSet[775]" classname="com.test.Client.ClientStressTest" time="0.29"/>
  <testcase name="testAndSet[776]" classname="com.test.Client.ClientStressTest" time="0.131"/>
  <testcase name="testAndSet[777]" classname="com.test.Client.ClientStressTest" time="0.176"/>
  <testcase name="testAndSet[778]" classname="com.test.Client.ClientStressTest" time="0.124"/>
  <testcase name="testAndSet[779]" classname="com.test.Client.ClientStressTest" time="0.12"/>
  <testcase name="testAndSet[780]" classname="com.test.Client.ClientStressTest" time="0.157"/>
  <testcase name="testAndSet[781]" classname="com.test.Client.ClientStressTest" time="0.121"/>
  <testcase name="testAndSet[782]" classname="com.test.Client.ClientStressTest" time="0.133"/>
  <testcase name="testAndSet[783]" classname="com.test.Client.ClientStressTest" time="0.286"/>
  <testcase name="testAndSet[784]" classname="com.test.Client.ClientStressTest" time="0.133"/>
  <testcase name="testAndSet[785]" classname="com.test.Client.ClientStressTest" time="0.189"/>
  <testcase name="testAndSet[786]" classname="com.test.Client.ClientStressTest" time="0.29"/>
  <testcase name="testAndSet[787]" classname="com.test.Client.ClientStressTest" time="0.199"/>
  <testcase name="testAndSet[788]" classname="com.test.Client.ClientStressTest" time="0.267"/>
  <testcase name="testAndSet[789]" classname="com.test.Client.ClientStressTest" time="0.201"/>
  <testcase name="testAndSet[790]" classname="com.test.Client.ClientStressTest" time="0.12"/>
  <testcase name="testAndSet[791]" classname="com.test.Client.ClientStressTest" time="0.134"/>
  <testcase name="testAndSet[792]" classname="com.test.Client.ClientStressTest" time="0.119"/>
  <testcase name="testAndSet[793]" classname="com.test.Client.ClientStressTest" time="0.123"/>
  <testcase name="testAndSet[794]" classname="com.test.Client.ClientStressTest" time="0.166"/>
  <testcase name="testAndSet[795]" classname="com.test.Client.ClientStressTest" time="0.277"/>
  <testcase name="testAndSet[796]" classname="com.test.Client.ClientStressTest" time="0.122"/>
  <testcase name="testAndSet[797]" classname="com.test.Client.ClientStressTest" time="0.135"/>
  <testcase name="testAndSet[798]" classname="com.test.Client.ClientStressTest" time="0.133"/>
  <testcase name="testAndSet[799]" classname="com.test.Client.ClientStressTest" time="0.107"/>
  <testcase name="testAndSet[800]" classname="com.test.Client.ClientStressTest" time="0.123"/>
  <testcase name="testAndSet[801]" classname="com.test.Client.ClientStressTest" time="0.109"/>
  <testcase name="testAndSet[802]" classname="com.test.Client.ClientStressTest" time="0.125"/>
  <testcase name="testAndSet[803]" classname="com.test.Client.ClientStressTest" time="0.298"/>
  <testcase name="testAndSet[804]" classname="com.test.Client.ClientStressTest" time="0.121"/>
  <testcase name="testAndSet[805]" classname="com.test.Client.ClientStressTest" time="0.111"/>
  <testcase name="testAndSet[806]" classname="com.test.Client.ClientStressTest" time="0.121"/>
  <testcase name="testAndSet[807]" classname="com.test.Client.ClientStressTest" time="0.166"/>
  <testcase name="testAndSet[808]" classname="com.test.Client.ClientStressTest" time="0.134"/>
  <testcase name="testAndSet[809]" classname="com.test.Client.ClientStressTest" time="0.122"/>
  <testcase name="testAndSet[810]" classname="com.test.Client.ClientStressTest" time="0.134"/>
  <testcase name="testAndSet[811]" classname="com.test.Client.ClientStressTest" time="0.287"/>
  <testcase name="testAndSet[812]" classname="com.test.Client.ClientStressTest" time="0.221"/>
  <testcase name="testAndSet[813]" classname="com.test.Client.ClientStressTest" time="0.145"/>
  <testcase name="testAndSet[814]" classname="com.test.Client.ClientStressTest" time="0.126"/>
  <testcase name="testAndSet[815]" classname="com.test.Client.ClientStressTest" time="0.117"/>
  <testcase name="testAndSet[816]" classname="com.test.Client.ClientStressTest" time="0.135"/>
  <testcase name="testAndSet[817]" classname="com.test.Client.ClientStressTest" time="0.134"/>
  <testcase name="testAndSet[818]" classname="com.test.Client.ClientStressTest" time="0.291"/>
  <testcase name="testAndSet[819]" classname="com.test.Client.ClientStressTest" time="0.13"/>
  <testcase name="testAndSet[820]" classname="com.test.Client.ClientStressTest" time="0.133"/>
  <testcase name="testAndSet[821]" classname="com.test.Client.ClientStressTest" time="0.313"/>
  <testcase name="testAndSet[822]" classname="com.test.Client.ClientStressTest" time="0.408"/>
  <testcase name="testAndSet[823]" classname="com.test.Client.ClientStressTest" time="0.278"/>
  <testcase name="testAndSet[824]" classname="com.test.Client.ClientStressTest" time="0.278"/>
  <testcase name="testAndSet[825]" classname="com.test.Client.ClientStressTest" time="0.132"/>
  <testcase name="testAndSet[826]" classname="com.test.Client.ClientStressTest" time="0.199"/>
  <testcase name="testAndSet[827]" classname="com.test.Client.ClientStressTest" time="0.267"/>
  <testcase name="testAndSet[828]" classname="com.test.Client.ClientStressTest" time="0.287"/>
  <testcase name="testAndSet[829]" classname="com.test.Client.ClientStressTest" time="0.126"/>
  <testcase name="testAndSet[830]" classname="com.test.Client.ClientStressTest" time="0.287"/>
  <testcase name="testAndSet[831]" classname="com.test.Client.ClientStressTest" time="0.499"/>
  <testcase name="testAndSet[832]" classname="com.test.Client.ClientStressTest" time="0.13"/>
  <testcase name="testAndSet[833]" classname="com.test.Client.ClientStressTest" time="0.314"/>
  <testcase name="testAndSet[834]" classname="com.test.Client.ClientStressTest" time="0.264"/>
  <testcase name="testAndSet[835]" classname="com.test.Client.ClientStressTest" time="0.266"/>
  <testcase name="testAndSet[836]" classname="com.test.Client.ClientStressTest" time="0.289"/>
  <testcase name="testAndSet[837]" classname="com.test.Client.ClientStressTest" time="0.311"/>
  <testcase name="testAndSet[838]" classname="com.test.Client.ClientStressTest" time="0.422"/>
  <testcase name="testAndSet[839]" classname="com.test.Client.ClientStressTest" time="0.057"/>
  <testcase name="testAndSet[840]" classname="com.test.Client.ClientStressTest" time="0.286"/>
  <testcase name="testAndSet[841]" classname="com.test.Client.ClientStressTest" time="0.199"/>
  <testcase name="testAndSet[842]" classname="com.test.Client.ClientStressTest" time="0.636"/>
  <testcase name="testAndSet[843]" classname="com.test.Client.ClientStressTest" time="0.275"/>
  <testcase name="testAndSet[844]" classname="com.test.Client.ClientStressTest" time="0.278"/>
  <testcase name="testAndSet[845]" classname="com.test.Client.ClientStressTest" time="0.432"/>
  <testcase name="testAndSet[846]" classname="com.test.Client.ClientStressTest" time="0.542"/>
  <testcase name="testAndSet[847]" classname="com.test.Client.ClientStressTest" time="0.293"/>
  <testcase name="testAndSet[848]" classname="com.test.Client.ClientStressTest" time="0.434"/>
  <testcase name="testAndSet[849]" classname="com.test.Client.ClientStressTest" time="0.311"/>
  <testcase name="testAndSet[850]" classname="com.test.Client.ClientStressTest" time="0.288"/>
  <testcase name="testAndSet[851]" classname="com.test.Client.ClientStressTest" time="0.2"/>
  <testcase name="testAndSet[852]" classname="com.test.Client.ClientStressTest" time="0.28"/>
  <testcase name="testAndSet[853]" classname="com.test.Client.ClientStressTest" time="0.277"/>
  <testcase name="testAndSet[854]" classname="com.test.Client.ClientStressTest" time="0.288"/>
  <testcase name="testAndSet[855]" classname="com.test.Client.ClientStressTest" time="0.264"/>
  <testcase name="testAndSet[856]" classname="com.test.Client.ClientStressTest" time="0.369"/>
  <testcase name="testAndSet[857]" classname="com.test.Client.ClientStressTest" time="0.177"/>
  <testcase name="testAndSet[858]" classname="com.test.Client.ClientStressTest" time="0.12"/>
  <testcase name="testAndSet[859]" classname="com.test.Client.ClientStressTest" time="0.121"/>
  <testcase name="testAndSet[860]" classname="com.test.Client.ClientStressTest" time="0.134"/>
  <testcase name="testAndSet[861]" classname="com.test.Client.ClientStressTest" time="0.222"/>
  <testcase name="testAndSet[862]" classname="com.test.Client.ClientStressTest" time="0.523"/>
  <testcase name="testAndSet[863]" classname="com.test.Client.ClientStressTest" time="0.344"/>
  <testcase name="testAndSet[864]" classname="com.test.Client.ClientStressTest" time="0.467"/>
  <testcase name="testAndSet[865]" classname="com.test.Client.ClientStressTest" time="0.51"/>
  <testcase name="testAndSet[866]" classname="com.test.Client.ClientStressTest" time="0.376"/>
  <testcase name="testAndSet[867]" classname="com.test.Client.ClientStressTest" time="0.488"/>
  <testcase name="testAndSet[868]" classname="com.test.Client.ClientStressTest" time="0.944"/>
  <testcase name="testAndSet[869]" classname="com.test.Client.ClientStressTest" time="0.968"/>
  <testcase name="testAndSet[870]" classname="com.test.Client.ClientStressTest" time="0.798"/>
  <testcase name="testAndSet[871]" classname="com.test.Client.ClientStressTest" time="0.94"/>
  <testcase name="testAndSet[872]" classname="com.test.Client.ClientStressTest" time="0.505"/>
  <testcase name="testAndSet[873]" classname="com.test.Client.ClientStressTest" time="0.366"/>
  <testcase name="testAndSet[874]" classname="com.test.Client.ClientStressTest" time="0.611"/>
  <testcase name="testAndSet[875]" classname="com.test.Client.ClientStressTest" time="0.411"/>
  <testcase name="testAndSet[876]" classname="com.test.Client.ClientStressTest" time="0.433"/>
  <testcase name="testAndSet[877]" classname="com.test.Client.ClientStressTest" time="0.288"/>
  <testcase name="testAndSet[878]" classname="com.test.Client.ClientStressTest" time="0.287"/>
  <testcase name="testAndSet[879]" classname="com.test.Client.ClientStressTest" time="0.378"/>
  <testcase name="testAndSet[880]" classname="com.test.Client.ClientStressTest" time="0.22"/>
  <testcase name="testAndSet[881]" classname="com.test.Client.ClientStressTest" time="0.393"/>
  <testcase name="testAndSet[882]" classname="com.test.Client.ClientStressTest" time="0.564"/>
  <testcase name="testAndSet[883]" classname="com.test.Client.ClientStressTest" time="0.49"/>
  <testcase name="testAndSet[884]" classname="com.test.Client.ClientStressTest" time="0.609"/>
  <testcase name="testAndSet[885]" classname="com.test.Client.ClientStressTest" time="0.568"/>
  <testcase name="testAndSet[886]" classname="com.test.Client.ClientStressTest" time="0.485"/>
  <testcase name="testAndSet[887]" classname="com.test.Client.ClientStressTest" time="0.701"/>
  <testcase name="testAndSet[888]" classname="com.test.Client.ClientStressTest" time="0.82"/>
  <testcase name="testAndSet[889]" classname="com.test.Client.ClientStressTest" time="0.478"/>
  <testcase name="testAndSet[890]" classname="com.test.Client.ClientStressTest" time="0.367"/>
  <testcase name="testAndSet[891]" classname="com.test.Client.ClientStressTest" time="0.276"/>
  <testcase name="testAndSet[892]" classname="com.test.Client.ClientStressTest" time="0.267"/>
  <testcase name="testAndSet[893]" classname="com.test.Client.ClientStressTest" time="0.311"/>
  <testcase name="testAndSet[894]" classname="com.test.Client.ClientStressTest" time="0.279"/>
  <testcase name="testAndSet[895]" classname="com.test.Client.ClientStressTest" time="0.254"/>
  <testcase name="testAndSet[896]" classname="com.test.Client.ClientStressTest" time="0.355"/>
  <testcase name="testAndSet[897]" classname="com.test.Client.ClientStressTest" time="0.413"/>
  <testcase name="testAndSet[898]" classname="com.test.Client.ClientStressTest" time="0.298"/>
  <testcase name="testAndSet[899]" classname="com.test.Client.ClientStressTest" time="0.279"/>
  <testcase name="testAndSet[900]" classname="com.test.Client.ClientStressTest" time="0.432"/>
  <testcase name="testAndSet[901]" classname="com.test.Client.ClientStressTest" time="0.254"/>
  <testcase name="testAndSet[902]" classname="com.test.Client.ClientStressTest" time="0.235"/>
  <testcase name="testAndSet[903]" classname="com.test.Client.ClientStressTest" time="0.3"/>
  <testcase name="testAndSet[904]" classname="com.test.Client.ClientStressTest" time="0.398"/>
  <testcase name="testAndSet[905]" classname="com.test.Client.ClientStressTest" time="0.362"/>
  <testcase name="testAndSet[906]" classname="com.test.Client.ClientStressTest" time="0.43"/>
  <testcase name="testAndSet[907]" classname="com.test.Client.ClientStressTest" time="0.53"/>
  <testcase name="testAndSet[908]" classname="com.test.Client.ClientStressTest" time="0.235"/>
  <testcase name="testAndSet[909]" classname="com.test.Client.ClientStressTest" time="0.265"/>
  <testcase name="testAndSet[910]" classname="com.test.Client.ClientStressTest" time="0.176"/>
  <testcase name="testAndSet[911]" classname="com.test.Client.ClientStressTest" time="0.577"/>
  <testcase name="testAndSet[912]" classname="com.test.Client.ClientStressTest" time="0.354"/>
  <testcase name="testAndSet[913]" classname="com.test.Client.ClientStressTest" time="0.532"/>
  <testcase name="testAndSet[914]" classname="com.test.Client.ClientStressTest" time="0.388"/>
  <testcase name="testAndSet[915]" classname="com.test.Client.ClientStressTest" time="0.332"/>
  <testcase name="testAndSet[916]" classname="com.test.Client.ClientStressTest" time="0.922"/>
  <testcase name="testAndSet[917]" classname="com.test.Client.ClientStressTest" time="0.782"/>
  <testcase name="testAndSet[918]" classname="com.test.Client.ClientStressTest" time="0.683"/>
  <testcase name="testAndSet[919]" classname="com.test.Client.ClientStressTest" time="0.41"/>
  <testcase name="testAndSet[920]" classname="com.test.Client.ClientStressTest" time="0.712"/>
  <testcase name="testAndSet[921]" classname="com.test.Client.ClientStressTest" time="0.697"/>
  <testcase name="testAndSet[922]" classname="com.test.Client.ClientStressTest" time="0.658"/>
  <testcase name="testAndSet[923]" classname="com.test.Client.ClientStressTest" time="0.532"/>
  <testcase name="testAndSet[924]" classname="com.test.Client.ClientStressTest" time="0.62"/>
  <testcase name="testAndSet[925]" classname="com.test.Client.ClientStressTest" time="0.42"/>
  <testcase name="testAndSet[926]" classname="com.test.Client.ClientStressTest" time="0.318"/>
  <testcase name="testAndSet[927]" classname="com.test.Client.ClientStressTest" time="0.329"/>
  <testcase name="testAndSet[928]" classname="com.test.Client.ClientStressTest" time="0.542"/>
  <testcase name="testAndSet[929]" classname="com.test.Client.ClientStressTest" time="0.267"/>
  <testcase name="testAndSet[930]" classname="com.test.Client.ClientStressTest" time="0.244"/>
  <testcase name="testAndSet[931]" classname="com.test.Client.ClientStressTest" time="0.21"/>
  <testcase name="testAndSet[932]" classname="com.test.Client.ClientStressTest" time="0.22"/>
  <testcase name="testAndSet[933]" classname="com.test.Client.ClientStressTest" time="0.377"/>
  <testcase name="testAndSet[934]" classname="com.test.Client.ClientStressTest" time="0.299"/>
  <testcase name="testAndSet[935]" classname="com.test.Client.ClientStressTest" time="0.223"/>
  <testcase name="testAndSet[936]" classname="com.test.Client.ClientStressTest" time="0.273"/>
  <testcase name="testAndSet[937]" classname="com.test.Client.ClientStressTest" time="0.279"/>
  <testcase name="testAndSet[938]" classname="com.test.Client.ClientStressTest" time="0.388"/>
  <testcase name="testAndSet[939]" classname="com.test.Client.ClientStressTest" time="0.759"/>
  <testcase name="testAndSet[940]" classname="com.test.Client.ClientStressTest" time="0.733"/>
  <testcase name="testAndSet[941]" classname="com.test.Client.ClientStressTest" time="1.252"/>
  <testcase name="testAndSet[942]" classname="com.test.Client.ClientStressTest" time="0.78"/>
  <testcase name="testAndSet[943]" classname="com.test.Client.ClientStressTest" time="0.4"/>
  <testcase name="testAndSet[944]" classname="com.test.Client.ClientStressTest" time="0.309"/>
  <testcase name="testAndSet[945]" classname="com.test.Client.ClientStressTest" time="0.401"/>
  <testcase name="testAndSet[946]" classname="com.test.Client.ClientStressTest" time="0.41"/>
  <testcase name="testAndSet[947]" classname="com.test.Client.ClientStressTest" time="0.377"/>
  <testcase name="testAndSet[948]" classname="com.test.Client.ClientStressTest" time="0.365"/>
  <testcase name="testAndSet[949]" classname="com.test.Client.ClientStressTest" time="0.403"/>
  <testcase name="testAndSet[950]" classname="com.test.Client.ClientStressTest" time="0.364"/>
  <testcase name="testAndSet[951]" classname="com.test.Client.ClientStressTest" time="0.308"/>
  <testcase name="testAndSet[952]" classname="com.test.Client.ClientStressTest" time="0.332"/>
  <testcase name="testAndSet[953]" classname="com.test.Client.ClientStressTest" time="0.336"/>
  <testcase name="testAndSet[954]" classname="com.test.Client.ClientStressTest" time="0.326"/>
  <testcase name="testAndSet[955]" classname="com.test.Client.ClientStressTest" time="0.519"/>
  <testcase name="testAndSet[956]" classname="com.test.Client.ClientStressTest" time="0.365"/>
  <testcase name="testAndSet[957]" classname="com.test.Client.ClientStressTest" time="0.544"/>
  <testcase name="testAndSet[958]" classname="com.test.Client.ClientStressTest" time="0.49"/>
  <testcase name="testAndSet[959]" classname="com.test.Client.ClientStressTest" time="0.463"/>
  <testcase name="testAndSet[960]" classname="com.test.Client.ClientStressTest" time="0.476"/>
  <testcase name="testAndSet[961]" classname="com.test.Client.ClientStressTest" time="0.968"/>
  <testcase name="testAndSet[962]" classname="com.test.Client.ClientStressTest" time="0.599"/>
  <testcase name="testAndSet[963]" classname="com.test.Client.ClientStressTest" time="0.546"/>
  <testcase name="testAndSet[964]" classname="com.test.Client.ClientStressTest" time="0.63"/>
  <testcase name="testAndSet[965]" classname="com.test.Client.ClientStressTest" time="0.913"/>
  <testcase name="testAndSet[966]" classname="com.test.Client.ClientStressTest" time="0.553"/>
  <testcase name="testAndSet[967]" classname="com.test.Client.ClientStressTest" time="0.714"/>
  <testcase name="testAndSet[968]" classname="com.test.Client.ClientStressTest" time="0.454"/>
  <testcase name="testAndSet[969]" classname="com.test.Client.ClientStressTest" time="0.569"/>
  <testcase name="testAndSet[970]" classname="com.test.Client.ClientStressTest" time="0.475"/>
  <testcase name="testAndSet[971]" classname="com.test.Client.ClientStressTest" time="0.589"/>
  <testcase name="testAndSet[972]" classname="com.test.Client.ClientStressTest" time="0.593"/>
  <testcase name="testAndSet[973]" classname="com.test.Client.ClientStressTest" time="0.872"/>
  <testcase name="testAndSet[974]" classname="com.test.Client.ClientStressTest" time="0.745"/>
  <testcase name="testAndSet[975]" classname="com.test.Client.ClientStressTest" time="0.412"/>
  <testcase name="testAndSet[976]" classname="com.test.Client.ClientStressTest" time="0.478"/>
  <testcase name="testAndSet[977]" classname="com.test.Client.ClientStressTest" time="0.666"/>
  <testcase name="testAndSet[978]" classname="com.test.Client.ClientStressTest" time="0.464"/>
  <testcase name="testAndSet[979]" classname="com.test.Client.ClientStressTest" time="0.535"/>
  <testcase name="testAndSet[980]" classname="com.test.Client.ClientStressTest" time="0.257"/>
  <testcase name="testAndSet[981]" classname="com.test.Client.ClientStressTest" time="0.677"/>
  <testcase name="testAndSet[982]" classname="com.test.Client.ClientStressTest" time="0.419"/>
  <testcase name="testAndSet[983]" classname="com.test.Client.ClientStressTest" time="0.446"/>
  <testcase name="testAndSet[984]" classname="com.test.Client.ClientStressTest" time="0.676"/>
  <testcase name="testAndSet[985]" classname="com.test.Client.ClientStressTest" time="0.648"/>
  <testcase name="testAndSet[986]" classname="com.test.Client.ClientStressTest" time="0.636"/>
  <testcase name="testAndSet[987]" classname="com.test.Client.ClientStressTest" time="0.139"/>
  <testcase name="testAndSet[988]" classname="com.test.Client.ClientStressTest" time="0.121"/>
  <testcase name="testAndSet[989]" classname="com.test.Client.ClientStressTest" time="0.3"/>
  <testcase name="testAndSet[990]" classname="com.test.Client.ClientStressTest" time="0.134"/>
  <testcase name="testAndSet[991]" classname="com.test.Client.ClientStressTest" time="0.135"/>
  <testcase name="testAndSet[992]" classname="com.test.Client.ClientStressTest" time="0.13"/>
  <testcase name="testAndSet[993]" classname="com.test.Client.ClientStressTest" time="0.111"/>
  <testcase name="testAndSet[994]" classname="com.test.Client.ClientStressTest" time="0.133"/>
  <testcase name="testAndSet[995]" classname="com.test.Client.ClientStressTest" time="0.122"/>
  <testcase name="testAndSet[996]" classname="com.test.Client.ClientStressTest" time="0.323"/>
  <testcase name="testAndSet[997]" classname="com.test.Client.ClientStressTest" time="0.156"/>
  <testcase name="testAndSet[998]" classname="com.test.Client.ClientStressTest" time="0.154"/>
  <testcase name="testAndSet[999]" classname="com.test.Client.ClientStressTest" time="0.133"/>
  <testcase name="testAndSet[1000]" classname="com.test.Client.ClientStressTest" time="0.122"/>
</testsuite>
</testsuite>